This is pdfTeX, Version 3.141592653-2.6-1.40.25 (TeX Live 2023/Debian) (preloaded format=pdflatex 2025.2.27)  15 JUN 2025 23:15
entering extended mode
 restricted \write18 enabled.
 file:line:error style messages enabled.
 %&-line parsing enabled.
**/home/viny/Desktop/pi_project/report/report.tex
(/home/viny/Desktop/pi_project/report/report.tex
LaTeX2e <2023-11-01> patch level 1
L3 programming layer <2024-01-22>
(/usr/share/texlive/texmf-dist/tex/latex/base/report.cls
Document Class: report 2023/05/17 v1.4n Standard LaTeX document class
(/usr/share/texlive/texmf-dist/tex/latex/base/size11.clo
File: size11.clo 2023/05/17 v1.4n Standard LaTeX file (size option)
)
\c@part=\count187
\c@chapter=\count188
\c@section=\count189
\c@subsection=\count190
\c@subsubsection=\count191
\c@paragraph=\count192
\c@subparagraph=\count193
\c@figure=\count194
\c@table=\count195
\abovecaptionskip=\skip48
\belowcaptionskip=\skip49
\bibindent=\dimen140
) (/usr/share/texlive/texmf-dist/tex/latex/subfig/subfig.sty
Package: subfig 2005/06/28 ver: 1.3 subfig package
 (/usr/share/texlive/texmf-dist/tex/latex/graphics/keyval.sty
Package: keyval 2022/05/29 v1.15 key=value parser (DPC)
\KV@toks@=\toks17
) (/usr/share/texlive/texmf-dist/tex/latex/caption/caption.sty
Package: caption 2023/08/05 v3.6o Customizing captions (AR)
 (/usr/share/texlive/texmf-dist/tex/latex/caption/caption3.sty
Package: caption3 2023/07/31 v2.4d caption3 kernel (AR)
\caption@tempdima=\dimen141
\captionmargin=\dimen142
\caption@leftmargin=\dimen143
\caption@rightmargin=\dimen144
\caption@width=\dimen145
\caption@indent=\dimen146
\caption@parindent=\dimen147
\caption@hangindent=\dimen148
Package caption Info: Standard document class detected.
)
\c@caption@flags=\count196
\c@continuedfloat=\count197
)
\c@KVtest=\count198
\sf@farskip=\skip50
\sf@captopadj=\dimen149
\sf@capskip=\skip51
\sf@nearskip=\skip52
\c@subfigure=\count199
\c@subfigure@save=\count266
\c@lofdepth=\count267
\c@subtable=\count268
\c@subtable@save=\count269
\c@lotdepth=\count270
\sf@top=\skip53
\sf@bottom=\skip54
) (/usr/share/texlive/texmf-dist/tex/latex/geometry/geometry.sty
Package: geometry 2020/01/02 v5.9 Page Geometry
 (/usr/share/texlive/texmf-dist/tex/generic/iftex/ifvtex.sty
Package: ifvtex 2019/10/25 v1.7 ifvtex legacy package. Use iftex instead.
 (/usr/share/texlive/texmf-dist/tex/generic/iftex/iftex.sty
Package: iftex 2022/02/03 v1.0f TeX engine tests
))
\Gm@cnth=\count271
\Gm@cntv=\count272
\c@Gm@tempcnt=\count273
\Gm@bindingoffset=\dimen150
\Gm@wd@mp=\dimen151
\Gm@odd@mp=\dimen152
\Gm@even@mp=\dimen153
\Gm@layoutwidth=\dimen154
\Gm@layoutheight=\dimen155
\Gm@layouthoffset=\dimen156
\Gm@layoutvoffset=\dimen157
\Gm@dimlist=\toks18
) (/usr/share/texlive/texmf-dist/tex/generic/babel/babel.sty
Package: babel 2024/01/07 v24.1 The Babel package
\babel@savecnt=\count274
\U@D=\dimen158
\l@unhyphenated=\language89
 (/usr/share/texlive/texmf-dist/tex/generic/babel/txtbabel.def)
\bbl@readstream=\read2
\bbl@dirlevel=\count275
 (/usr/share/texlive/texmf-dist/tex/generic/babel-english/english.ldf
Language: english 2017/06/06 v3.3r English support from the babel system
Package babel Info: Hyphen rules for 'canadian' set to \l@english
(babel)             (\language0). Reported on input line 102.
Package babel Info: Hyphen rules for 'australian' set to \l@ukenglish
(babel)             (\language83). Reported on input line 105.
Package babel Info: Hyphen rules for 'newzealand' set to \l@ukenglish
(babel)             (\language83). Reported on input line 108.
)) (/usr/share/texlive/texmf-dist/tex/generic/babel/locale/en/babel-english.tex
Package babel Info: Importing font and identification data for english
(babel)             from babel-en.ini. Reported on input line 11.
) (/usr/share/texlive/texmf-dist/tex/latex/graphics/graphicx.sty
Package: graphicx 2021/09/16 v1.2d Enhanced LaTeX Graphics (DPC,SPQR)
 (/usr/share/texlive/texmf-dist/tex/latex/graphics/graphics.sty
Package: graphics 2022/03/10 v1.4e Standard LaTeX Graphics (DPC,SPQR)
 (/usr/share/texlive/texmf-dist/tex/latex/graphics/trig.sty
Package: trig 2021/08/11 v1.11 sin cos tan (DPC)
) (/usr/share/texlive/texmf-dist/tex/latex/graphics-cfg/graphics.cfg
File: graphics.cfg 2016/06/04 v1.11 sample graphics configuration
)
Package graphics Info: Driver file: pdftex.def on input line 107.
 (/usr/share/texlive/texmf-dist/tex/latex/graphics-def/pdftex.def
File: pdftex.def 2022/09/22 v1.2b Graphics/color driver for pdftex
))
\Gin@req@height=\dimen159
\Gin@req@width=\dimen160
) (/usr/share/texlive/texmf-dist/tex/latex/fancyhdr/fancyhdr.sty
Package: fancyhdr 2022/11/09 v4.1 Extensive control of page headers and footers
\f@nch@headwidth=\skip55
\f@nch@O@elh=\skip56
\f@nch@O@erh=\skip57
\f@nch@O@olh=\skip58
\f@nch@O@orh=\skip59
\f@nch@O@elf=\skip60
\f@nch@O@erf=\skip61
\f@nch@O@olf=\skip62
\f@nch@O@orf=\skip63
) (/usr/share/texlive/texmf-dist/tex/latex/float/float.sty
Package: float 2001/11/08 v1.3d Float enhancements (AL)
\c@float@type=\count276
\float@exts=\toks19
\float@box=\box51
\@float@everytoks=\toks20
\@floatcapt=\box52
) (/usr/share/texlive/texmf-dist/tex/latex/acronym/acronym.sty
Package: acronym 2020/04/17 v1.47 Support for acronyms (Tobias Oetiker)
 (/usr/share/texlive/texmf-dist/tex/latex/bigfoot/suffix.sty
Package: suffix 2006/07/15 1.5a Variant command support
) (/usr/share/texlive/texmf-dist/tex/generic/xstring/xstring.sty (/usr/share/texlive/texmf-dist/tex/generic/xstring/xstring.tex
\xs_counta=\count277
\xs_countb=\count278
)
Package: xstring 2023/08/22 v1.86 String manipulations (CT)
)
\AC@clearlist=\toks21
) (/usr/share/texlive/texmf-dist/tex/latex/hyperref/hyperref.sty
Package: hyperref 2024-01-20 v7.01h Hypertext links for LaTeX
 (/usr/share/texlive/texmf-dist/tex/latex/kvsetkeys/kvsetkeys.sty
Package: kvsetkeys 2022-10-05 v1.19 Key value parser (HO)
) (/usr/share/texlive/texmf-dist/tex/generic/kvdefinekeys/kvdefinekeys.sty
Package: kvdefinekeys 2019-12-19 v1.6 Define keys (HO)
) (/usr/share/texlive/texmf-dist/tex/generic/pdfescape/pdfescape.sty
Package: pdfescape 2019/12/09 v1.15 Implements pdfTeX's escape features (HO)
 (/usr/share/texlive/texmf-dist/tex/generic/ltxcmds/ltxcmds.sty
Package: ltxcmds 2023-12-04 v1.26 LaTeX kernel commands for general use (HO)
) (/usr/share/texlive/texmf-dist/tex/generic/pdftexcmds/pdftexcmds.sty
Package: pdftexcmds 2020-06-27 v0.33 Utility functions of pdfTeX for LuaTeX (HO)
 (/usr/share/texlive/texmf-dist/tex/generic/infwarerr/infwarerr.sty
Package: infwarerr 2019/12/03 v1.5 Providing info/warning/error messages (HO)
)
Package pdftexcmds Info: \pdf@primitive is available.
Package pdftexcmds Info: \pdf@ifprimitive is available.
Package pdftexcmds Info: \pdfdraftmode found.
)) (/usr/share/texlive/texmf-dist/tex/latex/hycolor/hycolor.sty
Package: hycolor 2020-01-27 v1.10 Color options for hyperref/bookmark (HO)
) (/usr/share/texlive/texmf-dist/tex/latex/auxhook/auxhook.sty
Package: auxhook 2019-12-17 v1.6 Hooks for auxiliary files (HO)
) (/usr/share/texlive/texmf-dist/tex/latex/hyperref/nameref.sty
Package: nameref 2023-11-26 v2.56 Cross-referencing by name of section
 (/usr/share/texlive/texmf-dist/tex/latex/refcount/refcount.sty
Package: refcount 2019/12/15 v3.6 Data extraction from label references (HO)
) (/usr/share/texlive/texmf-dist/tex/generic/gettitlestring/gettitlestring.sty
Package: gettitlestring 2019/12/15 v1.6 Cleanup title references (HO)
 (/usr/share/texlive/texmf-dist/tex/latex/kvoptions/kvoptions.sty
Package: kvoptions 2022-06-15 v3.15 Key value format for package options (HO)
))
\c@section@level=\count279
) (/usr/share/texlive/texmf-dist/tex/latex/etoolbox/etoolbox.sty
Package: etoolbox 2020/10/05 v2.5k e-TeX tools for LaTeX (JAW)
\etb@tempcnta=\count280
)
\@linkdim=\dimen161
\Hy@linkcounter=\count281
\Hy@pagecounter=\count282
 (/usr/share/texlive/texmf-dist/tex/latex/hyperref/pd1enc.def
File: pd1enc.def 2024-01-20 v7.01h Hyperref: PDFDocEncoding definition (HO)
Now handling font encoding PD1 ...
... no UTF-8 mapping file for font encoding PD1
) (/usr/share/texlive/texmf-dist/tex/generic/intcalc/intcalc.sty
Package: intcalc 2019/12/15 v1.3 Expandable calculations with integers (HO)
)
\Hy@SavedSpaceFactor=\count283
 (/usr/share/texlive/texmf-dist/tex/latex/hyperref/puenc.def
File: puenc.def 2024-01-20 v7.01h Hyperref: PDF Unicode definition (HO)
Now handling font encoding PU ...
... no UTF-8 mapping file for font encoding PU
)
Package hyperref Info: Hyper figures OFF on input line 4179.
Package hyperref Info: Link nesting OFF on input line 4184.
Package hyperref Info: Hyper index ON on input line 4187.
Package hyperref Info: Plain pages OFF on input line 4194.
Package hyperref Info: Backreferencing OFF on input line 4199.
Package hyperref Info: Implicit mode ON; LaTeX internals redefined.
Package hyperref Info: Bookmarks ON on input line 4446.
\c@Hy@tempcnt=\count284
 (/usr/share/texlive/texmf-dist/tex/latex/url/url.sty
\Urlmuskip=\muskip16
Package: url 2013/09/16  ver 3.4  Verb mode for urls, etc.
)
LaTeX Info: Redefining \url on input line 4784.
\XeTeXLinkMargin=\dimen162
 (/usr/share/texlive/texmf-dist/tex/generic/bitset/bitset.sty
Package: bitset 2019/12/09 v1.3 Handle bit-vector datatype (HO)
 (/usr/share/texlive/texmf-dist/tex/generic/bigintcalc/bigintcalc.sty
Package: bigintcalc 2019/12/15 v1.5 Expandable calculations on big integers (HO)
))
\Fld@menulength=\count285
\Field@Width=\dimen163
\Fld@charsize=\dimen164
Package hyperref Info: Hyper figures OFF on input line 6063.
Package hyperref Info: Link nesting OFF on input line 6068.
Package hyperref Info: Hyper index ON on input line 6071.
Package hyperref Info: backreferencing OFF on input line 6078.
Package hyperref Info: Link coloring OFF on input line 6083.
Package hyperref Info: Link coloring with OCG OFF on input line 6088.
Package hyperref Info: PDF/A mode OFF on input line 6093.
 (/usr/share/texlive/texmf-dist/tex/latex/base/atbegshi-ltx.sty
Package: atbegshi-ltx 2021/01/10 v1.0c Emulation of the original atbegshi
package with kernel methods
)
\Hy@abspage=\count286
\c@Item=\count287
\c@Hfootnote=\count288
)
Package hyperref Info: Driver (autodetected): hpdftex.
 (/usr/share/texlive/texmf-dist/tex/latex/hyperref/hpdftex.def
File: hpdftex.def 2024-01-20 v7.01h Hyperref driver for pdfTeX
 (/usr/share/texlive/texmf-dist/tex/latex/base/atveryend-ltx.sty
Package: atveryend-ltx 2020/08/19 v1.0a Emulation of the original atveryend package
with kernel methods
)
\Fld@listcount=\count289
\c@bookmark@seq@number=\count290
 (/usr/share/texlive/texmf-dist/tex/latex/rerunfilecheck/rerunfilecheck.sty
Package: rerunfilecheck 2022-07-10 v1.10 Rerun checks for auxiliary files (HO)
 (/usr/share/texlive/texmf-dist/tex/generic/uniquecounter/uniquecounter.sty
Package: uniquecounter 2019/12/15 v1.4 Provide unlimited unique counter (HO)
)
Package uniquecounter Info: New unique counter `rerunfilecheck' on input line 285.
)
\Hy@SectionHShift=\skip64
) (/usr/share/texlive/texmf-dist/tex/latex/wrapfig/wrapfig.sty
\wrapoverhang=\dimen165
\WF@size=\dimen166
\c@WF@wrappedlines=\count291
\WF@box=\box53
\WF@everypar=\toks22
Package: wrapfig 2003/01/31  v 3.6
) (/usr/share/texlive/texmf-dist/tex/latex/xcolor/xcolor.sty
Package: xcolor 2023/11/15 v3.01 LaTeX color extensions (UK)
 (/usr/share/texlive/texmf-dist/tex/latex/graphics-cfg/color.cfg
File: color.cfg 2016/01/02 v1.6 sample color configuration
)
Package xcolor Info: Driver file: pdftex.def on input line 274.
 (/usr/share/texlive/texmf-dist/tex/latex/graphics/mathcolor.ltx)
Package xcolor Info: Model `cmy' substituted by `cmy0' on input line 1350.
Package xcolor Info: Model `hsb' substituted by `rgb' on input line 1354.
Package xcolor Info: Model `RGB' extended on input line 1366.
Package xcolor Info: Model `HTML' substituted by `rgb' on input line 1368.
Package xcolor Info: Model `Hsb' substituted by `hsb' on input line 1369.
Package xcolor Info: Model `tHsb' substituted by `hsb' on input line 1370.
Package xcolor Info: Model `HSB' substituted by `hsb' on input line 1371.
Package xcolor Info: Model `Gray' substituted by `gray' on input line 1372.
Package xcolor Info: Model `wave' substituted by `hsb' on input line 1373.
) (/usr/share/texlive/texmf-dist/tex/latex/colortbl/colortbl.sty
Package: colortbl 2022/06/20 v1.0f Color table columns (DPC)
 (/usr/share/texlive/texmf-dist/tex/latex/tools/array.sty
Package: array 2023/10/16 v2.5g Tabular extension package (FMi)
\col@sep=\dimen167
\ar@mcellbox=\box54
\extrarowheight=\dimen168
\NC@list=\toks23
\extratabsurround=\skip65
\backup@length=\skip66
\ar@cellbox=\box55
)
\everycr=\toks24
\minrowclearance=\skip67
\rownum=\count292
) (/usr/share/texlive/texmf-dist/tex/latex/arydshln/arydshln.sty
Package: arydshln 2019/02/21 v1.76 
\dashlinedash=\dimen169
\dashlinegap=\dimen170
\adl@box=\box56
\adl@height=\dimen171
\adl@heightsave=\dimen172
\adl@depth=\dimen173
\adl@depthsave=\dimen174
\adl@finaldepth=\dimen175
\adl@columns=\count293
\adl@ncol=\count294
\adl@currentcolumn=\count295
\adl@currentcolumnsave=\count296
\adl@totalheight=\count297
\adl@totalheightsave=\count298
\adl@dash=\count299
\adl@gap=\count300
\adl@cla=\count301
\adl@clb=\count302
\adl@everyvbox=\toks25
\adl@LTpagetotal=\dimen176
) (/usr/share/texlive/texmf-dist/tex/latex/listings/listings.sty
\lst@mode=\count303
\lst@gtempboxa=\box57
\lst@token=\toks26
\lst@length=\count304
\lst@currlwidth=\dimen177
\lst@column=\count305
\lst@pos=\count306
\lst@lostspace=\dimen178
\lst@width=\dimen179
\lst@newlines=\count307
\lst@lineno=\count308
\lst@maxwidth=\dimen180
 (/usr/share/texlive/texmf-dist/tex/latex/listings/lstmisc.sty
File: lstmisc.sty 2023/02/27 1.9 (Carsten Heinz)
\c@lstnumber=\count309
\lst@skipnumbers=\count310
\lst@framebox=\box58
) (/usr/share/texlive/texmf-dist/tex/latex/listings/listings.cfg
File: listings.cfg 2023/02/27 1.9 listings configuration
))
Package: listings 2023/02/27 1.9 (Carsten Heinz)
 (/usr/share/texlive/texmf-dist/tex/latex/amsmath/amsmath.sty
Package: amsmath 2023/05/13 v2.17o AMS math features
\@mathmargin=\skip68

For additional information on amsmath, use the `?' option.
(/usr/share/texlive/texmf-dist/tex/latex/amsmath/amstext.sty
Package: amstext 2021/08/26 v2.01 AMS text
 (/usr/share/texlive/texmf-dist/tex/latex/amsmath/amsgen.sty
File: amsgen.sty 1999/11/30 v2.0 generic functions
\@emptytoks=\toks27
\ex@=\dimen181
)) (/usr/share/texlive/texmf-dist/tex/latex/amsmath/amsbsy.sty
Package: amsbsy 1999/11/29 v1.2d Bold Symbols
\pmbraise@=\dimen182
) (/usr/share/texlive/texmf-dist/tex/latex/amsmath/amsopn.sty
Package: amsopn 2022/04/08 v2.04 operator names
)
\inf@bad=\count311
LaTeX Info: Redefining \frac on input line 234.
\uproot@=\count312
\leftroot@=\count313
LaTeX Info: Redefining \overline on input line 399.
LaTeX Info: Redefining \colon on input line 410.
\classnum@=\count314
\DOTSCASE@=\count315
LaTeX Info: Redefining \ldots on input line 496.
LaTeX Info: Redefining \dots on input line 499.
LaTeX Info: Redefining \cdots on input line 620.
\Mathstrutbox@=\box59
\strutbox@=\box60
LaTeX Info: Redefining \big on input line 722.
LaTeX Info: Redefining \Big on input line 723.
LaTeX Info: Redefining \bigg on input line 724.
LaTeX Info: Redefining \Bigg on input line 725.
\big@size=\dimen183
LaTeX Font Info:    Redeclaring font encoding OML on input line 743.
LaTeX Font Info:    Redeclaring font encoding OMS on input line 744.
\macc@depth=\count316
LaTeX Info: Redefining \bmod on input line 905.
LaTeX Info: Redefining \pmod on input line 910.
LaTeX Info: Redefining \smash on input line 940.
LaTeX Info: Redefining \relbar on input line 970.
LaTeX Info: Redefining \Relbar on input line 971.
\c@MaxMatrixCols=\count317
\dotsspace@=\muskip17
\c@parentequation=\count318
\dspbrk@lvl=\count319
\tag@help=\toks28
\row@=\count320
\column@=\count321
\maxfields@=\count322
\andhelp@=\toks29
\eqnshift@=\dimen184
\alignsep@=\dimen185
\tagshift@=\dimen186
\tagwidth@=\dimen187
\totwidth@=\dimen188
\lineht@=\dimen189
\@envbody=\toks30
\multlinegap=\skip69
\multlinetaggap=\skip70
\mathdisplay@stack=\toks31
LaTeX Info: Redefining \[ on input line 2953.
LaTeX Info: Redefining \] on input line 2954.
)
Package hyperref Info: Option `colorlinks' set `true' on input line 82.
 (/usr/share/texlive/texmf-dist/tex/latex/l3backend/l3backend-pdftex.def
File: l3backend-pdftex.def 2024-01-04 L3 backend support: PDF output (pdfTeX)
\l__color_backend_stack_int=\count323
\l__pdf_internal_box=\box61
) (./report.aux (./titlepage/title_page.aux) (./chapters/introduction.aux) (./chapters/analysis.aux) (./chapters/design.aux) (./chapters/implementation.aux) (./chapters/conclusion.aux))
\openout1 = `report.aux'.

LaTeX Font Info:    Checking defaults for OML/cmm/m/it on input line 116.
LaTeX Font Info:    ... okay on input line 116.
LaTeX Font Info:    Checking defaults for OMS/cmsy/m/n on input line 116.
LaTeX Font Info:    ... okay on input line 116.
LaTeX Font Info:    Checking defaults for OT1/cmr/m/n on input line 116.
LaTeX Font Info:    ... okay on input line 116.
LaTeX Font Info:    Checking defaults for T1/cmr/m/n on input line 116.
LaTeX Font Info:    ... okay on input line 116.
LaTeX Font Info:    Checking defaults for TS1/cmr/m/n on input line 116.
LaTeX Font Info:    ... okay on input line 116.
LaTeX Font Info:    Checking defaults for OMX/cmex/m/n on input line 116.
LaTeX Font Info:    ... okay on input line 116.
LaTeX Font Info:    Checking defaults for U/cmr/m/n on input line 116.
LaTeX Font Info:    ... okay on input line 116.
LaTeX Font Info:    Checking defaults for PD1/pdf/m/n on input line 116.
LaTeX Font Info:    ... okay on input line 116.
LaTeX Font Info:    Checking defaults for PU/pdf/m/n on input line 116.
LaTeX Font Info:    ... okay on input line 116.
Package caption Info: Begin \AtBeginDocument code.
Package caption Info: subfig package v1.3 is loaded.
Package caption Info: float package is loaded.
Package caption Info: hyperref package is loaded.
Package caption Info: listings package is loaded.
Package caption Info: wrapfig package is loaded.
Package caption Info: End \AtBeginDocument code.

*geometry* driver: auto-detecting
*geometry* detected driver: pdftex
*geometry* verbose mode - [ preamble ] result:
* driver: pdftex
* paper: a4paper
* layout: <same size as paper>
* layoutoffset:(h,v)=(0.0pt,0.0pt)
* modes: 
* h-part:(L,W,R)=(72.26999pt, 452.9679pt, 72.26999pt)
* v-part:(T,H,B)=(72.26999pt, 700.50687pt, 72.26999pt)
* \paperwidth=597.50787pt
* \paperheight=845.04684pt
* \textwidth=452.9679pt
* \textheight=700.50687pt
* \oddsidemargin=0.0pt
* \evensidemargin=0.0pt
* \topmargin=-77.26999pt
* \headheight=72.26999pt
* \headsep=5.0pt
* \topskip=11.0pt
* \footskip=30.0pt
* \marginparwidth=59.0pt
* \marginparsep=10.0pt
* \columnsep=10.0pt
* \skip\footins=10.0pt plus 4.0pt minus 2.0pt
* \hoffset=0.0pt
* \voffset=0.0pt
* \mag=1000
* \@twocolumnfalse
* \@twosidefalse
* \@mparswitchfalse
* \@reversemarginfalse
* (1in=72.27pt=25.4mm, 1cm=28.453pt)

(/usr/share/texlive/texmf-dist/tex/context/base/mkii/supp-pdf.mkii
[Loading MPS to PDF converter (version 2006.09.02).]
\scratchcounter=\count324
\scratchdimen=\dimen190
\scratchbox=\box62
\nofMPsegments=\count325
\nofMParguments=\count326
\everyMPshowfont=\toks32
\MPscratchCnt=\count327
\MPscratchDim=\dimen191
\MPnumerator=\count328
\makeMPintoPDFobject=\count329
\everyMPtoPDFconversion=\toks33
) (/usr/share/texlive/texmf-dist/tex/latex/epstopdf-pkg/epstopdf-base.sty
Package: epstopdf-base 2020-01-24 v2.11 Base part for package epstopdf
 (/usr/share/texlive/texmf-dist/tex/latex/grfext/grfext.sty
Package: grfext 2019/12/03 v1.3 Manage graphics extensions (HO)
)
Package epstopdf-base Info: Redefining graphics rule for `.eps' on input line 485.
Package grfext Info: Graphics extension search list:
(grfext)             [.pdf,.png,.jpg,.mps,.jpeg,.jbig2,.jb2,.PDF,.PNG,.JPG,.JPEG,.JBIG2,.JB2,.eps]
(grfext)             \AppendGraphicsExtensions on input line 504.
 (/usr/share/texlive/texmf-dist/tex/latex/latexconfig/epstopdf-sys.cfg
File: epstopdf-sys.cfg 2010/07/13 v1.3 Configuration of (r)epstopdf for TeX Live
))
Package hyperref Info: Link coloring ON on input line 116.
 (./report.out) (./report.out)
\@outlinefile=\write3
\openout3 = `report.out'.

\c@lstlisting=\count330
\openout2 = `titlepage/title_page.aux'.

 (./titlepage/title_page.tex
<images/logos/ENG-EN.png, id=152, 301.125pt x 273.02pt>
File: images/logos/ENG-EN.png Graphic file (type png)
<use images/logos/ENG-EN.png>
Package pdftex.def Info: images/logos/ENG-EN.png  used on input line 4.
(pdftex.def)             Requested size: 135.89174pt x 123.21196pt.
<images/logos/CMEMS.png, id=154, 2578.63374pt x 537.00626pt>
File: images/logos/CMEMS.png Graphic file (type png)
<use images/logos/CMEMS.png>
Package pdftex.def Info: images/logos/CMEMS.png  used on input line 8.
(pdftex.def)             Requested size: 271.7835pt x 56.59627pt.
) [1


{/var/lib/texmf/fonts/map/pdftex/updmap/pdftex.map} <./images/logos/ENG-EN.png> <./images/logos/CMEMS.png>] (./report.toc [1



])
\tf@toc=\write4
\openout4 = `report.toc'.

<images/logos/TOP_ENG_LOGO.png, id=211, 1204.5pt x 632.3625pt>
File: images/logos/TOP_ENG_LOGO.png Graphic file (type png)
<use images/logos/TOP_ENG_LOGO.png>
Package pdftex.def Info: images/logos/TOP_ENG_LOGO.png  used on input line 123.
(pdftex.def)             Requested size: 77.00371pt x 40.41992pt.
<images/logos/TOP_CMEMS_LOGO.png, id=212, 449.68pt x 506.89375pt>
File: images/logos/TOP_CMEMS_LOGO.png Graphic file (type png)
<use images/logos/TOP_CMEMS_LOGO.png>
Package pdftex.def Info: images/logos/TOP_CMEMS_LOGO.png  used on input line 123.
(pdftex.def)             Requested size: 40.76544pt x 45.95105pt.
 [2 <./images/logos/TOP_ENG_LOGO.png (PNG copy)> <./images/logos/TOP_CMEMS_LOGO.png>] (./report.lof)
\tf@lof=\write5
\openout5 = `report.lof'.

 [3

] (./report.lot)
\tf@lot=\write6
\openout6 = `report.lot'.



LaTeX Warning: Hyper reference `acro:UART' on page iv undefined on input line 129.


LaTeX Warning: Hyper reference `acro:UART' on page iv undefined on input line 129.


LaTeX Warning: Hyper reference `acro:LTE' on page iv undefined on input line 130.


LaTeX Warning: Hyper reference `acro:LTE' on page iv undefined on input line 130.


LaTeX Warning: Hyper reference `acro:ADC' on page iv undefined on input line 131.


LaTeX Warning: Hyper reference `acro:ADC' on page iv undefined on input line 131.


LaTeX Warning: Hyper reference `acro:IMU' on page iv undefined on input line 132.


LaTeX Warning: Hyper reference `acro:IMU' on page iv undefined on input line 132.


LaTeX Warning: Hyper reference `acro:PCB' on page iv undefined on input line 133.


LaTeX Warning: Hyper reference `acro:PCB' on page iv undefined on input line 133.


LaTeX Warning: Hyper reference `acro:CMEMS' on page iv undefined on input line 134.


LaTeX Warning: Hyper reference `acro:CMEMS' on page iv undefined on input line 134.


LaTeX Warning: Hyper reference `acro:STM32' on page iv undefined on input line 135.


LaTeX Warning: Hyper reference `acro:STM32' on page iv undefined on input line 135.


LaTeX Warning: Hyper reference `acro:DMA' on page iv undefined on input line 136.


LaTeX Warning: Hyper reference `acro:DMA' on page iv undefined on input line 136.


LaTeX Warning: Hyper reference `acro:IoT' on page iv undefined on input line 137.


LaTeX Warning: Hyper reference `acro:IoT' on page iv undefined on input line 137.


LaTeX Warning: Hyper reference `acro:GPS' on page iv undefined on input line 138.


LaTeX Warning: Hyper reference `acro:GPS' on page iv undefined on input line 138.


LaTeX Warning: Hyper reference `acro:JSON' on page iv undefined on input line 139.


LaTeX Warning: Hyper reference `acro:JSON' on page iv undefined on input line 139.


LaTeX Warning: Hyper reference `acro:DB' on page iv undefined on input line 140.


LaTeX Warning: Hyper reference `acro:DB' on page iv undefined on input line 140.


LaTeX Warning: Hyper reference `acro:HRSST' on page iv undefined on input line 141.


LaTeX Warning: Hyper reference `acro:HRSST' on page iv undefined on input line 141.


LaTeX Warning: Hyper reference `acro:ITC' on page iv undefined on input line 142.


LaTeX Warning: Hyper reference `acro:ITC' on page iv undefined on input line 142.


LaTeX Warning: Hyper reference `acro:CS' on page iv undefined on input line 143.


LaTeX Warning: Hyper reference `acro:CS' on page iv undefined on input line 143.

[4

]
\openout2 = `chapters/introduction.aux'.

 (./chapters/introduction.tex
Chapter 1.
<images/diagrams/shell/unnamed.png, id=316, 513.92pt x 415.5525pt>
File: images/diagrams/shell/unnamed.png Graphic file (type png)
<use images/diagrams/shell/unnamed.png>
Package pdftex.def Info: images/diagrams/shell/unnamed.png  used on input line 17.
(pdftex.def)             Requested size: 317.07614pt x 256.39075pt.

pdfTeX warning (ext4): destination with the same identifier (name{page.1}) has been already used, duplicate ignored
<to be read again> 
                   \relax 
l.27 
      [1


 <./images/diagrams/shell/unnamed.png>]
<images/chapter/introduction/renewable_energy.png, id=320, 1027.84pt x 578.16pt>
File: images/chapter/introduction/renewable_energy.png Graphic file (type png)
<use images/chapter/introduction/renewable_energy.png>
Package pdftex.def Info: images/chapter/introduction/renewable_energy.png  used on input line 75.
(pdftex.def)             Requested size: 317.07614pt x 178.35437pt.
File: images/logos/TOP_ENG_LOGO.png Graphic file (type png)
<use images/logos/TOP_ENG_LOGO.png>
Package pdftex.def Info: images/logos/TOP_ENG_LOGO.png  used on input line 78.
(pdftex.def)             Requested size: 77.00371pt x 40.41992pt.
File: images/logos/TOP_CMEMS_LOGO.png Graphic file (type png)
<use images/logos/TOP_CMEMS_LOGO.png>
Package pdftex.def Info: images/logos/TOP_CMEMS_LOGO.png  used on input line 78.
(pdftex.def)             Requested size: 40.76544pt x 45.95105pt.
 [2]
<images/maps/pt_depth.png, id=329, 485.815pt x 778.91pt>
File: images/maps/pt_depth.png Graphic file (type png)
<use images/maps/pt_depth.png>
Package pdftex.def Info: images/maps/pt_depth.png  used on input line 86.
(pdftex.def)             Requested size: 485.81381pt x 778.90811pt.
File: images/logos/TOP_ENG_LOGO.png Graphic file (type png)
<use images/logos/TOP_ENG_LOGO.png>
Package pdftex.def Info: images/logos/TOP_ENG_LOGO.png  used on input line 105.
(pdftex.def)             Requested size: 77.00371pt x 40.41992pt.
File: images/logos/TOP_CMEMS_LOGO.png Graphic file (type png)
<use images/logos/TOP_CMEMS_LOGO.png>
Package pdftex.def Info: images/logos/TOP_CMEMS_LOGO.png  used on input line 105.
(pdftex.def)             Requested size: 40.76544pt x 45.95105pt.
 [3 <./images/chapter/introduction/renewable_energy.png> <./images/maps/pt_depth.png (PNG copy)>])
File: images/logos/TOP_ENG_LOGO.png Graphic file (type png)
<use images/logos/TOP_ENG_LOGO.png>
Package pdftex.def Info: images/logos/TOP_ENG_LOGO.png  used on input line 152.
(pdftex.def)             Requested size: 77.00371pt x 40.41992pt.
File: images/logos/TOP_CMEMS_LOGO.png Graphic file (type png)
<use images/logos/TOP_CMEMS_LOGO.png>
Package pdftex.def Info: images/logos/TOP_CMEMS_LOGO.png  used on input line 152.
(pdftex.def)             Requested size: 40.76544pt x 45.95105pt.
 [4{/usr/share/texmf/fonts/enc/dvips/cm-super/cm-super-ts1.enc}]
\openout2 = `chapters/analysis.aux'.

 (./chapters/analysis.tex
Chapter 2.
<images/diagrams/block_diagram/block_diagrams_3/blockdiagram_analysis.drawio.png, id=343, 663.47874pt x 392.46625pt>
File: images/diagrams/block_diagram/block_diagrams_3/blockdiagram_analysis.drawio.png Graphic file (type png)
<use images/diagrams/block_diagram/block_diagrams_3/blockdiagram_analysis.drawio.png>
Package pdftex.def Info: images/diagrams/block_diagram/block_diagrams_3/blockdiagram_analysis.drawio.png  used on input line 38.
(pdftex.def)             Requested size: 407.66833pt x 241.14671pt.
[5




]
File: images/diagrams/shell/unnamed.png Graphic file (type png)
<use images/diagrams/shell/unnamed.png>
Package pdftex.def Info: images/diagrams/shell/unnamed.png  used on input line 49.
(pdftex.def)             Requested size: 317.07614pt x 256.39075pt.
File: images/logos/TOP_ENG_LOGO.png Graphic file (type png)
<use images/logos/TOP_ENG_LOGO.png>
Package pdftex.def Info: images/logos/TOP_ENG_LOGO.png  used on input line 58.
(pdftex.def)             Requested size: 77.00371pt x 40.41992pt.
File: images/logos/TOP_CMEMS_LOGO.png Graphic file (type png)
<use images/logos/TOP_CMEMS_LOGO.png>
Package pdftex.def Info: images/logos/TOP_CMEMS_LOGO.png  used on input line 58.
(pdftex.def)             Requested size: 40.76544pt x 45.95105pt.
 [6 <./images/diagrams/block_diagram/block_diagrams_3/blockdiagram_analysis.drawio.png>]
<images/chapter/analysis/svp.png, id=354, 569.0058pt x 437.7153pt>
File: images/chapter/analysis/svp.png Graphic file (type png)
<use images/chapter/analysis/svp.png>
Package pdftex.def Info: images/chapter/analysis/svp.png  used on input line 102.
(pdftex.def)             Requested size: 249.13371pt x 191.6469pt.
File: images/logos/TOP_ENG_LOGO.png Graphic file (type png)
<use images/logos/TOP_ENG_LOGO.png>
Package pdftex.def Info: images/logos/TOP_ENG_LOGO.png  used on input line 106.
(pdftex.def)             Requested size: 77.00371pt x 40.41992pt.
File: images/logos/TOP_CMEMS_LOGO.png Graphic file (type png)
<use images/logos/TOP_CMEMS_LOGO.png>
Package pdftex.def Info: images/logos/TOP_CMEMS_LOGO.png  used on input line 106.
(pdftex.def)             Requested size: 40.76544pt x 45.95105pt.
 [7]
File: images/logos/TOP_ENG_LOGO.png Graphic file (type png)
<use images/logos/TOP_ENG_LOGO.png>
Package pdftex.def Info: images/logos/TOP_ENG_LOGO.png  used on input line 146.
(pdftex.def)             Requested size: 77.00371pt x 40.41992pt.
File: images/logos/TOP_CMEMS_LOGO.png Graphic file (type png)
<use images/logos/TOP_CMEMS_LOGO.png>
Package pdftex.def Info: images/logos/TOP_CMEMS_LOGO.png  used on input line 146.
(pdftex.def)             Requested size: 40.76544pt x 45.95105pt.
 [8 <./images/chapter/analysis/svp.png (PNG copy)>]
File: images/diagrams/block_diagram/block_diagrams_3/blockdiagram_analysis.drawio.png Graphic file (type png)
<use images/diagrams/block_diagram/block_diagrams_3/blockdiagram_analysis.drawio.png>
Package pdftex.def Info: images/diagrams/block_diagram/block_diagrams_3/blockdiagram_analysis.drawio.png  used on input line 173.
(pdftex.def)             Requested size: 407.66833pt x 241.14671pt.
File: images/logos/TOP_ENG_LOGO.png Graphic file (type png)
<use images/logos/TOP_ENG_LOGO.png>
Package pdftex.def Info: images/logos/TOP_ENG_LOGO.png  used on input line 177.
(pdftex.def)             Requested size: 77.00371pt x 40.41992pt.
File: images/logos/TOP_CMEMS_LOGO.png Graphic file (type png)
<use images/logos/TOP_CMEMS_LOGO.png>
Package pdftex.def Info: images/logos/TOP_CMEMS_LOGO.png  used on input line 177.
(pdftex.def)             Requested size: 40.76544pt x 45.95105pt.
 [9]
<images/diagrams/use_case/Use Case.drawio.png, id=371, 468.75125pt x 373.395pt>
File: images/diagrams/use_case/Use Case.drawio.png Graphic file (type png)
<use images/diagrams/use_case/Use Case.drawio.png>
Package pdftex.def Info: images/diagrams/use_case/Use Case.drawio.png  used on input line 184.
(pdftex.def)             Requested size: 271.7835pt x 216.49518pt.
File: images/logos/TOP_ENG_LOGO.png Graphic file (type png)
<use images/logos/TOP_ENG_LOGO.png>
Package pdftex.def Info: images/logos/TOP_ENG_LOGO.png  used on input line 198.
(pdftex.def)             Requested size: 77.00371pt x 40.41992pt.
File: images/logos/TOP_CMEMS_LOGO.png Graphic file (type png)
<use images/logos/TOP_CMEMS_LOGO.png>
Package pdftex.def Info: images/logos/TOP_CMEMS_LOGO.png  used on input line 198.
(pdftex.def)             Requested size: 40.76544pt x 45.95105pt.
 [10 <./images/diagrams/use_case/Use Case.drawio.png>]
<images/diagrams/sequence_diagram/sequence_diagram_1/Sequence Diagram.drawio.png, id=378, 404.51125pt x 206.7725pt>
File: images/diagrams/sequence_diagram/sequence_diagram_1/Sequence Diagram.drawio.png Graphic file (type png)
<use images/diagrams/sequence_diagram/sequence_diagram_1/Sequence Diagram.drawio.png>
Package pdftex.def Info: images/diagrams/sequence_diagram/sequence_diagram_1/Sequence Diagram.drawio.png  used on input line 202.
(pdftex.def)             Requested size: 317.07614pt x 162.08012pt.
<images/diagrams/sequence_diagram/sequence_diagram_2/Sequence Diagram.drawio.png, id=379, 521.95pt x 373.395pt>
File: images/diagrams/sequence_diagram/sequence_diagram_2/Sequence Diagram.drawio.png Graphic file (type png)
<use images/diagrams/sequence_diagram/sequence_diagram_2/Sequence Diagram.drawio.png>
Package pdftex.def Info: images/diagrams/sequence_diagram/sequence_diagram_2/Sequence Diagram.drawio.png  used on input line 211.
(pdftex.def)             Requested size: 317.07614pt x 226.83621pt.
File: images/logos/TOP_ENG_LOGO.png Graphic file (type png)
<use images/logos/TOP_ENG_LOGO.png>
Package pdftex.def Info: images/logos/TOP_ENG_LOGO.png  used on input line 226.
(pdftex.def)             Requested size: 77.00371pt x 40.41992pt.
File: images/logos/TOP_CMEMS_LOGO.png Graphic file (type png)
<use images/logos/TOP_CMEMS_LOGO.png>
Package pdftex.def Info: images/logos/TOP_CMEMS_LOGO.png  used on input line 226.
(pdftex.def)             Requested size: 40.76544pt x 45.95105pt.
 [11 <./images/diagrams/sequence_diagram/sequence_diagram_1/Sequence Diagram.drawio.png> <./images/diagrams/sequence_diagram/sequence_diagram_2/Sequence Diagram.drawio.png>]
<images/diagrams/threads/thread.drawio.png, id=388, 417.56pt x 281.05pt>
File: images/diagrams/threads/thread.drawio.png Graphic file (type png)
<use images/diagrams/threads/thread.drawio.png>
Package pdftex.def Info: images/diagrams/threads/thread.drawio.png  used on input line 248.
(pdftex.def)             Requested size: 317.07614pt x 213.42867pt.
<images/diagrams/threads/graph/threads_graph.drawio.png, id=389, 406.51875pt x 200.75pt>
File: images/diagrams/threads/graph/threads_graph.drawio.png Graphic file (type png)
<use images/diagrams/threads/graph/threads_graph.drawio.png>
Package pdftex.def Info: images/diagrams/threads/graph/threads_graph.drawio.png  used on input line 258.
(pdftex.def)             Requested size: 317.07614pt x 156.58742pt.
File: images/logos/TOP_ENG_LOGO.png Graphic file (type png)
<use images/logos/TOP_ENG_LOGO.png>
Package pdftex.def Info: images/logos/TOP_ENG_LOGO.png  used on input line 262.
(pdftex.def)             Requested size: 77.00371pt x 40.41992pt.
File: images/logos/TOP_CMEMS_LOGO.png Graphic file (type png)
<use images/logos/TOP_CMEMS_LOGO.png>
Package pdftex.def Info: images/logos/TOP_CMEMS_LOGO.png  used on input line 262.
(pdftex.def)             Requested size: 40.76544pt x 45.95105pt.
 [12 <./images/diagrams/threads/thread.drawio.png>]
<images/diagrams/data_struct/package_data.drawio.png, id=395, 443.6575pt x 221.82875pt>
File: images/diagrams/data_struct/package_data.drawio.png Graphic file (type png)
<use images/diagrams/data_struct/package_data.drawio.png>
Package pdftex.def Info: images/diagrams/data_struct/package_data.drawio.png  used on input line 271.
(pdftex.def)             Requested size: 317.07614pt x 158.53525pt.
<images/diagrams/data_struct/fluxogram.png, id=396, 623.32875pt x 262.9825pt>
File: images/diagrams/data_struct/fluxogram.png Graphic file (type png)
<use images/diagrams/data_struct/fluxogram.png>
Package pdftex.def Info: images/diagrams/data_struct/fluxogram.png  used on input line 279.
(pdftex.def)             Requested size: 339.72592pt x 143.33264pt.
)
File: images/logos/TOP_ENG_LOGO.png Graphic file (type png)
<use images/logos/TOP_ENG_LOGO.png>
Package pdftex.def Info: images/logos/TOP_ENG_LOGO.png  used on input line 155.
(pdftex.def)             Requested size: 77.00371pt x 40.41992pt.
File: images/logos/TOP_CMEMS_LOGO.png Graphic file (type png)
<use images/logos/TOP_CMEMS_LOGO.png>
Package pdftex.def Info: images/logos/TOP_CMEMS_LOGO.png  used on input line 155.
(pdftex.def)             Requested size: 40.76544pt x 45.95105pt.
 [13 <./images/diagrams/threads/graph/threads_graph.drawio.png> <./images/diagrams/data_struct/package_data.drawio.png> <./images/diagrams/data_struct/fluxogram.png>]
\openout2 = `chapters/design.aux'.

 (./chapters/design.tex
Chapter 3.
[14




]
File: images/logos/TOP_ENG_LOGO.png Graphic file (type png)
<use images/logos/TOP_ENG_LOGO.png>
Package pdftex.def Info: images/logos/TOP_ENG_LOGO.png  used on input line 115.
(pdftex.def)             Requested size: 77.00371pt x 40.41992pt.
File: images/logos/TOP_CMEMS_LOGO.png Graphic file (type png)
<use images/logos/TOP_CMEMS_LOGO.png>
Package pdftex.def Info: images/logos/TOP_CMEMS_LOGO.png  used on input line 115.
(pdftex.def)             Requested size: 40.76544pt x 45.95105pt.
 [15]

LaTeX Warning: `!h' float specifier changed to `!ht'.


LaTeX Warning: `!h' float specifier changed to `!ht'.


Underfull \hbox (badness 10000) in paragraph at lines 228--233

 []


Underfull \hbox (badness 10000) in paragraph at lines 228--233

 []

File: images/logos/TOP_ENG_LOGO.png Graphic file (type png)
<use images/logos/TOP_ENG_LOGO.png>
Package pdftex.def Info: images/logos/TOP_ENG_LOGO.png  used on input line 233.
(pdftex.def)             Requested size: 77.00371pt x 40.41992pt.
File: images/logos/TOP_CMEMS_LOGO.png Graphic file (type png)
<use images/logos/TOP_CMEMS_LOGO.png>
Package pdftex.def Info: images/logos/TOP_CMEMS_LOGO.png  used on input line 233.
(pdftex.def)             Requested size: 40.76544pt x 45.95105pt.
[16]
<images/chapter/design/components/final_IMU.png, id=421, 803.0pt x 803.0pt>
File: images/chapter/design/components/final_IMU.png Graphic file (type png)
<use images/chapter/design/components/final_IMU.png>
Package pdftex.def Info: images/chapter/design/components/final_IMU.png  used on input line 249.
(pdftex.def)             Requested size: 158.54152pt x 158.53868pt.
File: images/logos/TOP_ENG_LOGO.png Graphic file (type png)
<use images/logos/TOP_ENG_LOGO.png>
Package pdftex.def Info: images/logos/TOP_ENG_LOGO.png  used on input line 253.
(pdftex.def)             Requested size: 77.00371pt x 40.41992pt.
File: images/logos/TOP_CMEMS_LOGO.png Graphic file (type png)
<use images/logos/TOP_CMEMS_LOGO.png>
Package pdftex.def Info: images/logos/TOP_CMEMS_LOGO.png  used on input line 253.
(pdftex.def)             Requested size: 40.76544pt x 45.95105pt.
 [17]
Underfull \hbox (badness 10000) in paragraph at lines 258--261

 []

<images/chapter/design/components/SIM7000.png, id=427, 803.0pt x 803.0pt>
File: images/chapter/design/components/SIM7000.png Graphic file (type png)
<use images/chapter/design/components/SIM7000.png>
Package pdftex.def Info: images/chapter/design/components/SIM7000.png  used on input line 277.
(pdftex.def)             Requested size: 317.07614pt x 317.07738pt.
File: images/logos/TOP_ENG_LOGO.png Graphic file (type png)
<use images/logos/TOP_ENG_LOGO.png>
Package pdftex.def Info: images/logos/TOP_ENG_LOGO.png  used on input line 281.
(pdftex.def)             Requested size: 77.00371pt x 40.41992pt.
File: images/logos/TOP_CMEMS_LOGO.png Graphic file (type png)
<use images/logos/TOP_CMEMS_LOGO.png>
Package pdftex.def Info: images/logos/TOP_CMEMS_LOGO.png  used on input line 281.
(pdftex.def)             Requested size: 40.76544pt x 45.95105pt.
[18 <./images/chapter/design/components/final_IMU.png>]

LaTeX Warning: Command \texttimes invalid in math mode on input line 287.


LaTeX Warning: Command \texttimes invalid in math mode on input line 287.


LaTeX Warning: Command \texttimes invalid in math mode on input line 287.


LaTeX Warning: Command \texttimes invalid in math mode on input line 287.

Missing character: There is no Ö in font cmr10!
Missing character: There is no Ö in font cmr10!

Underfull \hbox (badness 10000) in paragraph at lines 290--292

 []

<images/chapter/design/components/temp.png, id=432, 602.25pt x 602.25pt>
File: images/chapter/design/components/temp.png Graphic file (type png)
<use images/chapter/design/components/temp.png>
Package pdftex.def Info: images/chapter/design/components/temp.png  used on input line 310.
(pdftex.def)             Requested size: 226.48395pt x 226.48647pt.
File: images/logos/TOP_ENG_LOGO.png Graphic file (type png)
<use images/logos/TOP_ENG_LOGO.png>
Package pdftex.def Info: images/logos/TOP_ENG_LOGO.png  used on input line 314.
(pdftex.def)             Requested size: 77.00371pt x 40.41992pt.
File: images/logos/TOP_CMEMS_LOGO.png Graphic file (type png)
<use images/logos/TOP_CMEMS_LOGO.png>
Package pdftex.def Info: images/logos/TOP_CMEMS_LOGO.png  used on input line 314.
(pdftex.def)             Requested size: 40.76544pt x 45.95105pt.
[19 <./images/chapter/design/components/SIM7000.png>]
Underfull \hbox (badness 10000) in paragraph at lines 319--330

 []


Underfull \hbox (badness 10000) in paragraph at lines 319--330

 []


Underfull \hbox (badness 10000) in paragraph at lines 319--330

 []


Underfull \hbox (badness 10000) in paragraph at lines 319--330

 []

<images/chapter/design/components/sdcard.png, id=437, 453.695pt x 453.695pt>
File: images/chapter/design/components/sdcard.png Graphic file (type png)
<use images/chapter/design/components/sdcard.png>
Package pdftex.def Info: images/chapter/design/components/sdcard.png  used on input line 333.
(pdftex.def)             Requested size: 203.83417pt x 203.83548pt.
File: images/logos/TOP_ENG_LOGO.png Graphic file (type png)
<use images/logos/TOP_ENG_LOGO.png>
Package pdftex.def Info: images/logos/TOP_ENG_LOGO.png  used on input line 339.
(pdftex.def)             Requested size: 77.00371pt x 40.41992pt.
File: images/logos/TOP_CMEMS_LOGO.png Graphic file (type png)
<use images/logos/TOP_CMEMS_LOGO.png>
Package pdftex.def Info: images/logos/TOP_CMEMS_LOGO.png  used on input line 339.
(pdftex.def)             Requested size: 40.76544pt x 45.95105pt.
[20 <./images/chapter/design/components/temp.png> <./images/chapter/design/components/sdcard.png>]
Underfull \hbox (badness 10000) in paragraph at lines 342--345

 []

<images/chapter/design/components/sd_support.jpg, id=447, 803.0pt x 803.0pt>
File: images/chapter/design/components/sd_support.jpg Graphic file (type jpg)
<use images/chapter/design/components/sd_support.jpg>
Package pdftex.def Info: images/chapter/design/components/sd_support.jpg  used on input line 348.
(pdftex.def)             Requested size: 135.89174pt x 135.8833pt.
<images/chapter/design/components/battery-holder.jpg, id=448, 602.25pt x 602.25pt>
File: images/chapter/design/components/battery-holder.jpg Graphic file (type jpg)
<use images/chapter/design/components/battery-holder.jpg>
Package pdftex.def Info: images/chapter/design/components/battery-holder.jpg  used on input line 352.
(pdftex.def)             Requested size: 90.5922pt x 90.5909pt.
File: images/logos/TOP_ENG_LOGO.png Graphic file (type png)
<use images/logos/TOP_ENG_LOGO.png>
Package pdftex.def Info: images/logos/TOP_ENG_LOGO.png  used on input line 444.
(pdftex.def)             Requested size: 77.00371pt x 40.41992pt.
File: images/logos/TOP_CMEMS_LOGO.png Graphic file (type png)
<use images/logos/TOP_CMEMS_LOGO.png>
Package pdftex.def Info: images/logos/TOP_CMEMS_LOGO.png  used on input line 444.
(pdftex.def)             Requested size: 40.76544pt x 45.95105pt.
[21 <./images/chapter/design/components/sd_support.jpg> <./images/chapter/design/components/battery-holder.jpg>]
<images/chapter/design/components/batt.jpg, id=457, 602.25pt x 602.25pt>
File: images/chapter/design/components/batt.jpg Graphic file (type jpg)
<use images/chapter/design/components/batt.jpg>
Package pdftex.def Info: images/chapter/design/components/batt.jpg  used on input line 488.
(pdftex.def)             Requested size: 135.89174pt x 135.88635pt.
File: images/logos/TOP_ENG_LOGO.png Graphic file (type png)
<use images/logos/TOP_ENG_LOGO.png>
Package pdftex.def Info: images/logos/TOP_ENG_LOGO.png  used on input line 530.
(pdftex.def)             Requested size: 77.00371pt x 40.41992pt.
File: images/logos/TOP_CMEMS_LOGO.png Graphic file (type png)
<use images/logos/TOP_CMEMS_LOGO.png>
Package pdftex.def Info: images/logos/TOP_CMEMS_LOGO.png  used on input line 530.
(pdftex.def)             Requested size: 40.76544pt x 45.95105pt.
 [22 <./images/chapter/design/components/batt.jpg>]
File: images/logos/TOP_ENG_LOGO.png Graphic file (type png)
<use images/logos/TOP_ENG_LOGO.png>
Package pdftex.def Info: images/logos/TOP_ENG_LOGO.png  used on input line 562.
(pdftex.def)             Requested size: 77.00371pt x 40.41992pt.
File: images/logos/TOP_CMEMS_LOGO.png Graphic file (type png)
<use images/logos/TOP_CMEMS_LOGO.png>
Package pdftex.def Info: images/logos/TOP_CMEMS_LOGO.png  used on input line 562.
(pdftex.def)             Requested size: 40.76544pt x 45.95105pt.
 [23])
File: images/logos/TOP_ENG_LOGO.png Graphic file (type png)
<use images/logos/TOP_ENG_LOGO.png>
Package pdftex.def Info: images/logos/TOP_ENG_LOGO.png  used on input line 158.
(pdftex.def)             Requested size: 77.00371pt x 40.41992pt.
File: images/logos/TOP_CMEMS_LOGO.png Graphic file (type png)
<use images/logos/TOP_CMEMS_LOGO.png>
Package pdftex.def Info: images/logos/TOP_CMEMS_LOGO.png  used on input line 158.
(pdftex.def)             Requested size: 40.76544pt x 45.95105pt.
 [24]
\openout2 = `chapters/implementation.aux'.

 (./chapters/implementation.tex
Chapter 4.
<images/chapter/implementation/step-sown.jpg, id=481, 803.0pt x 803.0pt>
File: images/chapter/implementation/step-sown.jpg Graphic file (type jpg)
<use images/chapter/implementation/step-sown.jpg>
Package pdftex.def Info: images/chapter/implementation/step-sown.jpg  used on input line 26.
(pdftex.def)             Requested size: 135.89174pt x 135.8833pt.
[25




 <./images/chapter/implementation/step-sown.jpg>]
<images/chapter/implementation/Cesto.png, id=487, 1240.635pt x 362.35374pt>
File: images/chapter/implementation/Cesto.png Graphic file (type png)
<use images/chapter/implementation/Cesto.png>
Package pdftex.def Info: images/chapter/implementation/Cesto.png  used on input line 43.
(pdftex.def)             Requested size: 452.9679pt x 132.29948pt.
<images/chapter/implementation/ponta.png, id=488, 1240.635pt x 362.35374pt>
File: images/chapter/implementation/ponta.png Graphic file (type png)
<use images/chapter/implementation/ponta.png>
Package pdftex.def Info: images/chapter/implementation/ponta.png  used on input line 51.
(pdftex.def)             Requested size: 452.9679pt x 132.29948pt.
File: images/logos/TOP_ENG_LOGO.png Graphic file (type png)
<use images/logos/TOP_ENG_LOGO.png>
Package pdftex.def Info: images/logos/TOP_ENG_LOGO.png  used on input line 69.
(pdftex.def)             Requested size: 77.00371pt x 40.41992pt.
File: images/logos/TOP_CMEMS_LOGO.png Graphic file (type png)
<use images/logos/TOP_CMEMS_LOGO.png>
Package pdftex.def Info: images/logos/TOP_CMEMS_LOGO.png  used on input line 69.
(pdftex.def)             Requested size: 40.76544pt x 45.95105pt.
 [26 <./images/chapter/implementation/Cesto.png> <./images/chapter/implementation/ponta.png>] (/usr/share/texlive/texmf-dist/tex/latex/listings/lstlang1.sty
File: lstlang1.sty 2023/02/27 1.9 listings language file
) (/usr/share/texlive/texmf-dist/tex/latex/listings/lstmisc.sty
File: lstmisc.sty 2023/02/27 1.9 (Carsten Heinz)
)
Package hyperref Info: bookmark level for unknown lstlisting defaults to 0 on input line 83.
LaTeX Font Info:    Font shape `OT1/cmtt/bx/n' in size <10> not available
(Font)              Font shape `OT1/cmtt/m/n' tried instead on input line 84.
File: images/logos/TOP_ENG_LOGO.png Graphic file (type png)
<use images/logos/TOP_ENG_LOGO.png>
Package pdftex.def Info: images/logos/TOP_ENG_LOGO.png  used on input line 118.
(pdftex.def)             Requested size: 77.00371pt x 40.41992pt.
File: images/logos/TOP_CMEMS_LOGO.png Graphic file (type png)
<use images/logos/TOP_CMEMS_LOGO.png>
Package pdftex.def Info: images/logos/TOP_CMEMS_LOGO.png  used on input line 118.
(pdftex.def)             Requested size: 40.76544pt x 45.95105pt.
 [27]
Overfull \hbox (5.77252pt too wide) in paragraph at lines 122--139
 [][] 
 []


Underfull \hbox (badness 10000) in paragraph at lines 196--202

 []

File: images/logos/TOP_ENG_LOGO.png Graphic file (type png)
<use images/logos/TOP_ENG_LOGO.png>
Package pdftex.def Info: images/logos/TOP_ENG_LOGO.png  used on input line 208.
(pdftex.def)             Requested size: 77.00371pt x 40.41992pt.
File: images/logos/TOP_CMEMS_LOGO.png Graphic file (type png)
<use images/logos/TOP_CMEMS_LOGO.png>
Package pdftex.def Info: images/logos/TOP_CMEMS_LOGO.png  used on input line 208.
(pdftex.def)             Requested size: 40.76544pt x 45.95105pt.
[28]
<images/chapter/implementation/Virtual timer.png, id=532, 424.58624pt x 196.735pt>
File: images/chapter/implementation/Virtual timer.png Graphic file (type png)
<use images/chapter/implementation/Virtual timer.png>
Package pdftex.def Info: images/chapter/implementation/Virtual timer.png  used on input line 262.
(pdftex.def)             Requested size: 226.48395pt x 104.94447pt.
)
File: images/logos/TOP_ENG_LOGO.png Graphic file (type png)
<use images/logos/TOP_ENG_LOGO.png>
Package pdftex.def Info: images/logos/TOP_ENG_LOGO.png  used on input line 161.
(pdftex.def)             Requested size: 77.00371pt x 40.41992pt.
File: images/logos/TOP_CMEMS_LOGO.png Graphic file (type png)
<use images/logos/TOP_CMEMS_LOGO.png>
Package pdftex.def Info: images/logos/TOP_CMEMS_LOGO.png  used on input line 161.
(pdftex.def)             Requested size: 40.76544pt x 45.95105pt.
 [29 <./images/chapter/implementation/Virtual timer.png>]
\openout2 = `chapters/conclusion.aux'.

 (./chapters/conclusion.tex
Chapter 5.
[30




]
Underfull \hbox (badness 1867) in paragraph at lines 36--40
[]\OT1/cmr/m/n/10.95 Arzola, R. G., Wynn, R. B., Las-tras, G., Mas-son, D. G., & Weaver, P. P.
 []


Underfull \hbox (badness 1147) in paragraph at lines 36--40
\OT1/cmr/m/n/10.95 E. (2008). Dif-fer-ent fre-quen-cies and trig-gers of canyon fill-ing and flush-ing events
 []


Underfull \hbox (badness 1616) in paragraph at lines 36--40
\OT1/cmr/m/n/10.95 in Nazare Canyon, off-shore Por-tu-gal. \OT1/cmr/m/it/10.95 Ma-rine Ge-ol-ogy\OT1/cmr/m/n/10.95 , 250(1-2), 38-63. Avail-able
 []

) [31

] (./report.aux (./titlepage/title_page.aux) (./chapters/introduction.aux) (./chapters/analysis.aux) (./chapters/design.aux) (./chapters/implementation.aux) (./chapters/conclusion.aux))
 ***********
LaTeX2e <2023-11-01> patch level 1
L3 programming layer <2024-01-22>
 ***********


LaTeX Warning: There were undefined references.

Package rerunfilecheck Info: File `report.out' has not changed.
(rerunfilecheck)             Checksum: 6DF09A24DE2FEA6E9D135C402CE56ACE;4795.
 ) 
Here is how much of TeX's memory you used:
 16286 strings out of 474222
 262743 string characters out of 5748733
 2074975 words of memory out of 5000000
 38104 multiletter control sequences out of 15000+600000
 568231 words of font info for 71 fonts, out of 8000000 for 9000
 1141 hyphenation exceptions out of 8191
 75i,16n,79p,535b,2114s stack positions out of 10000i,1000n,20000p,200000b,200000s
</usr/share/texlive/texmf-dist/fonts/type1/public/amsfonts/cm/cmbx10.pfb></usr/share/texlive/texmf-dist/fonts/type1/public/amsfonts/cm/cmbx12.pfb></usr/share/texlive/texmf-dist/fonts/type1/public/amsfonts/cm/cmbx8.pfb></usr/share/texlive/texmf-dist/fonts/type1/public/amsfonts/cm/cmmi10.pfb></usr/share/texlive/texmf-dist/fonts/type1/public/amsfonts/cm/cmmi8.pfb></usr/share/texlive/texmf-dist/fonts/type1/public/amsfonts/cm/cmr10.pfb></usr/share/texlive/texmf-dist/fonts/type1/public/amsfonts/cm/cmr12.pfb></usr/share/texlive/texmf-dist/fonts/type1/public/amsfonts/cm/cmr17.pfb></usr/share/texlive/texmf-dist/fonts/type1/public/amsfonts/cm/cmr6.pfb></usr/share/texlive/texmf-dist/fonts/type1/public/amsfonts/cm/cmr8.pfb></usr/share/texlive/texmf-dist/fonts/type1/public/amsfonts/cm/cmr9.pfb></usr/share/texlive/texmf-dist/fonts/type1/public/amsfonts/cm/cmsy10.pfb></usr/share/texlive/texmf-dist/fonts/type1/public/amsfonts/cm/cmsy8.pfb></usr/share/texlive/texmf-dist/fonts/type1/public/amsfonts/cm/cmti10.pfb></usr/share/texlive/texmf-dist/fonts/type1/public/amsfonts/cm/cmtt10.pfb></usr/share/texmf/fonts/type1/public/cm-super/sfbx1000.pfb></usr/share/texmf/fonts/type1/public/cm-super/sfbx1095.pfb></usr/share/texmf/fonts/type1/public/cm-super/sfrm1000.pfb></usr/share/texmf/fonts/type1/public/cm-super/sfrm1095.pfb>
Output written on report.pdf (36 pages, 3770919 bytes).
PDF statistics:
 696 PDF objects out of 1000 (max. 8388607)
 569 compressed objects within 6 object streams
 196 named destinations out of 1000 (max. 500000)
 432 words of extra memory for PDF output out of 10000 (max. 10000000)

