\BOOKMARK [0][-]{chapter.1}{\376\377\000P\000r\000o\000j\000e\000c\000t\000\040\000P\000l\000a\000n}{}% 1
\BOOKMARK [1][-]{section.1.1}{\376\377\000I\000n\000t\000r\000o\000d\000u\000c\000t\000i\000o\000n}{chapter.1}% 2
\BOOKMARK [2][-]{subsection.1.1.1}{\376\377\000P\000r\000o\000b\000l\000e\000m\000\040\000S\000t\000a\000t\000e\000m\000e\000n\000t}{section.1.1}% 3
\BOOKMARK [2][-]{subsection.1.1.2}{\376\377\000P\000r\000o\000b\000l\000e\000m\000\040\000S\000t\000a\000t\000e\000m\000e\000n\000t\000\040\000A\000n\000a\000l\000y\000s\000i\000s}{section.1.1}% 4
\BOOKMARK [0][-]{chapter.2}{\376\377\000A\000n\000a\000l\000y\000s\000i\000s}{}% 5
\BOOKMARK [1][-]{section.2.1}{\376\377\000R\000e\000q\000u\000i\000r\000e\000m\000e\000n\000t\000s\000\040\000a\000n\000d\000\040\000C\000o\000n\000s\000t\000r\000a\000i\000n\000t\000s}{chapter.2}% 6
\BOOKMARK [2][-]{subsection.2.1.1}{\376\377\000R\000e\000q\000u\000i\000r\000e\000m\000e\000n\000t\000s}{section.2.1}% 7
\BOOKMARK [2][-]{subsection.2.1.2}{\376\377\000C\000o\000n\000s\000t\000r\000a\000i\000n\000t\000s}{section.2.1}% 8
\BOOKMARK [1][-]{section.2.2}{\376\377\000S\000t\000a\000t\000e\000\040\000o\000f\000\040\000t\000h\000e\000\040\000a\000r\000t}{chapter.2}% 9
\BOOKMARK [2][-]{subsection.2.2.1}{\376\377\000C\000o\000p\000e\000r\000n\000i\000c\000u\000s\000\040\000E\000x\000a\000m\000p\000l\000e}{section.2.2}% 10
\BOOKMARK [2][-]{subsection.2.2.2}{\376\377\000C\000M\000E\000M\000S\000\040\000E\000x\000a\000m\000p\000l\000e\000s}{section.2.2}% 11
\BOOKMARK [1][-]{section.2.3}{\376\377\000S\000y\000s\000t\000e\000m\000\040\000A\000r\000c\000h\000i\000t\000e\000c\000t\000u\000r\000e}{chapter.2}% 12
\BOOKMARK [0][-]{chapter.3}{\376\377\000D\000e\000s\000i\000g\000n}{}% 13
\BOOKMARK [1][-]{section.3.1}{\376\377\000A\000n\000a\000l\000y\000s\000i\000s\000\040\000R\000e\000v\000i\000e\000w}{chapter.3}% 14
\BOOKMARK [1][-]{section.3.2}{\376\377\000S\000o\000f\000t\000w\000a\000r\000e}{chapter.3}% 15
\BOOKMARK [2][-]{subsection.3.2.1}{\376\377\000C\000o\000m\000m\000u\000n\000i\000c\000a\000t\000i\000o\000n\000\040\000p\000r\000o\000t\000o\000c\000o\000l}{section.3.2}% 16
\BOOKMARK [2][-]{subsection.3.2.2}{\376\377\000A\000b\000s\000t\000r\000a\000c\000t\000i\000o\000n}{section.3.2}% 17
\BOOKMARK [2][-]{subsection.3.2.3}{\376\377\000R\000T\000O\000S}{section.3.2}% 18
\BOOKMARK [2][-]{subsection.3.2.4}{\376\377\000R\000T\000O\000S\000\040\000a\000l\000t\000e\000r\000n\000a\000t\000i\000v\000e}{section.3.2}% 19
\BOOKMARK [1][-]{section.3.3}{\376\377\000H\000a\000r\000d\000w\000a\000r\000e}{chapter.3}% 20
\BOOKMARK [2][-]{subsection.3.3.1}{\376\377\000A\000u\000t\000o\000n\000o\000m\000y}{section.3.3}% 21
\BOOKMARK [2][-]{subsection.3.3.2}{\376\377\000S\000y\000s\000t\000e\000m\000\040\000P\000i\000n\000o\000u\000t}{section.3.3}% 22
\BOOKMARK [1][-]{section.3.4}{\376\377\000S\000h\000e\000l\000l}{chapter.3}% 23
\BOOKMARK [2][-]{subsection.3.4.1}{\376\377\000C\000o\000n\000c\000l\000u\000s\000i\000o\000n}{section.3.4}% 24
\BOOKMARK [1][-]{section.3.5}{\376\377\000T\000o\000o\000l\000s\000\040\000a\000n\000d\000\040\000C\000O\000T\000S}{chapter.3}% 25
\BOOKMARK [2][-]{subsection.3.5.1}{\376\377\000T\000o\000o\000l\000s}{section.3.5}% 26
\BOOKMARK [2][-]{subsection.3.5.2}{\376\377\000C\000O\000T\000S}{section.3.5}% 27
\BOOKMARK [0][-]{chapter.4}{\376\377\000I\000m\000p\000l\000e\000m\000e\000n\000t\000a\000t\000i\000o\000n}{}% 28
\BOOKMARK [1][-]{section.4.1}{\376\377\000H\000a\000r\000d\000w\000a\000r\000e\000\040\000a\000n\000d\000\040\000S\000h\000e\000l\000l}{chapter.4}% 29
\BOOKMARK [2][-]{subsection.4.1.1}{\376\377\000P\000r\000o\000j\000e\000c\000t\000\040\000S\000e\000c\000t\000i\000o\000n\000s}{section.4.1}% 30
\BOOKMARK [2][-]{subsection.4.1.2}{\376\377\000T\000a\000s\000k\000\040\000B\000e\000h\000a\000v\000i\000o\000r}{section.4.1}% 31
\BOOKMARK [1][-]{section.4.2}{\376\377\000S\000o\000f\000t\000w\000a\000r\000e}{chapter.4}% 32
\BOOKMARK [2][-]{subsection.4.2.1}{\376\377\000M\000o\000b\000i\000l\000e\000\040\000C\000o\000m\000m\000u\000n\000i\000c\000a\000t\000i\000o\000n}{section.4.2}% 33
\BOOKMARK [2][-]{subsection.4.2.2}{\376\377\000A\000T\000\040\000c\000o\000m\000m\000a\000n\000d\000s}{section.4.2}% 34
\BOOKMARK [2][-]{subsection.4.2.3}{\376\377\000D\000a\000t\000a\000B\000a\000s\000e\000\040\000C\000o\000m\000u\000n\000i\000c\000a\000t\000i\000o\000n}{section.4.2}% 35
\BOOKMARK [0][-]{chapter.5}{\376\377\000C\000o\000n\000c\000l\000u\000s\000i\000o\000n}{}% 36
\BOOKMARK [1][-]{section.5.1}{\376\377\000F\000u\000t\000u\000r\000e\000\040\000i\000m\000p\000r\000o\000v\000e\000m\000e\000n\000t\000s}{chapter.5}% 37
\BOOKMARK [1][-]{section.5.2}{\376\377\000S\000p\000e\000c\000i\000a\000l\000\040\000G\000r\000e\000a\000t\000i\000n\000g\000s}{chapter.5}% 38
\BOOKMARK [1][-]{section.5.3}{\376\377\000B\000i\000b\000l\000i\000o\000g\000r\000a\000f\000y}{chapter.5}% 39
