2025-06-04 13:47:47,842 [INFO] WebApp:191 - Connection restablished
2025-06-04 13:48:50,720 [INFO] MainUpdater:2872 - connection check result : 10
2025-06-04 13:48:50,721 [INFO] MainUpdater:2872 - connection check result : 10
2025-06-04 13:48:51,283 [INFO] MicroXplorer:468 - Change Database Path : 
2025-06-04 13:48:51,283 [INFO] MicroXplorer:498 - Change Database Version : DB.6.0.140
2025-06-04 13:48:52,276 [ERROR] ProjectManagerView:394 - 
java.lang.NullPointerException: Cannot invoke "javax.swing.JTextField.getText()" because the return value of "java.util.List.get(int)" is null
	at com.st.microxplorer.plugins.projectmanager.gui.ProjectChoiceTab$9.caretUpdate(ProjectChoiceTab.java:2678) ~[filemanager.jar:?]
	at javax.swing.text.JTextComponent.fireCaretUpdate(JTextComponent.java:408) ~[?:?]
	at javax.swing.text.JTextComponent$MutableCaretEvent.fire(JTextComponent.java:4484) ~[?:?]
	at javax.swing.text.JTextComponent$MutableCaretEvent.stateChanged(JTextComponent.java:4506) ~[?:?]
	at javax.swing.text.DefaultCaret.fireStateChanged(DefaultCaret.java:857) ~[?:?]
	at javax.swing.text.DefaultCaret.changeCaretPosition(DefaultCaret.java:1343) ~[?:?]
	at javax.swing.text.DefaultCaret.handleSetDot(DefaultCaret.java:1242) ~[?:?]
	at javax.swing.text.DefaultCaret.setDot(DefaultCaret.java:1223) ~[?:?]
	at javax.swing.text.DefaultCaret$Handler.insertUpdate(DefaultCaret.java:1819) ~[?:?]
	at javax.swing.text.AbstractDocument.fireInsertUpdate(AbstractDocument.java:227) ~[?:?]
	at javax.swing.text.AbstractDocument.handleInsertString(AbstractDocument.java:781) ~[?:?]
	at javax.swing.text.AbstractDocument.insertString(AbstractDocument.java:740) ~[?:?]
	at javax.swing.text.PlainDocument.insertString(PlainDocument.java:131) ~[?:?]
	at javax.swing.text.AbstractDocument.replace(AbstractDocument.java:699) ~[?:?]
	at javax.swing.text.JTextComponent.setText(JTextComponent.java:1725) ~[?:?]
	at com.st.microxplorer.plugins.projectmanager.gui.ProjectChoiceTab.createHeapStackFields(ProjectChoiceTab.java:979) ~[filemanager.jar:?]
	at com.st.microxplorer.plugins.projectmanager.gui.ProjectChoiceTab.buildLinkSettingsPanel(ProjectChoiceTab.java:3766) ~[filemanager.jar:?]
	at com.st.microxplorer.plugins.projectmanager.gui.ProjectChoiceTab.defineWindowsFields(ProjectChoiceTab.java:1962) ~[filemanager.jar:?]
	at com.st.microxplorer.plugins.projectmanager.gui.ProjectChoiceTab.updateSettings(ProjectChoiceTab.java:555) ~[filemanager.jar:?]
	at com.st.microxplorer.plugins.projectmanager.gui.ProjectSettingsPanel.UpdateDialog(ProjectSettingsPanel.java:245) ~[filemanager.jar:?]
	at com.st.microxplorer.plugins.projectmanager.ProjectManagerView.propertyChange(ProjectManagerView.java:391) ~[filemanager.jar:?]
	at java.beans.PropertyChangeSupport.fire(PropertyChangeSupport.java:343) ~[?:?]
	at java.beans.PropertyChangeSupport.firePropertyChange(PropertyChangeSupport.java:335) ~[?:?]
	at java.beans.PropertyChangeSupport.firePropertyChange(PropertyChangeSupport.java:268) ~[?:?]
	at com.st.microxplorer.util.MXPropertyChangeSupport.firePropertyChange(MXPropertyChangeSupport.java:54) ~[STM32CubeMX.jar:?]
	at com.st.microxplorer.mxsystem.MxSystem.closeConfig(MxSystem.java:899) ~[STM32CubeMX.jar:?]
	at com.st.microxplorer.maingui.MainPanel.closeConfig(MainPanel.java:789) ~[STM32CubeMX.jar:?]
	at com.st.microxplorer.plugins.filemanager.engine.OpenFileManager.loadConfigurationFile(OpenFileManager.java:287) ~[filemanager.jar:?]
	at com.st.microxplorer.plugins.filemanager.engine.MainFileManager.userLoadConfig(MainFileManager.java:341) ~[filemanager.jar:?]
	at com.st.microxplorer.plugins.filemanager.engine.MainFileManager.userLoadConfig(MainFileManager.java:319) ~[filemanager.jar:?]
	at com.st.microxplorer.plugins.filemanager.FileManagerView.getSpecificTask(FileManagerView.java:246) ~[filemanager.jar:?]
	at com.st.stm32cube.common.mx.editor.CubeMxEditor.getMxTabbedPaneInstance(CubeMxEditor.java:1198) ~[com.st.stm32cube.common.mx_6.14.0.202502271554/:?]
	at com.st.stm32cube.common.mx.editor.CubeMxEditor$12$1.createSwingComponent(CubeMxEditor.java:1068) ~[com.st.stm32cube.common.mx_6.14.0.202502271554/:?]
	at com.st.stm32cube.common.mx.oss.core.awtswtbridge.EmbeddedSwingComposite.doComponentCreation(EmbeddedSwingComposite.java:492) ~[com.st.stm32cube.common.mx.oss_6.14.0.202502271554/:?]
	at com.st.stm32cube.common.mx.oss.core.awtswtbridge.EmbeddedSwingComposite$4.run(EmbeddedSwingComposite.java:291) ~[com.st.stm32cube.common.mx.oss_6.14.0.202502271554/:?]
	at com.st.stm32cube.common.mx.oss.core.awtswtbridge.AwtEnvironment$2.run(AwtEnvironment.java:166) ~[com.st.stm32cube.common.mx.oss_6.14.0.202502271554/:?]
	at java.awt.event.InvocationEvent.dispatch(InvocationEvent.java:318) ~[?:?]
	at java.awt.EventQueue.dispatchEventImpl(EventQueue.java:773) ~[?:?]
	at java.awt.EventQueue$4.run(EventQueue.java:720) ~[?:?]
	at java.awt.EventQueue$4.run(EventQueue.java:714) ~[?:?]
	at java.security.AccessController.doPrivileged(AccessController.java:400) ~[?:?]
	at java.security.ProtectionDomain$JavaSecurityAccessImpl.doIntersectionPrivilege(ProtectionDomain.java:87) ~[?:?]
	at java.awt.EventQueue.dispatchEvent(EventQueue.java:742) ~[?:?]
	at java.awt.EventDispatchThread.pumpOneEventForFilters(EventDispatchThread.java:203) ~[?:?]
	at java.awt.EventDispatchThread.pumpEventsForFilter(EventDispatchThread.java:124) ~[?:?]
	at java.awt.EventDispatchThread.pumpEventsForHierarchy(EventDispatchThread.java:113) ~[?:?]
	at java.awt.EventDispatchThread.pumpEvents(EventDispatchThread.java:109) ~[?:?]
	at java.awt.EventDispatchThread.pumpEvents(EventDispatchThread.java:101) ~[?:?]
	at java.awt.EventDispatchThread.run(EventDispatchThread.java:90) ~[?:?]
2025-06-04 13:48:52,281 [WARN] ThirdParty:871 - waiting for thirdparty lock release [close project]
2025-06-04 13:48:52,281 [INFO] ThirdParty:873 - entering critical section [close project]
2025-06-04 13:48:52,282 [INFO] ThirdParty:883 - exiting critical section [close project]
2025-06-04 13:48:52,294 [INFO] PinOutPanel:1589 - setPackage(No Configuration,No Configuration)
2025-06-04 13:48:52,312 [WARN] IpParametersView:155 - Warning: This peripheral hasn't parameters
2025-06-04 13:48:52,336 [WARN] MainPanel:289 - <html><b><center>Warning: This peripheral has no parameters to be configured<br></b></html>
2025-06-04 13:48:52,350 [WARN] IpParametersView:155 - Warning: This peripheral hasn't parameters
2025-06-04 13:48:52,375 [WARN] MainPanel:289 - <html><b><center>Warning: This peripheral has no parameters to be configured<br></b></html>
2025-06-04 13:48:52,388 [INFO] UtilMem:75 - Begin LoadConfig() Used Memory: 560481064 Bytes (1073741824)
2025-06-04 13:48:52,390 [INFO] MicroXplorer:468 - Change Database Path : 
2025-06-04 13:48:52,390 [INFO] MicroXplorer:498 - Change Database Version : DB.6.0.140
2025-06-04 13:48:52,390 [INFO] OpenFileManager:354 - Change cursor
2025-06-04 13:48:52,580 [INFO] RulesReader:64 - Compatibility file has been processed (301 Rules)
2025-06-04 13:48:52,751 [INFO] Mcu:2011 - Initializing MCU STM32H755ZITx STM32H755ZITx STM32H755ZIT6
2025-06-04 13:49:10,110 [INFO] Context:756 - Trying to add GPIOservice into a context  which must be forbidden
2025-06-04 13:49:10,110 [INFO] Context:756 - Trying to add GPIOservice into a context  which must be forbidden
2025-06-04 13:49:17,434 [INFO] ApiDbMcu:508 - Load IP Config File for NUCLEO-H755ZI-Q
2025-06-04 13:49:17,979 [INFO] Context:756 - Trying to add GPIOservice into a context  which must be forbidden
2025-06-04 13:49:17,980 [INFO] Context:756 - Trying to add GPIOservice into a context  which must be forbidden
2025-06-04 13:49:17,989 [INFO] ImportTextPane:218 - (OptionalMessage_ERROR) Pin37 (VP_RIF_VS_RIF1) cannot be retrieved for this MCU
2025-06-04 13:49:19,092 [INFO] RtosManager:558 - Registered RTOS mode: class=CMSIS, group=RTOS, mode=CMSIS_V1, owner=FREERTOS_M7
2025-06-04 13:49:19,092 [INFO] RtosManager:558 - Registered RTOS mode: class=CMSIS, group=RTOS2, mode=CMSIS_V2, owner=FREERTOS_M7
2025-06-04 13:49:19,092 [INFO] RtosManager:558 - Registered RTOS mode: class=RTOS, group=Core, mode=CMSIS_V1, owner=FREERTOS_M7
2025-06-04 13:49:19,092 [INFO] RtosManager:558 - Registered RTOS mode: class=RTOS, group=Core, mode=CMSIS_V2, owner=FREERTOS_M7
2025-06-04 13:49:19,092 [WARN] ModelIntegratedComponent:184 - Missing modes for component STMicroelectronics:FreeRTOS:0.0.1:STMicroelectronics:RTOS:FreeRTOS:Core:::10.2.0:
2025-06-04 13:49:19,124 [WARN] ModelIntegratedComponent:63 - No mode defined for component null
2025-06-04 13:49:19,124 [WARN] ModelIntegratedComponent:63 - No mode defined for component null
2025-06-04 13:49:19,124 [WARN] ModelIntegratedComponent:63 - No mode defined for component null
2025-06-04 13:49:19,125 [WARN] ModelIntegratedComponent:63 - No mode defined for component null
2025-06-04 13:49:19,125 [WARN] ModelIntegratedComponent:63 - No mode defined for component null
2025-06-04 13:49:19,125 [WARN] ModelIntegratedComponent:63 - No mode defined for component null
2025-06-04 13:49:19,125 [WARN] ModelIntegratedComponent:63 - No mode defined for component null
2025-06-04 13:49:19,125 [WARN] ModelIntegratedComponent:63 - No mode defined for component null
2025-06-04 13:49:19,125 [WARN] ModelIntegratedComponent:63 - No mode defined for component null
2025-06-04 13:49:19,125 [WARN] ModelIntegratedComponent:63 - No mode defined for component null
2025-06-04 13:49:19,126 [WARN] ModelIntegratedComponent:63 - No mode defined for component null
2025-06-04 13:49:19,126 [WARN] ModelIntegratedComponent:63 - No mode defined for component null
2025-06-04 13:49:19,126 [WARN] ModelIntegratedComponent:63 - No mode defined for component null
2025-06-04 13:49:19,126 [WARN] ModelIntegratedComponent:63 - No mode defined for component null
2025-06-04 13:49:19,126 [WARN] ModelIntegratedComponent:63 - No mode defined for component null
2025-06-04 13:49:19,126 [WARN] ModelIntegratedComponent:63 - No mode defined for component null
2025-06-04 13:49:19,126 [WARN] ModelIntegratedComponent:63 - No mode defined for component null
2025-06-04 13:49:19,126 [WARN] ModelIntegratedComponent:63 - No mode defined for component null
2025-06-04 13:49:19,127 [WARN] ModelIntegratedComponent:63 - No mode defined for component null
2025-06-04 13:49:19,127 [WARN] ModelIntegratedComponent:63 - No mode defined for component null
2025-06-04 13:49:19,127 [WARN] ModelIntegratedComponent:63 - No mode defined for component null
2025-06-04 13:49:19,127 [WARN] ModelIntegratedComponent:63 - No mode defined for component null
2025-06-04 13:49:19,127 [WARN] ModelIntegratedComponent:63 - No mode defined for component null
2025-06-04 13:49:19,127 [WARN] ModelIntegratedComponent:63 - No mode defined for component null
2025-06-04 13:49:19,127 [WARN] ModelIntegratedComponent:63 - No mode defined for component null
2025-06-04 13:49:19,127 [WARN] ModelIntegratedComponent:63 - No mode defined for component null
2025-06-04 13:49:19,127 [WARN] ModelIntegratedComponent:63 - No mode defined for component null
2025-06-04 13:49:19,128 [WARN] ModelIntegratedComponent:63 - No mode defined for component null
2025-06-04 13:49:19,128 [WARN] ModelIntegratedComponent:63 - No mode defined for component null
2025-06-04 13:49:19,128 [WARN] ModelIntegratedComponent:63 - No mode defined for component null
2025-06-04 13:49:19,128 [WARN] ModelIntegratedComponent:63 - No mode defined for component null
2025-06-04 13:49:19,128 [WARN] ModelIntegratedComponent:63 - No mode defined for component null
2025-06-04 13:49:19,128 [WARN] ModelIntegratedComponent:63 - No mode defined for component null
2025-06-04 13:49:19,128 [WARN] ModelIntegratedComponent:63 - No mode defined for component null
2025-06-04 13:49:19,128 [WARN] ModelIntegratedComponent:63 - No mode defined for component null
2025-06-04 13:49:19,129 [WARN] ModelPack:524 - Component already loaded: STMicroelectronics:HAL Drivers:0.0.0:STMicroelectronics:Device:STMicro_Driver:XSPI:HAL::0.0.1:HAL_XSPI
2025-06-04 13:49:19,707 [INFO] RtosManager:558 - Registered RTOS mode: class=CMSIS, group=RTOS, mode=CMSIS_V1, owner=FREERTOS_M4
2025-06-04 13:49:19,707 [INFO] RtosManager:558 - Registered RTOS mode: class=CMSIS, group=RTOS2, mode=CMSIS_V2, owner=FREERTOS_M4
2025-06-04 13:49:19,707 [INFO] RtosManager:558 - Registered RTOS mode: class=RTOS, group=Core, mode=CMSIS_V1, owner=FREERTOS_M4
2025-06-04 13:49:19,707 [INFO] RtosManager:558 - Registered RTOS mode: class=RTOS, group=Core, mode=CMSIS_V2, owner=FREERTOS_M4
2025-06-04 13:49:19,707 [WARN] ModelIntegratedComponent:184 - Missing modes for component STMicroelectronics:FreeRTOS:0.0.1:STMicroelectronics:RTOS:FreeRTOS:Core:::10.2.0:
2025-06-04 13:49:19,738 [WARN] ModelIntegratedComponent:63 - No mode defined for component null
2025-06-04 13:49:19,738 [WARN] ModelIntegratedComponent:63 - No mode defined for component null
2025-06-04 13:49:19,738 [WARN] ModelIntegratedComponent:63 - No mode defined for component null
2025-06-04 13:49:19,738 [WARN] ModelIntegratedComponent:63 - No mode defined for component null
2025-06-04 13:49:19,738 [WARN] ModelIntegratedComponent:63 - No mode defined for component null
2025-06-04 13:49:19,738 [WARN] ModelIntegratedComponent:63 - No mode defined for component null
2025-06-04 13:49:19,738 [WARN] ModelIntegratedComponent:63 - No mode defined for component null
2025-06-04 13:49:19,739 [WARN] ModelIntegratedComponent:63 - No mode defined for component null
2025-06-04 13:49:19,739 [WARN] ModelIntegratedComponent:63 - No mode defined for component null
2025-06-04 13:49:19,739 [WARN] ModelIntegratedComponent:63 - No mode defined for component null
2025-06-04 13:49:19,739 [WARN] ModelIntegratedComponent:63 - No mode defined for component null
2025-06-04 13:49:19,739 [WARN] ModelIntegratedComponent:63 - No mode defined for component null
2025-06-04 13:49:19,739 [WARN] ModelIntegratedComponent:63 - No mode defined for component null
2025-06-04 13:49:19,739 [WARN] ModelIntegratedComponent:63 - No mode defined for component null
2025-06-04 13:49:19,739 [WARN] ModelIntegratedComponent:63 - No mode defined for component null
2025-06-04 13:49:19,740 [WARN] ModelIntegratedComponent:63 - No mode defined for component null
2025-06-04 13:49:19,740 [WARN] ModelIntegratedComponent:63 - No mode defined for component null
2025-06-04 13:49:19,740 [WARN] ModelIntegratedComponent:63 - No mode defined for component null
2025-06-04 13:49:19,740 [WARN] ModelIntegratedComponent:63 - No mode defined for component null
2025-06-04 13:49:19,740 [WARN] ModelIntegratedComponent:63 - No mode defined for component null
2025-06-04 13:49:19,740 [WARN] ModelIntegratedComponent:63 - No mode defined for component null
2025-06-04 13:49:19,740 [WARN] ModelIntegratedComponent:63 - No mode defined for component null
2025-06-04 13:49:19,740 [WARN] ModelIntegratedComponent:63 - No mode defined for component null
2025-06-04 13:49:19,741 [WARN] ModelIntegratedComponent:63 - No mode defined for component null
2025-06-04 13:49:19,741 [WARN] ModelIntegratedComponent:63 - No mode defined for component null
2025-06-04 13:49:19,741 [WARN] ModelIntegratedComponent:63 - No mode defined for component null
2025-06-04 13:49:19,741 [WARN] ModelIntegratedComponent:63 - No mode defined for component null
2025-06-04 13:49:19,741 [WARN] ModelIntegratedComponent:63 - No mode defined for component null
2025-06-04 13:49:19,741 [WARN] ModelIntegratedComponent:63 - No mode defined for component null
2025-06-04 13:49:19,741 [WARN] ModelIntegratedComponent:63 - No mode defined for component null
2025-06-04 13:49:19,741 [WARN] ModelIntegratedComponent:63 - No mode defined for component null
2025-06-04 13:49:19,742 [WARN] ModelIntegratedComponent:63 - No mode defined for component null
2025-06-04 13:49:19,742 [WARN] ModelIntegratedComponent:63 - No mode defined for component null
2025-06-04 13:49:19,742 [WARN] ModelIntegratedComponent:63 - No mode defined for component null
2025-06-04 13:49:19,742 [WARN] ModelIntegratedComponent:63 - No mode defined for component null
2025-06-04 13:49:19,742 [WARN] ModelPack:524 - Component already loaded: STMicroelectronics:HAL Drivers:0.0.0:STMicroelectronics:Device:STMicro_Driver:XSPI:HAL::0.0.1:HAL_XSPI
2025-06-04 13:49:20,397 [INFO] ThirdPartyModel:298 - Start build external matchings
2025-06-04 13:49:23,582 [INFO] ThirdPartyModel:316 - End build external matchings
2025-06-04 13:49:23,692 [INFO] ThirdPartyModel:298 - Start build external matchings
2025-06-04 13:49:26,007 [INFO] ThirdPartyModel:316 - End build external matchings
2025-06-04 13:49:26,664 [INFO] UtilMem:75 - End LoadConfig() Used Memory: 852555192 Bytes (1073741824)
2025-06-04 13:49:26,714 [WARN] ThirdParty:833 - waiting for thirdparty lock release [change project]
2025-06-04 13:49:26,715 [INFO] ThirdParty:835 - entering critical section [change project]
2025-06-04 13:49:26,715 [INFO] ThirdParty:1030 - CMSIS Pack Vendor :STMicroelectronics USBPD 4.1
2025-06-04 13:49:26,715 [INFO] ThirdParty:1030 - CMSIS Pack Vendor :STMicroelectronics X-CUBE-AZRTOS-H7 3.3.0
2025-06-04 13:49:26,715 [INFO] ThirdParty:1030 - CMSIS Pack Vendor :STMicroelectronics X-CUBE-NFC9 1.0.0
2025-06-04 13:49:26,715 [INFO] ThirdParty:1030 - CMSIS Pack Vendor :STMicroelectronics USB_HOST 2.0.0
2025-06-04 13:49:26,715 [INFO] ThirdParty:1030 - CMSIS Pack Vendor :STMicroelectronics FP-SNS-MOTENVWB1 1.4.0
2025-06-04 13:49:26,715 [INFO] ThirdParty:1030 - CMSIS Pack Vendor :STMicroelectronics X-CUBE-AZRTOS-F4 1.1.0
2025-06-04 13:49:26,715 [INFO] ThirdParty:1030 - CMSIS Pack Vendor :STMicroelectronics LIBJPEG 8.0.0
2025-06-04 13:49:26,716 [INFO] ThirdParty:1030 - CMSIS Pack Vendor :STMicroelectronics FP-ATR-ASTRA1 2.0.2
2025-06-04 13:49:26,716 [INFO] ThirdParty:1030 - CMSIS Pack Vendor :STMicroelectronics X-CUBE-BLE1 7.1.0
2025-06-04 13:49:26,716 [INFO] ThirdParty:1030 - CMSIS Pack Vendor :Avnet-IotConnect X-CUBE-IoTC-DA16k-PMOD 1.0.0
2025-06-04 13:49:26,716 [INFO] ThirdParty:1030 - CMSIS Pack Vendor :STMicroelectronics X-CUBE-SMBUS 2.1.0
2025-06-04 13:49:26,716 [INFO] ThirdParty:1030 - CMSIS Pack Vendor :STMicroelectronics X-CUBE-WB05N 1.1.0
2025-06-04 13:49:26,716 [INFO] ThirdParty:1030 - CMSIS Pack Vendor :wolfSSL I-CUBE-wolfMQTT 1.19.2
2025-06-04 13:49:26,717 [INFO] ThirdParty:1030 - CMSIS Pack Vendor :STMicroelectronics USB_DEVICE 3.0.0
2025-06-04 13:49:26,717 [INFO] ThirdParty:1030 - CMSIS Pack Vendor :STMicroelectronics X-CUBE-ISPU 2.1.0
2025-06-04 13:49:26,717 [INFO] ThirdParty:1030 - CMSIS Pack Vendor :STMicroelectronics X-CUBE-AZRTOS-WB 2.0.0
2025-06-04 13:49:26,717 [INFO] ThirdParty:1030 - CMSIS Pack Vendor :STMicroelectronics X-CUBE-ST60 1.0.0
2025-06-04 13:49:26,717 [INFO] ThirdParty:1030 - CMSIS Pack Vendor :STMicroelectronics X-CUBE-GNSS1 7.0.1
2025-06-04 13:49:26,717 [INFO] ThirdParty:1030 - CMSIS Pack Vendor :STMicroelectronics X-CUBE-AZRTOS-F7 1.1.0
2025-06-04 13:49:26,717 [INFO] ThirdParty:1030 - CMSIS Pack Vendor :STMicroelectronics X-CUBE-AZRTOS-L5 2.0.0
2025-06-04 13:49:26,718 [INFO] ThirdParty:1030 - CMSIS Pack Vendor :STMicroelectronics X-CUBE-TOUCHGFX 4.25.0
2025-06-04 13:49:26,718 [INFO] ThirdParty:1030 - CMSIS Pack Vendor :STMicroelectronics USB_DEVICE 2.0.0
2025-06-04 13:49:26,718 [INFO] ThirdParty:1030 - CMSIS Pack Vendor :STMicroelectronics X-CUBE-NFC6 3.1.0
2025-06-04 13:49:26,718 [INFO] ThirdParty:1030 - CMSIS Pack Vendor :STMicroelectronics X-CUBE-AI 10.1.0
2025-06-04 13:49:26,718 [INFO] ThirdParty:1030 - CMSIS Pack Vendor :STMicroelectronics FP-SNS-STBOX1 2.0.0
2025-06-04 13:49:26,718 [INFO] ThirdParty:1030 - CMSIS Pack Vendor :STMicroelectronics X-CUBE-MEMS1 11.2.0
2025-06-04 13:49:26,718 [INFO] ThirdParty:1030 - CMSIS Pack Vendor :STMicroelectronics FreeRTOS 0.0.1
2025-06-04 13:49:26,718 [INFO] ThirdParty:1030 - CMSIS Pack Vendor :STMicroelectronics X-CUBE-AZRTOS-G0 1.1.0
2025-06-04 13:49:26,718 [INFO] ThirdParty:1030 - CMSIS Pack Vendor :STMicroelectronics X-CUBE-SAFEA1 1.2.2
2025-06-04 13:49:26,718 [INFO] ThirdParty:1030 - CMSIS Pack Vendor :STMicroelectronics X-CUBE-NFC4 3.0.0
2025-06-04 13:49:26,719 [INFO] ThirdParty:1030 - CMSIS Pack Vendor :STMicroelectronics X-CUBE-DPower 1.2.0
2025-06-04 13:49:26,719 [INFO] ThirdParty:1030 - CMSIS Pack Vendor :STMicroelectronics X-CUBE-SUBG2 5.0.0
2025-06-04 13:49:26,719 [INFO] ThirdParty:1030 - CMSIS Pack Vendor :STMicroelectronics X-CUBE-AZRTOS-H7RS 1.1.0
2025-06-04 13:49:26,719 [INFO] ThirdParty:1030 - CMSIS Pack Vendor :STMicroelectronics STM32_WPAN 1.0.0
2025-06-04 13:49:26,719 [INFO] ThirdParty:1030 - CMSIS Pack Vendor :EmbeddedOffice I-CUBE-FS-RTOS 1.0.1
2025-06-04 13:49:26,720 [INFO] ThirdParty:1030 - CMSIS Pack Vendor :STMicroelectronics lwIP 2.0.3
2025-06-04 13:49:26,720 [INFO] ThirdParty:1030 - CMSIS Pack Vendor :STMicroelectronics FP-SNS-FLIGHT1 5.0.2
2025-06-04 13:49:26,720 [INFO] ThirdParty:1030 - CMSIS Pack Vendor :Cesanta I-CUBE-Mongoose 7.13.0
2025-06-04 13:49:26,720 [INFO] ThirdParty:1030 - CMSIS Pack Vendor :STMicroelectronics USB_HOST 1.0.0
2025-06-04 13:49:26,721 [INFO] ThirdParty:1030 - CMSIS Pack Vendor :Infineon AIROC-Wi-Fi-Bluetooth-STM32 1.7.0
2025-06-04 13:49:26,721 [INFO] ThirdParty:1030 - CMSIS Pack Vendor :STMicroelectronics X-CUBE-AZRTOS-G4 2.0.0
2025-06-04 13:49:26,721 [INFO] ThirdParty:1030 - CMSIS Pack Vendor :STMicroelectronics X-CUBE-WB05N 2.0.0
2025-06-04 13:49:26,721 [INFO] ThirdParty:1030 - CMSIS Pack Vendor :STMicroelectronics PDM2PCM 3.1.0
2025-06-04 13:49:26,721 [INFO] ThirdParty:1030 - CMSIS Pack Vendor :STMicroelectronics PDM2PCM 3.3.0
2025-06-04 13:49:26,721 [INFO] ThirdParty:1030 - CMSIS Pack Vendor :wolfSSL I-CUBE-wolfTPM 3.8.0
2025-06-04 13:49:26,721 [INFO] ThirdParty:1030 - CMSIS Pack Vendor :STMicroelectronics X-CUBE-DISPLAY 3.0.0
2025-06-04 13:49:26,721 [INFO] ThirdParty:1030 - CMSIS Pack Vendor :wolfSSL I-CUBE-wolfSSH 1.4.20
2025-06-04 13:49:26,721 [INFO] ThirdParty:1030 - CMSIS Pack Vendor :STMicroelectronics X-CUBE-NFC7 2.0.0
2025-06-04 13:49:26,722 [INFO] ThirdParty:1030 - CMSIS Pack Vendor :STMicroelectronics X-CUBE-TCPP 4.2.0
2025-06-04 13:49:26,722 [INFO] ThirdParty:1030 - CMSIS Pack Vendor :RealThread X-CUBE-RT-Thread_Nano 4.1.1
2025-06-04 13:49:26,722 [INFO] ThirdParty:1030 - CMSIS Pack Vendor :STMicroelectronics FP-ATR-SIGFOX1 3.2.0
2025-06-04 13:49:26,722 [INFO] ThirdParty:1030 - CMSIS Pack Vendor :STMicroelectronics X-CUBE-NFC10 1.0.0
2025-06-04 13:49:26,722 [INFO] ThirdParty:1030 - CMSIS Pack Vendor :STMicroelectronics X-CUBE-BLEMGR 4.0.0
2025-06-04 13:49:26,722 [INFO] ThirdParty:1030 - CMSIS Pack Vendor :STMicroelectronics X-CUBE-EEPRMA1 5.1.0
2025-06-04 13:49:26,722 [INFO] ThirdParty:1030 - CMSIS Pack Vendor :STMicroelectronics X-CUBE-FREERTOS 1.3.1
2025-06-04 13:49:26,723 [INFO] ThirdParty:1030 - CMSIS Pack Vendor :STMicroelectronics HAL Drivers 0.0.0
2025-06-04 13:49:26,723 [INFO] ThirdParty:1030 - CMSIS Pack Vendor :STMicroelectronics MBEDTLS 2.16.2
2025-06-04 13:49:26,723 [INFO] ThirdParty:1030 - CMSIS Pack Vendor :STMicroelectronics X-CUBE-IPS 3.1.0
2025-06-04 13:49:26,723 [INFO] ThirdParty:1030 - CMSIS Pack Vendor :STMicroelectronics X-CUBE-ALS 1.0.2
2025-06-04 13:49:26,723 [INFO] ThirdParty:1030 - CMSIS Pack Vendor :emotas I-CUBE-CANOPEN 1.3.0
2025-06-04 13:49:26,723 [INFO] ThirdParty:1030 - CMSIS Pack Vendor :STMicroelectronics X-CUBE-FREERTOS 1.3.0
2025-06-04 13:49:26,723 [INFO] ThirdParty:1030 - CMSIS Pack Vendor :STMicroelectronics X-CUBE-NFC7 1.0.1
2025-06-04 13:49:26,723 [INFO] ThirdParty:1030 - CMSIS Pack Vendor :STMicroelectronics MBEDTLS 2.14.1
2025-06-04 13:49:26,723 [INFO] ThirdParty:1030 - CMSIS Pack Vendor :wolfSSL I-CUBE-wolfSSL 5.7.6
2025-06-04 13:49:26,724 [INFO] ThirdParty:1030 - CMSIS Pack Vendor :ITTIA_DB I-CUBE-ITTIADB 8.9.0
2025-06-04 13:49:26,724 [INFO] ThirdParty:1030 - CMSIS Pack Vendor :portGmbH I-Cube-SoM-uGOAL 1.1.0
2025-06-04 13:49:26,724 [INFO] ThirdParty:1030 - CMSIS Pack Vendor :quantropi X-CUBE-qispace-sdk-base 2.0.0
2025-06-04 13:49:26,724 [INFO] ThirdParty:1030 - CMSIS Pack Vendor :STMicroelectronics X-CUBE-AI 10.0.0
2025-06-04 13:49:26,724 [INFO] ThirdParty:1030 - CMSIS Pack Vendor :STMicroelectronics ThreadX 1.0.0
2025-06-04 13:49:26,724 [INFO] ThirdParty:1030 - CMSIS Pack Vendor :STMicroelectronics FP-SNS-SMARTAG2 1.2.0
2025-06-04 13:49:26,724 [INFO] ThirdParty:1030 - CMSIS Pack Vendor :STMicroelectronics FP-SNS-FLIGHT1 5.1.0
2025-06-04 13:49:26,725 [INFO] ThirdParty:1030 - CMSIS Pack Vendor :STMicroelectronics X-CUBE-MEMS1 11.1.0
2025-06-04 13:49:26,725 [INFO] ThirdParty:1030 - CMSIS Pack Vendor :STMicroelectronics X-CUBE-AZRTOS-WL 2.0.0
2025-06-04 13:49:26,725 [INFO] ThirdParty:1030 - CMSIS Pack Vendor :SEGGER I-CUBE-embOS 1.3.1
2025-06-04 13:49:26,725 [INFO] ThirdParty:1030 - CMSIS Pack Vendor :STMicroelectronics X-CUBE-ALGOBUILD 1.4.0
2025-06-04 13:49:26,725 [INFO] ThirdParty:1030 - CMSIS Pack Vendor :STMicroelectronics X-CUBE-DPower 1.3.0
2025-06-04 13:49:26,725 [INFO] ThirdParty:1030 - CMSIS Pack Vendor :STMicroelectronics FP-SNS-MOTENV1 5.0.0
2025-06-04 13:49:26,725 [INFO] ThirdParty:1030 - CMSIS Pack Vendor :STMicroelectronics USB_DEVICE 1.0.0
2025-06-04 13:49:26,726 [INFO] ThirdParty:1030 - CMSIS Pack Vendor :STMicroelectronics X-CUBE-AZRTOS-H7RS 1.0.0
2025-06-04 13:49:26,726 [INFO] ThirdParty:1030 - CMSIS Pack Vendor :STMicroelectronics X-CUBE-AZRTOS-L4 2.0.0
2025-06-04 13:49:26,726 [INFO] ThirdParty:1030 - CMSIS Pack Vendor :STMicroelectronics ThreadX 0.0.2
2025-06-04 13:49:26,726 [INFO] ThirdParty:1030 - CMSIS Pack Vendor :WES I-CUBE-Cesium 1.3.0
2025-06-04 13:49:26,726 [INFO] ThirdParty:1030 - CMSIS Pack Vendor :STMicroelectronics lwIP 2.1.2
2025-06-04 13:49:26,726 [INFO] ThirdParty:1030 - CMSIS Pack Vendor :STMicroelectronics X-CUBE-SFXS2LP1 4.0.0
2025-06-04 13:49:26,726 [INFO] ThirdParty:1030 - CMSIS Pack Vendor :STMicroelectronics X-CUBE-BLE2 3.3.0
2025-06-04 13:49:26,726 [INFO] ThirdParty:1030 - CMSIS Pack Vendor :STMicroelectronics X-CUBE-TOF1 3.4.2
2025-06-04 13:49:26,726 [INFO] ThirdParty:1030 - CMSIS Pack Vendor :STMicroelectronics X-CUBE-TOF1 3.4.3
2025-06-04 13:49:26,727 [INFO] ThirdParty:1030 - CMSIS Pack Vendor :STMicroelectronics PDM2PCM 3.2.0
2025-06-04 13:49:26,727 [INFO] ThirdParty:841 - exiting critical section [change project]
2025-06-04 13:49:28,853 [INFO] PinOutPanel:1589 - setPackage(No Configuration,No Configuration)
2025-06-04 13:49:28,855 [INFO] PinOutPanel:1589 - setPackage(STM32H755ZITx,LQFP144)
2025-06-04 13:49:31,800 [INFO] UtilMem:75 - Before build in PCC Used Memory: 713691344 Bytes (1073741824)
2025-06-04 13:49:34,588 [INFO] UtilMem:75 - After build in PCC Used Memory: 529530880 Bytes (1073741824)
2025-06-04 13:49:34,691 [INFO] IPUIPlugin:80 - create IPUIPlugin
2025-06-04 13:49:34,691 [INFO] IPUIPlugin:80 - create IPUIPlugin
2025-06-04 13:49:34,692 [INFO] IPUIPlugin:80 - create IPUIPlugin
2025-06-04 13:49:34,692 [INFO] IPUIPlugin:80 - create IPUIPlugin
2025-06-04 13:49:34,692 [INFO] IPUIPlugin:80 - create IPUIPlugin
2025-06-04 13:49:34,692 [INFO] IPUIPlugin:80 - create IPUIPlugin
2025-06-04 13:49:34,693 [INFO] IPUIPlugin:80 - create IPUIPlugin
2025-06-04 13:49:34,694 [INFO] IPUIPlugin:80 - create IPUIPlugin
2025-06-04 13:49:34,694 [INFO] IPUIPlugin:80 - create IPUIPlugin
2025-06-04 13:49:34,694 [INFO] IPUIPlugin:80 - create IPUIPlugin
2025-06-04 13:49:34,695 [INFO] IPUIPlugin:80 - create IPUIPlugin
2025-06-04 13:49:34,695 [INFO] IPUIPlugin:80 - create IPUIPlugin
2025-06-04 13:49:34,695 [INFO] IPUIPlugin:80 - create IPUIPlugin
2025-06-04 13:49:34,696 [INFO] IPUIPlugin:80 - create IPUIPlugin
2025-06-04 13:49:34,696 [INFO] IPUIPlugin:80 - create IPUIPlugin
2025-06-04 13:49:34,697 [INFO] IPUIPlugin:80 - create IPUIPlugin
2025-06-04 13:49:34,697 [INFO] IPUIPlugin:80 - create IPUIPlugin
2025-06-04 13:49:34,698 [INFO] IPUIPlugin:80 - create IPUIPlugin
2025-06-04 13:49:34,698 [INFO] IPUIPlugin:80 - create IPUIPlugin
2025-06-04 13:49:34,698 [INFO] IPUIPlugin:80 - create IPUIPlugin
2025-06-04 13:49:34,699 [INFO] IPUIPlugin:80 - create IPUIPlugin
2025-06-04 13:49:34,699 [INFO] IPUIPlugin:80 - create IPUIPlugin
2025-06-04 13:49:34,700 [INFO] IPUIPlugin:80 - create IPUIPlugin
2025-06-04 13:49:34,700 [INFO] IPUIPlugin:80 - create IPUIPlugin
2025-06-04 13:49:34,701 [INFO] IPUIPlugin:80 - create IPUIPlugin
2025-06-04 13:49:34,701 [INFO] IPUIPlugin:80 - create IPUIPlugin
2025-06-04 13:49:34,702 [INFO] IPUIPlugin:80 - create IPUIPlugin
2025-06-04 13:49:34,703 [INFO] IPUIPlugin:80 - create IPUIPlugin
2025-06-04 13:49:34,704 [INFO] IPUIPlugin:80 - create IPUIPlugin
2025-06-04 13:49:34,704 [INFO] IPUIPlugin:80 - create IPUIPlugin
2025-06-04 13:49:34,705 [INFO] IPUIPlugin:80 - create IPUIPlugin
2025-06-04 13:49:34,705 [INFO] IPUIPlugin:80 - create IPUIPlugin
2025-06-04 13:49:34,706 [INFO] IPUIPlugin:80 - create IPUIPlugin
2025-06-04 13:49:34,706 [INFO] IPUIPlugin:80 - create IPUIPlugin
2025-06-04 13:49:34,706 [INFO] IPUIPlugin:80 - create IPUIPlugin
2025-06-04 13:49:34,707 [INFO] IPUIPlugin:80 - create IPUIPlugin
2025-06-04 13:49:34,708 [INFO] IPUIPlugin:80 - create IPUIPlugin
2025-06-04 13:49:34,709 [INFO] IPUIPlugin:80 - create IPUIPlugin
2025-06-04 13:49:34,710 [INFO] IPUIPlugin:80 - create IPUIPlugin
2025-06-04 13:49:34,710 [INFO] IPUIPlugin:80 - create IPUIPlugin
2025-06-04 13:49:34,711 [INFO] IPUIPlugin:80 - create IPUIPlugin
2025-06-04 13:49:34,712 [INFO] IPUIPlugin:80 - create IPUIPlugin
2025-06-04 13:49:34,713 [INFO] IPUIPlugin:80 - create IPUIPlugin
2025-06-04 13:49:34,713 [INFO] IPUIPlugin:80 - create IPUIPlugin
2025-06-04 13:49:34,714 [INFO] IPUIPlugin:80 - create IPUIPlugin
2025-06-04 13:49:34,714 [INFO] IPUIPlugin:80 - create IPUIPlugin
2025-06-04 13:49:34,715 [INFO] IPUIPlugin:80 - create IPUIPlugin
2025-06-04 13:49:34,716 [INFO] IPUIPlugin:80 - create IPUIPlugin
2025-06-04 13:49:34,717 [INFO] IPUIPlugin:80 - create IPUIPlugin
2025-06-04 13:49:34,718 [INFO] IPUIPlugin:80 - create IPUIPlugin
2025-06-04 13:49:34,719 [INFO] IPUIPlugin:80 - create IPUIPlugin
2025-06-04 13:49:34,721 [INFO] IPUIPlugin:80 - create IPUIPlugin
2025-06-04 13:49:34,723 [INFO] IPUIPlugin:80 - create IPUIPlugin
2025-06-04 13:49:34,723 [INFO] IPUIPlugin:80 - create IPUIPlugin
2025-06-04 13:49:34,724 [INFO] IPUIPlugin:80 - create IPUIPlugin
2025-06-04 13:49:34,725 [INFO] IPUIPlugin:80 - create IPUIPlugin
2025-06-04 13:49:34,726 [INFO] IPUIPlugin:80 - create IPUIPlugin
2025-06-04 13:49:34,727 [INFO] IPUIPlugin:80 - create IPUIPlugin
2025-06-04 13:49:34,727 [INFO] IPUIPlugin:80 - create IPUIPlugin
2025-06-04 13:49:34,727 [INFO] IPUIPlugin:80 - create IPUIPlugin
2025-06-04 13:49:34,728 [INFO] IPUIPlugin:80 - create IPUIPlugin
2025-06-04 13:49:34,729 [INFO] IPUIPlugin:80 - create IPUIPlugin
2025-06-04 13:49:34,731 [INFO] IPUIPlugin:80 - create IPUIPlugin
2025-06-04 13:49:34,732 [INFO] IPUIPlugin:80 - create IPUIPlugin
2025-06-04 13:49:34,733 [INFO] IPUIPlugin:80 - create IPUIPlugin
2025-06-04 13:49:34,734 [INFO] IPUIPlugin:80 - create IPUIPlugin
2025-06-04 13:49:34,735 [INFO] IPUIPlugin:80 - create IPUIPlugin
2025-06-04 13:49:34,737 [INFO] IPUIPlugin:80 - create IPUIPlugin
2025-06-04 13:49:34,739 [INFO] IPUIPlugin:80 - create IPUIPlugin
2025-06-04 13:49:34,740 [INFO] IPUIPlugin:80 - create IPUIPlugin
2025-06-04 13:49:34,741 [INFO] IPUIPlugin:80 - create IPUIPlugin
2025-06-04 13:49:34,742 [INFO] IPUIPlugin:80 - create IPUIPlugin
2025-06-04 13:49:34,744 [INFO] IPUIPlugin:80 - create IPUIPlugin
2025-06-04 13:49:34,745 [INFO] IPUIPlugin:80 - create IPUIPlugin
2025-06-04 13:49:34,746 [INFO] IPUIPlugin:80 - create IPUIPlugin
2025-06-04 13:49:34,746 [INFO] IPUIPlugin:80 - create IPUIPlugin
2025-06-04 13:49:34,747 [INFO] IPUIPlugin:80 - create IPUIPlugin
2025-06-04 13:49:34,748 [INFO] IPUIPlugin:80 - create IPUIPlugin
2025-06-04 13:49:34,748 [INFO] IPUIPlugin:80 - create IPUIPlugin
2025-06-04 13:49:34,749 [INFO] IPUIPlugin:80 - create IPUIPlugin
2025-06-04 13:49:34,750 [INFO] IPUIPlugin:80 - create IPUIPlugin
2025-06-04 13:49:34,752 [INFO] IPUIPlugin:80 - create IPUIPlugin
2025-06-04 13:49:34,754 [INFO] IPUIPlugin:80 - create IPUIPlugin
2025-06-04 13:49:34,756 [INFO] IPUIPlugin:80 - create IPUIPlugin
2025-06-04 13:49:34,758 [INFO] IPUIPlugin:80 - create IPUIPlugin
2025-06-04 13:49:34,760 [INFO] IPUIPlugin:80 - create IPUIPlugin
2025-06-04 13:49:34,762 [INFO] IPUIPlugin:80 - create IPUIPlugin
2025-06-04 13:49:34,764 [INFO] IPUIPlugin:80 - create IPUIPlugin
2025-06-04 13:49:34,766 [INFO] IPUIPlugin:80 - create IPUIPlugin
2025-06-04 13:49:34,768 [INFO] IPUIPlugin:80 - create IPUIPlugin
2025-06-04 13:49:34,770 [INFO] IPUIPlugin:80 - create IPUIPlugin
2025-06-04 13:49:34,773 [INFO] IPUIPlugin:80 - create IPUIPlugin
2025-06-04 13:49:34,774 [INFO] IPUIPlugin:80 - create IPUIPlugin
2025-06-04 13:49:34,776 [INFO] IPUIPlugin:80 - create IPUIPlugin
2025-06-04 13:49:34,777 [INFO] IPUIPlugin:80 - create IPUIPlugin
2025-06-04 13:49:34,779 [INFO] IPUIPlugin:80 - create IPUIPlugin
2025-06-04 13:49:34,780 [INFO] IPUIPlugin:80 - create IPUIPlugin
2025-06-04 13:49:34,781 [INFO] IPUIPlugin:80 - create IPUIPlugin
2025-06-04 13:49:34,782 [INFO] IPUIPlugin:80 - create IPUIPlugin
2025-06-04 13:49:34,784 [INFO] IPUIPlugin:80 - create IPUIPlugin
2025-06-04 13:49:34,785 [INFO] IPUIPlugin:80 - create IPUIPlugin
2025-06-04 13:49:34,787 [INFO] IPUIPlugin:80 - create IPUIPlugin
2025-06-04 13:49:34,789 [INFO] IPUIPlugin:80 - create IPUIPlugin
2025-06-04 13:49:34,791 [INFO] IPUIPlugin:80 - create IPUIPlugin
2025-06-04 13:49:34,792 [INFO] IPUIPlugin:80 - create IPUIPlugin
2025-06-04 13:49:34,794 [INFO] IPUIPlugin:80 - create IPUIPlugin
2025-06-04 13:49:34,797 [INFO] IPUIPlugin:80 - create IPUIPlugin
2025-06-04 13:49:34,799 [INFO] IPUIPlugin:80 - create IPUIPlugin
2025-06-04 13:49:34,801 [INFO] IPUIPlugin:80 - create IPUIPlugin
2025-06-04 13:49:34,804 [INFO] IPUIPlugin:80 - create IPUIPlugin
2025-06-04 13:49:34,807 [INFO] IPUIPlugin:80 - create IPUIPlugin
2025-06-04 13:49:34,809 [INFO] IPUIPlugin:80 - create IPUIPlugin
2025-06-04 13:49:34,811 [INFO] IPUIPlugin:80 - create IPUIPlugin
2025-06-04 13:49:34,813 [INFO] IPUIPlugin:80 - create IPUIPlugin
2025-06-04 13:49:34,819 [INFO] ApiDbMcu:508 - Load IP Config File for PDM2PCM_M7
2025-06-04 13:49:34,826 [INFO] ApiDbMcu:508 - Load IP Config File for PDM2PCM_M4
2025-06-04 13:49:35,189 [INFO] CADModel:165 - CPN selected for project levelSTM32H755ZIT6
2025-06-04 13:49:35,190 [INFO] CADModel:114 - Register for checkConnection events
2025-06-04 13:49:35,244 [INFO] OpenFileManager:385 - Restore cursor
