2025-06-12 11:38:33,138 [INFO] Activator:176 - 


2025-06-12 11:38:33,143 [INFO] Activator:177 - !SESSION log4j initialized
2025-06-12 11:38:51,511 [INFO] LogOutputStream:77 - [STDOUT_REDIRECT] 
2025-06-12 11:38:59,923 [INFO] ApplicationProperties:184 - Using Application install path: /opt/st/stm32cubeide_1.18.0/plugins/com.st.stm32cube.common.mx_6.14.0.202502271554
2025-06-12 11:39:00,029 [INFO] DbMcusXml:78 - Set database path to: /opt/st/stm32cubeide_1.18.0/plugins/com.st.stm32cube.common.mx_6.14.0.202502271554//db//mcu/
2025-06-12 11:39:00,030 [INFO] ApiDb:274 - Set plugin database path to: /opt/st/stm32cubeide_1.18.0/plugins/com.st.stm32cube.common.mx_6.14.0.202502271554//db//plugins/boardmanager/
2025-06-12 11:39:00,031 [WARN] ApiDb:259 - Overriding images path with different value:  => /opt/st/stm32cubeide_1.18.0/plugins/com.st.stm32cube.common.mx_6.14.0.202502271554//db//plugins/mcufinder/images/
2025-06-12 11:39:00,070 [INFO] ApiDb:250 - Set database path to: /home/viny/.stmcufinder/plugins/mcufinder//mcu/
2025-06-12 11:39:00,075 [INFO] DbMcusAds:125 - Set database path to: /home/viny/.stmcufinder/plugins/mcufinder//mcu/
2025-06-12 11:39:00,098 [INFO] CrossReferenceDbSqlite:203 - Set database path to: /home/viny/.stmcufinder/plugins/mcufinder//mcu/cs/
2025-06-12 11:39:00,640 [INFO] RulesReader:64 - Compatibility file has been processed (301 Rules)
2025-06-12 11:39:00,998 [INFO] DbMcusXml:78 - Set database path to: /opt/st/stm32cubeide_1.18.0/plugins/com.st.stm32cube.common.mx_6.14.0.202502271554//db//mcu/
2025-06-12 11:39:00,999 [INFO] ApiDb:274 - Set plugin database path to: /opt/st/stm32cubeide_1.18.0/plugins/com.st.stm32cube.common.mx_6.14.0.202502271554//db//plugins/boardmanager/
2025-06-12 11:39:01,000 [INFO] ApiDb:261 - Set plugin images path to: /opt/st/stm32cubeide_1.18.0/plugins/com.st.stm32cube.common.mx_6.14.0.202502271554//db//plugins/mcufinder/images/
2025-06-12 11:39:01,001 [WARN] DbFile:41 - Overriding database path with different value: /home/viny/.stmcufinder/plugins/mcufinder/ => /home/viny/.stmcufinder/plugins/mcufinder
2025-06-12 11:39:01,002 [INFO] ApiDb:250 - Set database path to: /home/viny/.stmcufinder/plugins/mcufinder//mcu/
2025-06-12 11:39:01,002 [WARN] DbFile:41 - Overriding database path with different value: /home/viny/.stmcufinder/plugins/mcufinder/ => /home/viny/.stmcufinder/plugins/mcufinder
2025-06-12 11:39:01,003 [INFO] DbMcusAds:125 - Set database path to: /home/viny/.stmcufinder/plugins/mcufinder//mcu/
2025-06-12 11:39:01,004 [WARN] DbFile:41 - Overriding database path with different value: /home/viny/.stmcufinder/plugins/mcufinder/ => /home/viny/.stmcufinder/plugins/mcufinder
2025-06-12 11:39:01,005 [WARN] DbFile:41 - Overriding database path with different value: /home/viny/.stmcufinder/plugins/mcufinder/ => /home/viny/.stmcufinder/plugins/mcufinder
2025-06-12 11:39:01,005 [INFO] CrossReferenceDbSqlite:203 - Set database path to: /home/viny/.stmcufinder/plugins/mcufinder//mcu/cs/
2025-06-12 11:39:01,328 [INFO] MainPanel:272 - HeapMemory: 268435456
2025-06-12 11:39:02,546 [INFO] DbMcusXml:78 - Set database path to: /opt/st/stm32cubeide_1.18.0/plugins/com.st.stm32cube.common.mx_6.14.0.202502271554//db//mcu/
2025-06-12 11:39:02,547 [INFO] ApiDb:274 - Set plugin database path to: /opt/st/stm32cubeide_1.18.0/plugins/com.st.stm32cube.common.mx_6.14.0.202502271554//db//plugins/boardmanager/
2025-06-12 11:39:02,547 [INFO] ApiDb:261 - Set plugin images path to: /opt/st/stm32cubeide_1.18.0/plugins/com.st.stm32cube.common.mx_6.14.0.202502271554//db//plugins/mcufinder/images/
2025-06-12 11:39:02,548 [WARN] DbFile:41 - Overriding database path with different value: /home/viny/.stmcufinder/plugins/mcufinder/ => /home/viny/.stmcufinder/plugins/mcufinder
2025-06-12 11:39:02,549 [INFO] ApiDb:250 - Set database path to: /home/viny/.stmcufinder/plugins/mcufinder//mcu/
2025-06-12 11:39:02,550 [WARN] DbFile:41 - Overriding database path with different value: /home/viny/.stmcufinder/plugins/mcufinder/ => /home/viny/.stmcufinder/plugins/mcufinder
2025-06-12 11:39:02,550 [INFO] DbMcusAds:125 - Set database path to: /home/viny/.stmcufinder/plugins/mcufinder//mcu/
2025-06-12 11:39:02,551 [WARN] DbFile:41 - Overriding database path with different value: /home/viny/.stmcufinder/plugins/mcufinder/ => /home/viny/.stmcufinder/plugins/mcufinder
2025-06-12 11:39:02,551 [WARN] DbFile:41 - Overriding database path with different value: /home/viny/.stmcufinder/plugins/mcufinder/ => /home/viny/.stmcufinder/plugins/mcufinder
2025-06-12 11:39:02,552 [INFO] CrossReferenceDbSqlite:203 - Set database path to: /home/viny/.stmcufinder/plugins/mcufinder//mcu/cs/
2025-06-12 11:39:02,613 [INFO] ApplicationProperties:184 - Using Application install path: /opt/st/stm32cubeide_1.18.0/plugins/com.st.stm32cube.common.mx_6.14.0.202502271554
2025-06-12 11:39:02,619 [INFO] PluginManage:196 - Search for loadable plugins [exclusion list=, ]
2025-06-12 11:39:02,625 [INFO] PluginManage:310 - Check plugin analytics
2025-06-12 11:39:03,710 [INFO] AnalyticsPlugin:253 - Accepted Software Licenses: 
2025-06-12 11:39:03,711 [INFO] AnalyticsPlugin:255 - Accepted CMSIS Pack Licenses: 
2025-06-12 11:39:03,713 [INFO] AnalyticsPlugin:257 - Accepted Firmware Licenses: FW.H7.1.12.0,FW.F4.1.28.0
2025-06-12 11:39:03,724 [INFO] PluginManage:359 - Loaded plugin analytics (category:tool,tabindex:-1)
2025-06-12 11:39:03,725 [INFO] PluginManage:310 - Check plugin cadmodel
2025-06-12 11:39:03,776 [INFO] CADModel:105 - Init CAD model plugin
2025-06-12 11:39:03,777 [INFO] PluginManage:359 - Loaded plugin cadmodel (category:power,tabindex:5)
2025-06-12 11:39:03,778 [INFO] PluginManage:310 - Check plugin clock
2025-06-12 11:39:03,856 [INFO] PluginManage:359 - Loaded plugin clock (category:base,tabindex:2)
2025-06-12 11:39:03,857 [INFO] PluginManage:310 - Check plugin ddr
2025-06-12 11:39:03,875 [INFO] PluginManage:359 - Loaded plugin ddr (category:tool,tabindex:6)
2025-06-12 11:39:03,876 [INFO] PluginManage:310 - Check plugin filemanager
2025-06-12 11:39:04,627 [INFO] PluginManage:359 - Loaded plugin filemanager (category:base,tabindex:10)
2025-06-12 11:39:04,628 [INFO] PluginManage:310 - Check plugin ipmanager
2025-06-12 11:39:04,661 [INFO] PluginManage:359 - Loaded plugin ipmanager (category:base,tabindex:5)
2025-06-12 11:39:04,662 [INFO] PluginManage:310 - Check plugin lpbam
2025-06-12 11:39:04,709 [INFO] PluginManage:359 - Loaded plugin lpbam (category:base,tabindex:0)
2025-06-12 11:39:04,709 [INFO] PluginManage:310 - Check plugin memorymap
2025-06-12 11:39:04,773 [INFO] PluginManage:359 - Loaded plugin memorymap (category:base,tabindex:4)
2025-06-12 11:39:04,773 [INFO] PluginManage:310 - Check plugin pinoutandconfiguration
2025-06-12 11:39:04,823 [INFO] PluginManage:359 - Loaded plugin pinoutandconfiguration (category:base,tabindex:1)
2025-06-12 11:39:04,824 [INFO] PluginManage:310 - Check plugin pinoutconfig
2025-06-12 11:39:05,299 [WARN] SupportedApi:132 - Cannot load RTOS API schema: s4s-elt-must-match.1: The content of 'definitions' must match (annotation?, (simpleType | complexType)?, (unique | key | keyref)*)). A problem was found starting at: attribute.
2025-06-12 11:39:06,037 [INFO] PluginManage:359 - Loaded plugin pinoutconfig (category:base,tabindex:0)
2025-06-12 11:39:06,037 [INFO] PluginManage:310 - Check plugin power
2025-06-12 11:39:06,117 [INFO] PluginManage:359 - Loaded plugin power (category:power,tabindex:4)
2025-06-12 11:39:06,117 [INFO] PluginManage:310 - Check plugin projectmanager
2025-06-12 11:39:06,188 [INFO] PluginManage:359 - Loaded plugin projectmanager (category:projectmanager,tabindex:4)
2025-06-12 11:39:06,189 [INFO] PluginManage:310 - Check plugin rif
2025-06-12 11:39:06,270 [INFO] PluginManage:359 - Loaded plugin rif (category:base,tabindex:3)
2025-06-12 11:39:06,270 [INFO] PluginManage:310 - Check plugin thirdparty
2025-06-12 11:39:06,937 [WARN] IntegrityCheckThread:84 - waiting for thirdparty lock release [integrity check]
2025-06-12 11:39:06,939 [INFO] IntegrityCheckThread:86 - entering critical section [integrity check]
2025-06-12 11:39:06,940 [INFO] ThirdPartyUpdaterWithRetryManager:70 - Updater plugin not ready yet. [1/15]
2025-06-12 11:39:06,940 [INFO] PluginManage:359 - Loaded plugin thirdparty (category:base,tabindex:-1)
2025-06-12 11:39:06,941 [INFO] PluginManage:310 - Check plugin tools
2025-06-12 11:39:06,966 [INFO] PluginManage:359 - Loaded plugin tools (category:base,tabindex:7)
2025-06-12 11:39:06,967 [INFO] PluginManage:310 - Check plugin tutovideos
2025-06-12 11:39:07,842 [INFO] PluginManage:359 - Loaded plugin tutovideos (category:base,tabindex:-1)
2025-06-12 11:39:07,843 [INFO] PluginManage:310 - Check plugin updater
2025-06-12 11:39:07,968 [INFO] PluginManage:359 - Loaded plugin updater (category:base,tabindex:12)
2025-06-12 11:39:07,968 [INFO] PluginManage:310 - Check plugin userauth
2025-06-12 11:39:08,040 [INFO] UserAuth:118 - Init User Auth plugin
2025-06-12 11:39:08,050 [INFO] PluginManage:359 - Loaded plugin userauth (category:base,tabindex:14)
2025-06-12 11:39:08,054 [INFO] PluginManage:283 - PluginManage : Loaded plugins [18]
2025-06-12 11:39:09,185 [INFO] PinOutPanel:1589 - setPackage(No Configuration,No Configuration)
2025-06-12 11:39:09,471 [INFO] CADModel:165 - CPN selected for project level
2025-06-12 11:39:09,471 [INFO] CADModel:114 - Register for checkConnection events
2025-06-12 11:39:09,575 [INFO] IPUIPlugin:80 - create IPUIPlugin
2025-06-12 11:39:09,575 [INFO] PluginManager:220 - loadIPPluginJar : add adc
2025-06-12 11:39:09,582 [INFO] IPUIPlugin:80 - create IPUIPlugin
2025-06-12 11:39:09,583 [INFO] PluginManager:220 - loadIPPluginJar : add lorawan
2025-06-12 11:39:09,587 [INFO] IPUIPlugin:80 - create IPUIPlugin
2025-06-12 11:39:09,587 [INFO] PluginManager:220 - loadIPPluginJar : add tsc
2025-06-12 11:39:09,597 [INFO] IPUIPlugin:80 - create IPUIPlugin
2025-06-12 11:39:09,597 [INFO] PluginManager:220 - loadIPPluginJar : add ipddr
2025-06-12 11:39:09,606 [INFO] IPUIPlugin:80 - create IPUIPlugin
2025-06-12 11:39:09,606 [INFO] PluginManager:220 - loadIPPluginJar : add usbx
2025-06-12 11:39:09,613 [INFO] IPUIPlugin:80 - create IPUIPlugin
2025-06-12 11:39:09,614 [INFO] PluginManager:220 - loadIPPluginJar : add i2c
2025-06-12 11:39:09,620 [INFO] IPUIPlugin:80 - create IPUIPlugin
2025-06-12 11:39:09,620 [INFO] PluginManager:220 - loadIPPluginJar : add cryp
2025-06-12 11:39:09,628 [INFO] IPUIPlugin:80 - create IPUIPlugin
2025-06-12 11:39:09,629 [INFO] PluginManager:220 - loadIPPluginJar : add pdm2pcm
2025-06-12 11:39:09,633 [INFO] IPUIPlugin:80 - create IPUIPlugin
2025-06-12 11:39:09,633 [INFO] PluginManager:220 - loadIPPluginJar : add genericplugin
2025-06-12 11:39:09,638 [INFO] IPUIPlugin:80 - create IPUIPlugin
2025-06-12 11:39:09,639 [INFO] PluginManager:220 - loadIPPluginJar : add tracer_emb
2025-06-12 11:39:09,645 [INFO] IPUIPlugin:80 - create IPUIPlugin
2025-06-12 11:39:09,646 [INFO] PluginManager:220 - loadIPPluginJar : add i2s
2025-06-12 11:39:09,650 [INFO] IPUIPlugin:80 - create IPUIPlugin
2025-06-12 11:39:09,650 [INFO] PluginManager:220 - loadIPPluginJar : add comp
2025-06-12 11:39:09,657 [INFO] IPUIPlugin:80 - create IPUIPlugin
2025-06-12 11:39:09,657 [INFO] PluginManager:220 - loadIPPluginJar : add aes
2025-06-12 11:39:09,663 [INFO] IPUIPlugin:80 - create IPUIPlugin
2025-06-12 11:39:09,664 [INFO] PluginManager:220 - loadIPPluginJar : add hash
2025-06-12 11:39:09,671 [INFO] IPUIPlugin:80 - create IPUIPlugin
2025-06-12 11:39:09,672 [INFO] PluginManager:220 - loadIPPluginJar : add gtzc
2025-06-12 11:39:09,706 [INFO] IPUIPlugin:80 - create IPUIPlugin
2025-06-12 11:39:09,708 [INFO] PluginManager:220 - loadIPPluginJar : add gpio
2025-06-12 11:39:09,716 [INFO] IPUIPlugin:80 - create IPUIPlugin
2025-06-12 11:39:09,716 [INFO] PluginManager:220 - loadIPPluginJar : add extmemmanager
2025-06-12 11:39:09,720 [INFO] IPUIPlugin:80 - create IPUIPlugin
2025-06-12 11:39:09,721 [INFO] PluginManager:220 - loadIPPluginJar : add ltdc
2025-06-12 11:39:09,772 [INFO] IPUIPlugin:80 - create IPUIPlugin
2025-06-12 11:39:09,772 [INFO] PluginManager:220 - loadIPPluginJar : add linkedlist
2025-06-12 11:39:09,787 [INFO] IPUIPlugin:80 - create IPUIPlugin
2025-06-12 11:39:09,788 [INFO] PluginManager:220 - loadIPPluginJar : add openamp
2025-06-12 11:39:09,794 [INFO] IPUIPlugin:80 - create IPUIPlugin
2025-06-12 11:39:09,795 [INFO] PluginManager:220 - loadIPPluginJar : add can
2025-06-12 11:39:09,799 [INFO] IPUIPlugin:80 - create IPUIPlugin
2025-06-12 11:39:09,801 [INFO] PluginManager:220 - loadIPPluginJar : add radio
2025-06-12 11:39:09,808 [INFO] IPUIPlugin:80 - create IPUIPlugin
2025-06-12 11:39:09,809 [INFO] PluginManager:220 - loadIPPluginJar : add i3c
2025-06-12 11:39:09,852 [INFO] IPUIPlugin:80 - create IPUIPlugin
2025-06-12 11:39:09,853 [INFO] PluginManager:220 - loadIPPluginJar : add dma
2025-06-12 11:39:09,859 [INFO] IPUIPlugin:80 - create IPUIPlugin
2025-06-12 11:39:09,860 [INFO] PluginManager:220 - loadIPPluginJar : add gfxmmu
2025-06-12 11:39:09,864 [INFO] IPUIPlugin:80 - create IPUIPlugin
2025-06-12 11:39:09,864 [INFO] PluginManager:220 - loadIPPluginJar : add fatfs
2025-06-12 11:39:09,870 [INFO] IPUIPlugin:80 - create IPUIPlugin
2025-06-12 11:39:09,870 [INFO] PluginManager:220 - loadIPPluginJar : add spi
2025-06-12 11:39:09,875 [INFO] IPUIPlugin:80 - create IPUIPlugin
2025-06-12 11:39:09,876 [INFO] PluginManager:220 - loadIPPluginJar : add ts
2025-06-12 11:39:09,892 [INFO] IPUIPlugin:80 - create IPUIPlugin
2025-06-12 11:39:09,893 [INFO] PluginManager:220 - loadIPPluginJar : add ddr_ctrl_phy
2025-06-12 11:39:09,908 [INFO] IPUIPlugin:80 - create IPUIPlugin
2025-06-12 11:39:09,908 [INFO] PluginManager:220 - loadIPPluginJar : add stm32_wpan
2025-06-12 11:39:09,940 [INFO] IPUIPlugin:80 - create IPUIPlugin
2025-06-12 11:39:09,940 [INFO] PluginManager:220 - loadIPPluginJar : add dfsdm
2025-06-12 11:39:09,943 [INFO] ThirdPartyUpdaterWithRetryManager:70 - Updater plugin not ready yet. [2/15]
2025-06-12 11:39:09,959 [INFO] IPUIPlugin:80 - create IPUIPlugin
2025-06-12 11:39:09,960 [INFO] PluginManager:220 - loadIPPluginJar : add resmgrutility
2025-06-12 11:39:09,968 [INFO] IPUIPlugin:80 - create IPUIPlugin
2025-06-12 11:39:09,968 [INFO] PluginManager:220 - loadIPPluginJar : add usart
2025-06-12 11:39:09,975 [INFO] IPUIPlugin:80 - create IPUIPlugin
2025-06-12 11:39:09,976 [INFO] PluginManager:220 - loadIPPluginJar : add dma3
2025-06-12 11:39:09,991 [INFO] IPUIPlugin:80 - create IPUIPlugin
2025-06-12 11:39:09,991 [INFO] PluginManager:220 - loadIPPluginJar : add fmc
2025-06-12 11:39:10,009 [INFO] IPUIPlugin:80 - create IPUIPlugin
2025-06-12 11:39:10,010 [INFO] PluginManager:220 - loadIPPluginJar : add gic
2025-06-12 11:39:10,032 [INFO] IPUIPlugin:80 - create IPUIPlugin
2025-06-12 11:39:10,033 [INFO] PluginManager:220 - loadIPPluginJar : add mdma
2025-06-12 11:39:10,047 [INFO] IPUIPlugin:80 - create IPUIPlugin
2025-06-12 11:39:10,048 [INFO] PluginManager:220 - loadIPPluginJar : add nvic
2025-06-12 11:39:10,057 [INFO] IPUIPlugin:80 - create IPUIPlugin
2025-06-12 11:39:10,058 [INFO] PluginManager:220 - loadIPPluginJar : add opamp
2025-06-12 11:39:10,099 [INFO] IPUIPlugin:80 - create IPUIPlugin
2025-06-12 11:39:10,109 [INFO] PluginManager:220 - loadIPPluginJar : add plateformsettings
2025-06-12 11:39:10,131 [INFO] IPUIPlugin:80 - create IPUIPlugin
2025-06-12 11:39:10,132 [INFO] PluginManager:220 - loadIPPluginJar : add freertos
2025-06-12 11:39:10,137 [INFO] IPUIPlugin:80 - create IPUIPlugin
2025-06-12 11:39:10,138 [INFO] PluginManager:220 - loadIPPluginJar : add tim
2025-06-12 11:39:10,163 [INFO] IPUIPlugin:80 - create IPUIPlugin
2025-06-12 11:39:10,164 [INFO] PluginManager:220 - loadIPPluginJar : add touchsensing
2025-06-12 11:39:10,174 [INFO] IPUIPlugin:80 - create IPUIPlugin
2025-06-12 11:39:10,174 [INFO] PluginManager:220 - loadIPPluginJar : add quadspi
2025-06-12 11:39:10,181 [INFO] IPUIPlugin:80 - create IPUIPlugin
2025-06-12 11:39:10,182 [INFO] PluginManager:220 - loadIPPluginJar : add ucpd
2025-06-12 11:39:10,201 [INFO] IPUIPlugin:80 - create IPUIPlugin
2025-06-12 11:39:10,201 [INFO] PluginManager:220 - loadIPPluginJar : add sai
2025-06-12 11:39:10,414 [FATAL] Updater:351 - Updater called before beeing initialized
2025-06-12 11:39:10,552 [INFO] RulesReader:64 - Compatibility file has been processed (301 Rules)
2025-06-12 11:39:10,616 [INFO] RulesReader:64 - Compatibility file has been processed (301 Rules)
2025-06-12 11:39:10,641 [INFO] CADModel:165 - CPN selected for project level
2025-06-12 11:39:10,642 [INFO] CADModel:114 - Register for checkConnection events
2025-06-12 11:39:10,642 [FATAL] Updater:351 - Updater called before beeing initialized
2025-06-12 11:39:10,643 [ERROR] CADModel:125 - Updater not yet initialized, retry later 
2025-06-12 11:39:11,394 [FATAL] Updater:351 - Updater called before beeing initialized
2025-06-12 11:39:11,400 [INFO] CADModel:165 - CPN selected for project level
2025-06-12 11:39:11,401 [INFO] CADModel:114 - Register for checkConnection events
2025-06-12 11:39:11,401 [FATAL] Updater:351 - Updater called before beeing initialized
2025-06-12 11:39:11,401 [ERROR] CADModel:125 - Updater not yet initialized, retry later 
2025-06-12 11:39:11,415 [FATAL] Updater:351 - Updater called before beeing initialized
2025-06-12 11:39:11,856 [FATAL] Updater:351 - Updater called before beeing initialized
2025-06-12 11:39:11,890 [INFO] DbMcusAds:53 - JSON generation date=Wed May 07 10:07:55 WEST 2025 (1746608875484)
2025-06-12 11:39:11,890 [FATAL] Updater:351 - Updater called before beeing initialized
2025-06-12 11:39:12,175 [WARN] DetailPanel:346 - Failed to get advertising image, set to default
2025-06-12 11:39:12,944 [INFO] ThirdPartyUpdaterWithRetryManager:70 - Updater plugin not ready yet. [3/15]
2025-06-12 11:39:13,602 [FATAL] Updater:351 - Updater called before beeing initialized
2025-06-12 11:39:13,607 [FATAL] Updater:351 - Updater called before beeing initialized
2025-06-12 11:39:13,608 [FATAL] Updater:351 - Updater called before beeing initialized
2025-06-12 11:39:13,608 [WARN] DetailPanel:346 - Failed to get advertising image, set to default
2025-06-12 11:39:13,612 [FATAL] Updater:351 - Updater called before beeing initialized
2025-06-12 11:39:13,797 [ERROR] Updater:1198 - MainUpdater not yet initialized. External WinMGr cannot be set.
2025-06-12 11:39:13,805 [INFO] Updater:1134 - Updater Version found : 6.14.0
2025-06-12 11:39:13,865 [INFO] ApplicationProperties:184 - Using Application install path: /opt/st/stm32cubeide_1.18.0/plugins/com.st.stm32cube.common.mx_6.14.0.202502271554
2025-06-12 11:39:15,259 [INFO] MainUpdater:2872 - connection check result : 10
2025-06-12 11:39:15,261 [INFO] MainUpdater:289 - Updater Check For Update Now.
2025-06-12 11:39:15,262 [INFO] MicroXplorer:498 - Change Database Version : DB.6.0.140
2025-06-12 11:39:15,288 [INFO] McuFinderGlobals:63 - Set McuFinder mode to 2 (CubeIDE integrated)
2025-06-12 11:39:15,318 [INFO] UserAuth:486 - Internet connection configuration mode: 1
2025-06-12 11:39:15,558 [INFO] JxBrowserEngine:152 - Initiate JxBrowser Engine with user profile folder
2025-06-12 11:39:15,909 [INFO] CheckServerUpdateThread:120 - End of CheckServer Thread
2025-06-12 11:39:17,338 [WARN] PackLoader:240 - Cannot read IP mode file for STMicroelectronics.FP-SNS-MOTENVWB1.1.4.0
2025-06-12 11:39:17,394 [WARN] PackLoader:240 - Cannot read IP mode file for STMicroelectronics.FP-ATR-ASTRA1.2.0.2
2025-06-12 11:39:17,435 [WARN] PackLoader:240 - Cannot read IP mode file for STMicroelectronics.X-CUBE-SMBUS.2.1.0
2025-06-12 11:39:17,502 [WARN] PackLoader:240 - Cannot read IP mode file for STMicroelectronics.X-CUBE-WB05N.1.1.0
2025-06-12 11:39:17,544 [WARN] PackLoader:240 - Cannot read IP mode file for STMicroelectronics.X-CUBE-ST60.1.0.0
2025-06-12 11:39:17,763 [WARN] PackLoader:240 - Cannot read IP mode file for STMicroelectronics.X-CUBE-AZRTOS-F7.1.1.0
2025-06-12 11:39:17,821 [WARN] PackLoader:240 - Cannot read IP mode file for STMicroelectronics.FP-SNS-FLIGHT1.5.0.2
2025-06-12 11:39:18,090 [WARN] PackLoader:240 - Cannot read IP mode file for Infineon.AIROC-Wi-Fi-Bluetooth-STM32.1.7.0
2025-06-12 11:39:18,214 [WARN] PackLoader:240 - Cannot read IP mode file for STMicroelectronics.X-CUBE-DISPLAY.3.0.0
2025-06-12 11:39:18,310 [WARN] PackLoader:240 - Cannot read IP mode file for STMicroelectronics.X-CUBE-NFC10.1.0.0
2025-06-12 11:39:18,396 [WARN] PackLoader:240 - Cannot read IP mode file for STMicroelectronics.X-CUBE-BLEMGR.4.0.0
2025-06-12 11:39:18,439 [WARN] PackLoader:240 - Cannot read IP mode file for emotas.I-CUBE-CANOPEN.1.3.0
2025-06-12 11:39:18,476 [WARN] ConditionMgr:438 - getConditionDescription Invalid condition id : Cortex-A Device cause : null
2025-06-12 11:39:18,547 [WARN] ConditionMgr:1044 - genDependencies : Invalid condition id : Cortex-A Device cause : null
2025-06-12 11:39:18,548 [WARN] ConditionMgr:1044 - genDependencies : Invalid condition id : Cortex-A Device cause : null
2025-06-12 11:39:18,549 [WARN] ConditionMgr:1044 - genDependencies : Invalid condition id : Cortex-A Device cause : null
2025-06-12 11:39:18,578 [WARN] PackLoader:240 - Cannot read IP mode file for STMicroelectronics.X-CUBE-AI.10.0.0
2025-06-12 11:39:18,620 [WARN] PackLoader:240 - Cannot read IP mode file for STMicroelectronics.FP-SNS-SMARTAG2.1.2.0
2025-06-12 11:39:18,687 [WARN] PackLoader:240 - Cannot read IP mode file for STMicroelectronics.FP-SNS-FLIGHT1.5.1.0
2025-06-12 11:39:19,065 [WARN] PackLoader:240 - Cannot read IP mode file for STMicroelectronics.X-CUBE-MEMS1.11.1.0
2025-06-12 11:39:19,809 [INFO] LogOutputStream:77 - [STDOUT_REDIRECT] 1 : Invalid condition id : UX_CORESTACK_Condition cause : null
2025-06-12 11:39:19,811 [INFO] LogOutputStream:77 - [STDOUT_REDIRECT] 1 : Invalid condition id : UX_CORESTACK_Condition cause : null
2025-06-12 11:39:19,812 [INFO] LogOutputStream:77 - [STDOUT_REDIRECT] 1 : Invalid condition id : UX_CORESTACK_Condition cause : null
2025-06-12 11:39:19,813 [INFO] LogOutputStream:77 - [STDOUT_REDIRECT] 1 : Invalid condition id : UX_CORESTACK_Condition cause : null
2025-06-12 11:39:19,813 [INFO] LogOutputStream:77 - [STDOUT_REDIRECT] 1 : Invalid condition id : UX_CORESTACK_Condition cause : null
2025-06-12 11:39:19,821 [WARN] PackLoader:240 - Cannot read IP mode file for STMicroelectronics.X-CUBE-AZRTOS-WL.2.0.0
2025-06-12 11:39:19,852 [WARN] PackLoader:240 - Cannot read IP mode file for STMicroelectronics.FP-SNS-MOTENV1.5.0.0
2025-06-12 11:39:19,903 [WARN] PackLoader:240 - Cannot read IP mode file for WES.I-CUBE-Cesium.1.3.0
2025-06-12 11:39:19,947 [WARN] PackLoader:240 - Cannot read IP mode file for STMicroelectronics.X-CUBE-BLE2.3.3.0
2025-06-12 11:39:19,996 [WARN] PackLoader:240 - Cannot read IP mode file for STMicroelectronics.X-CUBE-NFC9.1.0.0
2025-06-12 11:39:20,056 [WARN] PackLoader:240 - Cannot read IP mode file for STMicroelectronics.X-CUBE-BLE1.7.1.0
2025-06-12 11:39:20,082 [WARN] PackLoader:240 - Cannot read IP mode file for wolfSSL.I-CUBE-wolfMQTT.1.19.2
2025-06-12 11:39:20,118 [WARN] PackLoader:240 - Cannot read IP mode file for STMicroelectronics.X-CUBE-AI.10.1.0
2025-06-12 11:39:20,496 [WARN] PackLoader:240 - Cannot read IP mode file for STMicroelectronics.X-CUBE-MEMS1.11.2.0
2025-06-12 11:39:21,651 [WARN] PackLoader:240 - Cannot read IP mode file for STMicroelectronics.X-CUBE-AZRTOS-G0.1.1.0
2025-06-12 11:39:21,716 [WARN] PackLoader:240 - Cannot read IP mode file for STMicroelectronics.X-CUBE-SAFEA1.1.2.2
2025-06-12 11:39:21,756 [WARN] PackLoader:240 - Cannot read IP mode file for STMicroelectronics.X-CUBE-NFC4.3.0.0
2025-06-12 11:39:21,823 [WARN] PackLoader:240 - Cannot read IP mode file for EmbeddedOffice.I-CUBE-FS-RTOS.1.0.1
2025-06-12 11:39:21,865 [WARN] PackLoader:240 - Cannot read IP mode file for STMicroelectronics.X-CUBE-WB05N.2.0.0
2025-06-12 11:39:21,905 [WARN] PackLoader:240 - Cannot read IP mode file for wolfSSL.I-CUBE-wolfTPM.3.8.0
2025-06-12 11:39:21,942 [WARN] PackLoader:240 - Cannot read IP mode file for STMicroelectronics.X-CUBE-TCPP.4.2.0
2025-06-12 11:39:21,993 [WARN] PackLoader:240 - Cannot read IP mode file for RealThread.X-CUBE-RT-Thread_Nano.4.1.1
2025-06-12 11:39:22,022 [WARN] PackLoader:240 - Cannot read IP mode file for STMicroelectronics.FP-ATR-SIGFOX1.3.2.0
2025-06-12 11:39:22,084 [WARN] PackLoader:240 - Cannot read IP mode file for STMicroelectronics.X-CUBE-EEPRMA1.5.1.0
2025-06-12 11:39:22,144 [WARN] PackLoader:240 - Cannot read IP mode file for wolfSSL.I-CUBE-wolfSSL.5.7.6
2025-06-12 11:39:22,189 [WARN] PackLoader:240 - Cannot read IP mode file for ITTIA_DB.I-CUBE-ITTIADB.8.9.0
2025-06-12 11:39:22,215 [WARN] PackLoader:240 - Cannot read IP mode file for STMicroelectronics.X-CUBE-ST67W61.1.0.0
2025-06-12 11:39:22,388 [WARN] PackLoader:240 - Cannot read IP mode file for SEGGER.I-CUBE-embOS.1.3.1
2025-06-12 11:39:22,656 [WARN] PackLoader:240 - Cannot read IP mode file for STMicroelectronics.X-CUBE-ALGOBUILD.1.4.0
2025-06-12 11:39:22,759 [WARN] PackLoader:240 - Cannot read IP mode file for STMicroelectronics.X-CUBE-AZRTOS-F4.1.1.0
2025-06-12 11:39:22,792 [WARN] PackLoader:240 - Cannot read IP mode file for Avnet-IotConnect.X-CUBE-IoTC-DA16k-PMOD.1.0.0
2025-06-12 11:39:22,829 [WARN] PackLoader:240 - Cannot read IP mode file for STMicroelectronics.X-CUBE-ISPU.2.1.0
2025-06-12 11:39:22,926 [WARN] PackLoader:240 - Cannot read IP mode file for STMicroelectronics.X-CUBE-AZRTOS-L5.2.0.0
2025-06-12 11:39:23,021 [WARN] PackLoader:240 - Cannot read IP mode file for STMicroelectronics.X-CUBE-NFC6.3.1.0
2025-06-12 11:39:23,062 [WARN] PackLoader:240 - Cannot read IP mode file for STMicroelectronics.X-CUBE-DPower.1.2.0
2025-06-12 11:39:23,113 [WARN] PackLoader:240 - Cannot read IP mode file for STMicroelectronics.X-CUBE-FREERTOS.1.3.1
2025-06-12 11:39:23,131 [WARN] PackLoader:240 - Cannot read IP mode file for STMicroelectronics.X-CUBE-FREERTOS.1.3.0
2025-06-12 11:39:23,160 [WARN] PackLoader:240 - Cannot read IP mode file for STMicroelectronics.X-CUBE-NFC7.1.0.1
2025-06-12 11:39:23,198 [WARN] PackLoader:240 - Cannot read IP mode file for STMicroelectronics.X-CUBE-DPower.1.3.0
2025-06-12 11:39:23,314 [WARN] ConditionMgr:438 - getConditionDescription Invalid condition id : LAN8742 Phy interface Condition cause : null
2025-06-12 11:39:23,315 [WARN] PackLoader:240 - Cannot read IP mode file for STMicroelectronics.X-CUBE-AZRTOS-L4.2.0.0
2025-06-12 11:39:23,318 [WARN] ConditionMgr:1044 - genDependencies : Invalid condition id : LAN8742 Phy interface Condition cause : null
2025-06-12 11:39:23,318 [WARN] ConditionMgr:1044 - genDependencies : Invalid condition id : LAN8742 Phy interface Condition cause : null
2025-06-12 11:39:23,320 [WARN] ConditionMgr:1044 - genDependencies : Invalid condition id : LAN8742 Phy interface Condition cause : null
2025-06-12 11:39:23,378 [WARN] PackLoader:240 - Cannot read IP mode file for STMicroelectronics.X-CUBE-SFXS2LP1.4.0.0
2025-06-12 11:39:23,495 [WARN] PackLoader:240 - Cannot read IP mode file for STMicroelectronics.X-CUBE-AZRTOS-H7.3.3.0
2025-06-12 11:39:23,581 [WARN] ConditionMgr:438 - getConditionDescription Invalid condition id : UX DEVICE CLASS RTOS Condition cause : null
2025-06-12 11:39:23,582 [WARN] ConditionMgr:438 - getConditionDescription Invalid condition id : UX DEVICE CLASS RTOS Condition cause : null
2025-06-12 11:39:23,586 [WARN] PackLoader:240 - Cannot read IP mode file for STMicroelectronics.X-CUBE-AZRTOS-WB.2.0.0
2025-06-12 11:39:23,587 [WARN] ConditionMgr:1044 - genDependencies : Invalid condition id : UX DEVICE CLASS RTOS Condition cause : null
2025-06-12 11:39:23,587 [WARN] ConditionMgr:1044 - genDependencies : Invalid condition id : UX DEVICE CLASS RTOS Condition cause : null
2025-06-12 11:39:23,588 [WARN] ConditionMgr:1044 - genDependencies : Invalid condition id : UX DEVICE CLASS RTOS Condition cause : null
2025-06-12 11:39:23,589 [WARN] ConditionMgr:1044 - genDependencies : Invalid condition id : UX DEVICE CLASS RTOS Condition cause : null
2025-06-12 11:39:23,589 [WARN] ConditionMgr:1044 - genDependencies : Invalid condition id : UX DEVICE CLASS RTOS Condition cause : null
2025-06-12 11:39:23,604 [WARN] PackLoader:240 - Cannot read IP mode file for STMicroelectronics.X-CUBE-GNSS1.7.0.1
2025-06-12 11:39:23,628 [WARN] PackLoader:240 - Cannot read IP mode file for STMicroelectronics.X-CUBE-TOUCHGFX.4.25.0
2025-06-12 11:39:23,680 [WARN] PackLoader:240 - Cannot read IP mode file for STMicroelectronics.FP-SNS-STBOX1.2.0.0
2025-06-12 11:39:23,796 [WARN] PackLoader:240 - Cannot read IP mode file for STMicroelectronics.X-CUBE-SUBG2.5.0.0
2025-06-12 11:39:23,905 [WARN] PackLoader:240 - Cannot read IP mode file for STMicroelectronics.X-CUBE-AZRTOS-H7RS.1.1.0
2025-06-12 11:39:23,948 [WARN] PackLoader:240 - Cannot read IP mode file for Cesanta.I-CUBE-Mongoose.7.13.0
2025-06-12 11:39:24,060 [WARN] PackLoader:240 - Cannot read IP mode file for STMicroelectronics.X-CUBE-AZRTOS-G4.2.0.0
2025-06-12 11:39:24,102 [WARN] PackLoader:240 - Cannot read IP mode file for wolfSSL.I-CUBE-wolfSSH.1.4.20
2025-06-12 11:39:24,140 [WARN] PackLoader:240 - Cannot read IP mode file for STMicroelectronics.X-CUBE-NFC7.2.0.0
2025-06-12 11:39:24,202 [WARN] PackLoader:240 - Cannot read IP mode file for STMicroelectronics.X-CUBE-IPS.3.1.0
2025-06-12 11:39:24,261 [WARN] PackLoader:240 - Cannot read IP mode file for STMicroelectronics.X-CUBE-ALS.1.0.2
2025-06-12 11:39:24,335 [WARN] PackLoader:240 - Cannot read IP mode file for portGmbH.I-Cube-SoM-uGOAL.1.1.0
2025-06-12 11:39:24,423 [WARN] PackLoader:240 - Cannot read IP mode file for STMicroelectronics.X-CUBE-AZRTOS-H7RS.1.0.0
2025-06-12 11:39:24,570 [WARN] PackLoader:240 - Cannot read IP mode file for STMicroelectronics.X-CUBE-TOF1.3.4.2
2025-06-12 11:39:24,702 [WARN] PackLoader:240 - Cannot read IP mode file for STMicroelectronics.X-CUBE-TOF1.3.4.3
2025-06-12 11:39:24,730 [INFO] ThirdParty:978 - Integrity check success = true
2025-06-12 11:39:24,730 [INFO] IntegrityCheckThread:100 - exiting critical section [integrity check]
2025-06-12 11:39:24,730 [INFO] IntegrityCheckThread:103 - End integrity checks thread
2025-06-12 11:39:40,085 [INFO] WebApp:169 - Instantiating new browser for Auth
2025-06-12 11:39:51,102 [INFO] WebApp:463 - Apply proxy settings
2025-06-12 11:39:51,106 [INFO] WebApp:548 - Chromium requires no authentication
2025-06-12 11:39:51,364 [INFO] WebApp:491 - Direct internet connection detected
2025-06-12 11:39:51,884 [INFO] WebApp:894 - Register for checkConnection events
2025-06-12 11:39:51,885 [INFO] WebApp:463 - Apply proxy settings
2025-06-12 11:39:51,885 [INFO] WebApp:548 - Chromium requires no authentication
2025-06-12 11:39:51,887 [INFO] WebApp:491 - Direct internet connection detected
2025-06-12 11:39:55,750 [INFO] WebApp:191 - Connection restablished
2025-06-12 11:39:56,900 [INFO] WebApp:225 - Starting web application
2025-06-12 11:39:56,900 [INFO] WebApp:593 - Web application path used /opt/st/stm32cubeide_1.18.0/plugins/com.st.stm32cube.common.mx_6.14.0.202502271554/db/plugins/mcufinder/reactClient1/index.html
2025-06-12 11:39:58,892 [INFO] UserAuth:486 - Internet connection configuration mode: 1
2025-06-12 13:29:46,177 [INFO] WebApp:194 - Connection lost
2025-06-12 13:29:46,921 [INFO] WebApp:191 - Connection restablished
2025-06-12 13:31:19,005 [INFO] WebApp:194 - Connection lost
2025-06-12 13:31:19,734 [INFO] WebApp:191 - Connection restablished
2025-06-12 15:10:12,665 [INFO] WebApp:194 - Connection lost
2025-06-12 15:10:13,425 [INFO] WebApp:191 - Connection restablished
2025-06-12 15:10:47,654 [INFO] WebApp:194 - Connection lost
2025-06-12 15:10:48,257 [INFO] WebApp:191 - Connection restablished
2025-06-12 22:06:02,150 [ERROR] LogOutputStream:75 - [STDERR_REDIRECT] 
