2025-04-24 13:39:35,947 [INFO] Activator:176 - 


2025-04-24 13:39:35,949 [INFO] Activator:177 - !SESSION log4j initialized
2025-04-24 13:39:58,686 [INFO] LogOutputStream:77 - [STDOUT_REDIRECT] 
2025-04-24 13:40:03,957 [INFO] ApplicationProperties:184 - Using Application install path: /opt/st/stm32cubeide_1.18.0/plugins/com.st.stm32cube.common.mx_6.14.0.202502271554
2025-04-24 13:40:04,155 [INFO] DbMcusXml:78 - Set database path to: /opt/st/stm32cubeide_1.18.0/plugins/com.st.stm32cube.common.mx_6.14.0.202502271554//db//mcu/
2025-04-24 13:40:04,166 [INFO] ApiDb:274 - Set plugin database path to: /opt/st/stm32cubeide_1.18.0/plugins/com.st.stm32cube.common.mx_6.14.0.202502271554//db//plugins/boardmanager/
2025-04-24 13:40:04,166 [WARN] ApiDb:259 - Overriding images path with different value:  => /opt/st/stm32cubeide_1.18.0/plugins/com.st.stm32cube.common.mx_6.14.0.202502271554//db//plugins/mcufinder/images/
2025-04-24 13:40:04,478 [INFO] ApiDb:250 - Set database path to: /home/viny/.stmcufinder/plugins/mcufinder//mcu/
2025-04-24 13:40:04,479 [INFO] DbMcusAds:125 - Set database path to: /home/viny/.stmcufinder/plugins/mcufinder//mcu/
2025-04-24 13:40:04,483 [INFO] CrossReferenceDbSqlite:203 - Set database path to: /home/viny/.stmcufinder/plugins/mcufinder//mcu/cs/
2025-04-24 13:40:04,890 [INFO] RulesReader:64 - Compatibility file has been processed (301 Rules)
2025-04-24 13:40:05,296 [INFO] DbMcusXml:78 - Set database path to: /opt/st/stm32cubeide_1.18.0/plugins/com.st.stm32cube.common.mx_6.14.0.202502271554//db//mcu/
2025-04-24 13:40:05,296 [INFO] ApiDb:274 - Set plugin database path to: /opt/st/stm32cubeide_1.18.0/plugins/com.st.stm32cube.common.mx_6.14.0.202502271554//db//plugins/boardmanager/
2025-04-24 13:40:05,296 [INFO] ApiDb:261 - Set plugin images path to: /opt/st/stm32cubeide_1.18.0/plugins/com.st.stm32cube.common.mx_6.14.0.202502271554//db//plugins/mcufinder/images/
2025-04-24 13:40:05,296 [WARN] DbFile:41 - Overriding database path with different value: /home/viny/.stmcufinder/plugins/mcufinder/ => /home/viny/.stmcufinder/plugins/mcufinder
2025-04-24 13:40:05,296 [INFO] ApiDb:250 - Set database path to: /home/viny/.stmcufinder/plugins/mcufinder//mcu/
2025-04-24 13:40:05,296 [WARN] DbFile:41 - Overriding database path with different value: /home/viny/.stmcufinder/plugins/mcufinder/ => /home/viny/.stmcufinder/plugins/mcufinder
2025-04-24 13:40:05,296 [INFO] DbMcusAds:125 - Set database path to: /home/viny/.stmcufinder/plugins/mcufinder//mcu/
2025-04-24 13:40:05,296 [WARN] DbFile:41 - Overriding database path with different value: /home/viny/.stmcufinder/plugins/mcufinder/ => /home/viny/.stmcufinder/plugins/mcufinder
2025-04-24 13:40:05,296 [WARN] DbFile:41 - Overriding database path with different value: /home/viny/.stmcufinder/plugins/mcufinder/ => /home/viny/.stmcufinder/plugins/mcufinder
2025-04-24 13:40:05,296 [INFO] CrossReferenceDbSqlite:203 - Set database path to: /home/viny/.stmcufinder/plugins/mcufinder//mcu/cs/
2025-04-24 13:40:05,909 [INFO] MainPanel:272 - HeapMemory: 268435456
2025-04-24 13:40:07,539 [INFO] DbMcusXml:78 - Set database path to: /opt/st/stm32cubeide_1.18.0/plugins/com.st.stm32cube.common.mx_6.14.0.202502271554//db//mcu/
2025-04-24 13:40:07,539 [INFO] ApiDb:274 - Set plugin database path to: /opt/st/stm32cubeide_1.18.0/plugins/com.st.stm32cube.common.mx_6.14.0.202502271554//db//plugins/boardmanager/
2025-04-24 13:40:07,540 [INFO] ApiDb:261 - Set plugin images path to: /opt/st/stm32cubeide_1.18.0/plugins/com.st.stm32cube.common.mx_6.14.0.202502271554//db//plugins/mcufinder/images/
2025-04-24 13:40:07,540 [WARN] DbFile:41 - Overriding database path with different value: /home/viny/.stmcufinder/plugins/mcufinder/ => /home/viny/.stmcufinder/plugins/mcufinder
2025-04-24 13:40:07,540 [INFO] ApiDb:250 - Set database path to: /home/viny/.stmcufinder/plugins/mcufinder//mcu/
2025-04-24 13:40:07,540 [WARN] DbFile:41 - Overriding database path with different value: /home/viny/.stmcufinder/plugins/mcufinder/ => /home/viny/.stmcufinder/plugins/mcufinder
2025-04-24 13:40:07,540 [INFO] DbMcusAds:125 - Set database path to: /home/viny/.stmcufinder/plugins/mcufinder//mcu/
2025-04-24 13:40:07,540 [WARN] DbFile:41 - Overriding database path with different value: /home/viny/.stmcufinder/plugins/mcufinder/ => /home/viny/.stmcufinder/plugins/mcufinder
2025-04-24 13:40:07,540 [WARN] DbFile:41 - Overriding database path with different value: /home/viny/.stmcufinder/plugins/mcufinder/ => /home/viny/.stmcufinder/plugins/mcufinder
2025-04-24 13:40:07,540 [INFO] CrossReferenceDbSqlite:203 - Set database path to: /home/viny/.stmcufinder/plugins/mcufinder//mcu/cs/
2025-04-24 13:40:07,719 [INFO] ApplicationProperties:184 - Using Application install path: /opt/st/stm32cubeide_1.18.0/plugins/com.st.stm32cube.common.mx_6.14.0.202502271554
2025-04-24 13:40:07,744 [INFO] PluginManage:196 - Search for loadable plugins [exclusion list=, ]
2025-04-24 13:40:07,806 [INFO] PluginManage:310 - Check plugin analytics
2025-04-24 13:40:08,235 [INFO] AnalyticsPlugin:253 - Accepted Software Licenses: 
2025-04-24 13:40:08,235 [INFO] AnalyticsPlugin:255 - Accepted CMSIS Pack Licenses: 
2025-04-24 13:40:08,235 [INFO] AnalyticsPlugin:257 - Accepted Firmware Licenses: FW.H7.1.12.0,FW.F4.1.28.0
2025-04-24 13:40:08,236 [INFO] PluginManage:359 - Loaded plugin analytics (category:tool,tabindex:-1)
2025-04-24 13:40:08,270 [INFO] PluginManage:310 - Check plugin cadmodel
2025-04-24 13:40:08,451 [INFO] CADModel:105 - Init CAD model plugin
2025-04-24 13:40:08,451 [INFO] PluginManage:359 - Loaded plugin cadmodel (category:power,tabindex:5)
2025-04-24 13:40:08,451 [INFO] PluginManage:310 - Check plugin clock
2025-04-24 13:40:08,530 [INFO] PluginManage:359 - Loaded plugin clock (category:base,tabindex:2)
2025-04-24 13:40:08,531 [INFO] PluginManage:310 - Check plugin ddr
2025-04-24 13:40:08,578 [INFO] PluginManage:359 - Loaded plugin ddr (category:tool,tabindex:6)
2025-04-24 13:40:08,578 [INFO] PluginManage:310 - Check plugin filemanager
2025-04-24 13:40:09,759 [INFO] PluginManage:359 - Loaded plugin filemanager (category:base,tabindex:10)
2025-04-24 13:40:09,759 [INFO] PluginManage:310 - Check plugin ipmanager
2025-04-24 13:40:09,790 [INFO] PluginManage:359 - Loaded plugin ipmanager (category:base,tabindex:5)
2025-04-24 13:40:09,791 [INFO] PluginManage:310 - Check plugin lpbam
2025-04-24 13:40:09,836 [INFO] PluginManage:359 - Loaded plugin lpbam (category:base,tabindex:0)
2025-04-24 13:40:09,836 [INFO] PluginManage:310 - Check plugin memorymap
2025-04-24 13:40:09,897 [INFO] PluginManage:359 - Loaded plugin memorymap (category:base,tabindex:4)
2025-04-24 13:40:09,897 [INFO] PluginManage:310 - Check plugin pinoutandconfiguration
2025-04-24 13:40:09,964 [INFO] PluginManage:359 - Loaded plugin pinoutandconfiguration (category:base,tabindex:1)
2025-04-24 13:40:09,964 [INFO] PluginManage:310 - Check plugin pinoutconfig
2025-04-24 13:40:10,295 [WARN] SupportedApi:132 - Cannot load RTOS API schema: s4s-elt-must-match.1: The content of 'definitions' must match (annotation?, (simpleType | complexType)?, (unique | key | keyref)*)). A problem was found starting at: attribute.
2025-04-24 13:40:10,564 [INFO] PluginManage:359 - Loaded plugin pinoutconfig (category:base,tabindex:0)
2025-04-24 13:40:10,565 [INFO] PluginManage:310 - Check plugin power
2025-04-24 13:40:10,900 [INFO] PluginManage:359 - Loaded plugin power (category:power,tabindex:4)
2025-04-24 13:40:10,900 [INFO] PluginManage:310 - Check plugin projectmanager
2025-04-24 13:40:10,984 [INFO] PluginManage:359 - Loaded plugin projectmanager (category:projectmanager,tabindex:4)
2025-04-24 13:40:10,984 [INFO] PluginManage:310 - Check plugin rif
2025-04-24 13:40:11,128 [INFO] PluginManage:359 - Loaded plugin rif (category:base,tabindex:3)
2025-04-24 13:40:11,128 [INFO] PluginManage:310 - Check plugin thirdparty
2025-04-24 13:40:12,413 [INFO] PluginManage:359 - Loaded plugin thirdparty (category:base,tabindex:-1)
2025-04-24 13:40:12,413 [WARN] IntegrityCheckThread:84 - waiting for thirdparty lock release [integrity check]
2025-04-24 13:40:12,413 [INFO] IntegrityCheckThread:86 - entering critical section [integrity check]
2025-04-24 13:40:12,413 [INFO] PluginManage:310 - Check plugin tools
2025-04-24 13:40:12,413 [INFO] ThirdPartyUpdaterWithRetryManager:70 - Updater plugin not ready yet. [1/15]
2025-04-24 13:40:12,445 [INFO] PluginManage:359 - Loaded plugin tools (category:base,tabindex:7)
2025-04-24 13:40:12,465 [INFO] PluginManage:310 - Check plugin tutovideos
2025-04-24 13:40:13,984 [INFO] PluginManage:359 - Loaded plugin tutovideos (category:base,tabindex:-1)
2025-04-24 13:40:13,984 [INFO] PluginManage:310 - Check plugin updater
2025-04-24 13:40:14,142 [INFO] PluginManage:359 - Loaded plugin updater (category:base,tabindex:12)
2025-04-24 13:40:14,142 [INFO] PluginManage:310 - Check plugin userauth
2025-04-24 13:40:14,199 [INFO] UserAuth:118 - Init User Auth plugin
2025-04-24 13:40:14,200 [INFO] PluginManage:359 - Loaded plugin userauth (category:base,tabindex:14)
2025-04-24 13:40:14,201 [INFO] PluginManage:283 - PluginManage : Loaded plugins [18]
2025-04-24 13:40:15,414 [INFO] ThirdPartyUpdaterWithRetryManager:70 - Updater plugin not ready yet. [2/15]
2025-04-24 13:40:16,121 [INFO] PinOutPanel:1589 - setPackage(No Configuration,No Configuration)
2025-04-24 13:40:16,648 [INFO] CADModel:165 - CPN selected for project level
2025-04-24 13:40:16,649 [INFO] CADModel:114 - Register for checkConnection events
2025-04-24 13:40:16,984 [INFO] IPUIPlugin:80 - create IPUIPlugin
2025-04-24 13:40:16,985 [INFO] PluginManager:220 - loadIPPluginJar : add adc
2025-04-24 13:40:17,016 [INFO] IPUIPlugin:80 - create IPUIPlugin
2025-04-24 13:40:17,016 [INFO] PluginManager:220 - loadIPPluginJar : add lorawan
2025-04-24 13:40:17,030 [INFO] IPUIPlugin:80 - create IPUIPlugin
2025-04-24 13:40:17,030 [INFO] PluginManager:220 - loadIPPluginJar : add tsc
2025-04-24 13:40:17,082 [INFO] IPUIPlugin:80 - create IPUIPlugin
2025-04-24 13:40:17,082 [INFO] PluginManager:220 - loadIPPluginJar : add ipddr
2025-04-24 13:40:17,085 [INFO] IPUIPlugin:80 - create IPUIPlugin
2025-04-24 13:40:17,085 [INFO] PluginManager:220 - loadIPPluginJar : add usbx
2025-04-24 13:40:17,099 [INFO] IPUIPlugin:80 - create IPUIPlugin
2025-04-24 13:40:17,099 [INFO] PluginManager:220 - loadIPPluginJar : add i2c
2025-04-24 13:40:17,142 [INFO] IPUIPlugin:80 - create IPUIPlugin
2025-04-24 13:40:17,142 [INFO] PluginManager:220 - loadIPPluginJar : add cryp
2025-04-24 13:40:17,198 [INFO] IPUIPlugin:80 - create IPUIPlugin
2025-04-24 13:40:17,198 [INFO] PluginManager:220 - loadIPPluginJar : add pdm2pcm
2025-04-24 13:40:17,210 [INFO] IPUIPlugin:80 - create IPUIPlugin
2025-04-24 13:40:17,210 [INFO] PluginManager:220 - loadIPPluginJar : add genericplugin
2025-04-24 13:40:17,234 [INFO] IPUIPlugin:80 - create IPUIPlugin
2025-04-24 13:40:17,234 [INFO] PluginManager:220 - loadIPPluginJar : add tracer_emb
2025-04-24 13:40:17,239 [INFO] IPUIPlugin:80 - create IPUIPlugin
2025-04-24 13:40:17,239 [INFO] PluginManager:220 - loadIPPluginJar : add i2s
2025-04-24 13:40:17,241 [INFO] IPUIPlugin:80 - create IPUIPlugin
2025-04-24 13:40:17,241 [INFO] PluginManager:220 - loadIPPluginJar : add comp
2025-04-24 13:40:17,254 [INFO] IPUIPlugin:80 - create IPUIPlugin
2025-04-24 13:40:17,254 [INFO] PluginManager:220 - loadIPPluginJar : add aes
2025-04-24 13:40:17,261 [INFO] IPUIPlugin:80 - create IPUIPlugin
2025-04-24 13:40:17,261 [INFO] PluginManager:220 - loadIPPluginJar : add hash
2025-04-24 13:40:17,333 [INFO] IPUIPlugin:80 - create IPUIPlugin
2025-04-24 13:40:17,333 [INFO] PluginManager:220 - loadIPPluginJar : add gtzc
2025-04-24 13:40:17,547 [INFO] IPUIPlugin:80 - create IPUIPlugin
2025-04-24 13:40:17,547 [INFO] PluginManager:220 - loadIPPluginJar : add gpio
2025-04-24 13:40:17,563 [INFO] IPUIPlugin:80 - create IPUIPlugin
2025-04-24 13:40:17,563 [INFO] PluginManager:220 - loadIPPluginJar : add extmemmanager
2025-04-24 13:40:17,571 [INFO] IPUIPlugin:80 - create IPUIPlugin
2025-04-24 13:40:17,572 [INFO] PluginManager:220 - loadIPPluginJar : add ltdc
2025-04-24 13:40:17,595 [INFO] IPUIPlugin:80 - create IPUIPlugin
2025-04-24 13:40:17,595 [INFO] PluginManager:220 - loadIPPluginJar : add linkedlist
2025-04-24 13:40:17,612 [INFO] IPUIPlugin:80 - create IPUIPlugin
2025-04-24 13:40:17,612 [INFO] PluginManager:220 - loadIPPluginJar : add openamp
2025-04-24 13:40:17,627 [INFO] IPUIPlugin:80 - create IPUIPlugin
2025-04-24 13:40:17,627 [INFO] PluginManager:220 - loadIPPluginJar : add can
2025-04-24 13:40:17,642 [INFO] IPUIPlugin:80 - create IPUIPlugin
2025-04-24 13:40:17,643 [INFO] PluginManager:220 - loadIPPluginJar : add radio
2025-04-24 13:40:17,652 [INFO] IPUIPlugin:80 - create IPUIPlugin
2025-04-24 13:40:17,653 [INFO] PluginManager:220 - loadIPPluginJar : add i3c
2025-04-24 13:40:17,694 [INFO] IPUIPlugin:80 - create IPUIPlugin
2025-04-24 13:40:17,695 [INFO] PluginManager:220 - loadIPPluginJar : add dma
2025-04-24 13:40:17,713 [INFO] IPUIPlugin:80 - create IPUIPlugin
2025-04-24 13:40:17,713 [INFO] PluginManager:220 - loadIPPluginJar : add gfxmmu
2025-04-24 13:40:17,733 [INFO] IPUIPlugin:80 - create IPUIPlugin
2025-04-24 13:40:17,733 [INFO] PluginManager:220 - loadIPPluginJar : add fatfs
2025-04-24 13:40:17,764 [INFO] IPUIPlugin:80 - create IPUIPlugin
2025-04-24 13:40:17,764 [INFO] PluginManager:220 - loadIPPluginJar : add spi
2025-04-24 13:40:17,779 [INFO] IPUIPlugin:80 - create IPUIPlugin
2025-04-24 13:40:17,779 [INFO] PluginManager:220 - loadIPPluginJar : add ts
2025-04-24 13:40:17,859 [INFO] IPUIPlugin:80 - create IPUIPlugin
2025-04-24 13:40:17,860 [INFO] PluginManager:220 - loadIPPluginJar : add ddr_ctrl_phy
2025-04-24 13:40:17,882 [INFO] IPUIPlugin:80 - create IPUIPlugin
2025-04-24 13:40:17,883 [INFO] PluginManager:220 - loadIPPluginJar : add stm32_wpan
2025-04-24 13:40:17,890 [INFO] IPUIPlugin:80 - create IPUIPlugin
2025-04-24 13:40:17,891 [INFO] PluginManager:220 - loadIPPluginJar : add dfsdm
2025-04-24 13:40:17,987 [INFO] IPUIPlugin:80 - create IPUIPlugin
2025-04-24 13:40:17,987 [INFO] PluginManager:220 - loadIPPluginJar : add resmgrutility
2025-04-24 13:40:18,040 [INFO] IPUIPlugin:80 - create IPUIPlugin
2025-04-24 13:40:18,048 [INFO] PluginManager:220 - loadIPPluginJar : add usart
2025-04-24 13:40:18,101 [INFO] IPUIPlugin:80 - create IPUIPlugin
2025-04-24 13:40:18,101 [INFO] PluginManager:220 - loadIPPluginJar : add dma3
2025-04-24 13:40:18,142 [INFO] IPUIPlugin:80 - create IPUIPlugin
2025-04-24 13:40:18,143 [INFO] PluginManager:220 - loadIPPluginJar : add fmc
2025-04-24 13:40:18,154 [INFO] IPUIPlugin:80 - create IPUIPlugin
2025-04-24 13:40:18,154 [INFO] PluginManager:220 - loadIPPluginJar : add gic
2025-04-24 13:40:18,267 [INFO] IPUIPlugin:80 - create IPUIPlugin
2025-04-24 13:40:18,267 [INFO] PluginManager:220 - loadIPPluginJar : add mdma
2025-04-24 13:40:18,326 [INFO] IPUIPlugin:80 - create IPUIPlugin
2025-04-24 13:40:18,326 [INFO] PluginManager:220 - loadIPPluginJar : add nvic
2025-04-24 13:40:18,358 [INFO] IPUIPlugin:80 - create IPUIPlugin
2025-04-24 13:40:18,358 [INFO] PluginManager:220 - loadIPPluginJar : add opamp
2025-04-24 13:40:18,414 [INFO] ThirdPartyUpdaterWithRetryManager:70 - Updater plugin not ready yet. [3/15]
2025-04-24 13:40:18,505 [INFO] IPUIPlugin:80 - create IPUIPlugin
2025-04-24 13:40:18,507 [INFO] PluginManager:220 - loadIPPluginJar : add plateformsettings
2025-04-24 13:40:18,687 [INFO] IPUIPlugin:80 - create IPUIPlugin
2025-04-24 13:40:18,687 [INFO] PluginManager:220 - loadIPPluginJar : add freertos
2025-04-24 13:40:18,725 [INFO] IPUIPlugin:80 - create IPUIPlugin
2025-04-24 13:40:18,725 [INFO] PluginManager:220 - loadIPPluginJar : add tim
2025-04-24 13:40:18,828 [INFO] IPUIPlugin:80 - create IPUIPlugin
2025-04-24 13:40:18,828 [INFO] PluginManager:220 - loadIPPluginJar : add touchsensing
2025-04-24 13:40:18,849 [INFO] IPUIPlugin:80 - create IPUIPlugin
2025-04-24 13:40:18,849 [INFO] PluginManager:220 - loadIPPluginJar : add quadspi
2025-04-24 13:40:18,864 [INFO] IPUIPlugin:80 - create IPUIPlugin
2025-04-24 13:40:18,864 [INFO] PluginManager:220 - loadIPPluginJar : add ucpd
2025-04-24 13:40:18,881 [INFO] IPUIPlugin:80 - create IPUIPlugin
2025-04-24 13:40:18,881 [INFO] PluginManager:220 - loadIPPluginJar : add sai
2025-04-24 13:40:19,017 [FATAL] Updater:351 - Updater called before beeing initialized
2025-04-24 13:40:19,171 [INFO] RulesReader:64 - Compatibility file has been processed (301 Rules)
2025-04-24 13:40:19,178 [INFO] RulesReader:64 - Compatibility file has been processed (301 Rules)
2025-04-24 13:40:19,182 [INFO] CADModel:165 - CPN selected for project level
2025-04-24 13:40:19,182 [INFO] CADModel:114 - Register for checkConnection events
2025-04-24 13:40:19,182 [FATAL] Updater:351 - Updater called before beeing initialized
2025-04-24 13:40:19,182 [ERROR] CADModel:125 - Updater not yet initialized, retry later 
2025-04-24 13:40:20,465 [FATAL] Updater:351 - Updater called before beeing initialized
2025-04-24 13:40:20,489 [INFO] CADModel:165 - CPN selected for project level
2025-04-24 13:40:20,489 [INFO] CADModel:114 - Register for checkConnection events
2025-04-24 13:40:20,489 [FATAL] Updater:351 - Updater called before beeing initialized
2025-04-24 13:40:20,489 [ERROR] CADModel:125 - Updater not yet initialized, retry later 
2025-04-24 13:40:20,491 [FATAL] Updater:351 - Updater called before beeing initialized
2025-04-24 13:40:20,715 [FATAL] Updater:351 - Updater called before beeing initialized
2025-04-24 13:40:20,747 [INFO] DbMcusAds:53 - JSON generation date=Thu Mar 06 14:54:22 WET 2025 (1741272862204)
2025-04-24 13:40:20,747 [FATAL] Updater:351 - Updater called before beeing initialized
2025-04-24 13:40:21,067 [WARN] DetailPanel:346 - Failed to get advertising image, set to default
2025-04-24 13:40:21,415 [INFO] ThirdPartyUpdaterWithRetryManager:70 - Updater plugin not ready yet. [4/15]
2025-04-24 13:40:21,569 [FATAL] Updater:351 - Updater called before beeing initialized
2025-04-24 13:40:21,570 [FATAL] Updater:351 - Updater called before beeing initialized
2025-04-24 13:40:21,570 [FATAL] Updater:351 - Updater called before beeing initialized
2025-04-24 13:40:21,570 [WARN] DetailPanel:346 - Failed to get advertising image, set to default
2025-04-24 13:40:21,570 [FATAL] Updater:351 - Updater called before beeing initialized
2025-04-24 13:40:21,706 [ERROR] Updater:1198 - MainUpdater not yet initialized. External WinMGr cannot be set.
2025-04-24 13:40:21,724 [INFO] Updater:1134 - Updater Version found : 6.14.0
2025-04-24 13:40:22,056 [INFO] ApplicationProperties:184 - Using Application install path: /opt/st/stm32cubeide_1.18.0/plugins/com.st.stm32cube.common.mx_6.14.0.202502271554
2025-04-24 13:40:24,311 [INFO] MainUpdater:2872 - connection check result : 10
2025-04-24 13:40:24,311 [INFO] MainUpdater:289 - Updater Check For Update Now.
2025-04-24 13:40:24,311 [INFO] MicroXplorer:498 - Change Database Version : DB.6.0.140
2025-04-24 13:40:24,374 [INFO] McuFinderGlobals:63 - Set McuFinder mode to 2 (CubeIDE integrated)
2025-04-24 13:40:24,415 [WARN] MainUpdater:1193 - Updater busy. Cannot search thirdparties
2025-04-24 13:40:24,415 [INFO] ThirdPartyUpdaterWithRetryManager:96 - Updater plugin is busy. [1/15]
2025-04-24 13:40:24,462 [INFO] UserAuth:486 - Internet connection configuration mode: 1
2025-04-24 13:40:25,005 [INFO] CheckServerUpdateThread:120 - End of CheckServer Thread
2025-04-24 13:40:25,632 [INFO] JxBrowserEngine:152 - Initiate JxBrowser Engine with user profile folder
2025-04-24 13:40:28,907 [WARN] PackLoader:240 - Cannot read IP mode file for STMicroelectronics.FP-SNS-MOTENVWB1.1.4.0
2025-04-24 13:40:28,989 [WARN] PackLoader:240 - Cannot read IP mode file for STMicroelectronics.FP-ATR-ASTRA1.2.0.2
2025-04-24 13:40:29,074 [WARN] PackLoader:240 - Cannot read IP mode file for STMicroelectronics.X-CUBE-SMBUS.2.1.0
2025-04-24 13:40:29,130 [WARN] PackLoader:240 - Cannot read IP mode file for STMicroelectronics.X-CUBE-WB05N.1.1.0
2025-04-24 13:40:29,271 [WARN] PackLoader:240 - Cannot read IP mode file for STMicroelectronics.X-CUBE-AZRTOS-F7.1.1.0
2025-04-24 13:40:29,311 [WARN] PackLoader:240 - Cannot read IP mode file for STMicroelectronics.FP-SNS-FLIGHT1.5.0.2
2025-04-24 13:40:29,360 [WARN] PackLoader:240 - Cannot read IP mode file for Infineon.AIROC-Wi-Fi-Bluetooth-STM32.1.7.0
2025-04-24 13:40:29,384 [WARN] PackLoader:240 - Cannot read IP mode file for STMicroelectronics.X-CUBE-DISPLAY.3.0.0
2025-04-24 13:40:29,435 [WARN] PackLoader:240 - Cannot read IP mode file for STMicroelectronics.X-CUBE-NFC10.1.0.0
2025-04-24 13:40:29,489 [WARN] PackLoader:240 - Cannot read IP mode file for STMicroelectronics.X-CUBE-BLEMGR.4.0.0
2025-04-24 13:40:29,560 [WARN] PackLoader:240 - Cannot read IP mode file for emotas.I-CUBE-CANOPEN.1.3.0
2025-04-24 13:40:29,615 [WARN] ConditionMgr:438 - getConditionDescription Invalid condition id : Cortex-A Device cause : null
2025-04-24 13:40:29,701 [WARN] ConditionMgr:1044 - genDependencies : Invalid condition id : Cortex-A Device cause : null
2025-04-24 13:40:29,701 [WARN] ConditionMgr:1044 - genDependencies : Invalid condition id : Cortex-A Device cause : null
2025-04-24 13:40:29,701 [WARN] ConditionMgr:1044 - genDependencies : Invalid condition id : Cortex-A Device cause : null
2025-04-24 13:40:29,726 [WARN] PackLoader:240 - Cannot read IP mode file for STMicroelectronics.X-CUBE-AI.10.0.0
2025-04-24 13:40:29,763 [WARN] PackLoader:240 - Cannot read IP mode file for STMicroelectronics.FP-SNS-SMARTAG2.1.2.0
2025-04-24 13:40:29,797 [WARN] PackLoader:240 - Cannot read IP mode file for STMicroelectronics.FP-SNS-FLIGHT1.5.1.0
2025-04-24 13:40:29,844 [WARN] PackLoader:240 - Cannot read IP mode file for STMicroelectronics.X-CUBE-MEMS1.11.1.0
2025-04-24 13:40:29,952 [INFO] LogOutputStream:77 - [STDOUT_REDIRECT] 1 : Invalid condition id : UX_CORESTACK_Condition cause : null
2025-04-24 13:40:29,952 [INFO] LogOutputStream:77 - [STDOUT_REDIRECT] 1 : Invalid condition id : UX_CORESTACK_Condition cause : null
2025-04-24 13:40:29,953 [INFO] LogOutputStream:77 - [STDOUT_REDIRECT] 1 : Invalid condition id : UX_CORESTACK_Condition cause : null
2025-04-24 13:40:29,953 [INFO] LogOutputStream:77 - [STDOUT_REDIRECT] 1 : Invalid condition id : UX_CORESTACK_Condition cause : null
2025-04-24 13:40:29,953 [INFO] LogOutputStream:77 - [STDOUT_REDIRECT] 1 : Invalid condition id : UX_CORESTACK_Condition cause : null
2025-04-24 13:40:29,955 [WARN] PackLoader:240 - Cannot read IP mode file for STMicroelectronics.X-CUBE-AZRTOS-WL.2.0.0
2025-04-24 13:40:29,976 [WARN] PackLoader:240 - Cannot read IP mode file for STMicroelectronics.FP-SNS-MOTENV1.5.0.0
2025-04-24 13:40:29,996 [WARN] PackLoader:240 - Cannot read IP mode file for WES.I-CUBE-Cesium.1.3.0
2025-04-24 13:40:30,077 [WARN] PackLoader:240 - Cannot read IP mode file for STMicroelectronics.X-CUBE-BLE2.3.3.0
2025-04-24 13:40:30,126 [WARN] PackLoader:240 - Cannot read IP mode file for STMicroelectronics.X-CUBE-NFC9.1.0.0
2025-04-24 13:40:30,165 [WARN] PackLoader:240 - Cannot read IP mode file for STMicroelectronics.X-CUBE-BLE1.7.1.0
2025-04-24 13:40:30,223 [WARN] PackLoader:240 - Cannot read IP mode file for wolfSSL.I-CUBE-wolfMQTT.1.19.2
2025-04-24 13:40:30,440 [WARN] PackLoader:240 - Cannot read IP mode file for STMicroelectronics.X-CUBE-MEMS1.11.2.0
2025-04-24 13:40:30,605 [WARN] PackLoader:240 - Cannot read IP mode file for STMicroelectronics.X-CUBE-AZRTOS-G0.1.1.0
2025-04-24 13:40:30,637 [WARN] PackLoader:240 - Cannot read IP mode file for STMicroelectronics.X-CUBE-SAFEA1.1.2.2
2025-04-24 13:40:30,661 [WARN] PackLoader:240 - Cannot read IP mode file for STMicroelectronics.X-CUBE-NFC4.3.0.0
2025-04-24 13:40:30,728 [WARN] PackLoader:240 - Cannot read IP mode file for EmbeddedOffice.I-CUBE-FS-RTOS.1.0.1
2025-04-24 13:40:30,811 [WARN] PackLoader:240 - Cannot read IP mode file for STMicroelectronics.X-CUBE-WB05N.2.0.0
2025-04-24 13:40:30,905 [WARN] PackLoader:240 - Cannot read IP mode file for wolfSSL.I-CUBE-wolfTPM.3.8.0
2025-04-24 13:40:30,972 [WARN] PackLoader:240 - Cannot read IP mode file for STMicroelectronics.X-CUBE-TCPP.4.2.0
2025-04-24 13:40:30,994 [WARN] PackLoader:240 - Cannot read IP mode file for RealThread.X-CUBE-RT-Thread_Nano.4.1.1
2025-04-24 13:40:30,997 [WARN] PackLoader:240 - Cannot read IP mode file for STMicroelectronics.FP-ATR-SIGFOX1.3.2.0
2025-04-24 13:40:31,037 [WARN] PackLoader:240 - Cannot read IP mode file for STMicroelectronics.X-CUBE-EEPRMA1.5.1.0
2025-04-24 13:40:31,056 [WARN] PackLoader:240 - Cannot read IP mode file for wolfSSL.I-CUBE-wolfSSL.5.7.6
2025-04-24 13:40:31,200 [WARN] PackLoader:240 - Cannot read IP mode file for ITTIA_DB.I-CUBE-ITTIADB.8.9.0
2025-04-24 13:40:31,235 [WARN] PackLoader:240 - Cannot read IP mode file for SEGGER.I-CUBE-embOS.1.3.1
2025-04-24 13:40:31,257 [WARN] PackLoader:240 - Cannot read IP mode file for STMicroelectronics.X-CUBE-ALGOBUILD.1.4.0
2025-04-24 13:40:31,345 [WARN] PackLoader:240 - Cannot read IP mode file for STMicroelectronics.X-CUBE-AZRTOS-F4.1.1.0
2025-04-24 13:40:31,392 [WARN] PackLoader:240 - Cannot read IP mode file for Avnet-IotConnect.X-CUBE-IoTC-DA16k-PMOD.1.0.0
2025-04-24 13:40:31,455 [WARN] PackLoader:240 - Cannot read IP mode file for STMicroelectronics.X-CUBE-ISPU.2.1.0
2025-04-24 13:40:31,655 [WARN] PackLoader:240 - Cannot read IP mode file for STMicroelectronics.X-CUBE-AZRTOS-L5.2.0.0
2025-04-24 13:40:31,694 [WARN] PackLoader:240 - Cannot read IP mode file for STMicroelectronics.X-CUBE-NFC6.3.1.0
2025-04-24 13:40:31,741 [WARN] PackLoader:240 - Cannot read IP mode file for STMicroelectronics.X-CUBE-DPower.1.2.0
2025-04-24 13:40:31,764 [WARN] PackLoader:240 - Cannot read IP mode file for STMicroelectronics.X-CUBE-FREERTOS.1.3.0
2025-04-24 13:40:31,864 [WARN] PackLoader:240 - Cannot read IP mode file for STMicroelectronics.X-CUBE-NFC7.1.0.1
2025-04-24 13:40:31,914 [WARN] PackLoader:240 - Cannot read IP mode file for STMicroelectronics.X-CUBE-DPower.1.3.0
2025-04-24 13:40:32,073 [WARN] ConditionMgr:438 - getConditionDescription Invalid condition id : LAN8742 Phy interface Condition cause : null
2025-04-24 13:40:32,073 [WARN] PackLoader:240 - Cannot read IP mode file for STMicroelectronics.X-CUBE-AZRTOS-L4.2.0.0
2025-04-24 13:40:32,074 [WARN] ConditionMgr:1044 - genDependencies : Invalid condition id : LAN8742 Phy interface Condition cause : null
2025-04-24 13:40:32,074 [WARN] ConditionMgr:1044 - genDependencies : Invalid condition id : LAN8742 Phy interface Condition cause : null
2025-04-24 13:40:32,074 [WARN] ConditionMgr:1044 - genDependencies : Invalid condition id : LAN8742 Phy interface Condition cause : null
2025-04-24 13:40:32,147 [WARN] PackLoader:240 - Cannot read IP mode file for STMicroelectronics.X-CUBE-SFXS2LP1.4.0.0
2025-04-24 13:40:32,244 [WARN] PackLoader:240 - Cannot read IP mode file for STMicroelectronics.X-CUBE-AZRTOS-H7.3.3.0
2025-04-24 13:40:32,401 [WARN] ConditionMgr:438 - getConditionDescription Invalid condition id : UX DEVICE CLASS RTOS Condition cause : null
2025-04-24 13:40:32,401 [WARN] ConditionMgr:438 - getConditionDescription Invalid condition id : UX DEVICE CLASS RTOS Condition cause : null
2025-04-24 13:40:32,402 [WARN] PackLoader:240 - Cannot read IP mode file for STMicroelectronics.X-CUBE-AZRTOS-WB.2.0.0
2025-04-24 13:40:32,402 [WARN] ConditionMgr:1044 - genDependencies : Invalid condition id : UX DEVICE CLASS RTOS Condition cause : null
2025-04-24 13:40:32,402 [WARN] ConditionMgr:1044 - genDependencies : Invalid condition id : UX DEVICE CLASS RTOS Condition cause : null
2025-04-24 13:40:32,402 [WARN] ConditionMgr:1044 - genDependencies : Invalid condition id : UX DEVICE CLASS RTOS Condition cause : null
2025-04-24 13:40:32,403 [WARN] ConditionMgr:1044 - genDependencies : Invalid condition id : UX DEVICE CLASS RTOS Condition cause : null
2025-04-24 13:40:32,403 [WARN] ConditionMgr:1044 - genDependencies : Invalid condition id : UX DEVICE CLASS RTOS Condition cause : null
2025-04-24 13:40:32,452 [WARN] PackLoader:240 - Cannot read IP mode file for STMicroelectronics.X-CUBE-GNSS1.7.0.1
2025-04-24 13:40:32,483 [WARN] PackLoader:240 - Cannot read IP mode file for STMicroelectronics.X-CUBE-TOUCHGFX.4.25.0
2025-04-24 13:40:32,501 [WARN] PackLoader:240 - Cannot read IP mode file for STMicroelectronics.FP-SNS-STBOX1.2.0.0
2025-04-24 13:40:32,544 [WARN] PackLoader:240 - Cannot read IP mode file for STMicroelectronics.X-CUBE-SUBG2.5.0.0
2025-04-24 13:40:32,624 [WARN] PackLoader:240 - Cannot read IP mode file for STMicroelectronics.X-CUBE-AZRTOS-H7RS.1.1.0
2025-04-24 13:40:32,668 [WARN] PackLoader:240 - Cannot read IP mode file for Cesanta.I-CUBE-Mongoose.7.13.0
2025-04-24 13:40:32,737 [WARN] PackLoader:240 - Cannot read IP mode file for STMicroelectronics.X-CUBE-AZRTOS-G4.2.0.0
2025-04-24 13:40:32,806 [WARN] PackLoader:240 - Cannot read IP mode file for wolfSSL.I-CUBE-wolfSSH.1.4.20
2025-04-24 13:40:32,869 [WARN] PackLoader:240 - Cannot read IP mode file for STMicroelectronics.X-CUBE-IPS.3.1.0
2025-04-24 13:40:32,941 [WARN] PackLoader:240 - Cannot read IP mode file for STMicroelectronics.X-CUBE-ALS.1.0.2
2025-04-24 13:40:32,995 [WARN] PackLoader:240 - Cannot read IP mode file for portGmbH.I-Cube-SoM-uGOAL.1.1.0
2025-04-24 13:40:33,051 [WARN] PackLoader:240 - Cannot read IP mode file for STMicroelectronics.X-CUBE-AZRTOS-H7RS.1.0.0
2025-04-24 13:40:33,099 [WARN] PackLoader:240 - Cannot read IP mode file for STMicroelectronics.X-CUBE-TOF1.3.4.2
2025-04-24 13:40:33,133 [WARN] PackLoader:240 - Cannot read IP mode file for STMicroelectronics.X-CUBE-TOF1.3.4.3
2025-04-24 13:40:33,137 [INFO] ThirdParty:978 - Integrity check success = true
2025-04-24 13:40:33,138 [INFO] IntegrityCheckThread:100 - exiting critical section [integrity check]
2025-04-24 13:40:33,138 [INFO] IntegrityCheckThread:103 - End integrity checks thread
2025-04-24 13:41:16,822 [INFO] WebApp:169 - Instantiating new browser for Auth
2025-04-24 13:41:55,528 [INFO] WebApp:463 - Apply proxy settings
2025-04-24 13:41:55,528 [INFO] WebApp:548 - Chromium requires no authentication
2025-04-24 13:41:56,319 [INFO] WebApp:491 - Direct internet connection detected
2025-04-24 13:41:57,036 [INFO] WebApp:894 - Register for checkConnection events
2025-04-24 13:41:57,036 [INFO] WebApp:463 - Apply proxy settings
2025-04-24 13:41:57,036 [INFO] WebApp:548 - Chromium requires no authentication
2025-04-24 13:41:57,037 [INFO] WebApp:491 - Direct internet connection detected
2025-04-24 13:42:01,876 [INFO] WebApp:225 - Starting web application
2025-04-24 13:42:01,876 [INFO] WebApp:593 - Web application path used /opt/st/stm32cubeide_1.18.0/plugins/com.st.stm32cube.common.mx_6.14.0.202502271554/db/plugins/mcufinder/reactClient1/index.html
2025-04-24 13:42:05,291 [INFO] UserAuth:486 - Internet connection configuration mode: 1
2025-04-24 13:42:06,619 [INFO] WebApp:191 - Connection restablished
2025-04-24 14:14:01,251 [INFO] WebApp:194 - Connection lost
2025-04-24 14:24:19,074 [INFO] WebApp:191 - Connection restablished
2025-04-24 15:11:04,665 [INFO] WebApp:194 - Connection lost
2025-04-24 15:11:12,567 [INFO] WebApp:191 - Connection restablished
2025-04-24 15:11:14,759 [INFO] WebApp:194 - Connection lost
2025-04-24 15:11:15,402 [INFO] WebApp:191 - Connection restablished
2025-04-24 15:49:37,555 [INFO] WebApp:194 - Connection lost
