2025-04-25 14:35:07,287 [INFO] Activator:176 - 


2025-04-25 14:35:07,290 [INFO] Activator:177 - !SESSION log4j initialized
2025-04-25 14:35:19,760 [INFO] LogOutputStream:77 - [STDOUT_REDIRECT] 
2025-04-25 14:35:22,166 [INFO] ApplicationProperties:184 - Using Application install path: /opt/st/stm32cubeide_1.18.0/plugins/com.st.stm32cube.common.mx_6.14.0.202502271554
2025-04-25 14:35:22,238 [INFO] DbMcusXml:78 - Set database path to: /opt/st/stm32cubeide_1.18.0/plugins/com.st.stm32cube.common.mx_6.14.0.202502271554//db//mcu/
2025-04-25 14:35:22,238 [INFO] ApiDb:274 - Set plugin database path to: /opt/st/stm32cubeide_1.18.0/plugins/com.st.stm32cube.common.mx_6.14.0.202502271554//db//plugins/boardmanager/
2025-04-25 14:35:22,238 [WARN] ApiDb:259 - Overriding images path with different value:  => /opt/st/stm32cubeide_1.18.0/plugins/com.st.stm32cube.common.mx_6.14.0.202502271554//db//plugins/mcufinder/images/
2025-04-25 14:35:22,299 [INFO] ApiDb:250 - Set database path to: /home/viny/.stmcufinder/plugins/mcufinder//mcu/
2025-04-25 14:35:22,301 [INFO] DbMcusAds:125 - Set database path to: /home/viny/.stmcufinder/plugins/mcufinder//mcu/
2025-04-25 14:35:22,303 [INFO] CrossReferenceDbSqlite:203 - Set database path to: /home/viny/.stmcufinder/plugins/mcufinder//mcu/cs/
2025-04-25 14:35:22,482 [INFO] RulesReader:64 - Compatibility file has been processed (301 Rules)
2025-04-25 14:35:22,707 [INFO] DbMcusXml:78 - Set database path to: /opt/st/stm32cubeide_1.18.0/plugins/com.st.stm32cube.common.mx_6.14.0.202502271554//db//mcu/
2025-04-25 14:35:22,708 [INFO] ApiDb:274 - Set plugin database path to: /opt/st/stm32cubeide_1.18.0/plugins/com.st.stm32cube.common.mx_6.14.0.202502271554//db//plugins/boardmanager/
2025-04-25 14:35:22,708 [INFO] ApiDb:261 - Set plugin images path to: /opt/st/stm32cubeide_1.18.0/plugins/com.st.stm32cube.common.mx_6.14.0.202502271554//db//plugins/mcufinder/images/
2025-04-25 14:35:22,708 [WARN] DbFile:41 - Overriding database path with different value: /home/viny/.stmcufinder/plugins/mcufinder/ => /home/viny/.stmcufinder/plugins/mcufinder
2025-04-25 14:35:22,708 [INFO] ApiDb:250 - Set database path to: /home/viny/.stmcufinder/plugins/mcufinder//mcu/
2025-04-25 14:35:22,708 [WARN] DbFile:41 - Overriding database path with different value: /home/viny/.stmcufinder/plugins/mcufinder/ => /home/viny/.stmcufinder/plugins/mcufinder
2025-04-25 14:35:22,708 [INFO] DbMcusAds:125 - Set database path to: /home/viny/.stmcufinder/plugins/mcufinder//mcu/
2025-04-25 14:35:22,708 [WARN] DbFile:41 - Overriding database path with different value: /home/viny/.stmcufinder/plugins/mcufinder/ => /home/viny/.stmcufinder/plugins/mcufinder
2025-04-25 14:35:22,708 [WARN] DbFile:41 - Overriding database path with different value: /home/viny/.stmcufinder/plugins/mcufinder/ => /home/viny/.stmcufinder/plugins/mcufinder
2025-04-25 14:35:22,708 [INFO] CrossReferenceDbSqlite:203 - Set database path to: /home/viny/.stmcufinder/plugins/mcufinder//mcu/cs/
2025-04-25 14:35:22,859 [INFO] MainPanel:272 - HeapMemory: 268435456
2025-04-25 14:35:23,435 [INFO] DbMcusXml:78 - Set database path to: /opt/st/stm32cubeide_1.18.0/plugins/com.st.stm32cube.common.mx_6.14.0.202502271554//db//mcu/
2025-04-25 14:35:23,436 [INFO] ApiDb:274 - Set plugin database path to: /opt/st/stm32cubeide_1.18.0/plugins/com.st.stm32cube.common.mx_6.14.0.202502271554//db//plugins/boardmanager/
2025-04-25 14:35:23,436 [INFO] ApiDb:261 - Set plugin images path to: /opt/st/stm32cubeide_1.18.0/plugins/com.st.stm32cube.common.mx_6.14.0.202502271554//db//plugins/mcufinder/images/
2025-04-25 14:35:23,436 [WARN] DbFile:41 - Overriding database path with different value: /home/viny/.stmcufinder/plugins/mcufinder/ => /home/viny/.stmcufinder/plugins/mcufinder
2025-04-25 14:35:23,436 [INFO] ApiDb:250 - Set database path to: /home/viny/.stmcufinder/plugins/mcufinder//mcu/
2025-04-25 14:35:23,436 [WARN] DbFile:41 - Overriding database path with different value: /home/viny/.stmcufinder/plugins/mcufinder/ => /home/viny/.stmcufinder/plugins/mcufinder
2025-04-25 14:35:23,436 [INFO] DbMcusAds:125 - Set database path to: /home/viny/.stmcufinder/plugins/mcufinder//mcu/
2025-04-25 14:35:23,436 [WARN] DbFile:41 - Overriding database path with different value: /home/viny/.stmcufinder/plugins/mcufinder/ => /home/viny/.stmcufinder/plugins/mcufinder
2025-04-25 14:35:23,436 [WARN] DbFile:41 - Overriding database path with different value: /home/viny/.stmcufinder/plugins/mcufinder/ => /home/viny/.stmcufinder/plugins/mcufinder
2025-04-25 14:35:23,436 [INFO] CrossReferenceDbSqlite:203 - Set database path to: /home/viny/.stmcufinder/plugins/mcufinder//mcu/cs/
2025-04-25 14:35:23,447 [INFO] ApplicationProperties:184 - Using Application install path: /opt/st/stm32cubeide_1.18.0/plugins/com.st.stm32cube.common.mx_6.14.0.202502271554
2025-04-25 14:35:23,448 [INFO] PluginManage:196 - Search for loadable plugins [exclusion list=, ]
2025-04-25 14:35:23,449 [INFO] PluginManage:310 - Check plugin analytics
2025-04-25 14:35:23,644 [INFO] AnalyticsPlugin:253 - Accepted Software Licenses: 
2025-04-25 14:35:23,644 [INFO] AnalyticsPlugin:255 - Accepted CMSIS Pack Licenses: 
2025-04-25 14:35:23,644 [INFO] AnalyticsPlugin:257 - Accepted Firmware Licenses: FW.H7.1.12.0,FW.F4.1.28.0
2025-04-25 14:35:23,646 [INFO] PluginManage:359 - Loaded plugin analytics (category:tool,tabindex:-1)
2025-04-25 14:35:23,646 [INFO] PluginManage:310 - Check plugin cadmodel
2025-04-25 14:35:23,695 [INFO] CADModel:105 - Init CAD model plugin
2025-04-25 14:35:23,695 [INFO] PluginManage:359 - Loaded plugin cadmodel (category:power,tabindex:5)
2025-04-25 14:35:23,695 [INFO] PluginManage:310 - Check plugin clock
2025-04-25 14:35:23,750 [INFO] PluginManage:359 - Loaded plugin clock (category:base,tabindex:2)
2025-04-25 14:35:23,750 [INFO] PluginManage:310 - Check plugin ddr
2025-04-25 14:35:23,764 [INFO] PluginManage:359 - Loaded plugin ddr (category:tool,tabindex:6)
2025-04-25 14:35:23,765 [INFO] PluginManage:310 - Check plugin filemanager
2025-04-25 14:35:24,160 [INFO] PluginManage:359 - Loaded plugin filemanager (category:base,tabindex:10)
2025-04-25 14:35:24,160 [INFO] PluginManage:310 - Check plugin ipmanager
2025-04-25 14:35:24,178 [INFO] PluginManage:359 - Loaded plugin ipmanager (category:base,tabindex:5)
2025-04-25 14:35:24,178 [INFO] PluginManage:310 - Check plugin lpbam
2025-04-25 14:35:24,201 [INFO] PluginManage:359 - Loaded plugin lpbam (category:base,tabindex:0)
2025-04-25 14:35:24,201 [INFO] PluginManage:310 - Check plugin memorymap
2025-04-25 14:35:24,230 [INFO] PluginManage:359 - Loaded plugin memorymap (category:base,tabindex:4)
2025-04-25 14:35:24,230 [INFO] PluginManage:310 - Check plugin pinoutandconfiguration
2025-04-25 14:35:24,254 [INFO] PluginManage:359 - Loaded plugin pinoutandconfiguration (category:base,tabindex:1)
2025-04-25 14:35:24,254 [INFO] PluginManage:310 - Check plugin pinoutconfig
2025-04-25 14:35:24,379 [WARN] SupportedApi:132 - Cannot load RTOS API schema: s4s-elt-must-match.1: The content of 'definitions' must match (annotation?, (simpleType | complexType)?, (unique | key | keyref)*)). A problem was found starting at: attribute.
2025-04-25 14:35:24,598 [INFO] PluginManage:359 - Loaded plugin pinoutconfig (category:base,tabindex:0)
2025-04-25 14:35:24,598 [INFO] PluginManage:310 - Check plugin power
2025-04-25 14:35:24,673 [INFO] PluginManage:359 - Loaded plugin power (category:power,tabindex:4)
2025-04-25 14:35:24,673 [INFO] PluginManage:310 - Check plugin projectmanager
2025-04-25 14:35:24,702 [INFO] PluginManage:359 - Loaded plugin projectmanager (category:projectmanager,tabindex:4)
2025-04-25 14:35:24,702 [INFO] PluginManage:310 - Check plugin rif
2025-04-25 14:35:24,733 [INFO] PluginManage:359 - Loaded plugin rif (category:base,tabindex:3)
2025-04-25 14:35:24,733 [INFO] PluginManage:310 - Check plugin thirdparty
2025-04-25 14:35:25,068 [INFO] PluginManage:359 - Loaded plugin thirdparty (category:base,tabindex:-1)
2025-04-25 14:35:25,068 [WARN] IntegrityCheckThread:84 - waiting for thirdparty lock release [integrity check]
2025-04-25 14:35:25,069 [INFO] PluginManage:310 - Check plugin tools
2025-04-25 14:35:25,069 [INFO] IntegrityCheckThread:86 - entering critical section [integrity check]
2025-04-25 14:35:25,069 [INFO] ThirdPartyUpdaterWithRetryManager:70 - Updater plugin not ready yet. [1/15]
2025-04-25 14:35:25,090 [INFO] PluginManage:359 - Loaded plugin tools (category:base,tabindex:7)
2025-04-25 14:35:25,090 [INFO] PluginManage:310 - Check plugin tutovideos
2025-04-25 14:35:25,370 [INFO] PluginManage:359 - Loaded plugin tutovideos (category:base,tabindex:-1)
2025-04-25 14:35:25,370 [INFO] PluginManage:310 - Check plugin updater
2025-04-25 14:35:25,419 [INFO] PluginManage:359 - Loaded plugin updater (category:base,tabindex:12)
2025-04-25 14:35:25,419 [INFO] PluginManage:310 - Check plugin userauth
2025-04-25 14:35:25,444 [INFO] UserAuth:118 - Init User Auth plugin
2025-04-25 14:35:25,445 [INFO] PluginManage:359 - Loaded plugin userauth (category:base,tabindex:14)
2025-04-25 14:35:25,445 [INFO] PluginManage:283 - PluginManage : Loaded plugins [18]
2025-04-25 14:35:25,947 [INFO] PinOutPanel:1589 - setPackage(No Configuration,No Configuration)
2025-04-25 14:35:26,047 [INFO] CADModel:165 - CPN selected for project level
2025-04-25 14:35:26,047 [INFO] CADModel:114 - Register for checkConnection events
2025-04-25 14:35:26,108 [INFO] IPUIPlugin:80 - create IPUIPlugin
2025-04-25 14:35:26,108 [INFO] PluginManager:220 - loadIPPluginJar : add adc
2025-04-25 14:35:26,110 [INFO] IPUIPlugin:80 - create IPUIPlugin
2025-04-25 14:35:26,110 [INFO] PluginManager:220 - loadIPPluginJar : add lorawan
2025-04-25 14:35:26,112 [INFO] IPUIPlugin:80 - create IPUIPlugin
2025-04-25 14:35:26,112 [INFO] PluginManager:220 - loadIPPluginJar : add tsc
2025-04-25 14:35:26,115 [INFO] IPUIPlugin:80 - create IPUIPlugin
2025-04-25 14:35:26,115 [INFO] PluginManager:220 - loadIPPluginJar : add ipddr
2025-04-25 14:35:26,118 [INFO] IPUIPlugin:80 - create IPUIPlugin
2025-04-25 14:35:26,118 [INFO] PluginManager:220 - loadIPPluginJar : add usbx
2025-04-25 14:35:26,120 [INFO] IPUIPlugin:80 - create IPUIPlugin
2025-04-25 14:35:26,120 [INFO] PluginManager:220 - loadIPPluginJar : add i2c
2025-04-25 14:35:26,122 [INFO] IPUIPlugin:80 - create IPUIPlugin
2025-04-25 14:35:26,122 [INFO] PluginManager:220 - loadIPPluginJar : add cryp
2025-04-25 14:35:26,124 [INFO] IPUIPlugin:80 - create IPUIPlugin
2025-04-25 14:35:26,124 [INFO] PluginManager:220 - loadIPPluginJar : add pdm2pcm
2025-04-25 14:35:26,125 [INFO] IPUIPlugin:80 - create IPUIPlugin
2025-04-25 14:35:26,125 [INFO] PluginManager:220 - loadIPPluginJar : add genericplugin
2025-04-25 14:35:26,127 [INFO] IPUIPlugin:80 - create IPUIPlugin
2025-04-25 14:35:26,127 [INFO] PluginManager:220 - loadIPPluginJar : add tracer_emb
2025-04-25 14:35:26,128 [INFO] IPUIPlugin:80 - create IPUIPlugin
2025-04-25 14:35:26,128 [INFO] PluginManager:220 - loadIPPluginJar : add i2s
2025-04-25 14:35:26,129 [INFO] IPUIPlugin:80 - create IPUIPlugin
2025-04-25 14:35:26,129 [INFO] PluginManager:220 - loadIPPluginJar : add comp
2025-04-25 14:35:26,131 [INFO] IPUIPlugin:80 - create IPUIPlugin
2025-04-25 14:35:26,131 [INFO] PluginManager:220 - loadIPPluginJar : add aes
2025-04-25 14:35:26,132 [INFO] IPUIPlugin:80 - create IPUIPlugin
2025-04-25 14:35:26,132 [INFO] PluginManager:220 - loadIPPluginJar : add hash
2025-04-25 14:35:26,134 [INFO] IPUIPlugin:80 - create IPUIPlugin
2025-04-25 14:35:26,135 [INFO] PluginManager:220 - loadIPPluginJar : add gtzc
2025-04-25 14:35:26,159 [INFO] IPUIPlugin:80 - create IPUIPlugin
2025-04-25 14:35:26,159 [INFO] PluginManager:220 - loadIPPluginJar : add gpio
2025-04-25 14:35:26,161 [INFO] IPUIPlugin:80 - create IPUIPlugin
2025-04-25 14:35:26,161 [INFO] PluginManager:220 - loadIPPluginJar : add extmemmanager
2025-04-25 14:35:26,163 [INFO] IPUIPlugin:80 - create IPUIPlugin
2025-04-25 14:35:26,163 [INFO] PluginManager:220 - loadIPPluginJar : add ltdc
2025-04-25 14:35:26,169 [INFO] IPUIPlugin:80 - create IPUIPlugin
2025-04-25 14:35:26,170 [INFO] PluginManager:220 - loadIPPluginJar : add linkedlist
2025-04-25 14:35:26,172 [INFO] IPUIPlugin:80 - create IPUIPlugin
2025-04-25 14:35:26,172 [INFO] PluginManager:220 - loadIPPluginJar : add openamp
2025-04-25 14:35:26,173 [INFO] IPUIPlugin:80 - create IPUIPlugin
2025-04-25 14:35:26,174 [INFO] PluginManager:220 - loadIPPluginJar : add can
2025-04-25 14:35:26,175 [INFO] IPUIPlugin:80 - create IPUIPlugin
2025-04-25 14:35:26,175 [INFO] PluginManager:220 - loadIPPluginJar : add radio
2025-04-25 14:35:26,177 [INFO] IPUIPlugin:80 - create IPUIPlugin
2025-04-25 14:35:26,177 [INFO] PluginManager:220 - loadIPPluginJar : add i3c
2025-04-25 14:35:26,186 [INFO] IPUIPlugin:80 - create IPUIPlugin
2025-04-25 14:35:26,187 [INFO] PluginManager:220 - loadIPPluginJar : add dma
2025-04-25 14:35:26,189 [INFO] IPUIPlugin:80 - create IPUIPlugin
2025-04-25 14:35:26,189 [INFO] PluginManager:220 - loadIPPluginJar : add gfxmmu
2025-04-25 14:35:26,190 [INFO] IPUIPlugin:80 - create IPUIPlugin
2025-04-25 14:35:26,190 [INFO] PluginManager:220 - loadIPPluginJar : add fatfs
2025-04-25 14:35:26,191 [INFO] IPUIPlugin:80 - create IPUIPlugin
2025-04-25 14:35:26,191 [INFO] PluginManager:220 - loadIPPluginJar : add spi
2025-04-25 14:35:26,193 [INFO] IPUIPlugin:80 - create IPUIPlugin
2025-04-25 14:35:26,193 [INFO] PluginManager:220 - loadIPPluginJar : add ts
2025-04-25 14:35:26,204 [INFO] IPUIPlugin:80 - create IPUIPlugin
2025-04-25 14:35:26,204 [INFO] PluginManager:220 - loadIPPluginJar : add ddr_ctrl_phy
2025-04-25 14:35:26,208 [INFO] IPUIPlugin:80 - create IPUIPlugin
2025-04-25 14:35:26,208 [INFO] PluginManager:220 - loadIPPluginJar : add stm32_wpan
2025-04-25 14:35:26,210 [INFO] IPUIPlugin:80 - create IPUIPlugin
2025-04-25 14:35:26,210 [INFO] PluginManager:220 - loadIPPluginJar : add dfsdm
2025-04-25 14:35:26,213 [INFO] IPUIPlugin:80 - create IPUIPlugin
2025-04-25 14:35:26,213 [INFO] PluginManager:220 - loadIPPluginJar : add resmgrutility
2025-04-25 14:35:26,215 [INFO] IPUIPlugin:80 - create IPUIPlugin
2025-04-25 14:35:26,215 [INFO] PluginManager:220 - loadIPPluginJar : add usart
2025-04-25 14:35:26,217 [INFO] IPUIPlugin:80 - create IPUIPlugin
2025-04-25 14:35:26,217 [INFO] PluginManager:220 - loadIPPluginJar : add dma3
2025-04-25 14:35:26,220 [INFO] IPUIPlugin:80 - create IPUIPlugin
2025-04-25 14:35:26,220 [INFO] PluginManager:220 - loadIPPluginJar : add fmc
2025-04-25 14:35:26,224 [INFO] IPUIPlugin:80 - create IPUIPlugin
2025-04-25 14:35:26,224 [INFO] PluginManager:220 - loadIPPluginJar : add gic
2025-04-25 14:35:26,229 [INFO] IPUIPlugin:80 - create IPUIPlugin
2025-04-25 14:35:26,229 [INFO] PluginManager:220 - loadIPPluginJar : add mdma
2025-04-25 14:35:26,272 [INFO] IPUIPlugin:80 - create IPUIPlugin
2025-04-25 14:35:26,272 [INFO] PluginManager:220 - loadIPPluginJar : add nvic
2025-04-25 14:35:26,275 [INFO] IPUIPlugin:80 - create IPUIPlugin
2025-04-25 14:35:26,275 [INFO] PluginManager:220 - loadIPPluginJar : add opamp
2025-04-25 14:35:26,296 [INFO] IPUIPlugin:80 - create IPUIPlugin
2025-04-25 14:35:26,298 [INFO] PluginManager:220 - loadIPPluginJar : add plateformsettings
2025-04-25 14:35:26,312 [INFO] IPUIPlugin:80 - create IPUIPlugin
2025-04-25 14:35:26,312 [INFO] PluginManager:220 - loadIPPluginJar : add freertos
2025-04-25 14:35:26,314 [INFO] IPUIPlugin:80 - create IPUIPlugin
2025-04-25 14:35:26,314 [INFO] PluginManager:220 - loadIPPluginJar : add tim
2025-04-25 14:35:26,317 [INFO] IPUIPlugin:80 - create IPUIPlugin
2025-04-25 14:35:26,317 [INFO] PluginManager:220 - loadIPPluginJar : add touchsensing
2025-04-25 14:35:26,318 [INFO] IPUIPlugin:80 - create IPUIPlugin
2025-04-25 14:35:26,318 [INFO] PluginManager:220 - loadIPPluginJar : add quadspi
2025-04-25 14:35:26,320 [INFO] IPUIPlugin:80 - create IPUIPlugin
2025-04-25 14:35:26,320 [INFO] PluginManager:220 - loadIPPluginJar : add ucpd
2025-04-25 14:35:26,322 [INFO] IPUIPlugin:80 - create IPUIPlugin
2025-04-25 14:35:26,322 [INFO] PluginManager:220 - loadIPPluginJar : add sai
2025-04-25 14:35:26,414 [FATAL] Updater:351 - Updater called before beeing initialized
2025-04-25 14:35:26,457 [INFO] RulesReader:64 - Compatibility file has been processed (301 Rules)
2025-04-25 14:35:26,464 [INFO] RulesReader:64 - Compatibility file has been processed (301 Rules)
2025-04-25 14:35:26,469 [INFO] CADModel:165 - CPN selected for project level
2025-04-25 14:35:26,469 [INFO] CADModel:114 - Register for checkConnection events
2025-04-25 14:35:26,469 [FATAL] Updater:351 - Updater called before beeing initialized
2025-04-25 14:35:26,469 [ERROR] CADModel:125 - Updater not yet initialized, retry later 
2025-04-25 14:35:26,720 [FATAL] Updater:351 - Updater called before beeing initialized
2025-04-25 14:35:26,721 [INFO] CADModel:165 - CPN selected for project level
2025-04-25 14:35:26,722 [INFO] CADModel:114 - Register for checkConnection events
2025-04-25 14:35:26,722 [FATAL] Updater:351 - Updater called before beeing initialized
2025-04-25 14:35:26,722 [ERROR] CADModel:125 - Updater not yet initialized, retry later 
2025-04-25 14:35:26,724 [FATAL] Updater:351 - Updater called before beeing initialized
2025-04-25 14:35:26,785 [FATAL] Updater:351 - Updater called before beeing initialized
2025-04-25 14:35:26,803 [INFO] DbMcusAds:53 - JSON generation date=Thu Mar 06 14:54:22 WET 2025 (1741272862204)
2025-04-25 14:35:26,803 [FATAL] Updater:351 - Updater called before beeing initialized
2025-04-25 14:35:26,932 [WARN] DetailPanel:346 - Failed to get advertising image, set to default
2025-04-25 14:35:27,113 [FATAL] Updater:351 - Updater called before beeing initialized
2025-04-25 14:35:27,115 [FATAL] Updater:351 - Updater called before beeing initialized
2025-04-25 14:35:27,115 [FATAL] Updater:351 - Updater called before beeing initialized
2025-04-25 14:35:27,115 [WARN] DetailPanel:346 - Failed to get advertising image, set to default
2025-04-25 14:35:27,115 [FATAL] Updater:351 - Updater called before beeing initialized
2025-04-25 14:35:27,185 [ERROR] Updater:1198 - MainUpdater not yet initialized. External WinMGr cannot be set.
2025-04-25 14:35:27,191 [INFO] Updater:1134 - Updater Version found : 6.14.0
2025-04-25 14:35:27,246 [INFO] ApplicationProperties:184 - Using Application install path: /opt/st/stm32cubeide_1.18.0/plugins/com.st.stm32cube.common.mx_6.14.0.202502271554
2025-04-25 14:35:28,069 [INFO] ThirdPartyUpdaterWithRetryManager:70 - Updater plugin not ready yet. [2/15]
2025-04-25 14:35:28,092 [INFO] MainUpdater:2872 - connection check result : 10
2025-04-25 14:35:28,093 [INFO] MainUpdater:289 - Updater Check For Update Now.
2025-04-25 14:35:28,093 [INFO] MicroXplorer:498 - Change Database Version : DB.6.0.140
2025-04-25 14:35:28,096 [INFO] McuFinderGlobals:63 - Set McuFinder mode to 2 (CubeIDE integrated)
2025-04-25 14:35:28,218 [INFO] UserAuth:486 - Internet connection configuration mode: 1
2025-04-25 14:35:28,391 [INFO] JxBrowserEngine:152 - Initiate JxBrowser Engine with user profile folder
2025-04-25 14:35:28,479 [INFO] CheckServerUpdateThread:120 - End of CheckServer Thread
2025-04-25 14:35:32,885 [WARN] PackLoader:240 - Cannot read IP mode file for STMicroelectronics.FP-SNS-MOTENVWB1.1.4.0
2025-04-25 14:35:32,933 [WARN] PackLoader:240 - Cannot read IP mode file for STMicroelectronics.FP-ATR-ASTRA1.2.0.2
2025-04-25 14:35:32,963 [WARN] PackLoader:240 - Cannot read IP mode file for STMicroelectronics.X-CUBE-SMBUS.2.1.0
2025-04-25 14:35:33,012 [WARN] PackLoader:240 - Cannot read IP mode file for STMicroelectronics.X-CUBE-WB05N.1.1.0
2025-04-25 14:35:33,051 [WARN] PackLoader:240 - Cannot read IP mode file for STMicroelectronics.X-CUBE-AZRTOS-F7.1.1.0
2025-04-25 14:35:33,084 [WARN] PackLoader:240 - Cannot read IP mode file for STMicroelectronics.FP-SNS-FLIGHT1.5.0.2
2025-04-25 14:35:33,139 [WARN] PackLoader:240 - Cannot read IP mode file for Infineon.AIROC-Wi-Fi-Bluetooth-STM32.1.7.0
2025-04-25 14:35:33,172 [WARN] PackLoader:240 - Cannot read IP mode file for STMicroelectronics.X-CUBE-DISPLAY.3.0.0
2025-04-25 14:35:33,194 [WARN] PackLoader:240 - Cannot read IP mode file for STMicroelectronics.X-CUBE-NFC10.1.0.0
2025-04-25 14:35:33,220 [WARN] PackLoader:240 - Cannot read IP mode file for STMicroelectronics.X-CUBE-BLEMGR.4.0.0
2025-04-25 14:35:33,249 [WARN] PackLoader:240 - Cannot read IP mode file for emotas.I-CUBE-CANOPEN.1.3.0
2025-04-25 14:35:33,281 [WARN] ConditionMgr:438 - getConditionDescription Invalid condition id : Cortex-A Device cause : null
2025-04-25 14:35:33,301 [WARN] ConditionMgr:1044 - genDependencies : Invalid condition id : Cortex-A Device cause : null
2025-04-25 14:35:33,301 [WARN] ConditionMgr:1044 - genDependencies : Invalid condition id : Cortex-A Device cause : null
2025-04-25 14:35:33,301 [WARN] ConditionMgr:1044 - genDependencies : Invalid condition id : Cortex-A Device cause : null
2025-04-25 14:35:33,331 [WARN] PackLoader:240 - Cannot read IP mode file for STMicroelectronics.X-CUBE-AI.10.0.0
2025-04-25 14:35:33,344 [WARN] PackLoader:240 - Cannot read IP mode file for STMicroelectronics.FP-SNS-SMARTAG2.1.2.0
2025-04-25 14:35:33,371 [WARN] PackLoader:240 - Cannot read IP mode file for STMicroelectronics.FP-SNS-FLIGHT1.5.1.0
2025-04-25 14:35:33,457 [WARN] PackLoader:240 - Cannot read IP mode file for STMicroelectronics.X-CUBE-MEMS1.11.1.0
2025-04-25 14:35:33,612 [INFO] LogOutputStream:77 - [STDOUT_REDIRECT] 1 : Invalid condition id : UX_CORESTACK_Condition cause : null
2025-04-25 14:35:33,612 [INFO] LogOutputStream:77 - [STDOUT_REDIRECT] 1 : Invalid condition id : UX_CORESTACK_Condition cause : null
2025-04-25 14:35:33,612 [INFO] LogOutputStream:77 - [STDOUT_REDIRECT] 1 : Invalid condition id : UX_CORESTACK_Condition cause : null
2025-04-25 14:35:33,613 [INFO] LogOutputStream:77 - [STDOUT_REDIRECT] 1 : Invalid condition id : UX_CORESTACK_Condition cause : null
2025-04-25 14:35:33,613 [INFO] LogOutputStream:77 - [STDOUT_REDIRECT] 1 : Invalid condition id : UX_CORESTACK_Condition cause : null
2025-04-25 14:35:33,618 [WARN] PackLoader:240 - Cannot read IP mode file for STMicroelectronics.X-CUBE-AZRTOS-WL.2.0.0
2025-04-25 14:35:33,642 [WARN] PackLoader:240 - Cannot read IP mode file for STMicroelectronics.FP-SNS-MOTENV1.5.0.0
2025-04-25 14:35:33,704 [WARN] PackLoader:240 - Cannot read IP mode file for WES.I-CUBE-Cesium.1.3.0
2025-04-25 14:35:33,727 [WARN] PackLoader:240 - Cannot read IP mode file for STMicroelectronics.X-CUBE-BLE2.3.3.0
2025-04-25 14:35:33,750 [WARN] PackLoader:240 - Cannot read IP mode file for STMicroelectronics.X-CUBE-NFC9.1.0.0
2025-04-25 14:35:33,766 [WARN] PackLoader:240 - Cannot read IP mode file for STMicroelectronics.X-CUBE-BLE1.7.1.0
2025-04-25 14:35:33,782 [WARN] PackLoader:240 - Cannot read IP mode file for wolfSSL.I-CUBE-wolfMQTT.1.19.2
2025-04-25 14:35:33,883 [WARN] PackLoader:240 - Cannot read IP mode file for STMicroelectronics.X-CUBE-MEMS1.11.2.0
2025-04-25 14:35:34,005 [WARN] PackLoader:240 - Cannot read IP mode file for STMicroelectronics.X-CUBE-AZRTOS-G0.1.1.0
2025-04-25 14:35:34,043 [WARN] PackLoader:240 - Cannot read IP mode file for STMicroelectronics.X-CUBE-SAFEA1.1.2.2
2025-04-25 14:35:34,102 [WARN] PackLoader:240 - Cannot read IP mode file for STMicroelectronics.X-CUBE-NFC4.3.0.0
2025-04-25 14:35:34,151 [WARN] PackLoader:240 - Cannot read IP mode file for EmbeddedOffice.I-CUBE-FS-RTOS.1.0.1
2025-04-25 14:35:34,208 [WARN] PackLoader:240 - Cannot read IP mode file for STMicroelectronics.X-CUBE-WB05N.2.0.0
2025-04-25 14:35:34,238 [WARN] PackLoader:240 - Cannot read IP mode file for wolfSSL.I-CUBE-wolfTPM.3.8.0
2025-04-25 14:35:34,374 [WARN] PackLoader:240 - Cannot read IP mode file for STMicroelectronics.X-CUBE-TCPP.4.2.0
2025-04-25 14:35:34,440 [WARN] PackLoader:240 - Cannot read IP mode file for RealThread.X-CUBE-RT-Thread_Nano.4.1.1
2025-04-25 14:35:34,476 [WARN] PackLoader:240 - Cannot read IP mode file for STMicroelectronics.FP-ATR-SIGFOX1.3.2.0
2025-04-25 14:35:34,512 [WARN] PackLoader:240 - Cannot read IP mode file for STMicroelectronics.X-CUBE-EEPRMA1.5.1.0
2025-04-25 14:35:34,664 [WARN] PackLoader:240 - Cannot read IP mode file for wolfSSL.I-CUBE-wolfSSL.5.7.6
2025-04-25 14:35:34,734 [WARN] PackLoader:240 - Cannot read IP mode file for ITTIA_DB.I-CUBE-ITTIADB.8.9.0
2025-04-25 14:35:34,784 [WARN] PackLoader:240 - Cannot read IP mode file for SEGGER.I-CUBE-embOS.1.3.1
2025-04-25 14:35:34,885 [WARN] PackLoader:240 - Cannot read IP mode file for STMicroelectronics.X-CUBE-ALGOBUILD.1.4.0
2025-04-25 14:35:35,074 [WARN] PackLoader:240 - Cannot read IP mode file for STMicroelectronics.X-CUBE-AZRTOS-F4.1.1.0
2025-04-25 14:35:35,133 [WARN] PackLoader:240 - Cannot read IP mode file for Avnet-IotConnect.X-CUBE-IoTC-DA16k-PMOD.1.0.0
2025-04-25 14:35:35,155 [WARN] PackLoader:240 - Cannot read IP mode file for STMicroelectronics.X-CUBE-ISPU.2.1.0
2025-04-25 14:35:35,297 [WARN] PackLoader:240 - Cannot read IP mode file for STMicroelectronics.X-CUBE-AZRTOS-L5.2.0.0
2025-04-25 14:35:35,406 [WARN] PackLoader:240 - Cannot read IP mode file for STMicroelectronics.X-CUBE-NFC6.3.1.0
2025-04-25 14:35:35,536 [WARN] PackLoader:240 - Cannot read IP mode file for STMicroelectronics.X-CUBE-DPower.1.2.0
2025-04-25 14:35:35,662 [WARN] PackLoader:240 - Cannot read IP mode file for STMicroelectronics.X-CUBE-FREERTOS.1.3.0
2025-04-25 14:35:35,824 [WARN] PackLoader:240 - Cannot read IP mode file for STMicroelectronics.X-CUBE-NFC7.1.0.1
2025-04-25 14:35:35,899 [WARN] PackLoader:240 - Cannot read IP mode file for STMicroelectronics.X-CUBE-DPower.1.3.0
2025-04-25 14:35:35,994 [WARN] ConditionMgr:438 - getConditionDescription Invalid condition id : LAN8742 Phy interface Condition cause : null
2025-04-25 14:35:35,994 [WARN] PackLoader:240 - Cannot read IP mode file for STMicroelectronics.X-CUBE-AZRTOS-L4.2.0.0
2025-04-25 14:35:35,995 [WARN] ConditionMgr:1044 - genDependencies : Invalid condition id : LAN8742 Phy interface Condition cause : null
2025-04-25 14:35:35,995 [WARN] ConditionMgr:1044 - genDependencies : Invalid condition id : LAN8742 Phy interface Condition cause : null
2025-04-25 14:35:35,995 [WARN] ConditionMgr:1044 - genDependencies : Invalid condition id : LAN8742 Phy interface Condition cause : null
2025-04-25 14:35:36,024 [WARN] PackLoader:240 - Cannot read IP mode file for STMicroelectronics.X-CUBE-SFXS2LP1.4.0.0
2025-04-25 14:35:36,079 [WARN] PackLoader:240 - Cannot read IP mode file for STMicroelectronics.X-CUBE-AZRTOS-H7.3.3.0
2025-04-25 14:35:36,131 [WARN] ConditionMgr:438 - getConditionDescription Invalid condition id : UX DEVICE CLASS RTOS Condition cause : null
2025-04-25 14:35:36,132 [WARN] ConditionMgr:438 - getConditionDescription Invalid condition id : UX DEVICE CLASS RTOS Condition cause : null
2025-04-25 14:35:36,133 [WARN] PackLoader:240 - Cannot read IP mode file for STMicroelectronics.X-CUBE-AZRTOS-WB.2.0.0
2025-04-25 14:35:36,133 [WARN] ConditionMgr:1044 - genDependencies : Invalid condition id : UX DEVICE CLASS RTOS Condition cause : null
2025-04-25 14:35:36,133 [WARN] ConditionMgr:1044 - genDependencies : Invalid condition id : UX DEVICE CLASS RTOS Condition cause : null
2025-04-25 14:35:36,133 [WARN] ConditionMgr:1044 - genDependencies : Invalid condition id : UX DEVICE CLASS RTOS Condition cause : null
2025-04-25 14:35:36,133 [WARN] ConditionMgr:1044 - genDependencies : Invalid condition id : UX DEVICE CLASS RTOS Condition cause : null
2025-04-25 14:35:36,133 [WARN] ConditionMgr:1044 - genDependencies : Invalid condition id : UX DEVICE CLASS RTOS Condition cause : null
2025-04-25 14:35:36,156 [WARN] PackLoader:240 - Cannot read IP mode file for STMicroelectronics.X-CUBE-GNSS1.7.0.1
2025-04-25 14:35:36,167 [WARN] PackLoader:240 - Cannot read IP mode file for STMicroelectronics.X-CUBE-TOUCHGFX.4.25.0
2025-04-25 14:35:36,216 [WARN] PackLoader:240 - Cannot read IP mode file for STMicroelectronics.FP-SNS-STBOX1.2.0.0
2025-04-25 14:35:36,247 [WARN] PackLoader:240 - Cannot read IP mode file for STMicroelectronics.X-CUBE-SUBG2.5.0.0
2025-04-25 14:35:36,317 [WARN] PackLoader:240 - Cannot read IP mode file for STMicroelectronics.X-CUBE-AZRTOS-H7RS.1.1.0
2025-04-25 14:35:36,334 [WARN] PackLoader:240 - Cannot read IP mode file for Cesanta.I-CUBE-Mongoose.7.13.0
2025-04-25 14:35:36,389 [WARN] PackLoader:240 - Cannot read IP mode file for STMicroelectronics.X-CUBE-AZRTOS-G4.2.0.0
2025-04-25 14:35:36,405 [WARN] PackLoader:240 - Cannot read IP mode file for wolfSSL.I-CUBE-wolfSSH.1.4.20
2025-04-25 14:35:36,467 [WARN] PackLoader:240 - Cannot read IP mode file for STMicroelectronics.X-CUBE-IPS.3.1.0
2025-04-25 14:35:36,485 [WARN] PackLoader:240 - Cannot read IP mode file for STMicroelectronics.X-CUBE-ALS.1.0.2
2025-04-25 14:35:36,534 [WARN] PackLoader:240 - Cannot read IP mode file for portGmbH.I-Cube-SoM-uGOAL.1.1.0
2025-04-25 14:35:36,597 [WARN] PackLoader:240 - Cannot read IP mode file for STMicroelectronics.X-CUBE-AZRTOS-H7RS.1.0.0
2025-04-25 14:35:36,627 [WARN] PackLoader:240 - Cannot read IP mode file for STMicroelectronics.X-CUBE-TOF1.3.4.2
2025-04-25 14:35:36,721 [WARN] PackLoader:240 - Cannot read IP mode file for STMicroelectronics.X-CUBE-TOF1.3.4.3
2025-04-25 14:35:36,726 [INFO] ThirdParty:978 - Integrity check success = true
2025-04-25 14:35:36,726 [INFO] IntegrityCheckThread:100 - exiting critical section [integrity check]
2025-04-25 14:35:36,726 [INFO] IntegrityCheckThread:103 - End integrity checks thread
2025-04-25 14:35:56,692 [INFO] WebApp:169 - Instantiating new browser for Auth
2025-04-25 14:36:05,044 [INFO] WebApp:463 - Apply proxy settings
2025-04-25 14:36:05,044 [INFO] WebApp:548 - Chromium requires no authentication
2025-04-25 14:36:05,413 [INFO] WebApp:491 - Direct internet connection detected
2025-04-25 14:36:05,783 [INFO] WebApp:894 - Register for checkConnection events
2025-04-25 14:36:05,784 [INFO] WebApp:463 - Apply proxy settings
2025-04-25 14:36:05,784 [INFO] WebApp:548 - Chromium requires no authentication
2025-04-25 14:36:05,842 [INFO] WebApp:491 - Direct internet connection detected
2025-04-25 14:36:08,441 [INFO] WebApp:225 - Starting web application
2025-04-25 14:36:08,441 [INFO] WebApp:593 - Web application path used /opt/st/stm32cubeide_1.18.0/plugins/com.st.stm32cube.common.mx_6.14.0.202502271554/db/plugins/mcufinder/reactClient1/index.html
2025-04-25 14:36:09,277 [INFO] WebApp:191 - Connection restablished
2025-04-25 14:36:10,236 [INFO] UserAuth:486 - Internet connection configuration mode: 1
2025-04-25 14:46:55,909 [ERROR] LogOutputStream:75 - [STDERR_REDIRECT] 
