2025-05-08 01:14:45,990 [INFO] Activator:176 - 


2025-05-08 01:14:45,993 [INFO] Activator:177 - !SESSION log4j initialized
2025-05-08 01:14:55,593 [INFO] LogOutputStream:77 - [STDOUT_REDIRECT] 
2025-05-08 01:14:58,224 [INFO] ApplicationProperties:184 - Using Application install path: /opt/st/stm32cubeide_1.18.0/plugins/com.st.stm32cube.common.mx_6.14.0.202502271554
2025-05-08 01:14:58,299 [INFO] DbMcusXml:78 - Set database path to: /opt/st/stm32cubeide_1.18.0/plugins/com.st.stm32cube.common.mx_6.14.0.202502271554//db//mcu/
2025-05-08 01:14:58,299 [INFO] ApiDb:274 - Set plugin database path to: /opt/st/stm32cubeide_1.18.0/plugins/com.st.stm32cube.common.mx_6.14.0.202502271554//db//plugins/boardmanager/
2025-05-08 01:14:58,299 [WARN] ApiDb:259 - Overriding images path with different value:  => /opt/st/stm32cubeide_1.18.0/plugins/com.st.stm32cube.common.mx_6.14.0.202502271554//db//plugins/mcufinder/images/
2025-05-08 01:14:58,355 [INFO] ApiDb:250 - Set database path to: /home/viny/.stmcufinder/plugins/mcufinder//mcu/
2025-05-08 01:14:58,356 [INFO] DbMcusAds:125 - Set database path to: /home/viny/.stmcufinder/plugins/mcufinder//mcu/
2025-05-08 01:14:58,358 [INFO] CrossReferenceDbSqlite:203 - Set database path to: /home/viny/.stmcufinder/plugins/mcufinder//mcu/cs/
2025-05-08 01:14:58,503 [INFO] RulesReader:64 - Compatibility file has been processed (301 Rules)
2025-05-08 01:14:58,700 [INFO] DbMcusXml:78 - Set database path to: /opt/st/stm32cubeide_1.18.0/plugins/com.st.stm32cube.common.mx_6.14.0.202502271554//db//mcu/
2025-05-08 01:14:58,700 [INFO] ApiDb:274 - Set plugin database path to: /opt/st/stm32cubeide_1.18.0/plugins/com.st.stm32cube.common.mx_6.14.0.202502271554//db//plugins/boardmanager/
2025-05-08 01:14:58,701 [INFO] ApiDb:261 - Set plugin images path to: /opt/st/stm32cubeide_1.18.0/plugins/com.st.stm32cube.common.mx_6.14.0.202502271554//db//plugins/mcufinder/images/
2025-05-08 01:14:58,701 [WARN] DbFile:41 - Overriding database path with different value: /home/viny/.stmcufinder/plugins/mcufinder/ => /home/viny/.stmcufinder/plugins/mcufinder
2025-05-08 01:14:58,701 [INFO] ApiDb:250 - Set database path to: /home/viny/.stmcufinder/plugins/mcufinder//mcu/
2025-05-08 01:14:58,701 [WARN] DbFile:41 - Overriding database path with different value: /home/viny/.stmcufinder/plugins/mcufinder/ => /home/viny/.stmcufinder/plugins/mcufinder
2025-05-08 01:14:58,701 [INFO] DbMcusAds:125 - Set database path to: /home/viny/.stmcufinder/plugins/mcufinder//mcu/
2025-05-08 01:14:58,701 [WARN] DbFile:41 - Overriding database path with different value: /home/viny/.stmcufinder/plugins/mcufinder/ => /home/viny/.stmcufinder/plugins/mcufinder
2025-05-08 01:14:58,701 [WARN] DbFile:41 - Overriding database path with different value: /home/viny/.stmcufinder/plugins/mcufinder/ => /home/viny/.stmcufinder/plugins/mcufinder
2025-05-08 01:14:58,701 [INFO] CrossReferenceDbSqlite:203 - Set database path to: /home/viny/.stmcufinder/plugins/mcufinder//mcu/cs/
2025-05-08 01:14:58,817 [INFO] MainPanel:272 - HeapMemory: 268435456
2025-05-08 01:14:59,135 [INFO] DbMcusXml:78 - Set database path to: /opt/st/stm32cubeide_1.18.0/plugins/com.st.stm32cube.common.mx_6.14.0.202502271554//db//mcu/
2025-05-08 01:14:59,136 [INFO] ApiDb:274 - Set plugin database path to: /opt/st/stm32cubeide_1.18.0/plugins/com.st.stm32cube.common.mx_6.14.0.202502271554//db//plugins/boardmanager/
2025-05-08 01:14:59,136 [INFO] ApiDb:261 - Set plugin images path to: /opt/st/stm32cubeide_1.18.0/plugins/com.st.stm32cube.common.mx_6.14.0.202502271554//db//plugins/mcufinder/images/
2025-05-08 01:14:59,136 [WARN] DbFile:41 - Overriding database path with different value: /home/viny/.stmcufinder/plugins/mcufinder/ => /home/viny/.stmcufinder/plugins/mcufinder
2025-05-08 01:14:59,136 [INFO] ApiDb:250 - Set database path to: /home/viny/.stmcufinder/plugins/mcufinder//mcu/
2025-05-08 01:14:59,136 [WARN] DbFile:41 - Overriding database path with different value: /home/viny/.stmcufinder/plugins/mcufinder/ => /home/viny/.stmcufinder/plugins/mcufinder
2025-05-08 01:14:59,136 [INFO] DbMcusAds:125 - Set database path to: /home/viny/.stmcufinder/plugins/mcufinder//mcu/
2025-05-08 01:14:59,136 [WARN] DbFile:41 - Overriding database path with different value: /home/viny/.stmcufinder/plugins/mcufinder/ => /home/viny/.stmcufinder/plugins/mcufinder
2025-05-08 01:14:59,137 [WARN] DbFile:41 - Overriding database path with different value: /home/viny/.stmcufinder/plugins/mcufinder/ => /home/viny/.stmcufinder/plugins/mcufinder
2025-05-08 01:14:59,137 [INFO] CrossReferenceDbSqlite:203 - Set database path to: /home/viny/.stmcufinder/plugins/mcufinder//mcu/cs/
2025-05-08 01:14:59,151 [INFO] ApplicationProperties:184 - Using Application install path: /opt/st/stm32cubeide_1.18.0/plugins/com.st.stm32cube.common.mx_6.14.0.202502271554
2025-05-08 01:14:59,152 [INFO] PluginManage:196 - Search for loadable plugins [exclusion list=, ]
2025-05-08 01:14:59,153 [INFO] PluginManage:310 - Check plugin analytics
2025-05-08 01:14:59,442 [INFO] AnalyticsPlugin:253 - Accepted Software Licenses: 
2025-05-08 01:14:59,442 [INFO] AnalyticsPlugin:255 - Accepted CMSIS Pack Licenses: 
2025-05-08 01:14:59,442 [INFO] AnalyticsPlugin:257 - Accepted Firmware Licenses: FW.H7.1.12.0,FW.F4.1.28.0
2025-05-08 01:14:59,444 [INFO] PluginManage:359 - Loaded plugin analytics (category:tool,tabindex:-1)
2025-05-08 01:14:59,444 [INFO] PluginManage:310 - Check plugin cadmodel
2025-05-08 01:14:59,500 [INFO] CADModel:105 - Init CAD model plugin
2025-05-08 01:14:59,501 [INFO] PluginManage:359 - Loaded plugin cadmodel (category:power,tabindex:5)
2025-05-08 01:14:59,501 [INFO] PluginManage:310 - Check plugin clock
2025-05-08 01:14:59,581 [INFO] PluginManage:359 - Loaded plugin clock (category:base,tabindex:2)
2025-05-08 01:14:59,582 [INFO] PluginManage:310 - Check plugin ddr
2025-05-08 01:14:59,594 [INFO] PluginManage:359 - Loaded plugin ddr (category:tool,tabindex:6)
2025-05-08 01:14:59,595 [INFO] PluginManage:310 - Check plugin filemanager
2025-05-08 01:14:59,976 [INFO] PluginManage:359 - Loaded plugin filemanager (category:base,tabindex:10)
2025-05-08 01:14:59,976 [INFO] PluginManage:310 - Check plugin ipmanager
2025-05-08 01:14:59,998 [INFO] PluginManage:359 - Loaded plugin ipmanager (category:base,tabindex:5)
2025-05-08 01:14:59,998 [INFO] PluginManage:310 - Check plugin lpbam
2025-05-08 01:15:00,029 [INFO] PluginManage:359 - Loaded plugin lpbam (category:base,tabindex:0)
2025-05-08 01:15:00,030 [INFO] PluginManage:310 - Check plugin memorymap
2025-05-08 01:15:00,092 [INFO] PluginManage:359 - Loaded plugin memorymap (category:base,tabindex:4)
2025-05-08 01:15:00,092 [INFO] PluginManage:310 - Check plugin pinoutandconfiguration
2025-05-08 01:15:00,118 [INFO] PluginManage:359 - Loaded plugin pinoutandconfiguration (category:base,tabindex:1)
2025-05-08 01:15:00,118 [INFO] PluginManage:310 - Check plugin pinoutconfig
2025-05-08 01:15:00,273 [WARN] SupportedApi:132 - Cannot load RTOS API schema: s4s-elt-must-match.1: The content of 'definitions' must match (annotation?, (simpleType | complexType)?, (unique | key | keyref)*)). A problem was found starting at: attribute.
2025-05-08 01:15:00,448 [INFO] PluginManage:359 - Loaded plugin pinoutconfig (category:base,tabindex:0)
2025-05-08 01:15:00,448 [INFO] PluginManage:310 - Check plugin power
2025-05-08 01:15:00,515 [INFO] PluginManage:359 - Loaded plugin power (category:power,tabindex:4)
2025-05-08 01:15:00,515 [INFO] PluginManage:310 - Check plugin projectmanager
2025-05-08 01:15:00,533 [INFO] PluginManage:359 - Loaded plugin projectmanager (category:projectmanager,tabindex:4)
2025-05-08 01:15:00,533 [INFO] PluginManage:310 - Check plugin rif
2025-05-08 01:15:00,569 [INFO] PluginManage:359 - Loaded plugin rif (category:base,tabindex:3)
2025-05-08 01:15:00,570 [INFO] PluginManage:310 - Check plugin thirdparty
2025-05-08 01:15:00,806 [INFO] PluginManage:359 - Loaded plugin thirdparty (category:base,tabindex:-1)
2025-05-08 01:15:00,806 [INFO] PluginManage:310 - Check plugin tools
2025-05-08 01:15:00,806 [WARN] IntegrityCheckThread:84 - waiting for thirdparty lock release [integrity check]
2025-05-08 01:15:00,806 [INFO] IntegrityCheckThread:86 - entering critical section [integrity check]
2025-05-08 01:15:00,807 [INFO] ThirdPartyUpdaterWithRetryManager:70 - Updater plugin not ready yet. [1/15]
2025-05-08 01:15:00,825 [INFO] PluginManage:359 - Loaded plugin tools (category:base,tabindex:7)
2025-05-08 01:15:00,826 [INFO] PluginManage:310 - Check plugin tutovideos
2025-05-08 01:15:01,234 [INFO] PluginManage:359 - Loaded plugin tutovideos (category:base,tabindex:-1)
2025-05-08 01:15:01,234 [INFO] PluginManage:310 - Check plugin updater
2025-05-08 01:15:01,286 [INFO] PluginManage:359 - Loaded plugin updater (category:base,tabindex:12)
2025-05-08 01:15:01,286 [INFO] PluginManage:310 - Check plugin userauth
2025-05-08 01:15:01,317 [INFO] UserAuth:118 - Init User Auth plugin
2025-05-08 01:15:01,317 [INFO] PluginManage:359 - Loaded plugin userauth (category:base,tabindex:14)
2025-05-08 01:15:01,317 [INFO] PluginManage:283 - PluginManage : Loaded plugins [18]
2025-05-08 01:15:01,748 [INFO] PinOutPanel:1589 - setPackage(No Configuration,No Configuration)
2025-05-08 01:15:01,845 [INFO] CADModel:165 - CPN selected for project level
2025-05-08 01:15:01,845 [INFO] CADModel:114 - Register for checkConnection events
2025-05-08 01:15:01,905 [INFO] IPUIPlugin:80 - create IPUIPlugin
2025-05-08 01:15:01,905 [INFO] PluginManager:220 - loadIPPluginJar : add adc
2025-05-08 01:15:01,907 [INFO] IPUIPlugin:80 - create IPUIPlugin
2025-05-08 01:15:01,907 [INFO] PluginManager:220 - loadIPPluginJar : add lorawan
2025-05-08 01:15:01,909 [INFO] IPUIPlugin:80 - create IPUIPlugin
2025-05-08 01:15:01,909 [INFO] PluginManager:220 - loadIPPluginJar : add tsc
2025-05-08 01:15:01,919 [INFO] IPUIPlugin:80 - create IPUIPlugin
2025-05-08 01:15:01,920 [INFO] PluginManager:220 - loadIPPluginJar : add ipddr
2025-05-08 01:15:01,928 [INFO] IPUIPlugin:80 - create IPUIPlugin
2025-05-08 01:15:01,928 [INFO] PluginManager:220 - loadIPPluginJar : add usbx
2025-05-08 01:15:01,934 [INFO] IPUIPlugin:80 - create IPUIPlugin
2025-05-08 01:15:01,934 [INFO] PluginManager:220 - loadIPPluginJar : add i2c
2025-05-08 01:15:01,937 [INFO] IPUIPlugin:80 - create IPUIPlugin
2025-05-08 01:15:01,938 [INFO] PluginManager:220 - loadIPPluginJar : add cryp
2025-05-08 01:15:01,941 [INFO] IPUIPlugin:80 - create IPUIPlugin
2025-05-08 01:15:01,941 [INFO] PluginManager:220 - loadIPPluginJar : add pdm2pcm
2025-05-08 01:15:01,944 [INFO] IPUIPlugin:80 - create IPUIPlugin
2025-05-08 01:15:01,945 [INFO] PluginManager:220 - loadIPPluginJar : add genericplugin
2025-05-08 01:15:01,947 [INFO] IPUIPlugin:80 - create IPUIPlugin
2025-05-08 01:15:01,947 [INFO] PluginManager:220 - loadIPPluginJar : add tracer_emb
2025-05-08 01:15:01,950 [INFO] IPUIPlugin:80 - create IPUIPlugin
2025-05-08 01:15:01,950 [INFO] PluginManager:220 - loadIPPluginJar : add i2s
2025-05-08 01:15:01,951 [INFO] IPUIPlugin:80 - create IPUIPlugin
2025-05-08 01:15:01,951 [INFO] PluginManager:220 - loadIPPluginJar : add comp
2025-05-08 01:15:01,954 [INFO] IPUIPlugin:80 - create IPUIPlugin
2025-05-08 01:15:01,954 [INFO] PluginManager:220 - loadIPPluginJar : add aes
2025-05-08 01:15:01,957 [INFO] IPUIPlugin:80 - create IPUIPlugin
2025-05-08 01:15:01,957 [INFO] PluginManager:220 - loadIPPluginJar : add hash
2025-05-08 01:15:01,961 [INFO] IPUIPlugin:80 - create IPUIPlugin
2025-05-08 01:15:01,961 [INFO] PluginManager:220 - loadIPPluginJar : add gtzc
2025-05-08 01:15:02,002 [INFO] IPUIPlugin:80 - create IPUIPlugin
2025-05-08 01:15:02,003 [INFO] PluginManager:220 - loadIPPluginJar : add gpio
2025-05-08 01:15:02,005 [INFO] IPUIPlugin:80 - create IPUIPlugin
2025-05-08 01:15:02,005 [INFO] PluginManager:220 - loadIPPluginJar : add extmemmanager
2025-05-08 01:15:02,006 [INFO] IPUIPlugin:80 - create IPUIPlugin
2025-05-08 01:15:02,007 [INFO] PluginManager:220 - loadIPPluginJar : add ltdc
2025-05-08 01:15:02,014 [INFO] IPUIPlugin:80 - create IPUIPlugin
2025-05-08 01:15:02,014 [INFO] PluginManager:220 - loadIPPluginJar : add linkedlist
2025-05-08 01:15:02,016 [INFO] IPUIPlugin:80 - create IPUIPlugin
2025-05-08 01:15:02,016 [INFO] PluginManager:220 - loadIPPluginJar : add openamp
2025-05-08 01:15:02,018 [INFO] IPUIPlugin:80 - create IPUIPlugin
2025-05-08 01:15:02,018 [INFO] PluginManager:220 - loadIPPluginJar : add can
2025-05-08 01:15:02,019 [INFO] IPUIPlugin:80 - create IPUIPlugin
2025-05-08 01:15:02,019 [INFO] PluginManager:220 - loadIPPluginJar : add radio
2025-05-08 01:15:02,021 [INFO] IPUIPlugin:80 - create IPUIPlugin
2025-05-08 01:15:02,021 [INFO] PluginManager:220 - loadIPPluginJar : add i3c
2025-05-08 01:15:02,061 [INFO] IPUIPlugin:80 - create IPUIPlugin
2025-05-08 01:15:02,061 [INFO] PluginManager:220 - loadIPPluginJar : add dma
2025-05-08 01:15:02,064 [INFO] IPUIPlugin:80 - create IPUIPlugin
2025-05-08 01:15:02,064 [INFO] PluginManager:220 - loadIPPluginJar : add gfxmmu
2025-05-08 01:15:02,065 [INFO] IPUIPlugin:80 - create IPUIPlugin
2025-05-08 01:15:02,065 [INFO] PluginManager:220 - loadIPPluginJar : add fatfs
2025-05-08 01:15:02,066 [INFO] IPUIPlugin:80 - create IPUIPlugin
2025-05-08 01:15:02,066 [INFO] PluginManager:220 - loadIPPluginJar : add spi
2025-05-08 01:15:02,068 [INFO] IPUIPlugin:80 - create IPUIPlugin
2025-05-08 01:15:02,068 [INFO] PluginManager:220 - loadIPPluginJar : add ts
2025-05-08 01:15:02,071 [INFO] IPUIPlugin:80 - create IPUIPlugin
2025-05-08 01:15:02,071 [INFO] PluginManager:220 - loadIPPluginJar : add ddr_ctrl_phy
2025-05-08 01:15:02,075 [INFO] IPUIPlugin:80 - create IPUIPlugin
2025-05-08 01:15:02,076 [INFO] PluginManager:220 - loadIPPluginJar : add stm32_wpan
2025-05-08 01:15:02,077 [INFO] IPUIPlugin:80 - create IPUIPlugin
2025-05-08 01:15:02,077 [INFO] PluginManager:220 - loadIPPluginJar : add dfsdm
2025-05-08 01:15:02,080 [INFO] IPUIPlugin:80 - create IPUIPlugin
2025-05-08 01:15:02,080 [INFO] PluginManager:220 - loadIPPluginJar : add resmgrutility
2025-05-08 01:15:02,082 [INFO] IPUIPlugin:80 - create IPUIPlugin
2025-05-08 01:15:02,082 [INFO] PluginManager:220 - loadIPPluginJar : add usart
2025-05-08 01:15:02,084 [INFO] IPUIPlugin:80 - create IPUIPlugin
2025-05-08 01:15:02,084 [INFO] PluginManager:220 - loadIPPluginJar : add dma3
2025-05-08 01:15:02,086 [INFO] IPUIPlugin:80 - create IPUIPlugin
2025-05-08 01:15:02,087 [INFO] PluginManager:220 - loadIPPluginJar : add fmc
2025-05-08 01:15:02,090 [INFO] IPUIPlugin:80 - create IPUIPlugin
2025-05-08 01:15:02,090 [INFO] PluginManager:220 - loadIPPluginJar : add gic
2025-05-08 01:15:02,095 [INFO] IPUIPlugin:80 - create IPUIPlugin
2025-05-08 01:15:02,095 [INFO] PluginManager:220 - loadIPPluginJar : add mdma
2025-05-08 01:15:02,143 [INFO] IPUIPlugin:80 - create IPUIPlugin
2025-05-08 01:15:02,143 [INFO] PluginManager:220 - loadIPPluginJar : add nvic
2025-05-08 01:15:02,146 [INFO] IPUIPlugin:80 - create IPUIPlugin
2025-05-08 01:15:02,146 [INFO] PluginManager:220 - loadIPPluginJar : add opamp
2025-05-08 01:15:02,158 [INFO] IPUIPlugin:80 - create IPUIPlugin
2025-05-08 01:15:02,160 [INFO] PluginManager:220 - loadIPPluginJar : add plateformsettings
2025-05-08 01:15:02,174 [INFO] IPUIPlugin:80 - create IPUIPlugin
2025-05-08 01:15:02,174 [INFO] PluginManager:220 - loadIPPluginJar : add freertos
2025-05-08 01:15:02,176 [INFO] IPUIPlugin:80 - create IPUIPlugin
2025-05-08 01:15:02,176 [INFO] PluginManager:220 - loadIPPluginJar : add tim
2025-05-08 01:15:02,179 [INFO] IPUIPlugin:80 - create IPUIPlugin
2025-05-08 01:15:02,179 [INFO] PluginManager:220 - loadIPPluginJar : add touchsensing
2025-05-08 01:15:02,180 [INFO] IPUIPlugin:80 - create IPUIPlugin
2025-05-08 01:15:02,180 [INFO] PluginManager:220 - loadIPPluginJar : add quadspi
2025-05-08 01:15:02,181 [INFO] IPUIPlugin:80 - create IPUIPlugin
2025-05-08 01:15:02,181 [INFO] PluginManager:220 - loadIPPluginJar : add ucpd
2025-05-08 01:15:02,183 [INFO] IPUIPlugin:80 - create IPUIPlugin
2025-05-08 01:15:02,183 [INFO] PluginManager:220 - loadIPPluginJar : add sai
2025-05-08 01:15:02,275 [FATAL] Updater:351 - Updater called before beeing initialized
2025-05-08 01:15:02,329 [INFO] RulesReader:64 - Compatibility file has been processed (301 Rules)
2025-05-08 01:15:02,338 [INFO] RulesReader:64 - Compatibility file has been processed (301 Rules)
2025-05-08 01:15:02,345 [INFO] CADModel:165 - CPN selected for project level
2025-05-08 01:15:02,346 [INFO] CADModel:114 - Register for checkConnection events
2025-05-08 01:15:02,346 [FATAL] Updater:351 - Updater called before beeing initialized
2025-05-08 01:15:02,346 [ERROR] CADModel:125 - Updater not yet initialized, retry later 
2025-05-08 01:15:02,647 [FATAL] Updater:351 - Updater called before beeing initialized
2025-05-08 01:15:02,649 [INFO] CADModel:165 - CPN selected for project level
2025-05-08 01:15:02,649 [INFO] CADModel:114 - Register for checkConnection events
2025-05-08 01:15:02,649 [FATAL] Updater:351 - Updater called before beeing initialized
2025-05-08 01:15:02,649 [ERROR] CADModel:125 - Updater not yet initialized, retry later 
2025-05-08 01:15:02,651 [FATAL] Updater:351 - Updater called before beeing initialized
2025-05-08 01:15:02,724 [FATAL] Updater:351 - Updater called before beeing initialized
2025-05-08 01:15:02,740 [INFO] DbMcusAds:53 - JSON generation date=Thu Mar 06 14:54:22 WET 2025 (1741272862204)
2025-05-08 01:15:02,740 [FATAL] Updater:351 - Updater called before beeing initialized
2025-05-08 01:15:02,863 [WARN] DetailPanel:346 - Failed to get advertising image, set to default
2025-05-08 01:15:03,053 [FATAL] Updater:351 - Updater called before beeing initialized
2025-05-08 01:15:03,055 [FATAL] Updater:351 - Updater called before beeing initialized
2025-05-08 01:15:03,055 [FATAL] Updater:351 - Updater called before beeing initialized
2025-05-08 01:15:03,055 [WARN] DetailPanel:346 - Failed to get advertising image, set to default
2025-05-08 01:15:03,055 [FATAL] Updater:351 - Updater called before beeing initialized
2025-05-08 01:15:03,136 [ERROR] Updater:1198 - MainUpdater not yet initialized. External WinMGr cannot be set.
2025-05-08 01:15:03,141 [INFO] Updater:1134 - Updater Version found : 6.14.0
2025-05-08 01:15:03,199 [INFO] ApplicationProperties:184 - Using Application install path: /opt/st/stm32cubeide_1.18.0/plugins/com.st.stm32cube.common.mx_6.14.0.202502271554
2025-05-08 01:15:03,807 [INFO] ThirdPartyUpdaterWithRetryManager:70 - Updater plugin not ready yet. [2/15]
2025-05-08 01:15:03,995 [INFO] MainUpdater:2872 - connection check result : 10
2025-05-08 01:15:03,995 [INFO] MainUpdater:3566 - Updater definition file requires update
2025-05-08 01:15:03,996 [INFO] MainUpdater:289 - Updater Check For Update Now.
2025-05-08 01:15:03,996 [INFO] MicroXplorer:498 - Change Database Version : DB.6.0.140
2025-05-08 01:15:03,999 [INFO] McuFinderGlobals:63 - Set McuFinder mode to 2 (CubeIDE integrated)
2025-05-08 01:15:04,024 [INFO] UserAuth:486 - Internet connection configuration mode: 1
2025-05-08 01:15:04,141 [INFO] JxBrowserEngine:152 - Initiate JxBrowser Engine with user profile folder
2025-05-08 01:15:04,183 [INFO] ServerAccessManage:473 - Download File updaters.zip
2025-05-08 01:15:04,271 [INFO] FileExtend:242 - Unzip File : updaters.zip
2025-05-08 01:15:04,271 [INFO] FileExtend:257 - Standard Zip Deflate
2025-05-08 01:15:04,707 [INFO] ServerAccessManage:473 - Download File PacksControlFlags.xml
2025-05-08 01:15:05,018 [INFO] ServerAccessManage:473 - Download File cubemx.pidx
2025-05-08 01:15:06,272 [INFO] ServerAccessManage:473 - Download File STMicroelectronics.X-CUBE-FREERTOS.pdsc
2025-05-08 01:15:06,807 [WARN] MainUpdater:1193 - Updater busy. Cannot search thirdparties
2025-05-08 01:15:06,808 [INFO] ThirdPartyUpdaterWithRetryManager:96 - Updater plugin is busy. [1/15]
2025-05-08 01:15:09,808 [WARN] MainUpdater:1193 - Updater busy. Cannot search thirdparties
2025-05-08 01:15:09,808 [INFO] ThirdPartyUpdaterWithRetryManager:96 - Updater plugin is busy. [2/15]
2025-05-08 01:15:11,737 [WARN] PackLoader:240 - Cannot read IP mode file for STMicroelectronics.X-CUBE-FREERTOS.1.3.1
2025-05-08 01:15:11,739 [INFO] PopulateThirdPartyThread:66 - Ending populate Thread
2025-05-08 01:15:11,740 [INFO] ThirdParty:1030 - CMSIS Pack Vendor :STMicroelectronics X-CUBE-FREERTOS 1.3.1
2025-05-08 01:15:11,740 [INFO] LoadServerUpdatesThread:375 - End of LoadServerUpdate Thread
2025-05-08 01:15:11,812 [INFO] CheckServerUpdateThread:120 - End of CheckServer Thread
2025-05-08 01:15:13,897 [WARN] PackLoader:240 - Cannot read IP mode file for STMicroelectronics.FP-SNS-MOTENVWB1.1.4.0
2025-05-08 01:15:13,933 [WARN] PackLoader:240 - Cannot read IP mode file for STMicroelectronics.FP-ATR-ASTRA1.2.0.2
2025-05-08 01:15:13,958 [WARN] PackLoader:240 - Cannot read IP mode file for STMicroelectronics.X-CUBE-SMBUS.2.1.0
2025-05-08 01:15:14,002 [WARN] PackLoader:240 - Cannot read IP mode file for STMicroelectronics.X-CUBE-WB05N.1.1.0
2025-05-08 01:15:14,079 [WARN] PackLoader:240 - Cannot read IP mode file for STMicroelectronics.X-CUBE-AZRTOS-F7.1.1.0
2025-05-08 01:15:14,117 [WARN] PackLoader:240 - Cannot read IP mode file for STMicroelectronics.FP-SNS-FLIGHT1.5.0.2
2025-05-08 01:15:14,186 [WARN] PackLoader:240 - Cannot read IP mode file for Infineon.AIROC-Wi-Fi-Bluetooth-STM32.1.7.0
2025-05-08 01:15:14,227 [WARN] PackLoader:240 - Cannot read IP mode file for STMicroelectronics.X-CUBE-DISPLAY.3.0.0
2025-05-08 01:15:14,277 [WARN] PackLoader:240 - Cannot read IP mode file for STMicroelectronics.X-CUBE-NFC10.1.0.0
2025-05-08 01:15:14,308 [WARN] PackLoader:240 - Cannot read IP mode file for STMicroelectronics.X-CUBE-BLEMGR.4.0.0
2025-05-08 01:15:14,323 [WARN] PackLoader:240 - Cannot read IP mode file for emotas.I-CUBE-CANOPEN.1.3.0
2025-05-08 01:15:14,343 [WARN] ConditionMgr:438 - getConditionDescription Invalid condition id : Cortex-A Device cause : null
2025-05-08 01:15:14,370 [WARN] ConditionMgr:1044 - genDependencies : Invalid condition id : Cortex-A Device cause : null
2025-05-08 01:15:14,370 [WARN] ConditionMgr:1044 - genDependencies : Invalid condition id : Cortex-A Device cause : null
2025-05-08 01:15:14,370 [WARN] ConditionMgr:1044 - genDependencies : Invalid condition id : Cortex-A Device cause : null
2025-05-08 01:15:14,440 [WARN] PackLoader:240 - Cannot read IP mode file for STMicroelectronics.X-CUBE-AI.10.0.0
2025-05-08 01:15:14,494 [WARN] PackLoader:240 - Cannot read IP mode file for STMicroelectronics.FP-SNS-SMARTAG2.1.2.0
2025-05-08 01:15:14,548 [WARN] PackLoader:240 - Cannot read IP mode file for STMicroelectronics.FP-SNS-FLIGHT1.5.1.0
2025-05-08 01:15:14,689 [WARN] PackLoader:240 - Cannot read IP mode file for STMicroelectronics.X-CUBE-MEMS1.11.1.0
2025-05-08 01:15:14,850 [INFO] LogOutputStream:77 - [STDOUT_REDIRECT] 1 : Invalid condition id : UX_CORESTACK_Condition cause : null
2025-05-08 01:15:14,851 [INFO] LogOutputStream:77 - [STDOUT_REDIRECT] 1 : Invalid condition id : UX_CORESTACK_Condition cause : null
2025-05-08 01:15:14,851 [INFO] LogOutputStream:77 - [STDOUT_REDIRECT] 1 : Invalid condition id : UX_CORESTACK_Condition cause : null
2025-05-08 01:15:14,851 [INFO] LogOutputStream:77 - [STDOUT_REDIRECT] 1 : Invalid condition id : UX_CORESTACK_Condition cause : null
2025-05-08 01:15:14,851 [INFO] LogOutputStream:77 - [STDOUT_REDIRECT] 1 : Invalid condition id : UX_CORESTACK_Condition cause : null
2025-05-08 01:15:14,854 [WARN] PackLoader:240 - Cannot read IP mode file for STMicroelectronics.X-CUBE-AZRTOS-WL.2.0.0
2025-05-08 01:15:14,887 [WARN] PackLoader:240 - Cannot read IP mode file for STMicroelectronics.FP-SNS-MOTENV1.5.0.0
2025-05-08 01:15:14,939 [WARN] PackLoader:240 - Cannot read IP mode file for WES.I-CUBE-Cesium.1.3.0
2025-05-08 01:15:15,004 [WARN] PackLoader:240 - Cannot read IP mode file for STMicroelectronics.X-CUBE-BLE2.3.3.0
2025-05-08 01:15:15,034 [WARN] PackLoader:240 - Cannot read IP mode file for STMicroelectronics.X-CUBE-NFC9.1.0.0
2025-05-08 01:15:15,088 [WARN] PackLoader:240 - Cannot read IP mode file for STMicroelectronics.X-CUBE-BLE1.7.1.0
2025-05-08 01:15:15,113 [WARN] PackLoader:240 - Cannot read IP mode file for wolfSSL.I-CUBE-wolfMQTT.1.19.2
2025-05-08 01:15:15,221 [WARN] PackLoader:240 - Cannot read IP mode file for STMicroelectronics.X-CUBE-MEMS1.11.2.0
2025-05-08 01:15:15,357 [WARN] PackLoader:240 - Cannot read IP mode file for STMicroelectronics.X-CUBE-AZRTOS-G0.1.1.0
2025-05-08 01:15:15,400 [WARN] PackLoader:240 - Cannot read IP mode file for STMicroelectronics.X-CUBE-SAFEA1.1.2.2
2025-05-08 01:15:15,458 [WARN] PackLoader:240 - Cannot read IP mode file for STMicroelectronics.X-CUBE-NFC4.3.0.0
2025-05-08 01:15:15,570 [WARN] PackLoader:240 - Cannot read IP mode file for EmbeddedOffice.I-CUBE-FS-RTOS.1.0.1
2025-05-08 01:15:16,095 [WARN] PackLoader:240 - Cannot read IP mode file for STMicroelectronics.X-CUBE-WB05N.2.0.0
2025-05-08 01:15:16,184 [WARN] PackLoader:240 - Cannot read IP mode file for wolfSSL.I-CUBE-wolfTPM.3.8.0
2025-05-08 01:15:16,232 [WARN] PackLoader:240 - Cannot read IP mode file for STMicroelectronics.X-CUBE-TCPP.4.2.0
2025-05-08 01:15:16,257 [WARN] PackLoader:240 - Cannot read IP mode file for RealThread.X-CUBE-RT-Thread_Nano.4.1.1
2025-05-08 01:15:16,300 [WARN] PackLoader:240 - Cannot read IP mode file for STMicroelectronics.FP-ATR-SIGFOX1.3.2.0
2025-05-08 01:15:16,344 [WARN] PackLoader:240 - Cannot read IP mode file for STMicroelectronics.X-CUBE-EEPRMA1.5.1.0
2025-05-08 01:15:16,362 [WARN] PackLoader:240 - Cannot read IP mode file for wolfSSL.I-CUBE-wolfSSL.5.7.6
2025-05-08 01:15:16,412 [WARN] PackLoader:240 - Cannot read IP mode file for ITTIA_DB.I-CUBE-ITTIADB.8.9.0
2025-05-08 01:15:16,460 [WARN] PackLoader:240 - Cannot read IP mode file for SEGGER.I-CUBE-embOS.1.3.1
2025-05-08 01:15:16,526 [WARN] PackLoader:240 - Cannot read IP mode file for STMicroelectronics.X-CUBE-ALGOBUILD.1.4.0
2025-05-08 01:15:16,607 [WARN] PackLoader:240 - Cannot read IP mode file for STMicroelectronics.X-CUBE-AZRTOS-F4.1.1.0
2025-05-08 01:15:16,641 [WARN] PackLoader:240 - Cannot read IP mode file for Avnet-IotConnect.X-CUBE-IoTC-DA16k-PMOD.1.0.0
2025-05-08 01:15:16,672 [WARN] PackLoader:240 - Cannot read IP mode file for STMicroelectronics.X-CUBE-ISPU.2.1.0
2025-05-08 01:15:16,777 [WARN] PackLoader:240 - Cannot read IP mode file for STMicroelectronics.X-CUBE-AZRTOS-L5.2.0.0
2025-05-08 01:15:16,832 [WARN] PackLoader:240 - Cannot read IP mode file for STMicroelectronics.X-CUBE-NFC6.3.1.0
2025-05-08 01:15:16,881 [WARN] PackLoader:240 - Cannot read IP mode file for STMicroelectronics.X-CUBE-DPower.1.2.0
2025-05-08 01:15:16,884 [WARN] PackLoader:240 - Cannot read IP mode file for STMicroelectronics.X-CUBE-FREERTOS.1.3.1
2025-05-08 01:15:16,894 [WARN] PackLoader:240 - Cannot read IP mode file for STMicroelectronics.X-CUBE-FREERTOS.1.3.0
2025-05-08 01:15:16,941 [WARN] PackLoader:240 - Cannot read IP mode file for STMicroelectronics.X-CUBE-NFC7.1.0.1
2025-05-08 01:15:16,986 [WARN] PackLoader:240 - Cannot read IP mode file for STMicroelectronics.X-CUBE-DPower.1.3.0
2025-05-08 01:15:17,059 [WARN] ConditionMgr:438 - getConditionDescription Invalid condition id : LAN8742 Phy interface Condition cause : null
2025-05-08 01:15:17,060 [WARN] PackLoader:240 - Cannot read IP mode file for STMicroelectronics.X-CUBE-AZRTOS-L4.2.0.0
2025-05-08 01:15:17,060 [WARN] ConditionMgr:1044 - genDependencies : Invalid condition id : LAN8742 Phy interface Condition cause : null
2025-05-08 01:15:17,061 [WARN] ConditionMgr:1044 - genDependencies : Invalid condition id : LAN8742 Phy interface Condition cause : null
2025-05-08 01:15:17,061 [WARN] ConditionMgr:1044 - genDependencies : Invalid condition id : LAN8742 Phy interface Condition cause : null
2025-05-08 01:15:17,089 [WARN] PackLoader:240 - Cannot read IP mode file for STMicroelectronics.X-CUBE-SFXS2LP1.4.0.0
2025-05-08 01:15:17,180 [WARN] PackLoader:240 - Cannot read IP mode file for STMicroelectronics.X-CUBE-AZRTOS-H7.3.3.0
2025-05-08 01:15:17,305 [WARN] ConditionMgr:438 - getConditionDescription Invalid condition id : UX DEVICE CLASS RTOS Condition cause : null
2025-05-08 01:15:17,305 [WARN] ConditionMgr:438 - getConditionDescription Invalid condition id : UX DEVICE CLASS RTOS Condition cause : null
2025-05-08 01:15:17,307 [WARN] PackLoader:240 - Cannot read IP mode file for STMicroelectronics.X-CUBE-AZRTOS-WB.2.0.0
2025-05-08 01:15:17,307 [WARN] ConditionMgr:1044 - genDependencies : Invalid condition id : UX DEVICE CLASS RTOS Condition cause : null
2025-05-08 01:15:17,307 [WARN] ConditionMgr:1044 - genDependencies : Invalid condition id : UX DEVICE CLASS RTOS Condition cause : null
2025-05-08 01:15:17,307 [WARN] ConditionMgr:1044 - genDependencies : Invalid condition id : UX DEVICE CLASS RTOS Condition cause : null
2025-05-08 01:15:17,307 [WARN] ConditionMgr:1044 - genDependencies : Invalid condition id : UX DEVICE CLASS RTOS Condition cause : null
2025-05-08 01:15:17,307 [WARN] ConditionMgr:1044 - genDependencies : Invalid condition id : UX DEVICE CLASS RTOS Condition cause : null
2025-05-08 01:15:17,358 [WARN] PackLoader:240 - Cannot read IP mode file for STMicroelectronics.X-CUBE-GNSS1.7.0.1
2025-05-08 01:15:17,424 [WARN] PackLoader:240 - Cannot read IP mode file for STMicroelectronics.X-CUBE-TOUCHGFX.4.25.0
2025-05-08 01:15:17,473 [WARN] PackLoader:240 - Cannot read IP mode file for STMicroelectronics.FP-SNS-STBOX1.2.0.0
2025-05-08 01:15:17,558 [WARN] PackLoader:240 - Cannot read IP mode file for STMicroelectronics.X-CUBE-SUBG2.5.0.0
2025-05-08 01:15:17,647 [WARN] PackLoader:240 - Cannot read IP mode file for STMicroelectronics.X-CUBE-AZRTOS-H7RS.1.1.0
2025-05-08 01:15:17,829 [WARN] PackLoader:240 - Cannot read IP mode file for Cesanta.I-CUBE-Mongoose.7.13.0
2025-05-08 01:15:18,038 [WARN] PackLoader:240 - Cannot read IP mode file for STMicroelectronics.X-CUBE-AZRTOS-G4.2.0.0
2025-05-08 01:15:18,137 [WARN] PackLoader:240 - Cannot read IP mode file for wolfSSL.I-CUBE-wolfSSH.1.4.20
2025-05-08 01:15:18,222 [WARN] PackLoader:240 - Cannot read IP mode file for STMicroelectronics.X-CUBE-NFC7.2.0.0
2025-05-08 01:15:18,288 [WARN] PackLoader:240 - Cannot read IP mode file for STMicroelectronics.X-CUBE-IPS.3.1.0
2025-05-08 01:15:18,388 [WARN] PackLoader:240 - Cannot read IP mode file for STMicroelectronics.X-CUBE-ALS.1.0.2
2025-05-08 01:15:18,473 [WARN] PackLoader:240 - Cannot read IP mode file for portGmbH.I-Cube-SoM-uGOAL.1.1.0
2025-05-08 01:15:18,868 [WARN] PackLoader:240 - Cannot read IP mode file for STMicroelectronics.X-CUBE-AZRTOS-H7RS.1.0.0
2025-05-08 01:15:19,082 [WARN] PackLoader:240 - Cannot read IP mode file for STMicroelectronics.X-CUBE-TOF1.3.4.2
2025-05-08 01:15:19,159 [WARN] PackLoader:240 - Cannot read IP mode file for STMicroelectronics.X-CUBE-TOF1.3.4.3
2025-05-08 01:15:19,164 [INFO] ThirdParty:978 - Integrity check success = true
2025-05-08 01:15:19,164 [INFO] IntegrityCheckThread:100 - exiting critical section [integrity check]
2025-05-08 01:15:19,164 [INFO] IntegrityCheckThread:103 - End integrity checks thread
2025-05-08 01:15:33,204 [INFO] WebApp:169 - Instantiating new browser for Auth
2025-05-08 01:15:40,446 [INFO] WebApp:463 - Apply proxy settings
2025-05-08 01:15:40,446 [INFO] WebApp:548 - Chromium requires no authentication
2025-05-08 01:15:40,637 [INFO] WebApp:491 - Direct internet connection detected
2025-05-08 01:15:41,010 [INFO] WebApp:894 - Register for checkConnection events
2025-05-08 01:15:41,011 [INFO] WebApp:463 - Apply proxy settings
2025-05-08 01:15:41,011 [INFO] WebApp:548 - Chromium requires no authentication
2025-05-08 01:15:41,011 [INFO] WebApp:491 - Direct internet connection detected
2025-05-08 01:15:43,734 [INFO] WebApp:225 - Starting web application
2025-05-08 01:15:43,734 [INFO] WebApp:593 - Web application path used /opt/st/stm32cubeide_1.18.0/plugins/com.st.stm32cube.common.mx_6.14.0.202502271554/db/plugins/mcufinder/reactClient1/index.html
2025-05-08 01:15:43,983 [INFO] WebApp:191 - Connection restablished
2025-05-08 01:15:45,493 [INFO] UserAuth:486 - Internet connection configuration mode: 1
2025-05-08 02:15:20,014 [ERROR] LogOutputStream:75 - [STDERR_REDIRECT] 
