2025-05-03 21:20:02,813 [INFO] Activator:176 - 


2025-05-03 21:20:02,815 [INFO] Activator:177 - !SESSION log4j initialized
2025-05-03 21:20:11,849 [INFO] LogOutputStream:77 - [STDOUT_REDIRECT] 
2025-05-03 21:20:14,297 [INFO] ApplicationProperties:184 - Using Application install path: /opt/st/stm32cubeide_1.18.0/plugins/com.st.stm32cube.common.mx_6.14.0.202502271554
2025-05-03 21:20:14,372 [INFO] DbMcusXml:78 - Set database path to: /opt/st/stm32cubeide_1.18.0/plugins/com.st.stm32cube.common.mx_6.14.0.202502271554//db//mcu/
2025-05-03 21:20:14,373 [INFO] ApiDb:274 - Set plugin database path to: /opt/st/stm32cubeide_1.18.0/plugins/com.st.stm32cube.common.mx_6.14.0.202502271554//db//plugins/boardmanager/
2025-05-03 21:20:14,373 [WARN] ApiDb:259 - Overriding images path with different value:  => /opt/st/stm32cubeide_1.18.0/plugins/com.st.stm32cube.common.mx_6.14.0.202502271554//db//plugins/mcufinder/images/
2025-05-03 21:20:14,420 [INFO] ApiDb:250 - Set database path to: /home/viny/.stmcufinder/plugins/mcufinder//mcu/
2025-05-03 21:20:14,421 [INFO] DbMcusAds:125 - Set database path to: /home/viny/.stmcufinder/plugins/mcufinder//mcu/
2025-05-03 21:20:14,424 [INFO] CrossReferenceDbSqlite:203 - Set database path to: /home/viny/.stmcufinder/plugins/mcufinder//mcu/cs/
2025-05-03 21:20:14,606 [INFO] RulesReader:64 - Compatibility file has been processed (301 Rules)
2025-05-03 21:20:14,776 [INFO] DbMcusXml:78 - Set database path to: /opt/st/stm32cubeide_1.18.0/plugins/com.st.stm32cube.common.mx_6.14.0.202502271554//db//mcu/
2025-05-03 21:20:14,776 [INFO] ApiDb:274 - Set plugin database path to: /opt/st/stm32cubeide_1.18.0/plugins/com.st.stm32cube.common.mx_6.14.0.202502271554//db//plugins/boardmanager/
2025-05-03 21:20:14,776 [INFO] ApiDb:261 - Set plugin images path to: /opt/st/stm32cubeide_1.18.0/plugins/com.st.stm32cube.common.mx_6.14.0.202502271554//db//plugins/mcufinder/images/
2025-05-03 21:20:14,777 [WARN] DbFile:41 - Overriding database path with different value: /home/viny/.stmcufinder/plugins/mcufinder/ => /home/viny/.stmcufinder/plugins/mcufinder
2025-05-03 21:20:14,777 [INFO] ApiDb:250 - Set database path to: /home/viny/.stmcufinder/plugins/mcufinder//mcu/
2025-05-03 21:20:14,777 [WARN] DbFile:41 - Overriding database path with different value: /home/viny/.stmcufinder/plugins/mcufinder/ => /home/viny/.stmcufinder/plugins/mcufinder
2025-05-03 21:20:14,777 [INFO] DbMcusAds:125 - Set database path to: /home/viny/.stmcufinder/plugins/mcufinder//mcu/
2025-05-03 21:20:14,777 [WARN] DbFile:41 - Overriding database path with different value: /home/viny/.stmcufinder/plugins/mcufinder/ => /home/viny/.stmcufinder/plugins/mcufinder
2025-05-03 21:20:14,777 [WARN] DbFile:41 - Overriding database path with different value: /home/viny/.stmcufinder/plugins/mcufinder/ => /home/viny/.stmcufinder/plugins/mcufinder
2025-05-03 21:20:14,777 [INFO] CrossReferenceDbSqlite:203 - Set database path to: /home/viny/.stmcufinder/plugins/mcufinder//mcu/cs/
2025-05-03 21:20:14,911 [INFO] MainPanel:272 - HeapMemory: 268435456
2025-05-03 21:20:15,240 [INFO] DbMcusXml:78 - Set database path to: /opt/st/stm32cubeide_1.18.0/plugins/com.st.stm32cube.common.mx_6.14.0.202502271554//db//mcu/
2025-05-03 21:20:15,240 [INFO] ApiDb:274 - Set plugin database path to: /opt/st/stm32cubeide_1.18.0/plugins/com.st.stm32cube.common.mx_6.14.0.202502271554//db//plugins/boardmanager/
2025-05-03 21:20:15,240 [INFO] ApiDb:261 - Set plugin images path to: /opt/st/stm32cubeide_1.18.0/plugins/com.st.stm32cube.common.mx_6.14.0.202502271554//db//plugins/mcufinder/images/
2025-05-03 21:20:15,240 [WARN] DbFile:41 - Overriding database path with different value: /home/viny/.stmcufinder/plugins/mcufinder/ => /home/viny/.stmcufinder/plugins/mcufinder
2025-05-03 21:20:15,240 [INFO] ApiDb:250 - Set database path to: /home/viny/.stmcufinder/plugins/mcufinder//mcu/
2025-05-03 21:20:15,240 [WARN] DbFile:41 - Overriding database path with different value: /home/viny/.stmcufinder/plugins/mcufinder/ => /home/viny/.stmcufinder/plugins/mcufinder
2025-05-03 21:20:15,240 [INFO] DbMcusAds:125 - Set database path to: /home/viny/.stmcufinder/plugins/mcufinder//mcu/
2025-05-03 21:20:15,240 [WARN] DbFile:41 - Overriding database path with different value: /home/viny/.stmcufinder/plugins/mcufinder/ => /home/viny/.stmcufinder/plugins/mcufinder
2025-05-03 21:20:15,240 [WARN] DbFile:41 - Overriding database path with different value: /home/viny/.stmcufinder/plugins/mcufinder/ => /home/viny/.stmcufinder/plugins/mcufinder
2025-05-03 21:20:15,241 [INFO] CrossReferenceDbSqlite:203 - Set database path to: /home/viny/.stmcufinder/plugins/mcufinder//mcu/cs/
2025-05-03 21:20:15,252 [INFO] ApplicationProperties:184 - Using Application install path: /opt/st/stm32cubeide_1.18.0/plugins/com.st.stm32cube.common.mx_6.14.0.202502271554
2025-05-03 21:20:15,253 [INFO] PluginManage:196 - Search for loadable plugins [exclusion list=, ]
2025-05-03 21:20:15,254 [INFO] PluginManage:310 - Check plugin analytics
2025-05-03 21:20:15,456 [INFO] AnalyticsPlugin:253 - Accepted Software Licenses: 
2025-05-03 21:20:15,456 [INFO] AnalyticsPlugin:255 - Accepted CMSIS Pack Licenses: 
2025-05-03 21:20:15,456 [INFO] AnalyticsPlugin:257 - Accepted Firmware Licenses: FW.H7.1.12.0,FW.F4.1.28.0
2025-05-03 21:20:15,457 [INFO] PluginManage:359 - Loaded plugin analytics (category:tool,tabindex:-1)
2025-05-03 21:20:15,457 [INFO] PluginManage:310 - Check plugin cadmodel
2025-05-03 21:20:15,508 [INFO] CADModel:105 - Init CAD model plugin
2025-05-03 21:20:15,508 [INFO] PluginManage:359 - Loaded plugin cadmodel (category:power,tabindex:5)
2025-05-03 21:20:15,508 [INFO] PluginManage:310 - Check plugin clock
2025-05-03 21:20:15,563 [INFO] PluginManage:359 - Loaded plugin clock (category:base,tabindex:2)
2025-05-03 21:20:15,563 [INFO] PluginManage:310 - Check plugin ddr
2025-05-03 21:20:15,590 [INFO] PluginManage:359 - Loaded plugin ddr (category:tool,tabindex:6)
2025-05-03 21:20:15,590 [INFO] PluginManage:310 - Check plugin filemanager
2025-05-03 21:20:16,050 [INFO] PluginManage:359 - Loaded plugin filemanager (category:base,tabindex:10)
2025-05-03 21:20:16,050 [INFO] PluginManage:310 - Check plugin ipmanager
2025-05-03 21:20:16,069 [INFO] PluginManage:359 - Loaded plugin ipmanager (category:base,tabindex:5)
2025-05-03 21:20:16,069 [INFO] PluginManage:310 - Check plugin lpbam
2025-05-03 21:20:16,091 [INFO] PluginManage:359 - Loaded plugin lpbam (category:base,tabindex:0)
2025-05-03 21:20:16,092 [INFO] PluginManage:310 - Check plugin memorymap
2025-05-03 21:20:16,109 [INFO] PluginManage:359 - Loaded plugin memorymap (category:base,tabindex:4)
2025-05-03 21:20:16,109 [INFO] PluginManage:310 - Check plugin pinoutandconfiguration
2025-05-03 21:20:16,133 [INFO] PluginManage:359 - Loaded plugin pinoutandconfiguration (category:base,tabindex:1)
2025-05-03 21:20:16,133 [INFO] PluginManage:310 - Check plugin pinoutconfig
2025-05-03 21:20:16,270 [WARN] SupportedApi:132 - Cannot load RTOS API schema: s4s-elt-must-match.1: The content of 'definitions' must match (annotation?, (simpleType | complexType)?, (unique | key | keyref)*)). A problem was found starting at: attribute.
2025-05-03 21:20:16,432 [INFO] PluginManage:359 - Loaded plugin pinoutconfig (category:base,tabindex:0)
2025-05-03 21:20:16,433 [INFO] PluginManage:310 - Check plugin power
2025-05-03 21:20:16,496 [INFO] PluginManage:359 - Loaded plugin power (category:power,tabindex:4)
2025-05-03 21:20:16,496 [INFO] PluginManage:310 - Check plugin projectmanager
2025-05-03 21:20:16,513 [INFO] PluginManage:359 - Loaded plugin projectmanager (category:projectmanager,tabindex:4)
2025-05-03 21:20:16,513 [INFO] PluginManage:310 - Check plugin rif
2025-05-03 21:20:16,535 [INFO] PluginManage:359 - Loaded plugin rif (category:base,tabindex:3)
2025-05-03 21:20:16,535 [INFO] PluginManage:310 - Check plugin thirdparty
2025-05-03 21:20:16,754 [INFO] PluginManage:359 - Loaded plugin thirdparty (category:base,tabindex:-1)
2025-05-03 21:20:16,754 [WARN] IntegrityCheckThread:84 - waiting for thirdparty lock release [integrity check]
2025-05-03 21:20:16,754 [INFO] PluginManage:310 - Check plugin tools
2025-05-03 21:20:16,754 [INFO] IntegrityCheckThread:86 - entering critical section [integrity check]
2025-05-03 21:20:16,754 [INFO] ThirdPartyUpdaterWithRetryManager:70 - Updater plugin not ready yet. [1/15]
2025-05-03 21:20:16,769 [INFO] PluginManage:359 - Loaded plugin tools (category:base,tabindex:7)
2025-05-03 21:20:16,769 [INFO] PluginManage:310 - Check plugin tutovideos
2025-05-03 21:20:17,007 [INFO] PluginManage:359 - Loaded plugin tutovideos (category:base,tabindex:-1)
2025-05-03 21:20:17,007 [INFO] PluginManage:310 - Check plugin updater
2025-05-03 21:20:17,051 [INFO] PluginManage:359 - Loaded plugin updater (category:base,tabindex:12)
2025-05-03 21:20:17,051 [INFO] PluginManage:310 - Check plugin userauth
2025-05-03 21:20:17,079 [INFO] UserAuth:118 - Init User Auth plugin
2025-05-03 21:20:17,080 [INFO] PluginManage:359 - Loaded plugin userauth (category:base,tabindex:14)
2025-05-03 21:20:17,080 [INFO] PluginManage:283 - PluginManage : Loaded plugins [18]
2025-05-03 21:20:17,562 [INFO] PinOutPanel:1589 - setPackage(No Configuration,No Configuration)
2025-05-03 21:20:17,649 [INFO] CADModel:165 - CPN selected for project level
2025-05-03 21:20:17,649 [INFO] CADModel:114 - Register for checkConnection events
2025-05-03 21:20:17,720 [INFO] IPUIPlugin:80 - create IPUIPlugin
2025-05-03 21:20:17,721 [INFO] PluginManager:220 - loadIPPluginJar : add adc
2025-05-03 21:20:17,723 [INFO] IPUIPlugin:80 - create IPUIPlugin
2025-05-03 21:20:17,723 [INFO] PluginManager:220 - loadIPPluginJar : add lorawan
2025-05-03 21:20:17,725 [INFO] IPUIPlugin:80 - create IPUIPlugin
2025-05-03 21:20:17,725 [INFO] PluginManager:220 - loadIPPluginJar : add tsc
2025-05-03 21:20:17,729 [INFO] IPUIPlugin:80 - create IPUIPlugin
2025-05-03 21:20:17,729 [INFO] PluginManager:220 - loadIPPluginJar : add ipddr
2025-05-03 21:20:17,732 [INFO] IPUIPlugin:80 - create IPUIPlugin
2025-05-03 21:20:17,732 [INFO] PluginManager:220 - loadIPPluginJar : add usbx
2025-05-03 21:20:17,734 [INFO] IPUIPlugin:80 - create IPUIPlugin
2025-05-03 21:20:17,734 [INFO] PluginManager:220 - loadIPPluginJar : add i2c
2025-05-03 21:20:17,736 [INFO] IPUIPlugin:80 - create IPUIPlugin
2025-05-03 21:20:17,736 [INFO] PluginManager:220 - loadIPPluginJar : add cryp
2025-05-03 21:20:17,738 [INFO] IPUIPlugin:80 - create IPUIPlugin
2025-05-03 21:20:17,738 [INFO] PluginManager:220 - loadIPPluginJar : add pdm2pcm
2025-05-03 21:20:17,739 [INFO] IPUIPlugin:80 - create IPUIPlugin
2025-05-03 21:20:17,739 [INFO] PluginManager:220 - loadIPPluginJar : add genericplugin
2025-05-03 21:20:17,740 [INFO] IPUIPlugin:80 - create IPUIPlugin
2025-05-03 21:20:17,740 [INFO] PluginManager:220 - loadIPPluginJar : add tracer_emb
2025-05-03 21:20:17,742 [INFO] IPUIPlugin:80 - create IPUIPlugin
2025-05-03 21:20:17,742 [INFO] PluginManager:220 - loadIPPluginJar : add i2s
2025-05-03 21:20:17,743 [INFO] IPUIPlugin:80 - create IPUIPlugin
2025-05-03 21:20:17,743 [INFO] PluginManager:220 - loadIPPluginJar : add comp
2025-05-03 21:20:17,745 [INFO] IPUIPlugin:80 - create IPUIPlugin
2025-05-03 21:20:17,745 [INFO] PluginManager:220 - loadIPPluginJar : add aes
2025-05-03 21:20:17,746 [INFO] IPUIPlugin:80 - create IPUIPlugin
2025-05-03 21:20:17,746 [INFO] PluginManager:220 - loadIPPluginJar : add hash
2025-05-03 21:20:17,748 [INFO] IPUIPlugin:80 - create IPUIPlugin
2025-05-03 21:20:17,749 [INFO] PluginManager:220 - loadIPPluginJar : add gtzc
2025-05-03 21:20:17,770 [INFO] IPUIPlugin:80 - create IPUIPlugin
2025-05-03 21:20:17,771 [INFO] PluginManager:220 - loadIPPluginJar : add gpio
2025-05-03 21:20:17,773 [INFO] IPUIPlugin:80 - create IPUIPlugin
2025-05-03 21:20:17,773 [INFO] PluginManager:220 - loadIPPluginJar : add extmemmanager
2025-05-03 21:20:17,774 [INFO] IPUIPlugin:80 - create IPUIPlugin
2025-05-03 21:20:17,774 [INFO] PluginManager:220 - loadIPPluginJar : add ltdc
2025-05-03 21:20:17,780 [INFO] IPUIPlugin:80 - create IPUIPlugin
2025-05-03 21:20:17,780 [INFO] PluginManager:220 - loadIPPluginJar : add linkedlist
2025-05-03 21:20:17,783 [INFO] IPUIPlugin:80 - create IPUIPlugin
2025-05-03 21:20:17,783 [INFO] PluginManager:220 - loadIPPluginJar : add openamp
2025-05-03 21:20:17,785 [INFO] IPUIPlugin:80 - create IPUIPlugin
2025-05-03 21:20:17,785 [INFO] PluginManager:220 - loadIPPluginJar : add can
2025-05-03 21:20:17,787 [INFO] IPUIPlugin:80 - create IPUIPlugin
2025-05-03 21:20:17,787 [INFO] PluginManager:220 - loadIPPluginJar : add radio
2025-05-03 21:20:17,789 [INFO] IPUIPlugin:80 - create IPUIPlugin
2025-05-03 21:20:17,789 [INFO] PluginManager:220 - loadIPPluginJar : add i3c
2025-05-03 21:20:17,810 [INFO] IPUIPlugin:80 - create IPUIPlugin
2025-05-03 21:20:17,810 [INFO] PluginManager:220 - loadIPPluginJar : add dma
2025-05-03 21:20:17,813 [INFO] IPUIPlugin:80 - create IPUIPlugin
2025-05-03 21:20:17,813 [INFO] PluginManager:220 - loadIPPluginJar : add gfxmmu
2025-05-03 21:20:17,814 [INFO] IPUIPlugin:80 - create IPUIPlugin
2025-05-03 21:20:17,814 [INFO] PluginManager:220 - loadIPPluginJar : add fatfs
2025-05-03 21:20:17,816 [INFO] IPUIPlugin:80 - create IPUIPlugin
2025-05-03 21:20:17,816 [INFO] PluginManager:220 - loadIPPluginJar : add spi
2025-05-03 21:20:17,817 [INFO] IPUIPlugin:80 - create IPUIPlugin
2025-05-03 21:20:17,817 [INFO] PluginManager:220 - loadIPPluginJar : add ts
2025-05-03 21:20:17,828 [INFO] IPUIPlugin:80 - create IPUIPlugin
2025-05-03 21:20:17,828 [INFO] PluginManager:220 - loadIPPluginJar : add ddr_ctrl_phy
2025-05-03 21:20:17,834 [INFO] IPUIPlugin:80 - create IPUIPlugin
2025-05-03 21:20:17,834 [INFO] PluginManager:220 - loadIPPluginJar : add stm32_wpan
2025-05-03 21:20:17,836 [INFO] IPUIPlugin:80 - create IPUIPlugin
2025-05-03 21:20:17,836 [INFO] PluginManager:220 - loadIPPluginJar : add dfsdm
2025-05-03 21:20:17,838 [INFO] IPUIPlugin:80 - create IPUIPlugin
2025-05-03 21:20:17,838 [INFO] PluginManager:220 - loadIPPluginJar : add resmgrutility
2025-05-03 21:20:17,840 [INFO] IPUIPlugin:80 - create IPUIPlugin
2025-05-03 21:20:17,840 [INFO] PluginManager:220 - loadIPPluginJar : add usart
2025-05-03 21:20:17,842 [INFO] IPUIPlugin:80 - create IPUIPlugin
2025-05-03 21:20:17,842 [INFO] PluginManager:220 - loadIPPluginJar : add dma3
2025-05-03 21:20:17,845 [INFO] IPUIPlugin:80 - create IPUIPlugin
2025-05-03 21:20:17,845 [INFO] PluginManager:220 - loadIPPluginJar : add fmc
2025-05-03 21:20:17,850 [INFO] IPUIPlugin:80 - create IPUIPlugin
2025-05-03 21:20:17,850 [INFO] PluginManager:220 - loadIPPluginJar : add gic
2025-05-03 21:20:17,863 [INFO] IPUIPlugin:80 - create IPUIPlugin
2025-05-03 21:20:17,863 [INFO] PluginManager:220 - loadIPPluginJar : add mdma
2025-05-03 21:20:17,867 [INFO] IPUIPlugin:80 - create IPUIPlugin
2025-05-03 21:20:17,868 [INFO] PluginManager:220 - loadIPPluginJar : add nvic
2025-05-03 21:20:17,870 [INFO] IPUIPlugin:80 - create IPUIPlugin
2025-05-03 21:20:17,870 [INFO] PluginManager:220 - loadIPPluginJar : add opamp
2025-05-03 21:20:17,886 [INFO] IPUIPlugin:80 - create IPUIPlugin
2025-05-03 21:20:17,887 [INFO] PluginManager:220 - loadIPPluginJar : add plateformsettings
2025-05-03 21:20:17,901 [INFO] IPUIPlugin:80 - create IPUIPlugin
2025-05-03 21:20:17,902 [INFO] PluginManager:220 - loadIPPluginJar : add freertos
2025-05-03 21:20:17,903 [INFO] IPUIPlugin:80 - create IPUIPlugin
2025-05-03 21:20:17,903 [INFO] PluginManager:220 - loadIPPluginJar : add tim
2025-05-03 21:20:17,906 [INFO] IPUIPlugin:80 - create IPUIPlugin
2025-05-03 21:20:17,906 [INFO] PluginManager:220 - loadIPPluginJar : add touchsensing
2025-05-03 21:20:17,906 [INFO] IPUIPlugin:80 - create IPUIPlugin
2025-05-03 21:20:17,906 [INFO] PluginManager:220 - loadIPPluginJar : add quadspi
2025-05-03 21:20:17,908 [INFO] IPUIPlugin:80 - create IPUIPlugin
2025-05-03 21:20:17,908 [INFO] PluginManager:220 - loadIPPluginJar : add ucpd
2025-05-03 21:20:17,911 [INFO] IPUIPlugin:80 - create IPUIPlugin
2025-05-03 21:20:17,911 [INFO] PluginManager:220 - loadIPPluginJar : add sai
2025-05-03 21:20:18,003 [FATAL] Updater:351 - Updater called before beeing initialized
2025-05-03 21:20:18,057 [INFO] RulesReader:64 - Compatibility file has been processed (301 Rules)
2025-05-03 21:20:18,064 [INFO] RulesReader:64 - Compatibility file has been processed (301 Rules)
2025-05-03 21:20:18,070 [INFO] CADModel:165 - CPN selected for project level
2025-05-03 21:20:18,070 [INFO] CADModel:114 - Register for checkConnection events
2025-05-03 21:20:18,070 [FATAL] Updater:351 - Updater called before beeing initialized
2025-05-03 21:20:18,070 [ERROR] CADModel:125 - Updater not yet initialized, retry later 
2025-05-03 21:20:18,288 [FATAL] Updater:351 - Updater called before beeing initialized
2025-05-03 21:20:18,290 [INFO] CADModel:165 - CPN selected for project level
2025-05-03 21:20:18,290 [INFO] CADModel:114 - Register for checkConnection events
2025-05-03 21:20:18,290 [FATAL] Updater:351 - Updater called before beeing initialized
2025-05-03 21:20:18,290 [ERROR] CADModel:125 - Updater not yet initialized, retry later 
2025-05-03 21:20:18,292 [FATAL] Updater:351 - Updater called before beeing initialized
2025-05-03 21:20:18,353 [FATAL] Updater:351 - Updater called before beeing initialized
2025-05-03 21:20:18,371 [INFO] DbMcusAds:53 - JSON generation date=Thu Mar 06 14:54:22 WET 2025 (1741272862204)
2025-05-03 21:20:18,371 [FATAL] Updater:351 - Updater called before beeing initialized
2025-05-03 21:20:18,518 [WARN] DetailPanel:346 - Failed to get advertising image, set to default
2025-05-03 21:20:18,696 [FATAL] Updater:351 - Updater called before beeing initialized
2025-05-03 21:20:18,697 [FATAL] Updater:351 - Updater called before beeing initialized
2025-05-03 21:20:18,697 [FATAL] Updater:351 - Updater called before beeing initialized
2025-05-03 21:20:18,697 [WARN] DetailPanel:346 - Failed to get advertising image, set to default
2025-05-03 21:20:18,698 [FATAL] Updater:351 - Updater called before beeing initialized
2025-05-03 21:20:18,762 [ERROR] Updater:1198 - MainUpdater not yet initialized. External WinMGr cannot be set.
2025-05-03 21:20:18,768 [INFO] Updater:1134 - Updater Version found : 6.14.0
2025-05-03 21:20:18,816 [INFO] ApplicationProperties:184 - Using Application install path: /opt/st/stm32cubeide_1.18.0/plugins/com.st.stm32cube.common.mx_6.14.0.202502271554
2025-05-03 21:20:19,618 [INFO] MainUpdater:2872 - connection check result : 10
2025-05-03 21:20:19,619 [INFO] MainUpdater:289 - Updater Check For Update Now.
2025-05-03 21:20:19,619 [INFO] MicroXplorer:498 - Change Database Version : DB.6.0.140
2025-05-03 21:20:19,623 [INFO] McuFinderGlobals:63 - Set McuFinder mode to 2 (CubeIDE integrated)
2025-05-03 21:20:19,671 [INFO] UserAuth:486 - Internet connection configuration mode: 1
2025-05-03 21:20:19,755 [WARN] MainUpdater:1193 - Updater busy. Cannot search thirdparties
2025-05-03 21:20:19,755 [INFO] ThirdPartyUpdaterWithRetryManager:96 - Updater plugin is busy. [1/15]
2025-05-03 21:20:19,835 [INFO] JxBrowserEngine:152 - Initiate JxBrowser Engine with user profile folder
2025-05-03 21:20:19,925 [INFO] CheckServerUpdateThread:120 - End of CheckServer Thread
2025-05-03 21:20:25,087 [WARN] PackLoader:240 - Cannot read IP mode file for STMicroelectronics.FP-SNS-MOTENVWB1.1.4.0
2025-05-03 21:20:25,113 [WARN] PackLoader:240 - Cannot read IP mode file for STMicroelectronics.FP-ATR-ASTRA1.2.0.2
2025-05-03 21:20:25,163 [WARN] PackLoader:240 - Cannot read IP mode file for STMicroelectronics.X-CUBE-SMBUS.2.1.0
2025-05-03 21:20:25,231 [WARN] PackLoader:240 - Cannot read IP mode file for STMicroelectronics.X-CUBE-WB05N.1.1.0
2025-05-03 21:20:25,352 [WARN] PackLoader:240 - Cannot read IP mode file for STMicroelectronics.X-CUBE-AZRTOS-F7.1.1.0
2025-05-03 21:20:25,384 [WARN] PackLoader:240 - Cannot read IP mode file for STMicroelectronics.FP-SNS-FLIGHT1.5.0.2
2025-05-03 21:20:25,505 [WARN] PackLoader:240 - Cannot read IP mode file for Infineon.AIROC-Wi-Fi-Bluetooth-STM32.1.7.0
2025-05-03 21:20:25,715 [WARN] PackLoader:240 - Cannot read IP mode file for STMicroelectronics.X-CUBE-DISPLAY.3.0.0
2025-05-03 21:20:25,818 [WARN] PackLoader:240 - Cannot read IP mode file for STMicroelectronics.X-CUBE-NFC10.1.0.0
2025-05-03 21:20:25,883 [WARN] PackLoader:240 - Cannot read IP mode file for STMicroelectronics.X-CUBE-BLEMGR.4.0.0
2025-05-03 21:20:25,989 [WARN] PackLoader:240 - Cannot read IP mode file for emotas.I-CUBE-CANOPEN.1.3.0
2025-05-03 21:20:26,036 [WARN] ConditionMgr:438 - getConditionDescription Invalid condition id : Cortex-A Device cause : null
2025-05-03 21:20:26,069 [WARN] ConditionMgr:1044 - genDependencies : Invalid condition id : Cortex-A Device cause : null
2025-05-03 21:20:26,069 [WARN] ConditionMgr:1044 - genDependencies : Invalid condition id : Cortex-A Device cause : null
2025-05-03 21:20:26,069 [WARN] ConditionMgr:1044 - genDependencies : Invalid condition id : Cortex-A Device cause : null
2025-05-03 21:20:26,107 [WARN] PackLoader:240 - Cannot read IP mode file for STMicroelectronics.X-CUBE-AI.10.0.0
2025-05-03 21:20:26,151 [WARN] PackLoader:240 - Cannot read IP mode file for STMicroelectronics.FP-SNS-SMARTAG2.1.2.0
2025-05-03 21:20:26,195 [WARN] PackLoader:240 - Cannot read IP mode file for STMicroelectronics.FP-SNS-FLIGHT1.5.1.0
2025-05-03 21:20:26,418 [WARN] PackLoader:240 - Cannot read IP mode file for STMicroelectronics.X-CUBE-MEMS1.11.1.0
2025-05-03 21:20:26,516 [INFO] LogOutputStream:77 - [STDOUT_REDIRECT] 1 : Invalid condition id : UX_CORESTACK_Condition cause : null
2025-05-03 21:20:26,516 [INFO] LogOutputStream:77 - [STDOUT_REDIRECT] 1 : Invalid condition id : UX_CORESTACK_Condition cause : null
2025-05-03 21:20:26,516 [INFO] LogOutputStream:77 - [STDOUT_REDIRECT] 1 : Invalid condition id : UX_CORESTACK_Condition cause : null
2025-05-03 21:20:26,516 [INFO] LogOutputStream:77 - [STDOUT_REDIRECT] 1 : Invalid condition id : UX_CORESTACK_Condition cause : null
2025-05-03 21:20:26,516 [INFO] LogOutputStream:77 - [STDOUT_REDIRECT] 1 : Invalid condition id : UX_CORESTACK_Condition cause : null
2025-05-03 21:20:26,518 [WARN] PackLoader:240 - Cannot read IP mode file for STMicroelectronics.X-CUBE-AZRTOS-WL.2.0.0
2025-05-03 21:20:26,546 [WARN] PackLoader:240 - Cannot read IP mode file for STMicroelectronics.FP-SNS-MOTENV1.5.0.0
2025-05-03 21:20:26,584 [WARN] PackLoader:240 - Cannot read IP mode file for WES.I-CUBE-Cesium.1.3.0
2025-05-03 21:20:26,631 [WARN] PackLoader:240 - Cannot read IP mode file for STMicroelectronics.X-CUBE-BLE2.3.3.0
2025-05-03 21:20:26,662 [WARN] PackLoader:240 - Cannot read IP mode file for STMicroelectronics.X-CUBE-NFC9.1.0.0
2025-05-03 21:20:26,738 [WARN] PackLoader:240 - Cannot read IP mode file for STMicroelectronics.X-CUBE-BLE1.7.1.0
2025-05-03 21:20:26,769 [WARN] PackLoader:240 - Cannot read IP mode file for wolfSSL.I-CUBE-wolfMQTT.1.19.2
2025-05-03 21:20:26,952 [WARN] PackLoader:240 - Cannot read IP mode file for STMicroelectronics.X-CUBE-MEMS1.11.2.0
2025-05-03 21:20:27,125 [WARN] PackLoader:240 - Cannot read IP mode file for STMicroelectronics.X-CUBE-AZRTOS-G0.1.1.0
2025-05-03 21:20:27,178 [WARN] PackLoader:240 - Cannot read IP mode file for STMicroelectronics.X-CUBE-SAFEA1.1.2.2
2025-05-03 21:20:27,232 [WARN] PackLoader:240 - Cannot read IP mode file for STMicroelectronics.X-CUBE-NFC4.3.0.0
2025-05-03 21:20:27,319 [WARN] PackLoader:240 - Cannot read IP mode file for EmbeddedOffice.I-CUBE-FS-RTOS.1.0.1
2025-05-03 21:20:27,411 [WARN] PackLoader:240 - Cannot read IP mode file for STMicroelectronics.X-CUBE-WB05N.2.0.0
2025-05-03 21:20:27,483 [WARN] PackLoader:240 - Cannot read IP mode file for wolfSSL.I-CUBE-wolfTPM.3.8.0
2025-05-03 21:20:27,565 [WARN] PackLoader:240 - Cannot read IP mode file for STMicroelectronics.X-CUBE-TCPP.4.2.0
2025-05-03 21:20:27,595 [WARN] PackLoader:240 - Cannot read IP mode file for RealThread.X-CUBE-RT-Thread_Nano.4.1.1
2025-05-03 21:20:27,689 [WARN] PackLoader:240 - Cannot read IP mode file for STMicroelectronics.FP-ATR-SIGFOX1.3.2.0
2025-05-03 21:20:27,721 [WARN] PackLoader:240 - Cannot read IP mode file for STMicroelectronics.X-CUBE-EEPRMA1.5.1.0
2025-05-03 21:20:27,791 [WARN] PackLoader:240 - Cannot read IP mode file for wolfSSL.I-CUBE-wolfSSL.5.7.6
2025-05-03 21:20:28,001 [WARN] PackLoader:240 - Cannot read IP mode file for ITTIA_DB.I-CUBE-ITTIADB.8.9.0
2025-05-03 21:20:28,180 [WARN] PackLoader:240 - Cannot read IP mode file for SEGGER.I-CUBE-embOS.1.3.1
2025-05-03 21:20:28,364 [WARN] PackLoader:240 - Cannot read IP mode file for STMicroelectronics.X-CUBE-ALGOBUILD.1.4.0
2025-05-03 21:20:28,545 [WARN] PackLoader:240 - Cannot read IP mode file for STMicroelectronics.X-CUBE-AZRTOS-F4.1.1.0
2025-05-03 21:20:28,793 [WARN] PackLoader:240 - Cannot read IP mode file for Avnet-IotConnect.X-CUBE-IoTC-DA16k-PMOD.1.0.0
2025-05-03 21:20:28,888 [WARN] PackLoader:240 - Cannot read IP mode file for STMicroelectronics.X-CUBE-ISPU.2.1.0
2025-05-03 21:20:29,100 [WARN] PackLoader:240 - Cannot read IP mode file for STMicroelectronics.X-CUBE-AZRTOS-L5.2.0.0
2025-05-03 21:20:29,265 [WARN] PackLoader:240 - Cannot read IP mode file for STMicroelectronics.X-CUBE-NFC6.3.1.0
2025-05-03 21:20:29,457 [WARN] PackLoader:240 - Cannot read IP mode file for STMicroelectronics.X-CUBE-DPower.1.2.0
2025-05-03 21:20:29,575 [WARN] PackLoader:240 - Cannot read IP mode file for STMicroelectronics.X-CUBE-FREERTOS.1.3.0
2025-05-03 21:20:29,737 [WARN] PackLoader:240 - Cannot read IP mode file for STMicroelectronics.X-CUBE-NFC7.1.0.1
2025-05-03 21:20:29,880 [WARN] PackLoader:240 - Cannot read IP mode file for STMicroelectronics.X-CUBE-DPower.1.3.0
2025-05-03 21:20:30,186 [WARN] ConditionMgr:438 - getConditionDescription Invalid condition id : LAN8742 Phy interface Condition cause : null
2025-05-03 21:20:30,186 [WARN] PackLoader:240 - Cannot read IP mode file for STMicroelectronics.X-CUBE-AZRTOS-L4.2.0.0
2025-05-03 21:20:30,187 [WARN] ConditionMgr:1044 - genDependencies : Invalid condition id : LAN8742 Phy interface Condition cause : null
2025-05-03 21:20:30,187 [WARN] ConditionMgr:1044 - genDependencies : Invalid condition id : LAN8742 Phy interface Condition cause : null
2025-05-03 21:20:30,187 [WARN] ConditionMgr:1044 - genDependencies : Invalid condition id : LAN8742 Phy interface Condition cause : null
2025-05-03 21:20:30,417 [WARN] PackLoader:240 - Cannot read IP mode file for STMicroelectronics.X-CUBE-SFXS2LP1.4.0.0
2025-05-03 21:20:30,648 [WARN] PackLoader:240 - Cannot read IP mode file for STMicroelectronics.X-CUBE-AZRTOS-H7.3.3.0
2025-05-03 21:20:31,009 [WARN] ConditionMgr:438 - getConditionDescription Invalid condition id : UX DEVICE CLASS RTOS Condition cause : null
2025-05-03 21:20:31,009 [WARN] ConditionMgr:438 - getConditionDescription Invalid condition id : UX DEVICE CLASS RTOS Condition cause : null
2025-05-03 21:20:31,009 [WARN] PackLoader:240 - Cannot read IP mode file for STMicroelectronics.X-CUBE-AZRTOS-WB.2.0.0
2025-05-03 21:20:31,010 [WARN] ConditionMgr:1044 - genDependencies : Invalid condition id : UX DEVICE CLASS RTOS Condition cause : null
2025-05-03 21:20:31,010 [WARN] ConditionMgr:1044 - genDependencies : Invalid condition id : UX DEVICE CLASS RTOS Condition cause : null
2025-05-03 21:20:31,010 [WARN] ConditionMgr:1044 - genDependencies : Invalid condition id : UX DEVICE CLASS RTOS Condition cause : null
2025-05-03 21:20:31,010 [WARN] ConditionMgr:1044 - genDependencies : Invalid condition id : UX DEVICE CLASS RTOS Condition cause : null
2025-05-03 21:20:31,010 [WARN] ConditionMgr:1044 - genDependencies : Invalid condition id : UX DEVICE CLASS RTOS Condition cause : null
2025-05-03 21:20:31,191 [WARN] PackLoader:240 - Cannot read IP mode file for STMicroelectronics.X-CUBE-GNSS1.7.0.1
2025-05-03 21:20:31,222 [WARN] PackLoader:240 - Cannot read IP mode file for STMicroelectronics.X-CUBE-TOUCHGFX.4.25.0
2025-05-03 21:20:31,419 [WARN] PackLoader:240 - Cannot read IP mode file for STMicroelectronics.FP-SNS-STBOX1.2.0.0
2025-05-03 21:20:31,566 [WARN] PackLoader:240 - Cannot read IP mode file for STMicroelectronics.X-CUBE-SUBG2.5.0.0
2025-05-03 21:20:31,865 [WARN] PackLoader:240 - Cannot read IP mode file for STMicroelectronics.X-CUBE-AZRTOS-H7RS.1.1.0
2025-05-03 21:20:31,945 [WARN] PackLoader:240 - Cannot read IP mode file for Cesanta.I-CUBE-Mongoose.7.13.0
2025-05-03 21:20:32,168 [WARN] PackLoader:240 - Cannot read IP mode file for STMicroelectronics.X-CUBE-AZRTOS-G4.2.0.0
2025-05-03 21:20:32,417 [WARN] PackLoader:240 - Cannot read IP mode file for wolfSSL.I-CUBE-wolfSSH.1.4.20
2025-05-03 21:20:32,470 [WARN] PackLoader:240 - Cannot read IP mode file for STMicroelectronics.X-CUBE-NFC7.2.0.0
2025-05-03 21:20:32,668 [WARN] PackLoader:240 - Cannot read IP mode file for STMicroelectronics.X-CUBE-IPS.3.1.0
2025-05-03 21:20:32,719 [WARN] PackLoader:240 - Cannot read IP mode file for STMicroelectronics.X-CUBE-ALS.1.0.2
2025-05-03 21:20:32,949 [WARN] PackLoader:240 - Cannot read IP mode file for portGmbH.I-Cube-SoM-uGOAL.1.1.0
2025-05-03 21:20:33,522 [WARN] PackLoader:240 - Cannot read IP mode file for STMicroelectronics.X-CUBE-AZRTOS-H7RS.1.0.0
2025-05-03 21:20:33,786 [WARN] PackLoader:240 - Cannot read IP mode file for STMicroelectronics.X-CUBE-TOF1.3.4.2
2025-05-03 21:20:34,350 [WARN] PackLoader:240 - Cannot read IP mode file for STMicroelectronics.X-CUBE-TOF1.3.4.3
2025-05-03 21:20:34,354 [INFO] ThirdParty:978 - Integrity check success = true
2025-05-03 21:20:34,355 [INFO] IntegrityCheckThread:100 - exiting critical section [integrity check]
2025-05-03 21:20:34,355 [INFO] IntegrityCheckThread:103 - End integrity checks thread
2025-05-03 21:21:03,457 [INFO] WebApp:169 - Instantiating new browser for Auth
2025-05-03 21:21:16,131 [INFO] WebApp:463 - Apply proxy settings
2025-05-03 21:21:16,131 [INFO] WebApp:548 - Chromium requires no authentication
2025-05-03 21:21:16,399 [INFO] WebApp:491 - Direct internet connection detected
2025-05-03 21:21:16,642 [INFO] WebApp:894 - Register for checkConnection events
2025-05-03 21:21:16,642 [INFO] WebApp:463 - Apply proxy settings
2025-05-03 21:21:16,642 [INFO] WebApp:548 - Chromium requires no authentication
2025-05-03 21:21:16,642 [INFO] WebApp:491 - Direct internet connection detected
2025-05-03 21:21:18,198 [INFO] WebApp:225 - Starting web application
2025-05-03 21:21:18,198 [INFO] WebApp:593 - Web application path used /opt/st/stm32cubeide_1.18.0/plugins/com.st.stm32cube.common.mx_6.14.0.202502271554/db/plugins/mcufinder/reactClient1/index.html
2025-05-03 21:21:19,451 [INFO] WebApp:191 - Connection restablished
2025-05-03 21:21:19,799 [INFO] UserAuth:486 - Internet connection configuration mode: 1
