2025-06-17 16:43:03,231 [INFO] Activator:176 - 


2025-06-17 16:43:03,267 [INFO] Activator:177 - !SESSION log4j initialized
2025-06-17 16:43:10,686 [INFO] ApplicationProperties:184 - Using Application install path: /opt/st/stm32cubeide_1.18.0/plugins/com.st.stm32cube.common.mx_6.14.0.202502271554
2025-06-17 16:43:10,736 [INFO] DbMcusXml:78 - Set database path to: /opt/st/stm32cubeide_1.18.0/plugins/com.st.stm32cube.common.mx_6.14.0.202502271554//db//mcu/
2025-06-17 16:43:10,737 [INFO] ApiDb:274 - Set plugin database path to: /opt/st/stm32cubeide_1.18.0/plugins/com.st.stm32cube.common.mx_6.14.0.202502271554//db//plugins/boardmanager/
2025-06-17 16:43:10,738 [WARN] ApiDb:259 - Overriding images path with different value:  => /opt/st/stm32cubeide_1.18.0/plugins/com.st.stm32cube.common.mx_6.14.0.202502271554//db//plugins/mcufinder/images/
2025-06-17 16:43:10,750 [INFO] ApiDb:250 - Set database path to: /home/viny/.stmcufinder/plugins/mcufinder//mcu/
2025-06-17 16:43:10,753 [INFO] DbMcusAds:125 - Set database path to: /home/viny/.stmcufinder/plugins/mcufinder//mcu/
2025-06-17 16:43:10,772 [INFO] CrossReferenceDbSqlite:203 - Set database path to: /home/viny/.stmcufinder/plugins/mcufinder//mcu/cs/
2025-06-17 16:43:11,195 [INFO] RulesReader:64 - Compatibility file has been processed (301 Rules)
2025-06-17 16:43:11,444 [INFO] DbMcusXml:78 - Set database path to: /opt/st/stm32cubeide_1.18.0/plugins/com.st.stm32cube.common.mx_6.14.0.202502271554//db//mcu/
2025-06-17 16:43:11,444 [INFO] ApiDb:274 - Set plugin database path to: /opt/st/stm32cubeide_1.18.0/plugins/com.st.stm32cube.common.mx_6.14.0.202502271554//db//plugins/boardmanager/
2025-06-17 16:43:11,445 [INFO] ApiDb:261 - Set plugin images path to: /opt/st/stm32cubeide_1.18.0/plugins/com.st.stm32cube.common.mx_6.14.0.202502271554//db//plugins/mcufinder/images/
2025-06-17 16:43:11,446 [WARN] DbFile:41 - Overriding database path with different value: /home/viny/.stmcufinder/plugins/mcufinder/ => /home/viny/.stmcufinder/plugins/mcufinder
2025-06-17 16:43:11,446 [INFO] ApiDb:250 - Set database path to: /home/viny/.stmcufinder/plugins/mcufinder//mcu/
2025-06-17 16:43:11,446 [WARN] DbFile:41 - Overriding database path with different value: /home/viny/.stmcufinder/plugins/mcufinder/ => /home/viny/.stmcufinder/plugins/mcufinder
2025-06-17 16:43:11,447 [INFO] DbMcusAds:125 - Set database path to: /home/viny/.stmcufinder/plugins/mcufinder//mcu/
2025-06-17 16:43:11,447 [WARN] DbFile:41 - Overriding database path with different value: /home/viny/.stmcufinder/plugins/mcufinder/ => /home/viny/.stmcufinder/plugins/mcufinder
2025-06-17 16:43:11,448 [WARN] DbFile:41 - Overriding database path with different value: /home/viny/.stmcufinder/plugins/mcufinder/ => /home/viny/.stmcufinder/plugins/mcufinder
2025-06-17 16:43:11,449 [INFO] CrossReferenceDbSqlite:203 - Set database path to: /home/viny/.stmcufinder/plugins/mcufinder//mcu/cs/
2025-06-17 16:43:11,659 [INFO] MainPanel:272 - HeapMemory: 268435456
2025-06-17 16:43:12,059 [INFO] DbMcusXml:78 - Set database path to: /opt/st/stm32cubeide_1.18.0/plugins/com.st.stm32cube.common.mx_6.14.0.202502271554//db//mcu/
2025-06-17 16:43:12,060 [INFO] ApiDb:274 - Set plugin database path to: /opt/st/stm32cubeide_1.18.0/plugins/com.st.stm32cube.common.mx_6.14.0.202502271554//db//plugins/boardmanager/
2025-06-17 16:43:12,060 [INFO] ApiDb:261 - Set plugin images path to: /opt/st/stm32cubeide_1.18.0/plugins/com.st.stm32cube.common.mx_6.14.0.202502271554//db//plugins/mcufinder/images/
2025-06-17 16:43:12,062 [WARN] DbFile:41 - Overriding database path with different value: /home/viny/.stmcufinder/plugins/mcufinder/ => /home/viny/.stmcufinder/plugins/mcufinder
2025-06-17 16:43:12,062 [INFO] ApiDb:250 - Set database path to: /home/viny/.stmcufinder/plugins/mcufinder//mcu/
2025-06-17 16:43:12,063 [WARN] DbFile:41 - Overriding database path with different value: /home/viny/.stmcufinder/plugins/mcufinder/ => /home/viny/.stmcufinder/plugins/mcufinder
2025-06-17 16:43:12,063 [INFO] DbMcusAds:125 - Set database path to: /home/viny/.stmcufinder/plugins/mcufinder//mcu/
2025-06-17 16:43:12,064 [WARN] DbFile:41 - Overriding database path with different value: /home/viny/.stmcufinder/plugins/mcufinder/ => /home/viny/.stmcufinder/plugins/mcufinder
2025-06-17 16:43:12,064 [WARN] DbFile:41 - Overriding database path with different value: /home/viny/.stmcufinder/plugins/mcufinder/ => /home/viny/.stmcufinder/plugins/mcufinder
2025-06-17 16:43:12,065 [INFO] CrossReferenceDbSqlite:203 - Set database path to: /home/viny/.stmcufinder/plugins/mcufinder//mcu/cs/
2025-06-17 16:43:12,119 [INFO] ApplicationProperties:184 - Using Application install path: /opt/st/stm32cubeide_1.18.0/plugins/com.st.stm32cube.common.mx_6.14.0.202502271554
2025-06-17 16:43:12,124 [INFO] PluginManage:196 - Search for loadable plugins [exclusion list=, ]
2025-06-17 16:43:12,127 [INFO] PluginManage:310 - Check plugin analytics
2025-06-17 16:43:13,252 [INFO] AnalyticsPlugin:253 - Accepted Software Licenses: 
2025-06-17 16:43:13,253 [INFO] AnalyticsPlugin:255 - Accepted CMSIS Pack Licenses: 
2025-06-17 16:43:13,254 [INFO] AnalyticsPlugin:257 - Accepted Firmware Licenses: FW.H7.1.12.0,FW.F4.1.28.0
2025-06-17 16:43:13,267 [INFO] PluginManage:359 - Loaded plugin analytics (category:tool,tabindex:-1)
2025-06-17 16:43:13,268 [INFO] PluginManage:310 - Check plugin cadmodel
2025-06-17 16:43:13,295 [INFO] CADModel:105 - Init CAD model plugin
2025-06-17 16:43:13,296 [INFO] PluginManage:359 - Loaded plugin cadmodel (category:power,tabindex:5)
2025-06-17 16:43:13,297 [INFO] PluginManage:310 - Check plugin clock
2025-06-17 16:43:13,335 [INFO] PluginManage:359 - Loaded plugin clock (category:base,tabindex:2)
2025-06-17 16:43:13,336 [INFO] PluginManage:310 - Check plugin ddr
2025-06-17 16:43:13,352 [INFO] PluginManage:359 - Loaded plugin ddr (category:tool,tabindex:6)
2025-06-17 16:43:13,352 [INFO] PluginManage:310 - Check plugin filemanager
2025-06-17 16:43:14,102 [INFO] PluginManage:359 - Loaded plugin filemanager (category:base,tabindex:10)
2025-06-17 16:43:14,103 [INFO] PluginManage:310 - Check plugin ipmanager
2025-06-17 16:43:14,136 [INFO] PluginManage:359 - Loaded plugin ipmanager (category:base,tabindex:5)
2025-06-17 16:43:14,137 [INFO] PluginManage:310 - Check plugin lpbam
2025-06-17 16:43:14,193 [INFO] PluginManage:359 - Loaded plugin lpbam (category:base,tabindex:0)
2025-06-17 16:43:14,194 [INFO] PluginManage:310 - Check plugin memorymap
2025-06-17 16:43:14,230 [INFO] PluginManage:359 - Loaded plugin memorymap (category:base,tabindex:4)
2025-06-17 16:43:14,233 [INFO] PluginManage:310 - Check plugin pinoutandconfiguration
2025-06-17 16:43:14,297 [INFO] PluginManage:359 - Loaded plugin pinoutandconfiguration (category:base,tabindex:1)
2025-06-17 16:43:14,298 [INFO] PluginManage:310 - Check plugin pinoutconfig
2025-06-17 16:43:14,759 [WARN] SupportedApi:132 - Cannot load RTOS API schema: s4s-elt-must-match.1: The content of 'definitions' must match (annotation?, (simpleType | complexType)?, (unique | key | keyref)*)). A problem was found starting at: attribute.
2025-06-17 16:43:15,377 [INFO] PluginManage:359 - Loaded plugin pinoutconfig (category:base,tabindex:0)
2025-06-17 16:43:15,378 [INFO] PluginManage:310 - Check plugin power
2025-06-17 16:43:15,410 [INFO] PluginManage:359 - Loaded plugin power (category:power,tabindex:4)
2025-06-17 16:43:15,411 [INFO] PluginManage:310 - Check plugin projectmanager
2025-06-17 16:43:15,479 [INFO] PluginManage:359 - Loaded plugin projectmanager (category:projectmanager,tabindex:4)
2025-06-17 16:43:15,480 [INFO] PluginManage:310 - Check plugin rif
2025-06-17 16:43:15,504 [INFO] PluginManage:359 - Loaded plugin rif (category:base,tabindex:3)
2025-06-17 16:43:15,505 [INFO] PluginManage:310 - Check plugin thirdparty
2025-06-17 16:43:15,961 [INFO] PluginManage:359 - Loaded plugin thirdparty (category:base,tabindex:-1)
2025-06-17 16:43:15,962 [INFO] PluginManage:310 - Check plugin tools
2025-06-17 16:43:15,963 [WARN] IntegrityCheckThread:84 - waiting for thirdparty lock release [integrity check]
2025-06-17 16:43:15,964 [INFO] IntegrityCheckThread:86 - entering critical section [integrity check]
2025-06-17 16:43:15,965 [INFO] ThirdPartyUpdaterWithRetryManager:70 - Updater plugin not ready yet. [1/15]
2025-06-17 16:43:15,973 [INFO] PluginManage:359 - Loaded plugin tools (category:base,tabindex:7)
2025-06-17 16:43:15,973 [INFO] PluginManage:310 - Check plugin tutovideos
2025-06-17 16:43:16,589 [INFO] PluginManage:359 - Loaded plugin tutovideos (category:base,tabindex:-1)
2025-06-17 16:43:16,590 [INFO] PluginManage:310 - Check plugin updater
2025-06-17 16:43:16,707 [INFO] PluginManage:359 - Loaded plugin updater (category:base,tabindex:12)
2025-06-17 16:43:16,710 [INFO] PluginManage:310 - Check plugin userauth
2025-06-17 16:43:16,722 [INFO] UserAuth:118 - Init User Auth plugin
2025-06-17 16:43:16,726 [INFO] PluginManage:359 - Loaded plugin userauth (category:base,tabindex:14)
2025-06-17 16:43:16,729 [INFO] PluginManage:283 - PluginManage : Loaded plugins [18]
2025-06-17 16:43:17,960 [INFO] PinOutPanel:1589 - setPackage(No Configuration,No Configuration)
2025-06-17 16:43:18,214 [INFO] CADModel:165 - CPN selected for project level
2025-06-17 16:43:18,215 [INFO] CADModel:114 - Register for checkConnection events
2025-06-17 16:43:18,269 [INFO] IPUIPlugin:80 - create IPUIPlugin
2025-06-17 16:43:18,270 [INFO] PluginManager:220 - loadIPPluginJar : add adc
2025-06-17 16:43:18,278 [INFO] IPUIPlugin:80 - create IPUIPlugin
2025-06-17 16:43:18,279 [INFO] PluginManager:220 - loadIPPluginJar : add lorawan
2025-06-17 16:43:18,284 [INFO] IPUIPlugin:80 - create IPUIPlugin
2025-06-17 16:43:18,284 [INFO] PluginManager:220 - loadIPPluginJar : add tsc
2025-06-17 16:43:18,294 [INFO] IPUIPlugin:80 - create IPUIPlugin
2025-06-17 16:43:18,295 [INFO] PluginManager:220 - loadIPPluginJar : add ipddr
2025-06-17 16:43:18,304 [INFO] IPUIPlugin:80 - create IPUIPlugin
2025-06-17 16:43:18,305 [INFO] PluginManager:220 - loadIPPluginJar : add usbx
2025-06-17 16:43:18,312 [INFO] IPUIPlugin:80 - create IPUIPlugin
2025-06-17 16:43:18,313 [INFO] PluginManager:220 - loadIPPluginJar : add i2c
2025-06-17 16:43:18,320 [INFO] IPUIPlugin:80 - create IPUIPlugin
2025-06-17 16:43:18,321 [INFO] PluginManager:220 - loadIPPluginJar : add cryp
2025-06-17 16:43:18,330 [INFO] IPUIPlugin:80 - create IPUIPlugin
2025-06-17 16:43:18,330 [INFO] PluginManager:220 - loadIPPluginJar : add pdm2pcm
2025-06-17 16:43:18,335 [INFO] IPUIPlugin:80 - create IPUIPlugin
2025-06-17 16:43:18,336 [INFO] PluginManager:220 - loadIPPluginJar : add genericplugin
2025-06-17 16:43:18,342 [INFO] IPUIPlugin:80 - create IPUIPlugin
2025-06-17 16:43:18,343 [INFO] PluginManager:220 - loadIPPluginJar : add tracer_emb
2025-06-17 16:43:18,350 [INFO] IPUIPlugin:80 - create IPUIPlugin
2025-06-17 16:43:18,351 [INFO] PluginManager:220 - loadIPPluginJar : add i2s
2025-06-17 16:43:18,355 [INFO] IPUIPlugin:80 - create IPUIPlugin
2025-06-17 16:43:18,356 [INFO] PluginManager:220 - loadIPPluginJar : add comp
2025-06-17 16:43:18,363 [INFO] IPUIPlugin:80 - create IPUIPlugin
2025-06-17 16:43:18,364 [INFO] PluginManager:220 - loadIPPluginJar : add aes
2025-06-17 16:43:18,370 [INFO] IPUIPlugin:80 - create IPUIPlugin
2025-06-17 16:43:18,371 [INFO] PluginManager:220 - loadIPPluginJar : add hash
2025-06-17 16:43:18,379 [INFO] IPUIPlugin:80 - create IPUIPlugin
2025-06-17 16:43:18,379 [INFO] PluginManager:220 - loadIPPluginJar : add gtzc
2025-06-17 16:43:18,391 [INFO] IPUIPlugin:80 - create IPUIPlugin
2025-06-17 16:43:18,393 [INFO] PluginManager:220 - loadIPPluginJar : add gpio
2025-06-17 16:43:18,401 [INFO] IPUIPlugin:80 - create IPUIPlugin
2025-06-17 16:43:18,402 [INFO] PluginManager:220 - loadIPPluginJar : add extmemmanager
2025-06-17 16:43:18,406 [INFO] IPUIPlugin:80 - create IPUIPlugin
2025-06-17 16:43:18,406 [INFO] PluginManager:220 - loadIPPluginJar : add ltdc
2025-06-17 16:43:18,440 [INFO] IPUIPlugin:80 - create IPUIPlugin
2025-06-17 16:43:18,440 [INFO] PluginManager:220 - loadIPPluginJar : add linkedlist
2025-06-17 16:43:18,455 [INFO] IPUIPlugin:80 - create IPUIPlugin
2025-06-17 16:43:18,458 [INFO] PluginManager:220 - loadIPPluginJar : add openamp
2025-06-17 16:43:18,466 [INFO] IPUIPlugin:80 - create IPUIPlugin
2025-06-17 16:43:18,467 [INFO] PluginManager:220 - loadIPPluginJar : add can
2025-06-17 16:43:18,473 [INFO] IPUIPlugin:80 - create IPUIPlugin
2025-06-17 16:43:18,479 [INFO] PluginManager:220 - loadIPPluginJar : add radio
2025-06-17 16:43:18,488 [INFO] IPUIPlugin:80 - create IPUIPlugin
2025-06-17 16:43:18,489 [INFO] PluginManager:220 - loadIPPluginJar : add i3c
2025-06-17 16:43:18,507 [INFO] IPUIPlugin:80 - create IPUIPlugin
2025-06-17 16:43:18,508 [INFO] PluginManager:220 - loadIPPluginJar : add dma
2025-06-17 16:43:18,518 [INFO] IPUIPlugin:80 - create IPUIPlugin
2025-06-17 16:43:18,519 [INFO] PluginManager:220 - loadIPPluginJar : add gfxmmu
2025-06-17 16:43:18,523 [INFO] IPUIPlugin:80 - create IPUIPlugin
2025-06-17 16:43:18,524 [INFO] PluginManager:220 - loadIPPluginJar : add fatfs
2025-06-17 16:43:18,531 [INFO] IPUIPlugin:80 - create IPUIPlugin
2025-06-17 16:43:18,531 [INFO] PluginManager:220 - loadIPPluginJar : add spi
2025-06-17 16:43:18,537 [INFO] IPUIPlugin:80 - create IPUIPlugin
2025-06-17 16:43:18,538 [INFO] PluginManager:220 - loadIPPluginJar : add ts
2025-06-17 16:43:18,546 [INFO] IPUIPlugin:80 - create IPUIPlugin
2025-06-17 16:43:18,546 [INFO] PluginManager:220 - loadIPPluginJar : add ddr_ctrl_phy
2025-06-17 16:43:18,578 [INFO] IPUIPlugin:80 - create IPUIPlugin
2025-06-17 16:43:18,578 [INFO] PluginManager:220 - loadIPPluginJar : add stm32_wpan
2025-06-17 16:43:18,585 [INFO] IPUIPlugin:80 - create IPUIPlugin
2025-06-17 16:43:18,586 [INFO] PluginManager:220 - loadIPPluginJar : add dfsdm
2025-06-17 16:43:18,595 [INFO] IPUIPlugin:80 - create IPUIPlugin
2025-06-17 16:43:18,596 [INFO] PluginManager:220 - loadIPPluginJar : add resmgrutility
2025-06-17 16:43:18,604 [INFO] IPUIPlugin:80 - create IPUIPlugin
2025-06-17 16:43:18,605 [INFO] PluginManager:220 - loadIPPluginJar : add usart
2025-06-17 16:43:18,612 [INFO] IPUIPlugin:80 - create IPUIPlugin
2025-06-17 16:43:18,612 [INFO] PluginManager:220 - loadIPPluginJar : add dma3
2025-06-17 16:43:18,626 [INFO] IPUIPlugin:80 - create IPUIPlugin
2025-06-17 16:43:18,627 [INFO] PluginManager:220 - loadIPPluginJar : add fmc
2025-06-17 16:43:18,643 [INFO] IPUIPlugin:80 - create IPUIPlugin
2025-06-17 16:43:18,644 [INFO] PluginManager:220 - loadIPPluginJar : add gic
2025-06-17 16:43:18,662 [INFO] IPUIPlugin:80 - create IPUIPlugin
2025-06-17 16:43:18,663 [INFO] PluginManager:220 - loadIPPluginJar : add mdma
2025-06-17 16:43:18,673 [INFO] IPUIPlugin:80 - create IPUIPlugin
2025-06-17 16:43:18,674 [INFO] PluginManager:220 - loadIPPluginJar : add nvic
2025-06-17 16:43:18,683 [INFO] IPUIPlugin:80 - create IPUIPlugin
2025-06-17 16:43:18,683 [INFO] PluginManager:220 - loadIPPluginJar : add opamp
2025-06-17 16:43:18,701 [INFO] IPUIPlugin:80 - create IPUIPlugin
2025-06-17 16:43:18,712 [INFO] PluginManager:220 - loadIPPluginJar : add plateformsettings
2025-06-17 16:43:18,725 [INFO] IPUIPlugin:80 - create IPUIPlugin
2025-06-17 16:43:18,726 [INFO] PluginManager:220 - loadIPPluginJar : add freertos
2025-06-17 16:43:18,732 [INFO] IPUIPlugin:80 - create IPUIPlugin
2025-06-17 16:43:18,733 [INFO] PluginManager:220 - loadIPPluginJar : add tim
2025-06-17 16:43:18,744 [INFO] IPUIPlugin:80 - create IPUIPlugin
2025-06-17 16:43:18,745 [INFO] PluginManager:220 - loadIPPluginJar : add touchsensing
2025-06-17 16:43:18,749 [INFO] IPUIPlugin:80 - create IPUIPlugin
2025-06-17 16:43:18,750 [INFO] PluginManager:220 - loadIPPluginJar : add quadspi
2025-06-17 16:43:18,761 [INFO] IPUIPlugin:80 - create IPUIPlugin
2025-06-17 16:43:18,762 [INFO] PluginManager:220 - loadIPPluginJar : add ucpd
2025-06-17 16:43:18,779 [INFO] IPUIPlugin:80 - create IPUIPlugin
2025-06-17 16:43:18,781 [INFO] PluginManager:220 - loadIPPluginJar : add sai
2025-06-17 16:43:18,970 [INFO] ThirdPartyUpdaterWithRetryManager:70 - Updater plugin not ready yet. [2/15]
2025-06-17 16:43:19,037 [FATAL] Updater:351 - Updater called before beeing initialized
2025-06-17 16:43:19,235 [INFO] RulesReader:64 - Compatibility file has been processed (301 Rules)
2025-06-17 16:43:19,292 [INFO] RulesReader:64 - Compatibility file has been processed (301 Rules)
2025-06-17 16:43:19,331 [INFO] CADModel:165 - CPN selected for project level
2025-06-17 16:43:19,331 [INFO] CADModel:114 - Register for checkConnection events
2025-06-17 16:43:19,332 [FATAL] Updater:351 - Updater called before beeing initialized
2025-06-17 16:43:19,332 [ERROR] CADModel:125 - Updater not yet initialized, retry later 
2025-06-17 16:43:19,821 [FATAL] Updater:351 - Updater called before beeing initialized
2025-06-17 16:43:19,828 [INFO] CADModel:165 - CPN selected for project level
2025-06-17 16:43:19,828 [INFO] CADModel:114 - Register for checkConnection events
2025-06-17 16:43:19,829 [FATAL] Updater:351 - Updater called before beeing initialized
2025-06-17 16:43:19,829 [ERROR] CADModel:125 - Updater not yet initialized, retry later 
2025-06-17 16:43:19,841 [FATAL] Updater:351 - Updater called before beeing initialized
2025-06-17 16:43:20,186 [FATAL] Updater:351 - Updater called before beeing initialized
2025-06-17 16:43:20,201 [INFO] DbMcusAds:53 - JSON generation date=Wed May 07 10:07:55 WEST 2025 (1746608875484)
2025-06-17 16:43:20,202 [FATAL] Updater:351 - Updater called before beeing initialized
2025-06-17 16:43:20,343 [WARN] DetailPanel:346 - Failed to get advertising image, set to default
2025-06-17 16:43:21,360 [FATAL] Updater:351 - Updater called before beeing initialized
2025-06-17 16:43:21,364 [FATAL] Updater:351 - Updater called before beeing initialized
2025-06-17 16:43:21,365 [FATAL] Updater:351 - Updater called before beeing initialized
2025-06-17 16:43:21,365 [WARN] DetailPanel:346 - Failed to get advertising image, set to default
2025-06-17 16:43:21,370 [FATAL] Updater:351 - Updater called before beeing initialized
2025-06-17 16:43:21,531 [ERROR] Updater:1198 - MainUpdater not yet initialized. External WinMGr cannot be set.
2025-06-17 16:43:21,538 [INFO] Updater:1134 - Updater Version found : 6.14.0
2025-06-17 16:43:21,604 [INFO] ApplicationProperties:184 - Using Application install path: /opt/st/stm32cubeide_1.18.0/plugins/com.st.stm32cube.common.mx_6.14.0.202502271554
2025-06-17 16:43:21,975 [FATAL] Updater:351 - Updater called before beeing initialized
2025-06-17 16:43:21,976 [ERROR] IntegrityCheckThread:130 - Cannot retrieve database content from updater: error 21
2025-06-17 16:43:21,977 [INFO] ThirdParty:978 - Integrity check success = false
2025-06-17 16:43:21,977 [INFO] IntegrityCheckThread:100 - exiting critical section [integrity check]
2025-06-17 16:43:21,977 [INFO] IntegrityCheckThread:103 - End integrity checks thread
2025-06-17 16:43:22,712 [INFO] MainUpdater:2872 - connection check result : 10
2025-06-17 16:43:22,714 [INFO] MainUpdater:289 - Updater Check For Update Now.
2025-06-17 16:43:22,715 [INFO] MicroXplorer:498 - Change Database Version : DB.6.0.140
2025-06-17 16:43:23,174 [INFO] CheckServerUpdateThread:120 - End of CheckServer Thread
2025-06-17 16:43:23,208 [INFO] MainUpdater:2872 - connection check result : 10
2025-06-17 16:43:23,210 [INFO] MainUpdater:2872 - connection check result : 10
