2025-05-02 15:57:53,458 [INFO] Activator:176 - 


2025-05-02 15:57:53,461 [INFO] Activator:177 - !SESSION log4j initialized
2025-05-02 15:58:10,560 [INFO] LogOutputStream:77 - [STDOUT_REDIRECT] 
2025-05-02 15:58:13,160 [INFO] ApplicationProperties:184 - Using Application install path: /opt/st/stm32cubeide_1.18.0/plugins/com.st.stm32cube.common.mx_6.14.0.202502271554
2025-05-02 15:58:13,228 [INFO] DbMcusXml:78 - Set database path to: /opt/st/stm32cubeide_1.18.0/plugins/com.st.stm32cube.common.mx_6.14.0.202502271554//db//mcu/
2025-05-02 15:58:13,228 [INFO] ApiDb:274 - Set plugin database path to: /opt/st/stm32cubeide_1.18.0/plugins/com.st.stm32cube.common.mx_6.14.0.202502271554//db//plugins/boardmanager/
2025-05-02 15:58:13,228 [WARN] ApiDb:259 - Overriding images path with different value:  => /opt/st/stm32cubeide_1.18.0/plugins/com.st.stm32cube.common.mx_6.14.0.202502271554//db//plugins/mcufinder/images/
2025-05-02 15:58:13,341 [INFO] ApiDb:250 - Set database path to: /home/viny/.stmcufinder/plugins/mcufinder//mcu/
2025-05-02 15:58:13,342 [INFO] DbMcusAds:125 - Set database path to: /home/viny/.stmcufinder/plugins/mcufinder//mcu/
2025-05-02 15:58:13,345 [INFO] CrossReferenceDbSqlite:203 - Set database path to: /home/viny/.stmcufinder/plugins/mcufinder//mcu/cs/
2025-05-02 15:58:13,547 [INFO] RulesReader:64 - Compatibility file has been processed (301 Rules)
2025-05-02 15:58:13,774 [INFO] DbMcusXml:78 - Set database path to: /opt/st/stm32cubeide_1.18.0/plugins/com.st.stm32cube.common.mx_6.14.0.202502271554//db//mcu/
2025-05-02 15:58:13,774 [INFO] ApiDb:274 - Set plugin database path to: /opt/st/stm32cubeide_1.18.0/plugins/com.st.stm32cube.common.mx_6.14.0.202502271554//db//plugins/boardmanager/
2025-05-02 15:58:13,774 [INFO] ApiDb:261 - Set plugin images path to: /opt/st/stm32cubeide_1.18.0/plugins/com.st.stm32cube.common.mx_6.14.0.202502271554//db//plugins/mcufinder/images/
2025-05-02 15:58:13,774 [WARN] DbFile:41 - Overriding database path with different value: /home/viny/.stmcufinder/plugins/mcufinder/ => /home/viny/.stmcufinder/plugins/mcufinder
2025-05-02 15:58:13,774 [INFO] ApiDb:250 - Set database path to: /home/viny/.stmcufinder/plugins/mcufinder//mcu/
2025-05-02 15:58:13,774 [WARN] DbFile:41 - Overriding database path with different value: /home/viny/.stmcufinder/plugins/mcufinder/ => /home/viny/.stmcufinder/plugins/mcufinder
2025-05-02 15:58:13,774 [INFO] DbMcusAds:125 - Set database path to: /home/viny/.stmcufinder/plugins/mcufinder//mcu/
2025-05-02 15:58:13,774 [WARN] DbFile:41 - Overriding database path with different value: /home/viny/.stmcufinder/plugins/mcufinder/ => /home/viny/.stmcufinder/plugins/mcufinder
2025-05-02 15:58:13,774 [WARN] DbFile:41 - Overriding database path with different value: /home/viny/.stmcufinder/plugins/mcufinder/ => /home/viny/.stmcufinder/plugins/mcufinder
2025-05-02 15:58:13,774 [INFO] CrossReferenceDbSqlite:203 - Set database path to: /home/viny/.stmcufinder/plugins/mcufinder//mcu/cs/
2025-05-02 15:58:13,944 [INFO] MainPanel:272 - HeapMemory: 268435456
2025-05-02 15:58:14,332 [INFO] DbMcusXml:78 - Set database path to: /opt/st/stm32cubeide_1.18.0/plugins/com.st.stm32cube.common.mx_6.14.0.202502271554//db//mcu/
2025-05-02 15:58:14,332 [INFO] ApiDb:274 - Set plugin database path to: /opt/st/stm32cubeide_1.18.0/plugins/com.st.stm32cube.common.mx_6.14.0.202502271554//db//plugins/boardmanager/
2025-05-02 15:58:14,332 [INFO] ApiDb:261 - Set plugin images path to: /opt/st/stm32cubeide_1.18.0/plugins/com.st.stm32cube.common.mx_6.14.0.202502271554//db//plugins/mcufinder/images/
2025-05-02 15:58:14,332 [WARN] DbFile:41 - Overriding database path with different value: /home/viny/.stmcufinder/plugins/mcufinder/ => /home/viny/.stmcufinder/plugins/mcufinder
2025-05-02 15:58:14,332 [INFO] ApiDb:250 - Set database path to: /home/viny/.stmcufinder/plugins/mcufinder//mcu/
2025-05-02 15:58:14,333 [WARN] DbFile:41 - Overriding database path with different value: /home/viny/.stmcufinder/plugins/mcufinder/ => /home/viny/.stmcufinder/plugins/mcufinder
2025-05-02 15:58:14,333 [INFO] DbMcusAds:125 - Set database path to: /home/viny/.stmcufinder/plugins/mcufinder//mcu/
2025-05-02 15:58:14,333 [WARN] DbFile:41 - Overriding database path with different value: /home/viny/.stmcufinder/plugins/mcufinder/ => /home/viny/.stmcufinder/plugins/mcufinder
2025-05-02 15:58:14,333 [WARN] DbFile:41 - Overriding database path with different value: /home/viny/.stmcufinder/plugins/mcufinder/ => /home/viny/.stmcufinder/plugins/mcufinder
2025-05-02 15:58:14,333 [INFO] CrossReferenceDbSqlite:203 - Set database path to: /home/viny/.stmcufinder/plugins/mcufinder//mcu/cs/
2025-05-02 15:58:14,347 [INFO] ApplicationProperties:184 - Using Application install path: /opt/st/stm32cubeide_1.18.0/plugins/com.st.stm32cube.common.mx_6.14.0.202502271554
2025-05-02 15:58:14,348 [INFO] PluginManage:196 - Search for loadable plugins [exclusion list=, ]
2025-05-02 15:58:14,349 [INFO] PluginManage:310 - Check plugin analytics
2025-05-02 15:58:14,555 [INFO] AnalyticsPlugin:253 - Accepted Software Licenses: 
2025-05-02 15:58:14,556 [INFO] AnalyticsPlugin:255 - Accepted CMSIS Pack Licenses: 
2025-05-02 15:58:14,556 [INFO] AnalyticsPlugin:257 - Accepted Firmware Licenses: FW.H7.1.12.0,FW.F4.1.28.0
2025-05-02 15:58:14,557 [INFO] PluginManage:359 - Loaded plugin analytics (category:tool,tabindex:-1)
2025-05-02 15:58:14,558 [INFO] PluginManage:310 - Check plugin cadmodel
2025-05-02 15:58:14,607 [INFO] CADModel:105 - Init CAD model plugin
2025-05-02 15:58:14,608 [INFO] PluginManage:359 - Loaded plugin cadmodel (category:power,tabindex:5)
2025-05-02 15:58:14,608 [INFO] PluginManage:310 - Check plugin clock
2025-05-02 15:58:14,662 [INFO] PluginManage:359 - Loaded plugin clock (category:base,tabindex:2)
2025-05-02 15:58:14,662 [INFO] PluginManage:310 - Check plugin ddr
2025-05-02 15:58:14,677 [INFO] PluginManage:359 - Loaded plugin ddr (category:tool,tabindex:6)
2025-05-02 15:58:14,677 [INFO] PluginManage:310 - Check plugin filemanager
2025-05-02 15:58:15,050 [INFO] PluginManage:359 - Loaded plugin filemanager (category:base,tabindex:10)
2025-05-02 15:58:15,050 [INFO] PluginManage:310 - Check plugin ipmanager
2025-05-02 15:58:15,067 [INFO] PluginManage:359 - Loaded plugin ipmanager (category:base,tabindex:5)
2025-05-02 15:58:15,068 [INFO] PluginManage:310 - Check plugin lpbam
2025-05-02 15:58:15,092 [INFO] PluginManage:359 - Loaded plugin lpbam (category:base,tabindex:0)
2025-05-02 15:58:15,092 [INFO] PluginManage:310 - Check plugin memorymap
2025-05-02 15:58:15,120 [INFO] PluginManage:359 - Loaded plugin memorymap (category:base,tabindex:4)
2025-05-02 15:58:15,120 [INFO] PluginManage:310 - Check plugin pinoutandconfiguration
2025-05-02 15:58:15,144 [INFO] PluginManage:359 - Loaded plugin pinoutandconfiguration (category:base,tabindex:1)
2025-05-02 15:58:15,144 [INFO] PluginManage:310 - Check plugin pinoutconfig
2025-05-02 15:58:15,284 [WARN] SupportedApi:132 - Cannot load RTOS API schema: s4s-elt-must-match.1: The content of 'definitions' must match (annotation?, (simpleType | complexType)?, (unique | key | keyref)*)). A problem was found starting at: attribute.
2025-05-02 15:58:15,443 [INFO] PluginManage:359 - Loaded plugin pinoutconfig (category:base,tabindex:0)
2025-05-02 15:58:15,443 [INFO] PluginManage:310 - Check plugin power
2025-05-02 15:58:15,507 [INFO] PluginManage:359 - Loaded plugin power (category:power,tabindex:4)
2025-05-02 15:58:15,508 [INFO] PluginManage:310 - Check plugin projectmanager
2025-05-02 15:58:15,526 [INFO] PluginManage:359 - Loaded plugin projectmanager (category:projectmanager,tabindex:4)
2025-05-02 15:58:15,526 [INFO] PluginManage:310 - Check plugin rif
2025-05-02 15:58:15,556 [INFO] PluginManage:359 - Loaded plugin rif (category:base,tabindex:3)
2025-05-02 15:58:15,556 [INFO] PluginManage:310 - Check plugin thirdparty
2025-05-02 15:58:15,806 [INFO] PluginManage:359 - Loaded plugin thirdparty (category:base,tabindex:-1)
2025-05-02 15:58:15,806 [WARN] IntegrityCheckThread:84 - waiting for thirdparty lock release [integrity check]
2025-05-02 15:58:15,807 [INFO] IntegrityCheckThread:86 - entering critical section [integrity check]
2025-05-02 15:58:15,807 [INFO] PluginManage:310 - Check plugin tools
2025-05-02 15:58:15,807 [INFO] ThirdPartyUpdaterWithRetryManager:70 - Updater plugin not ready yet. [1/15]
2025-05-02 15:58:15,824 [INFO] PluginManage:359 - Loaded plugin tools (category:base,tabindex:7)
2025-05-02 15:58:15,824 [INFO] PluginManage:310 - Check plugin tutovideos
2025-05-02 15:58:16,064 [INFO] PluginManage:359 - Loaded plugin tutovideos (category:base,tabindex:-1)
2025-05-02 15:58:16,064 [INFO] PluginManage:310 - Check plugin updater
2025-05-02 15:58:16,108 [INFO] PluginManage:359 - Loaded plugin updater (category:base,tabindex:12)
2025-05-02 15:58:16,108 [INFO] PluginManage:310 - Check plugin userauth
2025-05-02 15:58:16,134 [INFO] UserAuth:118 - Init User Auth plugin
2025-05-02 15:58:16,135 [INFO] PluginManage:359 - Loaded plugin userauth (category:base,tabindex:14)
2025-05-02 15:58:16,135 [INFO] PluginManage:283 - PluginManage : Loaded plugins [18]
2025-05-02 15:58:16,628 [INFO] PinOutPanel:1589 - setPackage(No Configuration,No Configuration)
2025-05-02 15:58:16,711 [INFO] CADModel:165 - CPN selected for project level
2025-05-02 15:58:16,711 [INFO] CADModel:114 - Register for checkConnection events
2025-05-02 15:58:16,775 [INFO] IPUIPlugin:80 - create IPUIPlugin
2025-05-02 15:58:16,775 [INFO] PluginManager:220 - loadIPPluginJar : add adc
2025-05-02 15:58:16,777 [INFO] IPUIPlugin:80 - create IPUIPlugin
2025-05-02 15:58:16,777 [INFO] PluginManager:220 - loadIPPluginJar : add lorawan
2025-05-02 15:58:16,778 [INFO] IPUIPlugin:80 - create IPUIPlugin
2025-05-02 15:58:16,778 [INFO] PluginManager:220 - loadIPPluginJar : add tsc
2025-05-02 15:58:16,781 [INFO] IPUIPlugin:80 - create IPUIPlugin
2025-05-02 15:58:16,781 [INFO] PluginManager:220 - loadIPPluginJar : add ipddr
2025-05-02 15:58:16,783 [INFO] IPUIPlugin:80 - create IPUIPlugin
2025-05-02 15:58:16,783 [INFO] PluginManager:220 - loadIPPluginJar : add usbx
2025-05-02 15:58:16,785 [INFO] IPUIPlugin:80 - create IPUIPlugin
2025-05-02 15:58:16,785 [INFO] PluginManager:220 - loadIPPluginJar : add i2c
2025-05-02 15:58:16,786 [INFO] IPUIPlugin:80 - create IPUIPlugin
2025-05-02 15:58:16,786 [INFO] PluginManager:220 - loadIPPluginJar : add cryp
2025-05-02 15:58:16,788 [INFO] IPUIPlugin:80 - create IPUIPlugin
2025-05-02 15:58:16,788 [INFO] PluginManager:220 - loadIPPluginJar : add pdm2pcm
2025-05-02 15:58:16,789 [INFO] IPUIPlugin:80 - create IPUIPlugin
2025-05-02 15:58:16,789 [INFO] PluginManager:220 - loadIPPluginJar : add genericplugin
2025-05-02 15:58:16,790 [INFO] IPUIPlugin:80 - create IPUIPlugin
2025-05-02 15:58:16,790 [INFO] PluginManager:220 - loadIPPluginJar : add tracer_emb
2025-05-02 15:58:16,791 [INFO] IPUIPlugin:80 - create IPUIPlugin
2025-05-02 15:58:16,791 [INFO] PluginManager:220 - loadIPPluginJar : add i2s
2025-05-02 15:58:16,792 [INFO] IPUIPlugin:80 - create IPUIPlugin
2025-05-02 15:58:16,792 [INFO] PluginManager:220 - loadIPPluginJar : add comp
2025-05-02 15:58:16,794 [INFO] IPUIPlugin:80 - create IPUIPlugin
2025-05-02 15:58:16,794 [INFO] PluginManager:220 - loadIPPluginJar : add aes
2025-05-02 15:58:16,795 [INFO] IPUIPlugin:80 - create IPUIPlugin
2025-05-02 15:58:16,795 [INFO] PluginManager:220 - loadIPPluginJar : add hash
2025-05-02 15:58:16,797 [INFO] IPUIPlugin:80 - create IPUIPlugin
2025-05-02 15:58:16,797 [INFO] PluginManager:220 - loadIPPluginJar : add gtzc
2025-05-02 15:58:16,814 [INFO] IPUIPlugin:80 - create IPUIPlugin
2025-05-02 15:58:16,814 [INFO] PluginManager:220 - loadIPPluginJar : add gpio
2025-05-02 15:58:16,816 [INFO] IPUIPlugin:80 - create IPUIPlugin
2025-05-02 15:58:16,816 [INFO] PluginManager:220 - loadIPPluginJar : add extmemmanager
2025-05-02 15:58:16,817 [INFO] IPUIPlugin:80 - create IPUIPlugin
2025-05-02 15:58:16,817 [INFO] PluginManager:220 - loadIPPluginJar : add ltdc
2025-05-02 15:58:16,823 [INFO] IPUIPlugin:80 - create IPUIPlugin
2025-05-02 15:58:16,823 [INFO] PluginManager:220 - loadIPPluginJar : add linkedlist
2025-05-02 15:58:16,825 [INFO] IPUIPlugin:80 - create IPUIPlugin
2025-05-02 15:58:16,825 [INFO] PluginManager:220 - loadIPPluginJar : add openamp
2025-05-02 15:58:16,826 [INFO] IPUIPlugin:80 - create IPUIPlugin
2025-05-02 15:58:16,826 [INFO] PluginManager:220 - loadIPPluginJar : add can
2025-05-02 15:58:16,827 [INFO] IPUIPlugin:80 - create IPUIPlugin
2025-05-02 15:58:16,828 [INFO] PluginManager:220 - loadIPPluginJar : add radio
2025-05-02 15:58:16,829 [INFO] IPUIPlugin:80 - create IPUIPlugin
2025-05-02 15:58:16,829 [INFO] PluginManager:220 - loadIPPluginJar : add i3c
2025-05-02 15:58:16,854 [INFO] IPUIPlugin:80 - create IPUIPlugin
2025-05-02 15:58:16,854 [INFO] PluginManager:220 - loadIPPluginJar : add dma
2025-05-02 15:58:16,856 [INFO] IPUIPlugin:80 - create IPUIPlugin
2025-05-02 15:58:16,856 [INFO] PluginManager:220 - loadIPPluginJar : add gfxmmu
2025-05-02 15:58:16,857 [INFO] IPUIPlugin:80 - create IPUIPlugin
2025-05-02 15:58:16,858 [INFO] PluginManager:220 - loadIPPluginJar : add fatfs
2025-05-02 15:58:16,859 [INFO] IPUIPlugin:80 - create IPUIPlugin
2025-05-02 15:58:16,859 [INFO] PluginManager:220 - loadIPPluginJar : add spi
2025-05-02 15:58:16,860 [INFO] IPUIPlugin:80 - create IPUIPlugin
2025-05-02 15:58:16,861 [INFO] PluginManager:220 - loadIPPluginJar : add ts
2025-05-02 15:58:16,871 [INFO] IPUIPlugin:80 - create IPUIPlugin
2025-05-02 15:58:16,871 [INFO] PluginManager:220 - loadIPPluginJar : add ddr_ctrl_phy
2025-05-02 15:58:16,876 [INFO] IPUIPlugin:80 - create IPUIPlugin
2025-05-02 15:58:16,876 [INFO] PluginManager:220 - loadIPPluginJar : add stm32_wpan
2025-05-02 15:58:16,877 [INFO] IPUIPlugin:80 - create IPUIPlugin
2025-05-02 15:58:16,878 [INFO] PluginManager:220 - loadIPPluginJar : add dfsdm
2025-05-02 15:58:16,881 [INFO] IPUIPlugin:80 - create IPUIPlugin
2025-05-02 15:58:16,881 [INFO] PluginManager:220 - loadIPPluginJar : add resmgrutility
2025-05-02 15:58:16,882 [INFO] IPUIPlugin:80 - create IPUIPlugin
2025-05-02 15:58:16,882 [INFO] PluginManager:220 - loadIPPluginJar : add usart
2025-05-02 15:58:16,884 [INFO] IPUIPlugin:80 - create IPUIPlugin
2025-05-02 15:58:16,884 [INFO] PluginManager:220 - loadIPPluginJar : add dma3
2025-05-02 15:58:16,887 [INFO] IPUIPlugin:80 - create IPUIPlugin
2025-05-02 15:58:16,887 [INFO] PluginManager:220 - loadIPPluginJar : add fmc
2025-05-02 15:58:16,890 [INFO] IPUIPlugin:80 - create IPUIPlugin
2025-05-02 15:58:16,891 [INFO] PluginManager:220 - loadIPPluginJar : add gic
2025-05-02 15:58:16,906 [INFO] IPUIPlugin:80 - create IPUIPlugin
2025-05-02 15:58:16,906 [INFO] PluginManager:220 - loadIPPluginJar : add mdma
2025-05-02 15:58:16,911 [INFO] IPUIPlugin:80 - create IPUIPlugin
2025-05-02 15:58:16,911 [INFO] PluginManager:220 - loadIPPluginJar : add nvic
2025-05-02 15:58:16,913 [INFO] IPUIPlugin:80 - create IPUIPlugin
2025-05-02 15:58:16,914 [INFO] PluginManager:220 - loadIPPluginJar : add opamp
2025-05-02 15:58:16,940 [INFO] IPUIPlugin:80 - create IPUIPlugin
2025-05-02 15:58:16,942 [INFO] PluginManager:220 - loadIPPluginJar : add plateformsettings
2025-05-02 15:58:16,957 [INFO] IPUIPlugin:80 - create IPUIPlugin
2025-05-02 15:58:16,957 [INFO] PluginManager:220 - loadIPPluginJar : add freertos
2025-05-02 15:58:16,959 [INFO] IPUIPlugin:80 - create IPUIPlugin
2025-05-02 15:58:16,959 [INFO] PluginManager:220 - loadIPPluginJar : add tim
2025-05-02 15:58:16,961 [INFO] IPUIPlugin:80 - create IPUIPlugin
2025-05-02 15:58:16,962 [INFO] PluginManager:220 - loadIPPluginJar : add touchsensing
2025-05-02 15:58:16,962 [INFO] IPUIPlugin:80 - create IPUIPlugin
2025-05-02 15:58:16,962 [INFO] PluginManager:220 - loadIPPluginJar : add quadspi
2025-05-02 15:58:16,964 [INFO] IPUIPlugin:80 - create IPUIPlugin
2025-05-02 15:58:16,964 [INFO] PluginManager:220 - loadIPPluginJar : add ucpd
2025-05-02 15:58:16,966 [INFO] IPUIPlugin:80 - create IPUIPlugin
2025-05-02 15:58:16,966 [INFO] PluginManager:220 - loadIPPluginJar : add sai
2025-05-02 15:58:17,054 [FATAL] Updater:351 - Updater called before beeing initialized
2025-05-02 15:58:17,098 [INFO] RulesReader:64 - Compatibility file has been processed (301 Rules)
2025-05-02 15:58:17,104 [INFO] RulesReader:64 - Compatibility file has been processed (301 Rules)
2025-05-02 15:58:17,108 [INFO] CADModel:165 - CPN selected for project level
2025-05-02 15:58:17,109 [INFO] CADModel:114 - Register for checkConnection events
2025-05-02 15:58:17,109 [FATAL] Updater:351 - Updater called before beeing initialized
2025-05-02 15:58:17,109 [ERROR] CADModel:125 - Updater not yet initialized, retry later 
2025-05-02 15:58:17,331 [FATAL] Updater:351 - Updater called before beeing initialized
2025-05-02 15:58:17,332 [INFO] CADModel:165 - CPN selected for project level
2025-05-02 15:58:17,332 [INFO] CADModel:114 - Register for checkConnection events
2025-05-02 15:58:17,332 [FATAL] Updater:351 - Updater called before beeing initialized
2025-05-02 15:58:17,332 [ERROR] CADModel:125 - Updater not yet initialized, retry later 
2025-05-02 15:58:17,334 [FATAL] Updater:351 - Updater called before beeing initialized
2025-05-02 15:58:17,397 [FATAL] Updater:351 - Updater called before beeing initialized
2025-05-02 15:58:17,415 [INFO] DbMcusAds:53 - JSON generation date=Thu Mar 06 14:54:22 WET 2025 (1741272862204)
2025-05-02 15:58:17,415 [FATAL] Updater:351 - Updater called before beeing initialized
2025-05-02 15:58:17,535 [WARN] DetailPanel:346 - Failed to get advertising image, set to default
2025-05-02 15:58:17,723 [FATAL] Updater:351 - Updater called before beeing initialized
2025-05-02 15:58:17,724 [FATAL] Updater:351 - Updater called before beeing initialized
2025-05-02 15:58:17,724 [FATAL] Updater:351 - Updater called before beeing initialized
2025-05-02 15:58:17,724 [WARN] DetailPanel:346 - Failed to get advertising image, set to default
2025-05-02 15:58:17,725 [FATAL] Updater:351 - Updater called before beeing initialized
2025-05-02 15:58:17,798 [ERROR] Updater:1198 - MainUpdater not yet initialized. External WinMGr cannot be set.
2025-05-02 15:58:17,803 [INFO] Updater:1134 - Updater Version found : 6.14.0
2025-05-02 15:58:17,859 [INFO] ApplicationProperties:184 - Using Application install path: /opt/st/stm32cubeide_1.18.0/plugins/com.st.stm32cube.common.mx_6.14.0.202502271554
2025-05-02 15:58:18,524 [INFO] MainUpdater:2872 - connection check result : 10
2025-05-02 15:58:18,525 [INFO] MainUpdater:289 - Updater Check For Update Now.
2025-05-02 15:58:18,525 [INFO] MicroXplorer:498 - Change Database Version : DB.6.0.140
2025-05-02 15:58:18,528 [INFO] McuFinderGlobals:63 - Set McuFinder mode to 2 (CubeIDE integrated)
2025-05-02 15:58:18,570 [INFO] UserAuth:486 - Internet connection configuration mode: 1
2025-05-02 15:58:18,781 [INFO] JxBrowserEngine:152 - Initiate JxBrowser Engine with user profile folder
2025-05-02 15:58:18,807 [WARN] MainUpdater:1193 - Updater busy. Cannot search thirdparties
2025-05-02 15:58:18,808 [INFO] ThirdPartyUpdaterWithRetryManager:96 - Updater plugin is busy. [1/15]
2025-05-02 15:58:18,858 [INFO] CheckServerUpdateThread:120 - End of CheckServer Thread
2025-05-02 15:58:23,619 [WARN] PackLoader:240 - Cannot read IP mode file for STMicroelectronics.FP-SNS-MOTENVWB1.1.4.0
2025-05-02 15:58:23,656 [WARN] PackLoader:240 - Cannot read IP mode file for STMicroelectronics.FP-ATR-ASTRA1.2.0.2
2025-05-02 15:58:23,686 [WARN] PackLoader:240 - Cannot read IP mode file for STMicroelectronics.X-CUBE-SMBUS.2.1.0
2025-05-02 15:58:23,731 [WARN] PackLoader:240 - Cannot read IP mode file for STMicroelectronics.X-CUBE-WB05N.1.1.0
2025-05-02 15:58:23,887 [WARN] PackLoader:240 - Cannot read IP mode file for STMicroelectronics.X-CUBE-AZRTOS-F7.1.1.0
2025-05-02 15:58:23,923 [WARN] PackLoader:240 - Cannot read IP mode file for STMicroelectronics.FP-SNS-FLIGHT1.5.0.2
2025-05-02 15:58:23,992 [WARN] PackLoader:240 - Cannot read IP mode file for Infineon.AIROC-Wi-Fi-Bluetooth-STM32.1.7.0
2025-05-02 15:58:24,040 [WARN] PackLoader:240 - Cannot read IP mode file for STMicroelectronics.X-CUBE-DISPLAY.3.0.0
2025-05-02 15:58:24,071 [WARN] PackLoader:240 - Cannot read IP mode file for STMicroelectronics.X-CUBE-NFC10.1.0.0
2025-05-02 15:58:24,095 [WARN] PackLoader:240 - Cannot read IP mode file for STMicroelectronics.X-CUBE-BLEMGR.4.0.0
2025-05-02 15:58:24,132 [WARN] PackLoader:240 - Cannot read IP mode file for emotas.I-CUBE-CANOPEN.1.3.0
2025-05-02 15:58:24,149 [WARN] ConditionMgr:438 - getConditionDescription Invalid condition id : Cortex-A Device cause : null
2025-05-02 15:58:24,180 [WARN] ConditionMgr:1044 - genDependencies : Invalid condition id : Cortex-A Device cause : null
2025-05-02 15:58:24,180 [WARN] ConditionMgr:1044 - genDependencies : Invalid condition id : Cortex-A Device cause : null
2025-05-02 15:58:24,180 [WARN] ConditionMgr:1044 - genDependencies : Invalid condition id : Cortex-A Device cause : null
2025-05-02 15:58:24,208 [WARN] PackLoader:240 - Cannot read IP mode file for STMicroelectronics.X-CUBE-AI.10.0.0
2025-05-02 15:58:24,217 [WARN] PackLoader:240 - Cannot read IP mode file for STMicroelectronics.FP-SNS-SMARTAG2.1.2.0
2025-05-02 15:58:24,248 [WARN] PackLoader:240 - Cannot read IP mode file for STMicroelectronics.FP-SNS-FLIGHT1.5.1.0
2025-05-02 15:58:24,354 [WARN] PackLoader:240 - Cannot read IP mode file for STMicroelectronics.X-CUBE-MEMS1.11.1.0
2025-05-02 15:58:24,502 [INFO] LogOutputStream:77 - [STDOUT_REDIRECT] 1 : Invalid condition id : UX_CORESTACK_Condition cause : null
2025-05-02 15:58:24,503 [INFO] LogOutputStream:77 - [STDOUT_REDIRECT] 1 : Invalid condition id : UX_CORESTACK_Condition cause : null
2025-05-02 15:58:24,503 [INFO] LogOutputStream:77 - [STDOUT_REDIRECT] 1 : Invalid condition id : UX_CORESTACK_Condition cause : null
2025-05-02 15:58:24,503 [INFO] LogOutputStream:77 - [STDOUT_REDIRECT] 1 : Invalid condition id : UX_CORESTACK_Condition cause : null
2025-05-02 15:58:24,503 [INFO] LogOutputStream:77 - [STDOUT_REDIRECT] 1 : Invalid condition id : UX_CORESTACK_Condition cause : null
2025-05-02 15:58:24,506 [WARN] PackLoader:240 - Cannot read IP mode file for STMicroelectronics.X-CUBE-AZRTOS-WL.2.0.0
2025-05-02 15:58:24,538 [WARN] PackLoader:240 - Cannot read IP mode file for STMicroelectronics.FP-SNS-MOTENV1.5.0.0
2025-05-02 15:58:24,606 [WARN] PackLoader:240 - Cannot read IP mode file for WES.I-CUBE-Cesium.1.3.0
2025-05-02 15:58:24,631 [WARN] PackLoader:240 - Cannot read IP mode file for STMicroelectronics.X-CUBE-BLE2.3.3.0
2025-05-02 15:58:24,661 [WARN] PackLoader:240 - Cannot read IP mode file for STMicroelectronics.X-CUBE-NFC9.1.0.0
2025-05-02 15:58:24,723 [WARN] PackLoader:240 - Cannot read IP mode file for STMicroelectronics.X-CUBE-BLE1.7.1.0
2025-05-02 15:58:24,815 [WARN] PackLoader:240 - Cannot read IP mode file for wolfSSL.I-CUBE-wolfMQTT.1.19.2
2025-05-02 15:58:24,938 [WARN] PackLoader:240 - Cannot read IP mode file for STMicroelectronics.X-CUBE-MEMS1.11.2.0
2025-05-02 15:58:25,048 [WARN] PackLoader:240 - Cannot read IP mode file for STMicroelectronics.X-CUBE-AZRTOS-G0.1.1.0
2025-05-02 15:58:25,091 [WARN] PackLoader:240 - Cannot read IP mode file for STMicroelectronics.X-CUBE-SAFEA1.1.2.2
2025-05-02 15:58:25,115 [WARN] PackLoader:240 - Cannot read IP mode file for STMicroelectronics.X-CUBE-NFC4.3.0.0
2025-05-02 15:58:25,151 [WARN] PackLoader:240 - Cannot read IP mode file for EmbeddedOffice.I-CUBE-FS-RTOS.1.0.1
2025-05-02 15:58:25,179 [WARN] PackLoader:240 - Cannot read IP mode file for STMicroelectronics.X-CUBE-WB05N.2.0.0
2025-05-02 15:58:25,216 [WARN] PackLoader:240 - Cannot read IP mode file for wolfSSL.I-CUBE-wolfTPM.3.8.0
2025-05-02 15:58:25,268 [WARN] PackLoader:240 - Cannot read IP mode file for STMicroelectronics.X-CUBE-TCPP.4.2.0
2025-05-02 15:58:25,298 [WARN] PackLoader:240 - Cannot read IP mode file for RealThread.X-CUBE-RT-Thread_Nano.4.1.1
2025-05-02 15:58:25,325 [WARN] PackLoader:240 - Cannot read IP mode file for STMicroelectronics.FP-ATR-SIGFOX1.3.2.0
2025-05-02 15:58:25,372 [WARN] PackLoader:240 - Cannot read IP mode file for STMicroelectronics.X-CUBE-EEPRMA1.5.1.0
2025-05-02 15:58:25,375 [WARN] PackLoader:240 - Cannot read IP mode file for wolfSSL.I-CUBE-wolfSSL.5.7.6
2025-05-02 15:58:25,433 [WARN] PackLoader:240 - Cannot read IP mode file for ITTIA_DB.I-CUBE-ITTIADB.8.9.0
2025-05-02 15:58:25,480 [WARN] PackLoader:240 - Cannot read IP mode file for SEGGER.I-CUBE-embOS.1.3.1
2025-05-02 15:58:25,511 [WARN] PackLoader:240 - Cannot read IP mode file for STMicroelectronics.X-CUBE-ALGOBUILD.1.4.0
2025-05-02 15:58:25,566 [WARN] PackLoader:240 - Cannot read IP mode file for STMicroelectronics.X-CUBE-AZRTOS-F4.1.1.0
2025-05-02 15:58:25,607 [WARN] PackLoader:240 - Cannot read IP mode file for Avnet-IotConnect.X-CUBE-IoTC-DA16k-PMOD.1.0.0
2025-05-02 15:58:25,685 [WARN] PackLoader:240 - Cannot read IP mode file for STMicroelectronics.X-CUBE-ISPU.2.1.0
2025-05-02 15:58:25,780 [WARN] PackLoader:240 - Cannot read IP mode file for STMicroelectronics.X-CUBE-AZRTOS-L5.2.0.0
2025-05-02 15:58:25,820 [WARN] PackLoader:240 - Cannot read IP mode file for STMicroelectronics.X-CUBE-NFC6.3.1.0
2025-05-02 15:58:25,893 [WARN] PackLoader:240 - Cannot read IP mode file for STMicroelectronics.X-CUBE-DPower.1.2.0
2025-05-02 15:58:25,928 [WARN] PackLoader:240 - Cannot read IP mode file for STMicroelectronics.X-CUBE-FREERTOS.1.3.0
2025-05-02 15:58:25,961 [WARN] PackLoader:240 - Cannot read IP mode file for STMicroelectronics.X-CUBE-NFC7.1.0.1
2025-05-02 15:58:26,008 [WARN] PackLoader:240 - Cannot read IP mode file for STMicroelectronics.X-CUBE-DPower.1.3.0
2025-05-02 15:58:26,086 [WARN] ConditionMgr:438 - getConditionDescription Invalid condition id : LAN8742 Phy interface Condition cause : null
2025-05-02 15:58:26,086 [WARN] PackLoader:240 - Cannot read IP mode file for STMicroelectronics.X-CUBE-AZRTOS-L4.2.0.0
2025-05-02 15:58:26,087 [WARN] ConditionMgr:1044 - genDependencies : Invalid condition id : LAN8742 Phy interface Condition cause : null
2025-05-02 15:58:26,087 [WARN] ConditionMgr:1044 - genDependencies : Invalid condition id : LAN8742 Phy interface Condition cause : null
2025-05-02 15:58:26,087 [WARN] ConditionMgr:1044 - genDependencies : Invalid condition id : LAN8742 Phy interface Condition cause : null
2025-05-02 15:58:26,094 [WARN] PackLoader:240 - Cannot read IP mode file for STMicroelectronics.X-CUBE-SFXS2LP1.4.0.0
2025-05-02 15:58:26,138 [WARN] PackLoader:240 - Cannot read IP mode file for STMicroelectronics.X-CUBE-AZRTOS-H7.3.3.0
2025-05-02 15:58:26,164 [WARN] ConditionMgr:438 - getConditionDescription Invalid condition id : UX DEVICE CLASS RTOS Condition cause : null
2025-05-02 15:58:26,164 [WARN] ConditionMgr:438 - getConditionDescription Invalid condition id : UX DEVICE CLASS RTOS Condition cause : null
2025-05-02 15:58:26,165 [WARN] PackLoader:240 - Cannot read IP mode file for STMicroelectronics.X-CUBE-AZRTOS-WB.2.0.0
2025-05-02 15:58:26,165 [WARN] ConditionMgr:1044 - genDependencies : Invalid condition id : UX DEVICE CLASS RTOS Condition cause : null
2025-05-02 15:58:26,165 [WARN] ConditionMgr:1044 - genDependencies : Invalid condition id : UX DEVICE CLASS RTOS Condition cause : null
2025-05-02 15:58:26,165 [WARN] ConditionMgr:1044 - genDependencies : Invalid condition id : UX DEVICE CLASS RTOS Condition cause : null
2025-05-02 15:58:26,165 [WARN] ConditionMgr:1044 - genDependencies : Invalid condition id : UX DEVICE CLASS RTOS Condition cause : null
2025-05-02 15:58:26,165 [WARN] ConditionMgr:1044 - genDependencies : Invalid condition id : UX DEVICE CLASS RTOS Condition cause : null
2025-05-02 15:58:26,197 [WARN] PackLoader:240 - Cannot read IP mode file for STMicroelectronics.X-CUBE-GNSS1.7.0.1
2025-05-02 15:58:26,213 [WARN] PackLoader:240 - Cannot read IP mode file for STMicroelectronics.X-CUBE-TOUCHGFX.4.25.0
2025-05-02 15:58:26,235 [WARN] PackLoader:240 - Cannot read IP mode file for STMicroelectronics.FP-SNS-STBOX1.2.0.0
2025-05-02 15:58:26,270 [WARN] PackLoader:240 - Cannot read IP mode file for STMicroelectronics.X-CUBE-SUBG2.5.0.0
2025-05-02 15:58:26,346 [WARN] PackLoader:240 - Cannot read IP mode file for STMicroelectronics.X-CUBE-AZRTOS-H7RS.1.1.0
2025-05-02 15:58:26,391 [WARN] PackLoader:240 - Cannot read IP mode file for Cesanta.I-CUBE-Mongoose.7.13.0
2025-05-02 15:58:26,492 [WARN] PackLoader:240 - Cannot read IP mode file for STMicroelectronics.X-CUBE-AZRTOS-G4.2.0.0
2025-05-02 15:58:26,527 [WARN] PackLoader:240 - Cannot read IP mode file for wolfSSL.I-CUBE-wolfSSH.1.4.20
2025-05-02 15:58:26,556 [WARN] PackLoader:240 - Cannot read IP mode file for STMicroelectronics.X-CUBE-NFC7.2.0.0
2025-05-02 15:58:26,636 [WARN] PackLoader:240 - Cannot read IP mode file for STMicroelectronics.X-CUBE-IPS.3.1.0
2025-05-02 15:58:26,685 [WARN] PackLoader:240 - Cannot read IP mode file for STMicroelectronics.X-CUBE-ALS.1.0.2
2025-05-02 15:58:26,728 [WARN] PackLoader:240 - Cannot read IP mode file for portGmbH.I-Cube-SoM-uGOAL.1.1.0
2025-05-02 15:58:26,797 [WARN] PackLoader:240 - Cannot read IP mode file for STMicroelectronics.X-CUBE-AZRTOS-H7RS.1.0.0
2025-05-02 15:58:26,895 [WARN] PackLoader:240 - Cannot read IP mode file for STMicroelectronics.X-CUBE-TOF1.3.4.2
2025-05-02 15:58:26,972 [WARN] PackLoader:240 - Cannot read IP mode file for STMicroelectronics.X-CUBE-TOF1.3.4.3
2025-05-02 15:58:26,976 [INFO] ThirdParty:978 - Integrity check success = true
2025-05-02 15:58:26,976 [INFO] IntegrityCheckThread:100 - exiting critical section [integrity check]
2025-05-02 15:58:26,976 [INFO] IntegrityCheckThread:103 - End integrity checks thread
2025-05-02 15:58:37,781 [INFO] WebApp:169 - Instantiating new browser for Auth
2025-05-02 15:58:47,300 [INFO] WebApp:463 - Apply proxy settings
2025-05-02 15:58:47,301 [INFO] WebApp:548 - Chromium requires no authentication
2025-05-02 15:58:47,681 [INFO] WebApp:491 - Direct internet connection detected
2025-05-02 15:58:47,951 [INFO] WebApp:894 - Register for checkConnection events
2025-05-02 15:58:47,951 [INFO] WebApp:463 - Apply proxy settings
2025-05-02 15:58:47,951 [INFO] WebApp:548 - Chromium requires no authentication
2025-05-02 15:58:47,952 [INFO] WebApp:491 - Direct internet connection detected
2025-05-02 15:58:49,774 [INFO] WebApp:225 - Starting web application
2025-05-02 15:58:49,774 [INFO] WebApp:593 - Web application path used /opt/st/stm32cubeide_1.18.0/plugins/com.st.stm32cube.common.mx_6.14.0.202502271554/db/plugins/mcufinder/reactClient1/index.html
2025-05-02 15:58:50,000 [INFO] WebApp:191 - Connection restablished
2025-05-02 15:58:51,632 [INFO] UserAuth:486 - Internet connection configuration mode: 1
2025-05-02 15:59:01,927 [INFO] WebApp:194 - Connection lost
2025-05-02 15:59:02,146 [INFO] WebApp:191 - Connection restablished
2025-05-02 15:59:33,196 [INFO] WebApp:194 - Connection lost
2025-05-02 15:59:33,898 [INFO] WebApp:191 - Connection restablished
2025-05-02 16:02:49,607 [INFO] WebApp:194 - Connection lost
2025-05-02 16:02:50,215 [INFO] WebApp:191 - Connection restablished
2025-05-02 16:05:00,256 [INFO] WebApp:194 - Connection lost
2025-05-02 16:05:00,824 [INFO] WebApp:191 - Connection restablished
2025-05-02 16:06:39,566 [INFO] WebApp:194 - Connection lost
2025-05-02 16:06:40,158 [INFO] WebApp:191 - Connection restablished
2025-05-02 16:07:12,503 [INFO] WebApp:194 - Connection lost
2025-05-02 16:07:16,801 [INFO] WebApp:191 - Connection restablished
2025-05-02 16:08:18,019 [INFO] WebApp:194 - Connection lost
2025-05-02 16:08:18,636 [INFO] WebApp:191 - Connection restablished
2025-05-02 16:09:24,724 [INFO] WebApp:194 - Connection lost
2025-05-02 16:09:27,990 [INFO] WebApp:191 - Connection restablished
2025-05-02 16:09:57,284 [INFO] WebApp:194 - Connection lost
2025-05-02 16:09:57,949 [INFO] WebApp:191 - Connection restablished
2025-05-02 16:11:35,894 [INFO] WebApp:194 - Connection lost
2025-05-02 16:11:36,500 [INFO] WebApp:191 - Connection restablished
2025-05-02 16:13:47,190 [INFO] WebApp:194 - Connection lost
2025-05-02 16:13:47,817 [INFO] WebApp:191 - Connection restablished
2025-05-02 16:14:52,529 [INFO] WebApp:194 - Connection lost
2025-05-02 16:14:53,279 [INFO] WebApp:191 - Connection restablished
2025-05-02 16:15:58,469 [INFO] WebApp:194 - Connection lost
2025-05-02 16:15:59,077 [INFO] WebApp:191 - Connection restablished
2025-05-02 16:17:04,645 [INFO] WebApp:194 - Connection lost
2025-05-02 16:17:05,332 [INFO] WebApp:191 - Connection restablished
2025-05-02 16:17:37,480 [INFO] WebApp:194 - Connection lost
2025-05-02 16:17:38,093 [INFO] WebApp:191 - Connection restablished
2025-05-02 16:18:10,444 [INFO] WebApp:194 - Connection lost
2025-05-02 16:18:11,050 [INFO] WebApp:191 - Connection restablished
2025-05-02 16:18:43,390 [INFO] WebApp:194 - Connection lost
2025-05-02 16:18:44,045 [INFO] WebApp:191 - Connection restablished
2025-05-02 16:19:49,574 [INFO] WebApp:194 - Connection lost
2025-05-02 16:19:50,651 [INFO] WebApp:191 - Connection restablished
2025-05-02 16:20:54,156 [INFO] WebApp:194 - Connection lost
2025-05-02 16:20:54,761 [INFO] WebApp:191 - Connection restablished
2025-05-02 16:22:33,326 [INFO] WebApp:194 - Connection lost
2025-05-02 16:22:34,726 [INFO] WebApp:191 - Connection restablished
2025-05-02 16:24:45,025 [INFO] WebApp:194 - Connection lost
2025-05-02 16:24:45,617 [INFO] WebApp:191 - Connection restablished
2025-05-02 16:25:17,957 [INFO] WebApp:194 - Connection lost
2025-05-02 16:25:21,688 [INFO] WebApp:191 - Connection restablished
2025-05-02 16:26:23,302 [INFO] WebApp:194 - Connection lost
2025-05-02 16:26:23,837 [INFO] WebApp:191 - Connection restablished
2025-05-02 16:28:01,920 [INFO] WebApp:194 - Connection lost
2025-05-02 16:28:05,404 [INFO] WebApp:191 - Connection restablished
2025-05-02 16:29:41,858 [INFO] WebApp:194 - Connection lost
2025-05-02 16:29:42,495 [INFO] WebApp:191 - Connection restablished
2025-05-02 16:30:14,993 [INFO] WebApp:194 - Connection lost
2025-05-02 16:30:15,765 [INFO] WebApp:191 - Connection restablished
2025-05-02 16:35:42,622 [INFO] WebApp:194 - Connection lost
2025-05-02 16:35:43,254 [INFO] WebApp:191 - Connection restablished
2025-05-02 16:36:47,937 [INFO] WebApp:194 - Connection lost
2025-05-02 16:36:48,543 [INFO] WebApp:191 - Connection restablished
2025-05-02 16:37:20,276 [INFO] WebApp:194 - Connection lost
2025-05-02 16:37:20,860 [INFO] WebApp:191 - Connection restablished
2025-05-02 16:41:59,999 [INFO] WebApp:194 - Connection lost
2025-05-02 16:42:01,635 [INFO] WebApp:191 - Connection restablished
2025-05-02 16:42:32,874 [INFO] WebApp:194 - Connection lost
2025-05-02 16:42:33,498 [INFO] WebApp:191 - Connection restablished
2025-05-02 16:43:05,860 [INFO] WebApp:194 - Connection lost
2025-05-02 16:43:07,352 [INFO] WebApp:191 - Connection restablished
2025-05-02 16:45:18,046 [INFO] WebApp:194 - Connection lost
2025-05-02 16:45:18,667 [INFO] WebApp:191 - Connection restablished
2025-05-02 16:45:50,694 [INFO] WebApp:194 - Connection lost
2025-05-02 16:45:51,423 [INFO] WebApp:191 - Connection restablished
2025-05-02 16:46:23,952 [INFO] WebApp:194 - Connection lost
2025-05-02 16:46:24,975 [INFO] WebApp:191 - Connection restablished
2025-05-02 16:47:29,886 [INFO] WebApp:194 - Connection lost
2025-05-02 16:47:31,005 [INFO] WebApp:191 - Connection restablished
2025-05-02 16:48:19,971 [INFO] WebApp:194 - Connection lost
2025-05-02 16:48:20,564 [INFO] WebApp:191 - Connection restablished
2025-05-02 16:48:53,134 [INFO] WebApp:194 - Connection lost
2025-05-02 16:48:53,768 [INFO] WebApp:191 - Connection restablished
2025-05-02 16:49:25,912 [INFO] WebApp:194 - Connection lost
2025-05-02 16:49:26,521 [INFO] WebApp:191 - Connection restablished
2025-05-02 16:50:30,996 [INFO] WebApp:194 - Connection lost
2025-05-02 16:50:31,595 [INFO] WebApp:191 - Connection restablished
2025-05-02 16:55:26,744 [INFO] WebApp:194 - Connection lost
2025-05-02 16:55:27,397 [INFO] WebApp:191 - Connection restablished
2025-05-02 16:55:59,331 [INFO] WebApp:194 - Connection lost
2025-05-02 16:56:00,751 [INFO] WebApp:191 - Connection restablished
2025-05-02 16:56:32,444 [INFO] WebApp:194 - Connection lost
2025-05-02 16:56:33,051 [INFO] WebApp:191 - Connection restablished
2025-05-02 16:57:05,298 [INFO] WebApp:194 - Connection lost
2025-05-02 16:57:06,764 [INFO] WebApp:191 - Connection restablished
2025-05-02 16:57:38,646 [INFO] WebApp:194 - Connection lost
2025-05-02 16:57:39,265 [INFO] WebApp:191 - Connection restablished
2025-05-02 16:58:11,517 [INFO] WebApp:194 - Connection lost
2025-05-02 16:58:12,189 [INFO] WebApp:191 - Connection restablished
2025-05-02 16:59:17,705 [INFO] WebApp:194 - Connection lost
2025-05-02 16:59:18,343 [INFO] WebApp:191 - Connection restablished
2025-05-02 17:00:23,024 [INFO] WebApp:194 - Connection lost
2025-05-02 17:00:23,644 [INFO] WebApp:191 - Connection restablished
2025-05-02 17:02:02,237 [INFO] WebApp:194 - Connection lost
2025-05-02 17:02:02,910 [INFO] WebApp:191 - Connection restablished
2025-05-02 17:02:35,165 [INFO] WebApp:194 - Connection lost
2025-05-02 17:02:36,243 [INFO] WebApp:191 - Connection restablished
2025-05-02 17:03:09,152 [INFO] WebApp:194 - Connection lost
2025-05-02 17:03:09,710 [INFO] WebApp:191 - Connection restablished
2025-05-02 17:03:41,906 [INFO] WebApp:194 - Connection lost
2025-05-02 17:03:42,521 [INFO] WebApp:191 - Connection restablished
2025-05-02 17:06:59,271 [INFO] WebApp:194 - Connection lost
2025-05-02 17:07:00,010 [INFO] WebApp:191 - Connection restablished
2025-05-02 17:07:25,543 [INFO] WebApp:194 - Connection lost
2025-05-02 17:07:26,899 [INFO] WebApp:191 - Connection restablished
2025-05-02 17:09:04,060 [INFO] WebApp:194 - Connection lost
2025-05-02 17:09:04,737 [INFO] WebApp:191 - Connection restablished
2025-05-02 17:10:09,005 [INFO] WebApp:194 - Connection lost
2025-05-02 17:10:09,882 [INFO] WebApp:191 - Connection restablished
2025-05-02 17:14:35,555 [INFO] WebApp:194 - Connection lost
2025-05-02 17:14:36,145 [INFO] WebApp:191 - Connection restablished
2025-05-02 17:15:41,040 [INFO] WebApp:194 - Connection lost
2025-05-02 17:15:42,203 [INFO] WebApp:191 - Connection restablished
2025-05-02 17:16:48,317 [INFO] WebApp:194 - Connection lost
2025-05-02 17:16:48,907 [INFO] WebApp:191 - Connection restablished
2025-05-02 17:17:53,705 [INFO] WebApp:194 - Connection lost
2025-05-02 17:17:55,270 [INFO] WebApp:191 - Connection restablished
2025-05-02 17:18:26,218 [INFO] WebApp:194 - Connection lost
2025-05-02 17:18:26,903 [INFO] WebApp:191 - Connection restablished
2025-05-02 17:21:24,295 [INFO] WebApp:194 - Connection lost
2025-05-02 20:28:16,138 [INFO] Activator:176 - 


2025-05-02 20:28:16,163 [INFO] Activator:177 - !SESSION log4j initialized
2025-05-02 20:28:24,557 [INFO] LogOutputStream:77 - [STDOUT_REDIRECT] 
2025-05-02 20:28:26,888 [INFO] ApplicationProperties:184 - Using Application install path: /opt/st/stm32cubeide_1.18.0/plugins/com.st.stm32cube.common.mx_6.14.0.202502271554
2025-05-02 20:28:26,958 [INFO] DbMcusXml:78 - Set database path to: /opt/st/stm32cubeide_1.18.0/plugins/com.st.stm32cube.common.mx_6.14.0.202502271554//db//mcu/
2025-05-02 20:28:26,959 [INFO] ApiDb:274 - Set plugin database path to: /opt/st/stm32cubeide_1.18.0/plugins/com.st.stm32cube.common.mx_6.14.0.202502271554//db//plugins/boardmanager/
2025-05-02 20:28:26,959 [WARN] ApiDb:259 - Overriding images path with different value:  => /opt/st/stm32cubeide_1.18.0/plugins/com.st.stm32cube.common.mx_6.14.0.202502271554//db//plugins/mcufinder/images/
2025-05-02 20:28:26,996 [INFO] ApiDb:250 - Set database path to: /home/viny/.stmcufinder/plugins/mcufinder//mcu/
2025-05-02 20:28:26,997 [INFO] DbMcusAds:125 - Set database path to: /home/viny/.stmcufinder/plugins/mcufinder//mcu/
2025-05-02 20:28:27,000 [INFO] CrossReferenceDbSqlite:203 - Set database path to: /home/viny/.stmcufinder/plugins/mcufinder//mcu/cs/
2025-05-02 20:28:27,170 [INFO] RulesReader:64 - Compatibility file has been processed (301 Rules)
2025-05-02 20:28:27,338 [INFO] DbMcusXml:78 - Set database path to: /opt/st/stm32cubeide_1.18.0/plugins/com.st.stm32cube.common.mx_6.14.0.202502271554//db//mcu/
2025-05-02 20:28:27,338 [INFO] ApiDb:274 - Set plugin database path to: /opt/st/stm32cubeide_1.18.0/plugins/com.st.stm32cube.common.mx_6.14.0.202502271554//db//plugins/boardmanager/
2025-05-02 20:28:27,338 [INFO] ApiDb:261 - Set plugin images path to: /opt/st/stm32cubeide_1.18.0/plugins/com.st.stm32cube.common.mx_6.14.0.202502271554//db//plugins/mcufinder/images/
2025-05-02 20:28:27,338 [WARN] DbFile:41 - Overriding database path with different value: /home/viny/.stmcufinder/plugins/mcufinder/ => /home/viny/.stmcufinder/plugins/mcufinder
2025-05-02 20:28:27,338 [INFO] ApiDb:250 - Set database path to: /home/viny/.stmcufinder/plugins/mcufinder//mcu/
2025-05-02 20:28:27,338 [WARN] DbFile:41 - Overriding database path with different value: /home/viny/.stmcufinder/plugins/mcufinder/ => /home/viny/.stmcufinder/plugins/mcufinder
2025-05-02 20:28:27,338 [INFO] DbMcusAds:125 - Set database path to: /home/viny/.stmcufinder/plugins/mcufinder//mcu/
2025-05-02 20:28:27,338 [WARN] DbFile:41 - Overriding database path with different value: /home/viny/.stmcufinder/plugins/mcufinder/ => /home/viny/.stmcufinder/plugins/mcufinder
2025-05-02 20:28:27,338 [WARN] DbFile:41 - Overriding database path with different value: /home/viny/.stmcufinder/plugins/mcufinder/ => /home/viny/.stmcufinder/plugins/mcufinder
2025-05-02 20:28:27,339 [INFO] CrossReferenceDbSqlite:203 - Set database path to: /home/viny/.stmcufinder/plugins/mcufinder//mcu/cs/
2025-05-02 20:28:27,509 [INFO] MainPanel:272 - HeapMemory: 268435456
2025-05-02 20:28:27,826 [INFO] DbMcusXml:78 - Set database path to: /opt/st/stm32cubeide_1.18.0/plugins/com.st.stm32cube.common.mx_6.14.0.202502271554//db//mcu/
2025-05-02 20:28:27,826 [INFO] ApiDb:274 - Set plugin database path to: /opt/st/stm32cubeide_1.18.0/plugins/com.st.stm32cube.common.mx_6.14.0.202502271554//db//plugins/boardmanager/
2025-05-02 20:28:27,826 [INFO] ApiDb:261 - Set plugin images path to: /opt/st/stm32cubeide_1.18.0/plugins/com.st.stm32cube.common.mx_6.14.0.202502271554//db//plugins/mcufinder/images/
2025-05-02 20:28:27,827 [WARN] DbFile:41 - Overriding database path with different value: /home/viny/.stmcufinder/plugins/mcufinder/ => /home/viny/.stmcufinder/plugins/mcufinder
2025-05-02 20:28:27,827 [INFO] ApiDb:250 - Set database path to: /home/viny/.stmcufinder/plugins/mcufinder//mcu/
2025-05-02 20:28:27,827 [WARN] DbFile:41 - Overriding database path with different value: /home/viny/.stmcufinder/plugins/mcufinder/ => /home/viny/.stmcufinder/plugins/mcufinder
2025-05-02 20:28:27,827 [INFO] DbMcusAds:125 - Set database path to: /home/viny/.stmcufinder/plugins/mcufinder//mcu/
2025-05-02 20:28:27,827 [WARN] DbFile:41 - Overriding database path with different value: /home/viny/.stmcufinder/plugins/mcufinder/ => /home/viny/.stmcufinder/plugins/mcufinder
2025-05-02 20:28:27,827 [WARN] DbFile:41 - Overriding database path with different value: /home/viny/.stmcufinder/plugins/mcufinder/ => /home/viny/.stmcufinder/plugins/mcufinder
2025-05-02 20:28:27,827 [INFO] CrossReferenceDbSqlite:203 - Set database path to: /home/viny/.stmcufinder/plugins/mcufinder//mcu/cs/
2025-05-02 20:28:27,839 [INFO] ApplicationProperties:184 - Using Application install path: /opt/st/stm32cubeide_1.18.0/plugins/com.st.stm32cube.common.mx_6.14.0.202502271554
2025-05-02 20:28:27,840 [INFO] PluginManage:196 - Search for loadable plugins [exclusion list=, ]
2025-05-02 20:28:27,841 [INFO] PluginManage:310 - Check plugin analytics
2025-05-02 20:28:28,042 [INFO] AnalyticsPlugin:253 - Accepted Software Licenses: 
2025-05-02 20:28:28,042 [INFO] AnalyticsPlugin:255 - Accepted CMSIS Pack Licenses: 
2025-05-02 20:28:28,042 [INFO] AnalyticsPlugin:257 - Accepted Firmware Licenses: FW.H7.1.12.0,FW.F4.1.28.0
2025-05-02 20:28:28,044 [INFO] PluginManage:359 - Loaded plugin analytics (category:tool,tabindex:-1)
2025-05-02 20:28:28,044 [INFO] PluginManage:310 - Check plugin cadmodel
2025-05-02 20:28:28,083 [INFO] CADModel:105 - Init CAD model plugin
2025-05-02 20:28:28,083 [INFO] PluginManage:359 - Loaded plugin cadmodel (category:power,tabindex:5)
2025-05-02 20:28:28,083 [INFO] PluginManage:310 - Check plugin clock
2025-05-02 20:28:28,138 [INFO] PluginManage:359 - Loaded plugin clock (category:base,tabindex:2)
2025-05-02 20:28:28,138 [INFO] PluginManage:310 - Check plugin ddr
2025-05-02 20:28:28,152 [INFO] PluginManage:359 - Loaded plugin ddr (category:tool,tabindex:6)
2025-05-02 20:28:28,152 [INFO] PluginManage:310 - Check plugin filemanager
2025-05-02 20:28:28,581 [INFO] PluginManage:359 - Loaded plugin filemanager (category:base,tabindex:10)
2025-05-02 20:28:28,581 [INFO] PluginManage:310 - Check plugin ipmanager
2025-05-02 20:28:28,599 [INFO] PluginManage:359 - Loaded plugin ipmanager (category:base,tabindex:5)
2025-05-02 20:28:28,599 [INFO] PluginManage:310 - Check plugin lpbam
2025-05-02 20:28:28,622 [INFO] PluginManage:359 - Loaded plugin lpbam (category:base,tabindex:0)
2025-05-02 20:28:28,622 [INFO] PluginManage:310 - Check plugin memorymap
2025-05-02 20:28:28,640 [INFO] PluginManage:359 - Loaded plugin memorymap (category:base,tabindex:4)
2025-05-02 20:28:28,640 [INFO] PluginManage:310 - Check plugin pinoutandconfiguration
2025-05-02 20:28:28,664 [INFO] PluginManage:359 - Loaded plugin pinoutandconfiguration (category:base,tabindex:1)
2025-05-02 20:28:28,664 [INFO] PluginManage:310 - Check plugin pinoutconfig
2025-05-02 20:28:28,789 [WARN] SupportedApi:132 - Cannot load RTOS API schema: s4s-elt-must-match.1: The content of 'definitions' must match (annotation?, (simpleType | complexType)?, (unique | key | keyref)*)). A problem was found starting at: attribute.
2025-05-02 20:28:29,010 [INFO] PluginManage:359 - Loaded plugin pinoutconfig (category:base,tabindex:0)
2025-05-02 20:28:29,010 [INFO] PluginManage:310 - Check plugin power
2025-05-02 20:28:29,105 [INFO] PluginManage:359 - Loaded plugin power (category:power,tabindex:4)
2025-05-02 20:28:29,105 [INFO] PluginManage:310 - Check plugin projectmanager
2025-05-02 20:28:29,121 [INFO] PluginManage:359 - Loaded plugin projectmanager (category:projectmanager,tabindex:4)
2025-05-02 20:28:29,122 [INFO] PluginManage:310 - Check plugin rif
2025-05-02 20:28:29,143 [INFO] PluginManage:359 - Loaded plugin rif (category:base,tabindex:3)
2025-05-02 20:28:29,143 [INFO] PluginManage:310 - Check plugin thirdparty
2025-05-02 20:28:29,344 [INFO] PluginManage:359 - Loaded plugin thirdparty (category:base,tabindex:-1)
2025-05-02 20:28:29,344 [WARN] IntegrityCheckThread:84 - waiting for thirdparty lock release [integrity check]
2025-05-02 20:28:29,344 [INFO] PluginManage:310 - Check plugin tools
2025-05-02 20:28:29,344 [INFO] IntegrityCheckThread:86 - entering critical section [integrity check]
2025-05-02 20:28:29,344 [INFO] ThirdPartyUpdaterWithRetryManager:70 - Updater plugin not ready yet. [1/15]
2025-05-02 20:28:29,356 [INFO] PluginManage:359 - Loaded plugin tools (category:base,tabindex:7)
2025-05-02 20:28:29,357 [INFO] PluginManage:310 - Check plugin tutovideos
2025-05-02 20:28:29,683 [INFO] PluginManage:359 - Loaded plugin tutovideos (category:base,tabindex:-1)
2025-05-02 20:28:29,683 [INFO] PluginManage:310 - Check plugin updater
2025-05-02 20:28:29,726 [INFO] PluginManage:359 - Loaded plugin updater (category:base,tabindex:12)
2025-05-02 20:28:29,726 [INFO] PluginManage:310 - Check plugin userauth
2025-05-02 20:28:29,754 [INFO] UserAuth:118 - Init User Auth plugin
2025-05-02 20:28:29,755 [INFO] PluginManage:359 - Loaded plugin userauth (category:base,tabindex:14)
2025-05-02 20:28:29,755 [INFO] PluginManage:283 - PluginManage : Loaded plugins [18]
2025-05-02 20:28:30,190 [INFO] PinOutPanel:1589 - setPackage(No Configuration,No Configuration)
2025-05-02 20:28:30,301 [INFO] CADModel:165 - CPN selected for project level
2025-05-02 20:28:30,301 [INFO] CADModel:114 - Register for checkConnection events
2025-05-02 20:28:30,384 [INFO] IPUIPlugin:80 - create IPUIPlugin
2025-05-02 20:28:30,385 [INFO] PluginManager:220 - loadIPPluginJar : add adc
2025-05-02 20:28:30,387 [INFO] IPUIPlugin:80 - create IPUIPlugin
2025-05-02 20:28:30,387 [INFO] PluginManager:220 - loadIPPluginJar : add lorawan
2025-05-02 20:28:30,389 [INFO] IPUIPlugin:80 - create IPUIPlugin
2025-05-02 20:28:30,389 [INFO] PluginManager:220 - loadIPPluginJar : add tsc
2025-05-02 20:28:30,392 [INFO] IPUIPlugin:80 - create IPUIPlugin
2025-05-02 20:28:30,392 [INFO] PluginManager:220 - loadIPPluginJar : add ipddr
2025-05-02 20:28:30,395 [INFO] IPUIPlugin:80 - create IPUIPlugin
2025-05-02 20:28:30,395 [INFO] PluginManager:220 - loadIPPluginJar : add usbx
2025-05-02 20:28:30,396 [INFO] IPUIPlugin:80 - create IPUIPlugin
2025-05-02 20:28:30,396 [INFO] PluginManager:220 - loadIPPluginJar : add i2c
2025-05-02 20:28:30,398 [INFO] IPUIPlugin:80 - create IPUIPlugin
2025-05-02 20:28:30,398 [INFO] PluginManager:220 - loadIPPluginJar : add cryp
2025-05-02 20:28:30,400 [INFO] IPUIPlugin:80 - create IPUIPlugin
2025-05-02 20:28:30,400 [INFO] PluginManager:220 - loadIPPluginJar : add pdm2pcm
2025-05-02 20:28:30,401 [INFO] IPUIPlugin:80 - create IPUIPlugin
2025-05-02 20:28:30,401 [INFO] PluginManager:220 - loadIPPluginJar : add genericplugin
2025-05-02 20:28:30,402 [INFO] IPUIPlugin:80 - create IPUIPlugin
2025-05-02 20:28:30,402 [INFO] PluginManager:220 - loadIPPluginJar : add tracer_emb
2025-05-02 20:28:30,404 [INFO] IPUIPlugin:80 - create IPUIPlugin
2025-05-02 20:28:30,404 [INFO] PluginManager:220 - loadIPPluginJar : add i2s
2025-05-02 20:28:30,405 [INFO] IPUIPlugin:80 - create IPUIPlugin
2025-05-02 20:28:30,405 [INFO] PluginManager:220 - loadIPPluginJar : add comp
2025-05-02 20:28:30,406 [INFO] IPUIPlugin:80 - create IPUIPlugin
2025-05-02 20:28:30,407 [INFO] PluginManager:220 - loadIPPluginJar : add aes
2025-05-02 20:28:30,408 [INFO] IPUIPlugin:80 - create IPUIPlugin
2025-05-02 20:28:30,408 [INFO] PluginManager:220 - loadIPPluginJar : add hash
2025-05-02 20:28:30,410 [INFO] IPUIPlugin:80 - create IPUIPlugin
2025-05-02 20:28:30,411 [INFO] PluginManager:220 - loadIPPluginJar : add gtzc
2025-05-02 20:28:30,460 [INFO] IPUIPlugin:80 - create IPUIPlugin
2025-05-02 20:28:30,460 [INFO] PluginManager:220 - loadIPPluginJar : add gpio
2025-05-02 20:28:30,462 [INFO] IPUIPlugin:80 - create IPUIPlugin
2025-05-02 20:28:30,463 [INFO] PluginManager:220 - loadIPPluginJar : add extmemmanager
2025-05-02 20:28:30,464 [INFO] IPUIPlugin:80 - create IPUIPlugin
2025-05-02 20:28:30,464 [INFO] PluginManager:220 - loadIPPluginJar : add ltdc
2025-05-02 20:28:30,470 [INFO] IPUIPlugin:80 - create IPUIPlugin
2025-05-02 20:28:30,470 [INFO] PluginManager:220 - loadIPPluginJar : add linkedlist
2025-05-02 20:28:30,472 [INFO] IPUIPlugin:80 - create IPUIPlugin
2025-05-02 20:28:30,472 [INFO] PluginManager:220 - loadIPPluginJar : add openamp
2025-05-02 20:28:30,474 [INFO] IPUIPlugin:80 - create IPUIPlugin
2025-05-02 20:28:30,474 [INFO] PluginManager:220 - loadIPPluginJar : add can
2025-05-02 20:28:30,476 [INFO] IPUIPlugin:80 - create IPUIPlugin
2025-05-02 20:28:30,476 [INFO] PluginManager:220 - loadIPPluginJar : add radio
2025-05-02 20:28:30,478 [INFO] IPUIPlugin:80 - create IPUIPlugin
2025-05-02 20:28:30,478 [INFO] PluginManager:220 - loadIPPluginJar : add i3c
2025-05-02 20:28:30,496 [INFO] IPUIPlugin:80 - create IPUIPlugin
2025-05-02 20:28:30,496 [INFO] PluginManager:220 - loadIPPluginJar : add dma
2025-05-02 20:28:30,498 [INFO] IPUIPlugin:80 - create IPUIPlugin
2025-05-02 20:28:30,498 [INFO] PluginManager:220 - loadIPPluginJar : add gfxmmu
2025-05-02 20:28:30,499 [INFO] IPUIPlugin:80 - create IPUIPlugin
2025-05-02 20:28:30,499 [INFO] PluginManager:220 - loadIPPluginJar : add fatfs
2025-05-02 20:28:30,501 [INFO] IPUIPlugin:80 - create IPUIPlugin
2025-05-02 20:28:30,501 [INFO] PluginManager:220 - loadIPPluginJar : add spi
2025-05-02 20:28:30,503 [INFO] IPUIPlugin:80 - create IPUIPlugin
2025-05-02 20:28:30,503 [INFO] PluginManager:220 - loadIPPluginJar : add ts
2025-05-02 20:28:30,514 [INFO] IPUIPlugin:80 - create IPUIPlugin
2025-05-02 20:28:30,514 [INFO] PluginManager:220 - loadIPPluginJar : add ddr_ctrl_phy
2025-05-02 20:28:30,519 [INFO] IPUIPlugin:80 - create IPUIPlugin
2025-05-02 20:28:30,519 [INFO] PluginManager:220 - loadIPPluginJar : add stm32_wpan
2025-05-02 20:28:30,521 [INFO] IPUIPlugin:80 - create IPUIPlugin
2025-05-02 20:28:30,521 [INFO] PluginManager:220 - loadIPPluginJar : add dfsdm
2025-05-02 20:28:30,524 [INFO] IPUIPlugin:80 - create IPUIPlugin
2025-05-02 20:28:30,524 [INFO] PluginManager:220 - loadIPPluginJar : add resmgrutility
2025-05-02 20:28:30,526 [INFO] IPUIPlugin:80 - create IPUIPlugin
2025-05-02 20:28:30,526 [INFO] PluginManager:220 - loadIPPluginJar : add usart
2025-05-02 20:28:30,528 [INFO] IPUIPlugin:80 - create IPUIPlugin
2025-05-02 20:28:30,528 [INFO] PluginManager:220 - loadIPPluginJar : add dma3
2025-05-02 20:28:30,531 [INFO] IPUIPlugin:80 - create IPUIPlugin
2025-05-02 20:28:30,531 [INFO] PluginManager:220 - loadIPPluginJar : add fmc
2025-05-02 20:28:30,535 [INFO] IPUIPlugin:80 - create IPUIPlugin
2025-05-02 20:28:30,535 [INFO] PluginManager:220 - loadIPPluginJar : add gic
2025-05-02 20:28:30,549 [INFO] IPUIPlugin:80 - create IPUIPlugin
2025-05-02 20:28:30,549 [INFO] PluginManager:220 - loadIPPluginJar : add mdma
2025-05-02 20:28:30,553 [INFO] IPUIPlugin:80 - create IPUIPlugin
2025-05-02 20:28:30,553 [INFO] PluginManager:220 - loadIPPluginJar : add nvic
2025-05-02 20:28:30,555 [INFO] IPUIPlugin:80 - create IPUIPlugin
2025-05-02 20:28:30,556 [INFO] PluginManager:220 - loadIPPluginJar : add opamp
2025-05-02 20:28:30,571 [INFO] IPUIPlugin:80 - create IPUIPlugin
2025-05-02 20:28:30,573 [INFO] PluginManager:220 - loadIPPluginJar : add plateformsettings
2025-05-02 20:28:30,587 [INFO] IPUIPlugin:80 - create IPUIPlugin
2025-05-02 20:28:30,588 [INFO] PluginManager:220 - loadIPPluginJar : add freertos
2025-05-02 20:28:30,589 [INFO] IPUIPlugin:80 - create IPUIPlugin
2025-05-02 20:28:30,589 [INFO] PluginManager:220 - loadIPPluginJar : add tim
2025-05-02 20:28:30,592 [INFO] IPUIPlugin:80 - create IPUIPlugin
2025-05-02 20:28:30,592 [INFO] PluginManager:220 - loadIPPluginJar : add touchsensing
2025-05-02 20:28:30,593 [INFO] IPUIPlugin:80 - create IPUIPlugin
2025-05-02 20:28:30,593 [INFO] PluginManager:220 - loadIPPluginJar : add quadspi
2025-05-02 20:28:30,594 [INFO] IPUIPlugin:80 - create IPUIPlugin
2025-05-02 20:28:30,594 [INFO] PluginManager:220 - loadIPPluginJar : add ucpd
2025-05-02 20:28:30,597 [INFO] IPUIPlugin:80 - create IPUIPlugin
2025-05-02 20:28:30,597 [INFO] PluginManager:220 - loadIPPluginJar : add sai
2025-05-02 20:28:30,688 [FATAL] Updater:351 - Updater called before beeing initialized
2025-05-02 20:28:30,732 [INFO] RulesReader:64 - Compatibility file has been processed (301 Rules)
2025-05-02 20:28:30,739 [INFO] RulesReader:64 - Compatibility file has been processed (301 Rules)
2025-05-02 20:28:30,744 [INFO] CADModel:165 - CPN selected for project level
2025-05-02 20:28:30,744 [INFO] CADModel:114 - Register for checkConnection events
2025-05-02 20:28:30,744 [FATAL] Updater:351 - Updater called before beeing initialized
2025-05-02 20:28:30,744 [ERROR] CADModel:125 - Updater not yet initialized, retry later 
2025-05-02 20:28:31,020 [FATAL] Updater:351 - Updater called before beeing initialized
2025-05-02 20:28:31,022 [INFO] CADModel:165 - CPN selected for project level
2025-05-02 20:28:31,022 [INFO] CADModel:114 - Register for checkConnection events
2025-05-02 20:28:31,022 [FATAL] Updater:351 - Updater called before beeing initialized
2025-05-02 20:28:31,022 [ERROR] CADModel:125 - Updater not yet initialized, retry later 
2025-05-02 20:28:31,024 [FATAL] Updater:351 - Updater called before beeing initialized
2025-05-02 20:28:31,093 [FATAL] Updater:351 - Updater called before beeing initialized
2025-05-02 20:28:31,113 [INFO] DbMcusAds:53 - JSON generation date=Thu Mar 06 14:54:22 WET 2025 (1741272862204)
2025-05-02 20:28:31,113 [FATAL] Updater:351 - Updater called before beeing initialized
2025-05-02 20:28:31,259 [WARN] DetailPanel:346 - Failed to get advertising image, set to default
2025-05-02 20:28:31,442 [FATAL] Updater:351 - Updater called before beeing initialized
2025-05-02 20:28:31,443 [FATAL] Updater:351 - Updater called before beeing initialized
2025-05-02 20:28:31,443 [FATAL] Updater:351 - Updater called before beeing initialized
2025-05-02 20:28:31,443 [WARN] DetailPanel:346 - Failed to get advertising image, set to default
2025-05-02 20:28:31,444 [FATAL] Updater:351 - Updater called before beeing initialized
2025-05-02 20:28:31,515 [ERROR] Updater:1198 - MainUpdater not yet initialized. External WinMGr cannot be set.
2025-05-02 20:28:31,521 [INFO] Updater:1134 - Updater Version found : 6.14.0
2025-05-02 20:28:31,567 [INFO] ApplicationProperties:184 - Using Application install path: /opt/st/stm32cubeide_1.18.0/plugins/com.st.stm32cube.common.mx_6.14.0.202502271554
2025-05-02 20:28:32,344 [INFO] ThirdPartyUpdaterWithRetryManager:70 - Updater plugin not ready yet. [2/15]
2025-05-02 20:28:32,410 [INFO] MainUpdater:2872 - connection check result : 10
2025-05-02 20:28:32,411 [INFO] MainUpdater:289 - Updater Check For Update Now.
2025-05-02 20:28:32,411 [INFO] MicroXplorer:498 - Change Database Version : DB.6.0.140
2025-05-02 20:28:32,415 [INFO] McuFinderGlobals:63 - Set McuFinder mode to 2 (CubeIDE integrated)
2025-05-02 20:28:32,468 [INFO] UserAuth:486 - Internet connection configuration mode: 1
2025-05-02 20:28:32,654 [INFO] JxBrowserEngine:152 - Initiate JxBrowser Engine with user profile folder
2025-05-02 20:28:32,726 [INFO] CheckServerUpdateThread:120 - End of CheckServer Thread
2025-05-02 20:28:37,139 [WARN] PackLoader:240 - Cannot read IP mode file for STMicroelectronics.FP-SNS-MOTENVWB1.1.4.0
2025-05-02 20:28:37,165 [WARN] PackLoader:240 - Cannot read IP mode file for STMicroelectronics.FP-ATR-ASTRA1.2.0.2
2025-05-02 20:28:37,204 [WARN] PackLoader:240 - Cannot read IP mode file for STMicroelectronics.X-CUBE-SMBUS.2.1.0
2025-05-02 20:28:37,259 [WARN] PackLoader:240 - Cannot read IP mode file for STMicroelectronics.X-CUBE-WB05N.1.1.0
2025-05-02 20:28:37,303 [WARN] PackLoader:240 - Cannot read IP mode file for STMicroelectronics.X-CUBE-AZRTOS-F7.1.1.0
2025-05-02 20:28:37,321 [WARN] PackLoader:240 - Cannot read IP mode file for STMicroelectronics.FP-SNS-FLIGHT1.5.0.2
2025-05-02 20:28:37,403 [WARN] PackLoader:240 - Cannot read IP mode file for Infineon.AIROC-Wi-Fi-Bluetooth-STM32.1.7.0
2025-05-02 20:28:37,426 [WARN] PackLoader:240 - Cannot read IP mode file for STMicroelectronics.X-CUBE-DISPLAY.3.0.0
2025-05-02 20:28:37,444 [WARN] PackLoader:240 - Cannot read IP mode file for STMicroelectronics.X-CUBE-NFC10.1.0.0
2025-05-02 20:28:37,501 [WARN] PackLoader:240 - Cannot read IP mode file for STMicroelectronics.X-CUBE-BLEMGR.4.0.0
2025-05-02 20:28:37,514 [WARN] PackLoader:240 - Cannot read IP mode file for emotas.I-CUBE-CANOPEN.1.3.0
2025-05-02 20:28:37,533 [WARN] ConditionMgr:438 - getConditionDescription Invalid condition id : Cortex-A Device cause : null
2025-05-02 20:28:37,567 [WARN] ConditionMgr:1044 - genDependencies : Invalid condition id : Cortex-A Device cause : null
2025-05-02 20:28:37,567 [WARN] ConditionMgr:1044 - genDependencies : Invalid condition id : Cortex-A Device cause : null
2025-05-02 20:28:37,567 [WARN] ConditionMgr:1044 - genDependencies : Invalid condition id : Cortex-A Device cause : null
2025-05-02 20:28:37,615 [WARN] PackLoader:240 - Cannot read IP mode file for STMicroelectronics.X-CUBE-AI.10.0.0
2025-05-02 20:28:37,636 [WARN] PackLoader:240 - Cannot read IP mode file for STMicroelectronics.FP-SNS-SMARTAG2.1.2.0
2025-05-02 20:28:37,670 [WARN] PackLoader:240 - Cannot read IP mode file for STMicroelectronics.FP-SNS-FLIGHT1.5.1.0
2025-05-02 20:28:37,751 [WARN] PackLoader:240 - Cannot read IP mode file for STMicroelectronics.X-CUBE-MEMS1.11.1.0
2025-05-02 20:28:37,857 [INFO] LogOutputStream:77 - [STDOUT_REDIRECT] 1 : Invalid condition id : UX_CORESTACK_Condition cause : null
2025-05-02 20:28:37,857 [INFO] LogOutputStream:77 - [STDOUT_REDIRECT] 1 : Invalid condition id : UX_CORESTACK_Condition cause : null
2025-05-02 20:28:37,857 [INFO] LogOutputStream:77 - [STDOUT_REDIRECT] 1 : Invalid condition id : UX_CORESTACK_Condition cause : null
2025-05-02 20:28:37,857 [INFO] LogOutputStream:77 - [STDOUT_REDIRECT] 1 : Invalid condition id : UX_CORESTACK_Condition cause : null
2025-05-02 20:28:37,857 [INFO] LogOutputStream:77 - [STDOUT_REDIRECT] 1 : Invalid condition id : UX_CORESTACK_Condition cause : null
2025-05-02 20:28:37,859 [WARN] PackLoader:240 - Cannot read IP mode file for STMicroelectronics.X-CUBE-AZRTOS-WL.2.0.0
2025-05-02 20:28:37,866 [WARN] PackLoader:240 - Cannot read IP mode file for STMicroelectronics.FP-SNS-MOTENV1.5.0.0
2025-05-02 20:28:37,888 [WARN] PackLoader:240 - Cannot read IP mode file for WES.I-CUBE-Cesium.1.3.0
2025-05-02 20:28:37,917 [WARN] PackLoader:240 - Cannot read IP mode file for STMicroelectronics.X-CUBE-BLE2.3.3.0
2025-05-02 20:28:37,964 [WARN] PackLoader:240 - Cannot read IP mode file for STMicroelectronics.X-CUBE-NFC9.1.0.0
2025-05-02 20:28:38,001 [WARN] PackLoader:240 - Cannot read IP mode file for STMicroelectronics.X-CUBE-BLE1.7.1.0
2025-05-02 20:28:38,025 [WARN] PackLoader:240 - Cannot read IP mode file for wolfSSL.I-CUBE-wolfMQTT.1.19.2
2025-05-02 20:28:38,114 [WARN] PackLoader:240 - Cannot read IP mode file for STMicroelectronics.X-CUBE-MEMS1.11.2.0
2025-05-02 20:28:38,274 [WARN] PackLoader:240 - Cannot read IP mode file for STMicroelectronics.X-CUBE-AZRTOS-G0.1.1.0
2025-05-02 20:28:38,295 [WARN] PackLoader:240 - Cannot read IP mode file for STMicroelectronics.X-CUBE-SAFEA1.1.2.2
2025-05-02 20:28:38,321 [WARN] PackLoader:240 - Cannot read IP mode file for STMicroelectronics.X-CUBE-NFC4.3.0.0
2025-05-02 20:28:38,358 [WARN] PackLoader:240 - Cannot read IP mode file for EmbeddedOffice.I-CUBE-FS-RTOS.1.0.1
2025-05-02 20:28:38,403 [WARN] PackLoader:240 - Cannot read IP mode file for STMicroelectronics.X-CUBE-WB05N.2.0.0
2025-05-02 20:28:38,470 [WARN] PackLoader:240 - Cannot read IP mode file for wolfSSL.I-CUBE-wolfTPM.3.8.0
2025-05-02 20:28:38,565 [WARN] PackLoader:240 - Cannot read IP mode file for STMicroelectronics.X-CUBE-TCPP.4.2.0
2025-05-02 20:28:38,581 [WARN] PackLoader:240 - Cannot read IP mode file for RealThread.X-CUBE-RT-Thread_Nano.4.1.1
2025-05-02 20:28:38,596 [WARN] PackLoader:240 - Cannot read IP mode file for STMicroelectronics.FP-ATR-SIGFOX1.3.2.0
2025-05-02 20:28:38,636 [WARN] PackLoader:240 - Cannot read IP mode file for STMicroelectronics.X-CUBE-EEPRMA1.5.1.0
2025-05-02 20:28:38,708 [WARN] PackLoader:240 - Cannot read IP mode file for wolfSSL.I-CUBE-wolfSSL.5.7.6
2025-05-02 20:28:38,779 [WARN] PackLoader:240 - Cannot read IP mode file for ITTIA_DB.I-CUBE-ITTIADB.8.9.0
2025-05-02 20:28:38,851 [WARN] PackLoader:240 - Cannot read IP mode file for SEGGER.I-CUBE-embOS.1.3.1
2025-05-02 20:28:38,886 [WARN] PackLoader:240 - Cannot read IP mode file for STMicroelectronics.X-CUBE-ALGOBUILD.1.4.0
2025-05-02 20:28:38,958 [WARN] PackLoader:240 - Cannot read IP mode file for STMicroelectronics.X-CUBE-AZRTOS-F4.1.1.0
2025-05-02 20:28:38,991 [WARN] PackLoader:240 - Cannot read IP mode file for Avnet-IotConnect.X-CUBE-IoTC-DA16k-PMOD.1.0.0
2025-05-02 20:28:39,018 [WARN] PackLoader:240 - Cannot read IP mode file for STMicroelectronics.X-CUBE-ISPU.2.1.0
2025-05-02 20:28:39,075 [WARN] PackLoader:240 - Cannot read IP mode file for STMicroelectronics.X-CUBE-AZRTOS-L5.2.0.0
2025-05-02 20:28:39,089 [WARN] PackLoader:240 - Cannot read IP mode file for STMicroelectronics.X-CUBE-NFC6.3.1.0
2025-05-02 20:28:39,126 [WARN] PackLoader:240 - Cannot read IP mode file for STMicroelectronics.X-CUBE-DPower.1.2.0
2025-05-02 20:28:39,143 [WARN] PackLoader:240 - Cannot read IP mode file for STMicroelectronics.X-CUBE-FREERTOS.1.3.0
2025-05-02 20:28:39,158 [WARN] PackLoader:240 - Cannot read IP mode file for STMicroelectronics.X-CUBE-NFC7.1.0.1
2025-05-02 20:28:39,205 [WARN] PackLoader:240 - Cannot read IP mode file for STMicroelectronics.X-CUBE-DPower.1.3.0
2025-05-02 20:28:39,260 [WARN] ConditionMgr:438 - getConditionDescription Invalid condition id : LAN8742 Phy interface Condition cause : null
2025-05-02 20:28:39,260 [WARN] PackLoader:240 - Cannot read IP mode file for STMicroelectronics.X-CUBE-AZRTOS-L4.2.0.0
2025-05-02 20:28:39,261 [WARN] ConditionMgr:1044 - genDependencies : Invalid condition id : LAN8742 Phy interface Condition cause : null
2025-05-02 20:28:39,261 [WARN] ConditionMgr:1044 - genDependencies : Invalid condition id : LAN8742 Phy interface Condition cause : null
2025-05-02 20:28:39,261 [WARN] ConditionMgr:1044 - genDependencies : Invalid condition id : LAN8742 Phy interface Condition cause : null
2025-05-02 20:28:39,287 [WARN] PackLoader:240 - Cannot read IP mode file for STMicroelectronics.X-CUBE-SFXS2LP1.4.0.0
2025-05-02 20:28:39,367 [WARN] PackLoader:240 - Cannot read IP mode file for STMicroelectronics.X-CUBE-AZRTOS-H7.3.3.0
2025-05-02 20:28:39,411 [WARN] ConditionMgr:438 - getConditionDescription Invalid condition id : UX DEVICE CLASS RTOS Condition cause : null
2025-05-02 20:28:39,411 [WARN] ConditionMgr:438 - getConditionDescription Invalid condition id : UX DEVICE CLASS RTOS Condition cause : null
2025-05-02 20:28:39,412 [WARN] PackLoader:240 - Cannot read IP mode file for STMicroelectronics.X-CUBE-AZRTOS-WB.2.0.0
2025-05-02 20:28:39,413 [WARN] ConditionMgr:1044 - genDependencies : Invalid condition id : UX DEVICE CLASS RTOS Condition cause : null
2025-05-02 20:28:39,413 [WARN] ConditionMgr:1044 - genDependencies : Invalid condition id : UX DEVICE CLASS RTOS Condition cause : null
2025-05-02 20:28:39,413 [WARN] ConditionMgr:1044 - genDependencies : Invalid condition id : UX DEVICE CLASS RTOS Condition cause : null
2025-05-02 20:28:39,413 [WARN] ConditionMgr:1044 - genDependencies : Invalid condition id : UX DEVICE CLASS RTOS Condition cause : null
2025-05-02 20:28:39,413 [WARN] ConditionMgr:1044 - genDependencies : Invalid condition id : UX DEVICE CLASS RTOS Condition cause : null
2025-05-02 20:28:39,426 [WARN] PackLoader:240 - Cannot read IP mode file for STMicroelectronics.X-CUBE-GNSS1.7.0.1
2025-05-02 20:28:39,441 [WARN] PackLoader:240 - Cannot read IP mode file for STMicroelectronics.X-CUBE-TOUCHGFX.4.25.0
2025-05-02 20:28:39,488 [WARN] PackLoader:240 - Cannot read IP mode file for STMicroelectronics.FP-SNS-STBOX1.2.0.0
2025-05-02 20:28:39,543 [WARN] PackLoader:240 - Cannot read IP mode file for STMicroelectronics.X-CUBE-SUBG2.5.0.0
2025-05-02 20:28:39,601 [WARN] PackLoader:240 - Cannot read IP mode file for STMicroelectronics.X-CUBE-AZRTOS-H7RS.1.1.0
2025-05-02 20:28:39,631 [WARN] PackLoader:240 - Cannot read IP mode file for Cesanta.I-CUBE-Mongoose.7.13.0
2025-05-02 20:28:39,709 [WARN] PackLoader:240 - Cannot read IP mode file for STMicroelectronics.X-CUBE-AZRTOS-G4.2.0.0
2025-05-02 20:28:39,736 [WARN] PackLoader:240 - Cannot read IP mode file for wolfSSL.I-CUBE-wolfSSH.1.4.20
2025-05-02 20:28:39,769 [WARN] PackLoader:240 - Cannot read IP mode file for STMicroelectronics.X-CUBE-NFC7.2.0.0
2025-05-02 20:28:39,817 [WARN] PackLoader:240 - Cannot read IP mode file for STMicroelectronics.X-CUBE-IPS.3.1.0
2025-05-02 20:28:39,850 [WARN] PackLoader:240 - Cannot read IP mode file for STMicroelectronics.X-CUBE-ALS.1.0.2
2025-05-02 20:28:39,943 [WARN] PackLoader:240 - Cannot read IP mode file for portGmbH.I-Cube-SoM-uGOAL.1.1.0
2025-05-02 20:28:39,973 [WARN] PackLoader:240 - Cannot read IP mode file for STMicroelectronics.X-CUBE-AZRTOS-H7RS.1.0.0
2025-05-02 20:28:40,025 [WARN] PackLoader:240 - Cannot read IP mode file for STMicroelectronics.X-CUBE-TOF1.3.4.2
2025-05-02 20:28:40,053 [WARN] PackLoader:240 - Cannot read IP mode file for STMicroelectronics.X-CUBE-TOF1.3.4.3
2025-05-02 20:28:40,057 [INFO] ThirdParty:978 - Integrity check success = true
2025-05-02 20:28:40,057 [INFO] IntegrityCheckThread:100 - exiting critical section [integrity check]
2025-05-02 20:28:40,057 [INFO] IntegrityCheckThread:103 - End integrity checks thread
2025-05-02 20:28:55,833 [INFO] WebApp:169 - Instantiating new browser for Auth
2025-05-02 20:29:03,184 [INFO] WebApp:463 - Apply proxy settings
2025-05-02 20:29:03,184 [INFO] WebApp:548 - Chromium requires no authentication
2025-05-02 20:29:03,632 [INFO] WebApp:491 - Direct internet connection detected
2025-05-02 20:29:03,960 [INFO] WebApp:894 - Register for checkConnection events
2025-05-02 20:29:03,960 [INFO] WebApp:463 - Apply proxy settings
2025-05-02 20:29:03,960 [INFO] WebApp:548 - Chromium requires no authentication
2025-05-02 20:29:03,961 [INFO] WebApp:491 - Direct internet connection detected
2025-05-02 20:29:07,106 [INFO] WebApp:225 - Starting web application
2025-05-02 20:29:07,106 [INFO] WebApp:593 - Web application path used /opt/st/stm32cubeide_1.18.0/plugins/com.st.stm32cube.common.mx_6.14.0.202502271554/db/plugins/mcufinder/reactClient1/index.html
2025-05-02 20:29:08,227 [INFO] WebApp:191 - Connection restablished
2025-05-02 20:29:09,709 [INFO] UserAuth:486 - Internet connection configuration mode: 1
2025-05-02 21:00:58,233 [ERROR] LogOutputStream:75 - [STDERR_REDIRECT] 
