2025-05-01 14:26:58,527 [INFO] Activator:176 - 


2025-05-01 14:26:58,529 [INFO] Activator:177 - !SESSION log4j initialized
2025-05-01 14:27:07,091 [INFO] LogOutputStream:77 - [STDOUT_REDIRECT] 
2025-05-01 14:27:09,543 [INFO] ApplicationProperties:184 - Using Application install path: /opt/st/stm32cubeide_1.18.0/plugins/com.st.stm32cube.common.mx_6.14.0.202502271554
2025-05-01 14:27:09,612 [INFO] DbMcusXml:78 - Set database path to: /opt/st/stm32cubeide_1.18.0/plugins/com.st.stm32cube.common.mx_6.14.0.202502271554//db//mcu/
2025-05-01 14:27:09,613 [INFO] ApiDb:274 - Set plugin database path to: /opt/st/stm32cubeide_1.18.0/plugins/com.st.stm32cube.common.mx_6.14.0.202502271554//db//plugins/boardmanager/
2025-05-01 14:27:09,613 [WARN] ApiDb:259 - Overriding images path with different value:  => /opt/st/stm32cubeide_1.18.0/plugins/com.st.stm32cube.common.mx_6.14.0.202502271554//db//plugins/mcufinder/images/
2025-05-01 14:27:09,660 [INFO] ApiDb:250 - Set database path to: /home/viny/.stmcufinder/plugins/mcufinder//mcu/
2025-05-01 14:27:09,661 [INFO] DbMcusAds:125 - Set database path to: /home/viny/.stmcufinder/plugins/mcufinder//mcu/
2025-05-01 14:27:09,664 [INFO] CrossReferenceDbSqlite:203 - Set database path to: /home/viny/.stmcufinder/plugins/mcufinder//mcu/cs/
2025-05-01 14:27:09,836 [INFO] RulesReader:64 - Compatibility file has been processed (301 Rules)
2025-05-01 14:27:10,015 [INFO] DbMcusXml:78 - Set database path to: /opt/st/stm32cubeide_1.18.0/plugins/com.st.stm32cube.common.mx_6.14.0.202502271554//db//mcu/
2025-05-01 14:27:10,015 [INFO] ApiDb:274 - Set plugin database path to: /opt/st/stm32cubeide_1.18.0/plugins/com.st.stm32cube.common.mx_6.14.0.202502271554//db//plugins/boardmanager/
2025-05-01 14:27:10,015 [INFO] ApiDb:261 - Set plugin images path to: /opt/st/stm32cubeide_1.18.0/plugins/com.st.stm32cube.common.mx_6.14.0.202502271554//db//plugins/mcufinder/images/
2025-05-01 14:27:10,015 [WARN] DbFile:41 - Overriding database path with different value: /home/viny/.stmcufinder/plugins/mcufinder/ => /home/viny/.stmcufinder/plugins/mcufinder
2025-05-01 14:27:10,015 [INFO] ApiDb:250 - Set database path to: /home/viny/.stmcufinder/plugins/mcufinder//mcu/
2025-05-01 14:27:10,015 [WARN] DbFile:41 - Overriding database path with different value: /home/viny/.stmcufinder/plugins/mcufinder/ => /home/viny/.stmcufinder/plugins/mcufinder
2025-05-01 14:27:10,015 [INFO] DbMcusAds:125 - Set database path to: /home/viny/.stmcufinder/plugins/mcufinder//mcu/
2025-05-01 14:27:10,015 [WARN] DbFile:41 - Overriding database path with different value: /home/viny/.stmcufinder/plugins/mcufinder/ => /home/viny/.stmcufinder/plugins/mcufinder
2025-05-01 14:27:10,015 [WARN] DbFile:41 - Overriding database path with different value: /home/viny/.stmcufinder/plugins/mcufinder/ => /home/viny/.stmcufinder/plugins/mcufinder
2025-05-01 14:27:10,016 [INFO] CrossReferenceDbSqlite:203 - Set database path to: /home/viny/.stmcufinder/plugins/mcufinder//mcu/cs/
2025-05-01 14:27:10,152 [INFO] MainPanel:272 - HeapMemory: 268435456
2025-05-01 14:27:10,514 [INFO] DbMcusXml:78 - Set database path to: /opt/st/stm32cubeide_1.18.0/plugins/com.st.stm32cube.common.mx_6.14.0.202502271554//db//mcu/
2025-05-01 14:27:10,514 [INFO] ApiDb:274 - Set plugin database path to: /opt/st/stm32cubeide_1.18.0/plugins/com.st.stm32cube.common.mx_6.14.0.202502271554//db//plugins/boardmanager/
2025-05-01 14:27:10,514 [INFO] ApiDb:261 - Set plugin images path to: /opt/st/stm32cubeide_1.18.0/plugins/com.st.stm32cube.common.mx_6.14.0.202502271554//db//plugins/mcufinder/images/
2025-05-01 14:27:10,514 [WARN] DbFile:41 - Overriding database path with different value: /home/viny/.stmcufinder/plugins/mcufinder/ => /home/viny/.stmcufinder/plugins/mcufinder
2025-05-01 14:27:10,514 [INFO] ApiDb:250 - Set database path to: /home/viny/.stmcufinder/plugins/mcufinder//mcu/
2025-05-01 14:27:10,514 [WARN] DbFile:41 - Overriding database path with different value: /home/viny/.stmcufinder/plugins/mcufinder/ => /home/viny/.stmcufinder/plugins/mcufinder
2025-05-01 14:27:10,514 [INFO] DbMcusAds:125 - Set database path to: /home/viny/.stmcufinder/plugins/mcufinder//mcu/
2025-05-01 14:27:10,514 [WARN] DbFile:41 - Overriding database path with different value: /home/viny/.stmcufinder/plugins/mcufinder/ => /home/viny/.stmcufinder/plugins/mcufinder
2025-05-01 14:27:10,514 [WARN] DbFile:41 - Overriding database path with different value: /home/viny/.stmcufinder/plugins/mcufinder/ => /home/viny/.stmcufinder/plugins/mcufinder
2025-05-01 14:27:10,514 [INFO] CrossReferenceDbSqlite:203 - Set database path to: /home/viny/.stmcufinder/plugins/mcufinder//mcu/cs/
2025-05-01 14:27:10,528 [INFO] ApplicationProperties:184 - Using Application install path: /opt/st/stm32cubeide_1.18.0/plugins/com.st.stm32cube.common.mx_6.14.0.202502271554
2025-05-01 14:27:10,529 [INFO] PluginManage:196 - Search for loadable plugins [exclusion list=, ]
2025-05-01 14:27:10,530 [INFO] PluginManage:310 - Check plugin analytics
2025-05-01 14:27:10,763 [INFO] AnalyticsPlugin:253 - Accepted Software Licenses: 
2025-05-01 14:27:10,764 [INFO] AnalyticsPlugin:255 - Accepted CMSIS Pack Licenses: 
2025-05-01 14:27:10,764 [INFO] AnalyticsPlugin:257 - Accepted Firmware Licenses: FW.H7.1.12.0,FW.F4.1.28.0
2025-05-01 14:27:10,765 [INFO] PluginManage:359 - Loaded plugin analytics (category:tool,tabindex:-1)
2025-05-01 14:27:10,766 [INFO] PluginManage:310 - Check plugin cadmodel
2025-05-01 14:27:10,814 [INFO] CADModel:105 - Init CAD model plugin
2025-05-01 14:27:10,814 [INFO] PluginManage:359 - Loaded plugin cadmodel (category:power,tabindex:5)
2025-05-01 14:27:10,814 [INFO] PluginManage:310 - Check plugin clock
2025-05-01 14:27:10,868 [INFO] PluginManage:359 - Loaded plugin clock (category:base,tabindex:2)
2025-05-01 14:27:10,868 [INFO] PluginManage:310 - Check plugin ddr
2025-05-01 14:27:10,882 [INFO] PluginManage:359 - Loaded plugin ddr (category:tool,tabindex:6)
2025-05-01 14:27:10,883 [INFO] PluginManage:310 - Check plugin filemanager
2025-05-01 14:27:11,258 [INFO] PluginManage:359 - Loaded plugin filemanager (category:base,tabindex:10)
2025-05-01 14:27:11,259 [INFO] PluginManage:310 - Check plugin ipmanager
2025-05-01 14:27:11,276 [INFO] PluginManage:359 - Loaded plugin ipmanager (category:base,tabindex:5)
2025-05-01 14:27:11,276 [INFO] PluginManage:310 - Check plugin lpbam
2025-05-01 14:27:11,298 [INFO] PluginManage:359 - Loaded plugin lpbam (category:base,tabindex:0)
2025-05-01 14:27:11,298 [INFO] PluginManage:310 - Check plugin memorymap
2025-05-01 14:27:11,328 [INFO] PluginManage:359 - Loaded plugin memorymap (category:base,tabindex:4)
2025-05-01 14:27:11,328 [INFO] PluginManage:310 - Check plugin pinoutandconfiguration
2025-05-01 14:27:11,350 [INFO] PluginManage:359 - Loaded plugin pinoutandconfiguration (category:base,tabindex:1)
2025-05-01 14:27:11,350 [INFO] PluginManage:310 - Check plugin pinoutconfig
2025-05-01 14:27:11,490 [WARN] SupportedApi:132 - Cannot load RTOS API schema: s4s-elt-must-match.1: The content of 'definitions' must match (annotation?, (simpleType | complexType)?, (unique | key | keyref)*)). A problem was found starting at: attribute.
2025-05-01 14:27:11,674 [INFO] PluginManage:359 - Loaded plugin pinoutconfig (category:base,tabindex:0)
2025-05-01 14:27:11,674 [INFO] PluginManage:310 - Check plugin power
2025-05-01 14:27:11,747 [INFO] PluginManage:359 - Loaded plugin power (category:power,tabindex:4)
2025-05-01 14:27:11,748 [INFO] PluginManage:310 - Check plugin projectmanager
2025-05-01 14:27:11,765 [INFO] PluginManage:359 - Loaded plugin projectmanager (category:projectmanager,tabindex:4)
2025-05-01 14:27:11,766 [INFO] PluginManage:310 - Check plugin rif
2025-05-01 14:27:11,818 [INFO] PluginManage:359 - Loaded plugin rif (category:base,tabindex:3)
2025-05-01 14:27:11,818 [INFO] PluginManage:310 - Check plugin thirdparty
2025-05-01 14:27:12,061 [INFO] PluginManage:359 - Loaded plugin thirdparty (category:base,tabindex:-1)
2025-05-01 14:27:12,061 [WARN] IntegrityCheckThread:84 - waiting for thirdparty lock release [integrity check]
2025-05-01 14:27:12,061 [INFO] PluginManage:310 - Check plugin tools
2025-05-01 14:27:12,061 [INFO] IntegrityCheckThread:86 - entering critical section [integrity check]
2025-05-01 14:27:12,061 [INFO] ThirdPartyUpdaterWithRetryManager:70 - Updater plugin not ready yet. [1/15]
2025-05-01 14:27:12,076 [INFO] PluginManage:359 - Loaded plugin tools (category:base,tabindex:7)
2025-05-01 14:27:12,076 [INFO] PluginManage:310 - Check plugin tutovideos
2025-05-01 14:27:12,403 [INFO] PluginManage:359 - Loaded plugin tutovideos (category:base,tabindex:-1)
2025-05-01 14:27:12,403 [INFO] PluginManage:310 - Check plugin updater
2025-05-01 14:27:12,446 [INFO] PluginManage:359 - Loaded plugin updater (category:base,tabindex:12)
2025-05-01 14:27:12,446 [INFO] PluginManage:310 - Check plugin userauth
2025-05-01 14:27:12,475 [INFO] UserAuth:118 - Init User Auth plugin
2025-05-01 14:27:12,475 [INFO] PluginManage:359 - Loaded plugin userauth (category:base,tabindex:14)
2025-05-01 14:27:12,476 [INFO] PluginManage:283 - PluginManage : Loaded plugins [18]
2025-05-01 14:27:12,924 [INFO] PinOutPanel:1589 - setPackage(No Configuration,No Configuration)
2025-05-01 14:27:13,013 [INFO] CADModel:165 - CPN selected for project level
2025-05-01 14:27:13,013 [INFO] CADModel:114 - Register for checkConnection events
2025-05-01 14:27:13,093 [INFO] IPUIPlugin:80 - create IPUIPlugin
2025-05-01 14:27:13,094 [INFO] PluginManager:220 - loadIPPluginJar : add adc
2025-05-01 14:27:13,096 [INFO] IPUIPlugin:80 - create IPUIPlugin
2025-05-01 14:27:13,096 [INFO] PluginManager:220 - loadIPPluginJar : add lorawan
2025-05-01 14:27:13,097 [INFO] IPUIPlugin:80 - create IPUIPlugin
2025-05-01 14:27:13,098 [INFO] PluginManager:220 - loadIPPluginJar : add tsc
2025-05-01 14:27:13,101 [INFO] IPUIPlugin:80 - create IPUIPlugin
2025-05-01 14:27:13,101 [INFO] PluginManager:220 - loadIPPluginJar : add ipddr
2025-05-01 14:27:13,104 [INFO] IPUIPlugin:80 - create IPUIPlugin
2025-05-01 14:27:13,104 [INFO] PluginManager:220 - loadIPPluginJar : add usbx
2025-05-01 14:27:13,106 [INFO] IPUIPlugin:80 - create IPUIPlugin
2025-05-01 14:27:13,107 [INFO] PluginManager:220 - loadIPPluginJar : add i2c
2025-05-01 14:27:13,109 [INFO] IPUIPlugin:80 - create IPUIPlugin
2025-05-01 14:27:13,109 [INFO] PluginManager:220 - loadIPPluginJar : add cryp
2025-05-01 14:27:13,111 [INFO] IPUIPlugin:80 - create IPUIPlugin
2025-05-01 14:27:13,111 [INFO] PluginManager:220 - loadIPPluginJar : add pdm2pcm
2025-05-01 14:27:13,112 [INFO] IPUIPlugin:80 - create IPUIPlugin
2025-05-01 14:27:13,112 [INFO] PluginManager:220 - loadIPPluginJar : add genericplugin
2025-05-01 14:27:13,113 [INFO] IPUIPlugin:80 - create IPUIPlugin
2025-05-01 14:27:13,113 [INFO] PluginManager:220 - loadIPPluginJar : add tracer_emb
2025-05-01 14:27:13,115 [INFO] IPUIPlugin:80 - create IPUIPlugin
2025-05-01 14:27:13,115 [INFO] PluginManager:220 - loadIPPluginJar : add i2s
2025-05-01 14:27:13,116 [INFO] IPUIPlugin:80 - create IPUIPlugin
2025-05-01 14:27:13,116 [INFO] PluginManager:220 - loadIPPluginJar : add comp
2025-05-01 14:27:13,117 [INFO] IPUIPlugin:80 - create IPUIPlugin
2025-05-01 14:27:13,117 [INFO] PluginManager:220 - loadIPPluginJar : add aes
2025-05-01 14:27:13,118 [INFO] IPUIPlugin:80 - create IPUIPlugin
2025-05-01 14:27:13,118 [INFO] PluginManager:220 - loadIPPluginJar : add hash
2025-05-01 14:27:13,121 [INFO] IPUIPlugin:80 - create IPUIPlugin
2025-05-01 14:27:13,121 [INFO] PluginManager:220 - loadIPPluginJar : add gtzc
2025-05-01 14:27:13,144 [INFO] IPUIPlugin:80 - create IPUIPlugin
2025-05-01 14:27:13,144 [INFO] PluginManager:220 - loadIPPluginJar : add gpio
2025-05-01 14:27:13,146 [INFO] IPUIPlugin:80 - create IPUIPlugin
2025-05-01 14:27:13,146 [INFO] PluginManager:220 - loadIPPluginJar : add extmemmanager
2025-05-01 14:27:13,148 [INFO] IPUIPlugin:80 - create IPUIPlugin
2025-05-01 14:27:13,148 [INFO] PluginManager:220 - loadIPPluginJar : add ltdc
2025-05-01 14:27:13,154 [INFO] IPUIPlugin:80 - create IPUIPlugin
2025-05-01 14:27:13,154 [INFO] PluginManager:220 - loadIPPluginJar : add linkedlist
2025-05-01 14:27:13,157 [INFO] IPUIPlugin:80 - create IPUIPlugin
2025-05-01 14:27:13,157 [INFO] PluginManager:220 - loadIPPluginJar : add openamp
2025-05-01 14:27:13,158 [INFO] IPUIPlugin:80 - create IPUIPlugin
2025-05-01 14:27:13,159 [INFO] PluginManager:220 - loadIPPluginJar : add can
2025-05-01 14:27:13,160 [INFO] IPUIPlugin:80 - create IPUIPlugin
2025-05-01 14:27:13,160 [INFO] PluginManager:220 - loadIPPluginJar : add radio
2025-05-01 14:27:13,162 [INFO] IPUIPlugin:80 - create IPUIPlugin
2025-05-01 14:27:13,162 [INFO] PluginManager:220 - loadIPPluginJar : add i3c
2025-05-01 14:27:13,172 [INFO] IPUIPlugin:80 - create IPUIPlugin
2025-05-01 14:27:13,172 [INFO] PluginManager:220 - loadIPPluginJar : add dma
2025-05-01 14:27:13,175 [INFO] IPUIPlugin:80 - create IPUIPlugin
2025-05-01 14:27:13,175 [INFO] PluginManager:220 - loadIPPluginJar : add gfxmmu
2025-05-01 14:27:13,176 [INFO] IPUIPlugin:80 - create IPUIPlugin
2025-05-01 14:27:13,176 [INFO] PluginManager:220 - loadIPPluginJar : add fatfs
2025-05-01 14:27:13,178 [INFO] IPUIPlugin:80 - create IPUIPlugin
2025-05-01 14:27:13,178 [INFO] PluginManager:220 - loadIPPluginJar : add spi
2025-05-01 14:27:13,179 [INFO] IPUIPlugin:80 - create IPUIPlugin
2025-05-01 14:27:13,179 [INFO] PluginManager:220 - loadIPPluginJar : add ts
2025-05-01 14:27:13,190 [INFO] IPUIPlugin:80 - create IPUIPlugin
2025-05-01 14:27:13,191 [INFO] PluginManager:220 - loadIPPluginJar : add ddr_ctrl_phy
2025-05-01 14:27:13,196 [INFO] IPUIPlugin:80 - create IPUIPlugin
2025-05-01 14:27:13,196 [INFO] PluginManager:220 - loadIPPluginJar : add stm32_wpan
2025-05-01 14:27:13,197 [INFO] IPUIPlugin:80 - create IPUIPlugin
2025-05-01 14:27:13,198 [INFO] PluginManager:220 - loadIPPluginJar : add dfsdm
2025-05-01 14:27:13,200 [INFO] IPUIPlugin:80 - create IPUIPlugin
2025-05-01 14:27:13,200 [INFO] PluginManager:220 - loadIPPluginJar : add resmgrutility
2025-05-01 14:27:13,202 [INFO] IPUIPlugin:80 - create IPUIPlugin
2025-05-01 14:27:13,202 [INFO] PluginManager:220 - loadIPPluginJar : add usart
2025-05-01 14:27:13,204 [INFO] IPUIPlugin:80 - create IPUIPlugin
2025-05-01 14:27:13,205 [INFO] PluginManager:220 - loadIPPluginJar : add dma3
2025-05-01 14:27:13,208 [INFO] IPUIPlugin:80 - create IPUIPlugin
2025-05-01 14:27:13,208 [INFO] PluginManager:220 - loadIPPluginJar : add fmc
2025-05-01 14:27:13,212 [INFO] IPUIPlugin:80 - create IPUIPlugin
2025-05-01 14:27:13,212 [INFO] PluginManager:220 - loadIPPluginJar : add gic
2025-05-01 14:27:13,217 [INFO] IPUIPlugin:80 - create IPUIPlugin
2025-05-01 14:27:13,217 [INFO] PluginManager:220 - loadIPPluginJar : add mdma
2025-05-01 14:27:13,229 [INFO] IPUIPlugin:80 - create IPUIPlugin
2025-05-01 14:27:13,229 [INFO] PluginManager:220 - loadIPPluginJar : add nvic
2025-05-01 14:27:13,231 [INFO] IPUIPlugin:80 - create IPUIPlugin
2025-05-01 14:27:13,231 [INFO] PluginManager:220 - loadIPPluginJar : add opamp
2025-05-01 14:27:13,247 [INFO] IPUIPlugin:80 - create IPUIPlugin
2025-05-01 14:27:13,249 [INFO] PluginManager:220 - loadIPPluginJar : add plateformsettings
2025-05-01 14:27:13,263 [INFO] IPUIPlugin:80 - create IPUIPlugin
2025-05-01 14:27:13,263 [INFO] PluginManager:220 - loadIPPluginJar : add freertos
2025-05-01 14:27:13,265 [INFO] IPUIPlugin:80 - create IPUIPlugin
2025-05-01 14:27:13,265 [INFO] PluginManager:220 - loadIPPluginJar : add tim
2025-05-01 14:27:13,268 [INFO] IPUIPlugin:80 - create IPUIPlugin
2025-05-01 14:27:13,268 [INFO] PluginManager:220 - loadIPPluginJar : add touchsensing
2025-05-01 14:27:13,269 [INFO] IPUIPlugin:80 - create IPUIPlugin
2025-05-01 14:27:13,269 [INFO] PluginManager:220 - loadIPPluginJar : add quadspi
2025-05-01 14:27:13,270 [INFO] IPUIPlugin:80 - create IPUIPlugin
2025-05-01 14:27:13,270 [INFO] PluginManager:220 - loadIPPluginJar : add ucpd
2025-05-01 14:27:13,274 [INFO] IPUIPlugin:80 - create IPUIPlugin
2025-05-01 14:27:13,274 [INFO] PluginManager:220 - loadIPPluginJar : add sai
2025-05-01 14:27:13,365 [FATAL] Updater:351 - Updater called before beeing initialized
2025-05-01 14:27:13,408 [INFO] RulesReader:64 - Compatibility file has been processed (301 Rules)
2025-05-01 14:27:13,414 [INFO] RulesReader:64 - Compatibility file has been processed (301 Rules)
2025-05-01 14:27:13,420 [INFO] CADModel:165 - CPN selected for project level
2025-05-01 14:27:13,420 [INFO] CADModel:114 - Register for checkConnection events
2025-05-01 14:27:13,420 [FATAL] Updater:351 - Updater called before beeing initialized
2025-05-01 14:27:13,420 [ERROR] CADModel:125 - Updater not yet initialized, retry later 
2025-05-01 14:27:13,674 [FATAL] Updater:351 - Updater called before beeing initialized
2025-05-01 14:27:13,675 [INFO] CADModel:165 - CPN selected for project level
2025-05-01 14:27:13,676 [INFO] CADModel:114 - Register for checkConnection events
2025-05-01 14:27:13,676 [FATAL] Updater:351 - Updater called before beeing initialized
2025-05-01 14:27:13,676 [ERROR] CADModel:125 - Updater not yet initialized, retry later 
2025-05-01 14:27:13,679 [FATAL] Updater:351 - Updater called before beeing initialized
2025-05-01 14:27:13,749 [FATAL] Updater:351 - Updater called before beeing initialized
2025-05-01 14:27:13,766 [INFO] DbMcusAds:53 - JSON generation date=Thu Mar 06 14:54:22 WET 2025 (1741272862204)
2025-05-01 14:27:13,766 [FATAL] Updater:351 - Updater called before beeing initialized
2025-05-01 14:27:13,933 [WARN] DetailPanel:346 - Failed to get advertising image, set to default
2025-05-01 14:27:14,122 [FATAL] Updater:351 - Updater called before beeing initialized
2025-05-01 14:27:14,123 [FATAL] Updater:351 - Updater called before beeing initialized
2025-05-01 14:27:14,123 [FATAL] Updater:351 - Updater called before beeing initialized
2025-05-01 14:27:14,123 [WARN] DetailPanel:346 - Failed to get advertising image, set to default
2025-05-01 14:27:14,124 [FATAL] Updater:351 - Updater called before beeing initialized
2025-05-01 14:27:14,193 [ERROR] Updater:1198 - MainUpdater not yet initialized. External WinMGr cannot be set.
2025-05-01 14:27:14,198 [INFO] Updater:1134 - Updater Version found : 6.14.0
2025-05-01 14:27:14,255 [INFO] ApplicationProperties:184 - Using Application install path: /opt/st/stm32cubeide_1.18.0/plugins/com.st.stm32cube.common.mx_6.14.0.202502271554
2025-05-01 14:27:15,050 [INFO] MainUpdater:2872 - connection check result : 10
2025-05-01 14:27:15,051 [INFO] MainUpdater:3566 - Updater definition file requires update
2025-05-01 14:27:15,051 [INFO] MainUpdater:289 - Updater Check For Update Now.
2025-05-01 14:27:15,051 [INFO] MicroXplorer:498 - Change Database Version : DB.6.0.140
2025-05-01 14:27:15,056 [INFO] McuFinderGlobals:63 - Set McuFinder mode to 2 (CubeIDE integrated)
2025-05-01 14:27:15,062 [WARN] MainUpdater:1193 - Updater busy. Cannot search thirdparties
2025-05-01 14:27:15,062 [INFO] ThirdPartyUpdaterWithRetryManager:96 - Updater plugin is busy. [1/15]
2025-05-01 14:27:15,100 [INFO] UserAuth:486 - Internet connection configuration mode: 1
2025-05-01 14:27:15,133 [INFO] ServerAccessManage:473 - Download File updaters.zip
2025-05-01 14:27:15,232 [INFO] JxBrowserEngine:152 - Initiate JxBrowser Engine with user profile folder
2025-05-01 14:27:15,776 [INFO] FileExtend:242 - Unzip File : updaters.zip
2025-05-01 14:27:15,777 [INFO] FileExtend:257 - Standard Zip Deflate
2025-05-01 14:27:16,138 [INFO] ServerAccessManage:473 - Download File PacksControlFlags.xml
2025-05-01 14:27:16,442 [INFO] ServerAccessManage:473 - Download File cubemx.pidx
2025-05-01 14:27:18,062 [WARN] MainUpdater:1193 - Updater busy. Cannot search thirdparties
2025-05-01 14:27:18,062 [INFO] ThirdPartyUpdaterWithRetryManager:96 - Updater plugin is busy. [2/15]
2025-05-01 14:27:18,170 [INFO] ServerAccessManage:473 - Download File STMicroelectronics.X-CUBE-NFC7.pdsc
2025-05-01 14:27:20,281 [WARN] PackLoader:240 - Cannot read IP mode file for STMicroelectronics.X-CUBE-NFC7.2.0.0
2025-05-01 14:27:20,284 [INFO] PopulateThirdPartyThread:66 - Ending populate Thread
2025-05-01 14:27:20,284 [INFO] ThirdParty:1030 - CMSIS Pack Vendor :STMicroelectronics X-CUBE-NFC7 2.0.0
2025-05-01 14:27:20,285 [INFO] LoadServerUpdatesThread:375 - End of LoadServerUpdate Thread
2025-05-01 14:27:20,326 [INFO] CheckServerUpdateThread:120 - End of CheckServer Thread
2025-05-01 14:27:22,657 [WARN] PackLoader:240 - Cannot read IP mode file for STMicroelectronics.FP-SNS-MOTENVWB1.1.4.0
2025-05-01 14:27:22,676 [WARN] PackLoader:240 - Cannot read IP mode file for STMicroelectronics.FP-ATR-ASTRA1.2.0.2
2025-05-01 14:27:22,714 [WARN] PackLoader:240 - Cannot read IP mode file for STMicroelectronics.X-CUBE-SMBUS.2.1.0
2025-05-01 14:27:22,768 [WARN] PackLoader:240 - Cannot read IP mode file for STMicroelectronics.X-CUBE-WB05N.1.1.0
2025-05-01 14:27:22,826 [WARN] PackLoader:240 - Cannot read IP mode file for STMicroelectronics.X-CUBE-AZRTOS-F7.1.1.0
2025-05-01 14:27:22,856 [WARN] PackLoader:240 - Cannot read IP mode file for STMicroelectronics.FP-SNS-FLIGHT1.5.0.2
2025-05-01 14:27:22,948 [WARN] PackLoader:240 - Cannot read IP mode file for Infineon.AIROC-Wi-Fi-Bluetooth-STM32.1.7.0
2025-05-01 14:27:22,991 [WARN] PackLoader:240 - Cannot read IP mode file for STMicroelectronics.X-CUBE-DISPLAY.3.0.0
2025-05-01 14:27:23,034 [WARN] PackLoader:240 - Cannot read IP mode file for STMicroelectronics.X-CUBE-NFC10.1.0.0
2025-05-01 14:27:23,078 [WARN] PackLoader:240 - Cannot read IP mode file for STMicroelectronics.X-CUBE-BLEMGR.4.0.0
2025-05-01 14:27:23,121 [WARN] PackLoader:240 - Cannot read IP mode file for emotas.I-CUBE-CANOPEN.1.3.0
2025-05-01 14:27:23,200 [WARN] ConditionMgr:438 - getConditionDescription Invalid condition id : Cortex-A Device cause : null
2025-05-01 14:27:23,240 [WARN] ConditionMgr:1044 - genDependencies : Invalid condition id : Cortex-A Device cause : null
2025-05-01 14:27:23,240 [WARN] ConditionMgr:1044 - genDependencies : Invalid condition id : Cortex-A Device cause : null
2025-05-01 14:27:23,240 [WARN] ConditionMgr:1044 - genDependencies : Invalid condition id : Cortex-A Device cause : null
2025-05-01 14:27:23,263 [WARN] PackLoader:240 - Cannot read IP mode file for STMicroelectronics.X-CUBE-AI.10.0.0
2025-05-01 14:27:23,317 [WARN] PackLoader:240 - Cannot read IP mode file for STMicroelectronics.FP-SNS-SMARTAG2.1.2.0
2025-05-01 14:27:23,365 [WARN] PackLoader:240 - Cannot read IP mode file for STMicroelectronics.FP-SNS-FLIGHT1.5.1.0
2025-05-01 14:27:23,460 [WARN] PackLoader:240 - Cannot read IP mode file for STMicroelectronics.X-CUBE-MEMS1.11.1.0
2025-05-01 14:27:23,607 [INFO] LogOutputStream:77 - [STDOUT_REDIRECT] 1 : Invalid condition id : UX_CORESTACK_Condition cause : null
2025-05-01 14:27:23,607 [INFO] LogOutputStream:77 - [STDOUT_REDIRECT] 1 : Invalid condition id : UX_CORESTACK_Condition cause : null
2025-05-01 14:27:23,607 [INFO] LogOutputStream:77 - [STDOUT_REDIRECT] 1 : Invalid condition id : UX_CORESTACK_Condition cause : null
2025-05-01 14:27:23,607 [INFO] LogOutputStream:77 - [STDOUT_REDIRECT] 1 : Invalid condition id : UX_CORESTACK_Condition cause : null
2025-05-01 14:27:23,607 [INFO] LogOutputStream:77 - [STDOUT_REDIRECT] 1 : Invalid condition id : UX_CORESTACK_Condition cause : null
2025-05-01 14:27:23,609 [WARN] PackLoader:240 - Cannot read IP mode file for STMicroelectronics.X-CUBE-AZRTOS-WL.2.0.0
2025-05-01 14:27:23,657 [WARN] PackLoader:240 - Cannot read IP mode file for STMicroelectronics.FP-SNS-MOTENV1.5.0.0
2025-05-01 14:27:23,705 [WARN] PackLoader:240 - Cannot read IP mode file for WES.I-CUBE-Cesium.1.3.0
2025-05-01 14:27:23,743 [WARN] PackLoader:240 - Cannot read IP mode file for STMicroelectronics.X-CUBE-BLE2.3.3.0
2025-05-01 14:27:23,794 [WARN] PackLoader:240 - Cannot read IP mode file for STMicroelectronics.X-CUBE-NFC9.1.0.0
2025-05-01 14:27:23,828 [WARN] PackLoader:240 - Cannot read IP mode file for STMicroelectronics.X-CUBE-BLE1.7.1.0
2025-05-01 14:27:23,848 [WARN] PackLoader:240 - Cannot read IP mode file for wolfSSL.I-CUBE-wolfMQTT.1.19.2
2025-05-01 14:27:23,947 [WARN] PackLoader:240 - Cannot read IP mode file for STMicroelectronics.X-CUBE-MEMS1.11.2.0
2025-05-01 14:27:24,151 [WARN] PackLoader:240 - Cannot read IP mode file for STMicroelectronics.X-CUBE-AZRTOS-G0.1.1.0
2025-05-01 14:27:24,242 [WARN] PackLoader:240 - Cannot read IP mode file for STMicroelectronics.X-CUBE-SAFEA1.1.2.2
2025-05-01 14:27:24,416 [WARN] PackLoader:240 - Cannot read IP mode file for STMicroelectronics.X-CUBE-NFC4.3.0.0
2025-05-01 14:27:24,468 [WARN] PackLoader:240 - Cannot read IP mode file for EmbeddedOffice.I-CUBE-FS-RTOS.1.0.1
2025-05-01 14:27:24,528 [WARN] PackLoader:240 - Cannot read IP mode file for STMicroelectronics.X-CUBE-WB05N.2.0.0
2025-05-01 14:27:24,557 [WARN] PackLoader:240 - Cannot read IP mode file for wolfSSL.I-CUBE-wolfTPM.3.8.0
2025-05-01 14:27:24,590 [WARN] PackLoader:240 - Cannot read IP mode file for STMicroelectronics.X-CUBE-TCPP.4.2.0
2025-05-01 14:27:24,612 [WARN] PackLoader:240 - Cannot read IP mode file for RealThread.X-CUBE-RT-Thread_Nano.4.1.1
2025-05-01 14:27:24,618 [WARN] PackLoader:240 - Cannot read IP mode file for STMicroelectronics.FP-ATR-SIGFOX1.3.2.0
2025-05-01 14:27:24,659 [WARN] PackLoader:240 - Cannot read IP mode file for STMicroelectronics.X-CUBE-EEPRMA1.5.1.0
2025-05-01 14:27:24,685 [WARN] PackLoader:240 - Cannot read IP mode file for wolfSSL.I-CUBE-wolfSSL.5.7.6
2025-05-01 14:27:24,711 [WARN] PackLoader:240 - Cannot read IP mode file for ITTIA_DB.I-CUBE-ITTIADB.8.9.0
2025-05-01 14:27:24,788 [WARN] PackLoader:240 - Cannot read IP mode file for SEGGER.I-CUBE-embOS.1.3.1
2025-05-01 14:27:24,824 [WARN] PackLoader:240 - Cannot read IP mode file for STMicroelectronics.X-CUBE-ALGOBUILD.1.4.0
2025-05-01 14:27:24,918 [WARN] PackLoader:240 - Cannot read IP mode file for STMicroelectronics.X-CUBE-AZRTOS-F4.1.1.0
2025-05-01 14:27:24,956 [WARN] PackLoader:240 - Cannot read IP mode file for Avnet-IotConnect.X-CUBE-IoTC-DA16k-PMOD.1.0.0
2025-05-01 14:27:24,985 [WARN] PackLoader:240 - Cannot read IP mode file for STMicroelectronics.X-CUBE-ISPU.2.1.0
2025-05-01 14:27:25,065 [WARN] PackLoader:240 - Cannot read IP mode file for STMicroelectronics.X-CUBE-AZRTOS-L5.2.0.0
2025-05-01 14:27:25,096 [WARN] PackLoader:240 - Cannot read IP mode file for STMicroelectronics.X-CUBE-NFC6.3.1.0
2025-05-01 14:27:25,129 [WARN] PackLoader:240 - Cannot read IP mode file for STMicroelectronics.X-CUBE-DPower.1.2.0
2025-05-01 14:27:25,146 [WARN] PackLoader:240 - Cannot read IP mode file for STMicroelectronics.X-CUBE-FREERTOS.1.3.0
2025-05-01 14:27:25,195 [WARN] PackLoader:240 - Cannot read IP mode file for STMicroelectronics.X-CUBE-NFC7.1.0.1
2025-05-01 14:27:25,235 [WARN] PackLoader:240 - Cannot read IP mode file for STMicroelectronics.X-CUBE-DPower.1.3.0
2025-05-01 14:27:25,303 [WARN] ConditionMgr:438 - getConditionDescription Invalid condition id : LAN8742 Phy interface Condition cause : null
2025-05-01 14:27:25,304 [WARN] PackLoader:240 - Cannot read IP mode file for STMicroelectronics.X-CUBE-AZRTOS-L4.2.0.0
2025-05-01 14:27:25,305 [WARN] ConditionMgr:1044 - genDependencies : Invalid condition id : LAN8742 Phy interface Condition cause : null
2025-05-01 14:27:25,305 [WARN] ConditionMgr:1044 - genDependencies : Invalid condition id : LAN8742 Phy interface Condition cause : null
2025-05-01 14:27:25,306 [WARN] ConditionMgr:1044 - genDependencies : Invalid condition id : LAN8742 Phy interface Condition cause : null
2025-05-01 14:27:25,355 [WARN] PackLoader:240 - Cannot read IP mode file for STMicroelectronics.X-CUBE-SFXS2LP1.4.0.0
2025-05-01 14:27:25,425 [WARN] PackLoader:240 - Cannot read IP mode file for STMicroelectronics.X-CUBE-AZRTOS-H7.3.3.0
2025-05-01 14:27:25,514 [WARN] ConditionMgr:438 - getConditionDescription Invalid condition id : UX DEVICE CLASS RTOS Condition cause : null
2025-05-01 14:27:25,514 [WARN] ConditionMgr:438 - getConditionDescription Invalid condition id : UX DEVICE CLASS RTOS Condition cause : null
2025-05-01 14:27:25,514 [WARN] PackLoader:240 - Cannot read IP mode file for STMicroelectronics.X-CUBE-AZRTOS-WB.2.0.0
2025-05-01 14:27:25,515 [WARN] ConditionMgr:1044 - genDependencies : Invalid condition id : UX DEVICE CLASS RTOS Condition cause : null
2025-05-01 14:27:25,515 [WARN] ConditionMgr:1044 - genDependencies : Invalid condition id : UX DEVICE CLASS RTOS Condition cause : null
2025-05-01 14:27:25,515 [WARN] ConditionMgr:1044 - genDependencies : Invalid condition id : UX DEVICE CLASS RTOS Condition cause : null
2025-05-01 14:27:25,515 [WARN] ConditionMgr:1044 - genDependencies : Invalid condition id : UX DEVICE CLASS RTOS Condition cause : null
2025-05-01 14:27:25,515 [WARN] ConditionMgr:1044 - genDependencies : Invalid condition id : UX DEVICE CLASS RTOS Condition cause : null
2025-05-01 14:27:25,573 [WARN] PackLoader:240 - Cannot read IP mode file for STMicroelectronics.X-CUBE-GNSS1.7.0.1
2025-05-01 14:27:25,597 [WARN] PackLoader:240 - Cannot read IP mode file for STMicroelectronics.X-CUBE-TOUCHGFX.4.25.0
2025-05-01 14:27:25,678 [WARN] PackLoader:240 - Cannot read IP mode file for STMicroelectronics.FP-SNS-STBOX1.2.0.0
2025-05-01 14:27:25,746 [WARN] PackLoader:240 - Cannot read IP mode file for STMicroelectronics.X-CUBE-SUBG2.5.0.0
2025-05-01 14:27:25,820 [WARN] PackLoader:240 - Cannot read IP mode file for STMicroelectronics.X-CUBE-AZRTOS-H7RS.1.1.0
2025-05-01 14:27:25,878 [WARN] PackLoader:240 - Cannot read IP mode file for Cesanta.I-CUBE-Mongoose.7.13.0
2025-05-01 14:27:25,988 [WARN] PackLoader:240 - Cannot read IP mode file for STMicroelectronics.X-CUBE-AZRTOS-G4.2.0.0
2025-05-01 14:27:26,012 [WARN] PackLoader:240 - Cannot read IP mode file for wolfSSL.I-CUBE-wolfSSH.1.4.20
2025-05-01 14:27:26,013 [WARN] PackLoader:240 - Cannot read IP mode file for STMicroelectronics.X-CUBE-NFC7.2.0.0
2025-05-01 14:27:26,084 [WARN] PackLoader:240 - Cannot read IP mode file for STMicroelectronics.X-CUBE-IPS.3.1.0
2025-05-01 14:27:26,177 [WARN] PackLoader:240 - Cannot read IP mode file for STMicroelectronics.X-CUBE-ALS.1.0.2
2025-05-01 14:27:26,304 [WARN] PackLoader:240 - Cannot read IP mode file for portGmbH.I-Cube-SoM-uGOAL.1.1.0
2025-05-01 14:27:26,428 [WARN] PackLoader:240 - Cannot read IP mode file for STMicroelectronics.X-CUBE-AZRTOS-H7RS.1.0.0
2025-05-01 14:27:26,567 [WARN] PackLoader:240 - Cannot read IP mode file for STMicroelectronics.X-CUBE-TOF1.3.4.2
2025-05-01 14:27:26,683 [WARN] PackLoader:240 - Cannot read IP mode file for STMicroelectronics.X-CUBE-TOF1.3.4.3
2025-05-01 14:27:26,689 [INFO] ThirdParty:978 - Integrity check success = true
2025-05-01 14:27:26,689 [INFO] IntegrityCheckThread:100 - exiting critical section [integrity check]
2025-05-01 14:27:26,689 [INFO] IntegrityCheckThread:103 - End integrity checks thread
2025-05-01 14:27:39,931 [INFO] WebApp:169 - Instantiating new browser for Auth
2025-05-01 14:27:47,064 [INFO] WebApp:463 - Apply proxy settings
2025-05-01 14:27:47,065 [INFO] WebApp:548 - Chromium requires no authentication
2025-05-01 14:27:47,374 [INFO] WebApp:491 - Direct internet connection detected
2025-05-01 14:27:47,830 [INFO] WebApp:894 - Register for checkConnection events
2025-05-01 14:27:47,830 [INFO] WebApp:463 - Apply proxy settings
2025-05-01 14:27:47,830 [INFO] WebApp:548 - Chromium requires no authentication
2025-05-01 14:27:47,831 [INFO] WebApp:491 - Direct internet connection detected
2025-05-01 14:27:50,652 [INFO] WebApp:191 - Connection restablished
2025-05-01 14:27:51,251 [INFO] WebApp:225 - Starting web application
2025-05-01 14:27:51,251 [INFO] WebApp:593 - Web application path used /opt/st/stm32cubeide_1.18.0/plugins/com.st.stm32cube.common.mx_6.14.0.202502271554/db/plugins/mcufinder/reactClient1/index.html
2025-05-01 14:27:52,297 [INFO] UserAuth:486 - Internet connection configuration mode: 1
2025-05-01 21:27:32,399 [ERROR] LogOutputStream:75 - [STDERR_REDIRECT] 
