2025-06-20 02:21:19,324 [ERROR] LogOutputStream:75 - [STDERR_REDIRECT] 
2025-06-20 02:22:14,234 [INFO] Activator:176 - 


2025-06-20 02:22:14,236 [INFO] Activator:177 - !SESSION log4j initialized
2025-06-20 02:22:27,868 [INFO] LogOutputStream:77 - [STDOUT_REDIRECT] 
2025-06-20 02:22:32,903 [INFO] ApplicationProperties:184 - Using Application install path: /opt/st/stm32cubeide_1.18.0/plugins/com.st.stm32cube.common.mx_6.14.0.202502271554
2025-06-20 02:22:33,084 [INFO] DbMcusXml:78 - Set database path to: /opt/st/stm32cubeide_1.18.0/plugins/com.st.stm32cube.common.mx_6.14.0.202502271554//db//mcu/
2025-06-20 02:22:33,085 [INFO] ApiDb:274 - Set plugin database path to: /opt/st/stm32cubeide_1.18.0/plugins/com.st.stm32cube.common.mx_6.14.0.202502271554//db//plugins/boardmanager/
2025-06-20 02:22:33,086 [WARN] ApiDb:259 - Overriding images path with different value:  => /opt/st/stm32cubeide_1.18.0/plugins/com.st.stm32cube.common.mx_6.14.0.202502271554//db//plugins/mcufinder/images/
2025-06-20 02:22:33,146 [INFO] ApiDb:250 - Set database path to: /home/viny/.stmcufinder/plugins/mcufinder//mcu/
2025-06-20 02:22:33,148 [INFO] DbMcusAds:125 - Set database path to: /home/viny/.stmcufinder/plugins/mcufinder//mcu/
2025-06-20 02:22:33,154 [INFO] CrossReferenceDbSqlite:203 - Set database path to: /home/viny/.stmcufinder/plugins/mcufinder//mcu/cs/
2025-06-20 02:22:33,588 [INFO] RulesReader:64 - Compatibility file has been processed (301 Rules)
2025-06-20 02:22:33,939 [INFO] DbMcusXml:78 - Set database path to: /opt/st/stm32cubeide_1.18.0/plugins/com.st.stm32cube.common.mx_6.14.0.202502271554//db//mcu/
2025-06-20 02:22:33,940 [INFO] ApiDb:274 - Set plugin database path to: /opt/st/stm32cubeide_1.18.0/plugins/com.st.stm32cube.common.mx_6.14.0.202502271554//db//plugins/boardmanager/
2025-06-20 02:22:33,940 [INFO] ApiDb:261 - Set plugin images path to: /opt/st/stm32cubeide_1.18.0/plugins/com.st.stm32cube.common.mx_6.14.0.202502271554//db//plugins/mcufinder/images/
2025-06-20 02:22:33,941 [WARN] DbFile:41 - Overriding database path with different value: /home/viny/.stmcufinder/plugins/mcufinder/ => /home/viny/.stmcufinder/plugins/mcufinder
2025-06-20 02:22:33,942 [INFO] ApiDb:250 - Set database path to: /home/viny/.stmcufinder/plugins/mcufinder//mcu/
2025-06-20 02:22:33,942 [WARN] DbFile:41 - Overriding database path with different value: /home/viny/.stmcufinder/plugins/mcufinder/ => /home/viny/.stmcufinder/plugins/mcufinder
2025-06-20 02:22:33,943 [INFO] DbMcusAds:125 - Set database path to: /home/viny/.stmcufinder/plugins/mcufinder//mcu/
2025-06-20 02:22:33,943 [WARN] DbFile:41 - Overriding database path with different value: /home/viny/.stmcufinder/plugins/mcufinder/ => /home/viny/.stmcufinder/plugins/mcufinder
2025-06-20 02:22:33,943 [WARN] DbFile:41 - Overriding database path with different value: /home/viny/.stmcufinder/plugins/mcufinder/ => /home/viny/.stmcufinder/plugins/mcufinder
2025-06-20 02:22:33,943 [INFO] CrossReferenceDbSqlite:203 - Set database path to: /home/viny/.stmcufinder/plugins/mcufinder//mcu/cs/
2025-06-20 02:22:34,289 [INFO] MainPanel:272 - HeapMemory: 268435456
2025-06-20 02:22:35,003 [INFO] DbMcusXml:78 - Set database path to: /opt/st/stm32cubeide_1.18.0/plugins/com.st.stm32cube.common.mx_6.14.0.202502271554//db//mcu/
2025-06-20 02:22:35,004 [INFO] ApiDb:274 - Set plugin database path to: /opt/st/stm32cubeide_1.18.0/plugins/com.st.stm32cube.common.mx_6.14.0.202502271554//db//plugins/boardmanager/
2025-06-20 02:22:35,006 [INFO] ApiDb:261 - Set plugin images path to: /opt/st/stm32cubeide_1.18.0/plugins/com.st.stm32cube.common.mx_6.14.0.202502271554//db//plugins/mcufinder/images/
2025-06-20 02:22:35,007 [WARN] DbFile:41 - Overriding database path with different value: /home/viny/.stmcufinder/plugins/mcufinder/ => /home/viny/.stmcufinder/plugins/mcufinder
2025-06-20 02:22:35,009 [INFO] ApiDb:250 - Set database path to: /home/viny/.stmcufinder/plugins/mcufinder//mcu/
2025-06-20 02:22:35,009 [WARN] DbFile:41 - Overriding database path with different value: /home/viny/.stmcufinder/plugins/mcufinder/ => /home/viny/.stmcufinder/plugins/mcufinder
2025-06-20 02:22:35,010 [INFO] DbMcusAds:125 - Set database path to: /home/viny/.stmcufinder/plugins/mcufinder//mcu/
2025-06-20 02:22:35,010 [WARN] DbFile:41 - Overriding database path with different value: /home/viny/.stmcufinder/plugins/mcufinder/ => /home/viny/.stmcufinder/plugins/mcufinder
2025-06-20 02:22:35,010 [WARN] DbFile:41 - Overriding database path with different value: /home/viny/.stmcufinder/plugins/mcufinder/ => /home/viny/.stmcufinder/plugins/mcufinder
2025-06-20 02:22:35,011 [INFO] CrossReferenceDbSqlite:203 - Set database path to: /home/viny/.stmcufinder/plugins/mcufinder//mcu/cs/
2025-06-20 02:22:35,066 [INFO] ApplicationProperties:184 - Using Application install path: /opt/st/stm32cubeide_1.18.0/plugins/com.st.stm32cube.common.mx_6.14.0.202502271554
2025-06-20 02:22:35,070 [INFO] PluginManage:196 - Search for loadable plugins [exclusion list=, ]
2025-06-20 02:22:35,087 [INFO] PluginManage:310 - Check plugin analytics
2025-06-20 02:22:35,568 [INFO] AnalyticsPlugin:253 - Accepted Software Licenses: 
2025-06-20 02:22:35,569 [INFO] AnalyticsPlugin:255 - Accepted CMSIS Pack Licenses: 
2025-06-20 02:22:35,569 [INFO] AnalyticsPlugin:257 - Accepted Firmware Licenses: FW.H7.1.12.0,FW.F4.1.28.0
2025-06-20 02:22:35,573 [INFO] PluginManage:359 - Loaded plugin analytics (category:tool,tabindex:-1)
2025-06-20 02:22:35,573 [INFO] PluginManage:310 - Check plugin cadmodel
2025-06-20 02:22:35,624 [INFO] CADModel:105 - Init CAD model plugin
2025-06-20 02:22:35,625 [INFO] PluginManage:359 - Loaded plugin cadmodel (category:power,tabindex:5)
2025-06-20 02:22:35,626 [INFO] PluginManage:310 - Check plugin clock
2025-06-20 02:22:35,711 [INFO] PluginManage:359 - Loaded plugin clock (category:base,tabindex:2)
2025-06-20 02:22:35,711 [INFO] PluginManage:310 - Check plugin ddr
2025-06-20 02:22:35,721 [INFO] PluginManage:359 - Loaded plugin ddr (category:tool,tabindex:6)
2025-06-20 02:22:35,721 [INFO] PluginManage:310 - Check plugin filemanager
2025-06-20 02:22:36,218 [INFO] PluginManage:359 - Loaded plugin filemanager (category:base,tabindex:10)
2025-06-20 02:22:36,218 [INFO] PluginManage:310 - Check plugin ipmanager
2025-06-20 02:22:36,247 [INFO] PluginManage:359 - Loaded plugin ipmanager (category:base,tabindex:5)
2025-06-20 02:22:36,248 [INFO] PluginManage:310 - Check plugin lpbam
2025-06-20 02:22:36,315 [INFO] PluginManage:359 - Loaded plugin lpbam (category:base,tabindex:0)
2025-06-20 02:22:36,315 [INFO] PluginManage:310 - Check plugin memorymap
2025-06-20 02:22:36,434 [INFO] PluginManage:359 - Loaded plugin memorymap (category:base,tabindex:4)
2025-06-20 02:22:36,434 [INFO] PluginManage:310 - Check plugin pinoutandconfiguration
2025-06-20 02:22:36,507 [INFO] PluginManage:359 - Loaded plugin pinoutandconfiguration (category:base,tabindex:1)
2025-06-20 02:22:36,508 [INFO] PluginManage:310 - Check plugin pinoutconfig
2025-06-20 02:22:37,078 [WARN] SupportedApi:132 - Cannot load RTOS API schema: s4s-elt-must-match.1: The content of 'definitions' must match (annotation?, (simpleType | complexType)?, (unique | key | keyref)*)). A problem was found starting at: attribute.
2025-06-20 02:22:38,393 [INFO] PluginManage:359 - Loaded plugin pinoutconfig (category:base,tabindex:0)
2025-06-20 02:22:38,394 [INFO] PluginManage:310 - Check plugin power
2025-06-20 02:22:38,583 [INFO] PluginManage:359 - Loaded plugin power (category:power,tabindex:4)
2025-06-20 02:22:38,585 [INFO] PluginManage:310 - Check plugin projectmanager
2025-06-20 02:22:38,736 [INFO] PluginManage:359 - Loaded plugin projectmanager (category:projectmanager,tabindex:4)
2025-06-20 02:22:38,736 [INFO] PluginManage:310 - Check plugin rif
2025-06-20 02:22:38,782 [INFO] PluginManage:359 - Loaded plugin rif (category:base,tabindex:3)
2025-06-20 02:22:38,783 [INFO] PluginManage:310 - Check plugin thirdparty
2025-06-20 02:22:39,587 [WARN] IntegrityCheckThread:84 - waiting for thirdparty lock release [integrity check]
2025-06-20 02:22:39,588 [INFO] IntegrityCheckThread:86 - entering critical section [integrity check]
2025-06-20 02:22:39,591 [INFO] PluginManage:359 - Loaded plugin thirdparty (category:base,tabindex:-1)
2025-06-20 02:22:39,589 [INFO] ThirdPartyUpdaterWithRetryManager:70 - Updater plugin not ready yet. [1/15]
2025-06-20 02:22:39,598 [INFO] PluginManage:310 - Check plugin tools
2025-06-20 02:22:39,627 [INFO] PluginManage:359 - Loaded plugin tools (category:base,tabindex:7)
2025-06-20 02:22:39,627 [INFO] PluginManage:310 - Check plugin tutovideos
2025-06-20 02:22:40,638 [INFO] PluginManage:359 - Loaded plugin tutovideos (category:base,tabindex:-1)
2025-06-20 02:22:40,638 [INFO] PluginManage:310 - Check plugin updater
2025-06-20 02:22:40,740 [INFO] PluginManage:359 - Loaded plugin updater (category:base,tabindex:12)
2025-06-20 02:22:40,740 [INFO] PluginManage:310 - Check plugin userauth
2025-06-20 02:22:40,784 [INFO] UserAuth:118 - Init User Auth plugin
2025-06-20 02:22:40,792 [INFO] PluginManage:359 - Loaded plugin userauth (category:base,tabindex:14)
2025-06-20 02:22:40,801 [INFO] PluginManage:283 - PluginManage : Loaded plugins [18]
2025-06-20 02:22:41,870 [INFO] PinOutPanel:1589 - setPackage(No Configuration,No Configuration)
2025-06-20 02:22:42,138 [INFO] CADModel:165 - CPN selected for project level
2025-06-20 02:22:42,138 [INFO] CADModel:114 - Register for checkConnection events
2025-06-20 02:22:42,288 [INFO] IPUIPlugin:80 - create IPUIPlugin
2025-06-20 02:22:42,289 [INFO] PluginManager:220 - loadIPPluginJar : add adc
2025-06-20 02:22:42,294 [INFO] IPUIPlugin:80 - create IPUIPlugin
2025-06-20 02:22:42,294 [INFO] PluginManager:220 - loadIPPluginJar : add lorawan
2025-06-20 02:22:42,299 [INFO] IPUIPlugin:80 - create IPUIPlugin
2025-06-20 02:22:42,300 [INFO] PluginManager:220 - loadIPPluginJar : add tsc
2025-06-20 02:22:42,305 [INFO] IPUIPlugin:80 - create IPUIPlugin
2025-06-20 02:22:42,305 [INFO] PluginManager:220 - loadIPPluginJar : add ipddr
2025-06-20 02:22:42,311 [INFO] IPUIPlugin:80 - create IPUIPlugin
2025-06-20 02:22:42,311 [INFO] PluginManager:220 - loadIPPluginJar : add usbx
2025-06-20 02:22:42,319 [INFO] IPUIPlugin:80 - create IPUIPlugin
2025-06-20 02:22:42,320 [INFO] PluginManager:220 - loadIPPluginJar : add i2c
2025-06-20 02:22:42,330 [INFO] IPUIPlugin:80 - create IPUIPlugin
2025-06-20 02:22:42,330 [INFO] PluginManager:220 - loadIPPluginJar : add cryp
2025-06-20 02:22:42,340 [INFO] IPUIPlugin:80 - create IPUIPlugin
2025-06-20 02:22:42,340 [INFO] PluginManager:220 - loadIPPluginJar : add pdm2pcm
2025-06-20 02:22:42,346 [INFO] IPUIPlugin:80 - create IPUIPlugin
2025-06-20 02:22:42,347 [INFO] PluginManager:220 - loadIPPluginJar : add genericplugin
2025-06-20 02:22:42,351 [INFO] IPUIPlugin:80 - create IPUIPlugin
2025-06-20 02:22:42,351 [INFO] PluginManager:220 - loadIPPluginJar : add tracer_emb
2025-06-20 02:22:42,358 [INFO] IPUIPlugin:80 - create IPUIPlugin
2025-06-20 02:22:42,360 [INFO] PluginManager:220 - loadIPPluginJar : add i2s
2025-06-20 02:22:42,366 [INFO] IPUIPlugin:80 - create IPUIPlugin
2025-06-20 02:22:42,366 [INFO] PluginManager:220 - loadIPPluginJar : add comp
2025-06-20 02:22:42,370 [INFO] IPUIPlugin:80 - create IPUIPlugin
2025-06-20 02:22:42,371 [INFO] PluginManager:220 - loadIPPluginJar : add aes
2025-06-20 02:22:42,374 [INFO] IPUIPlugin:80 - create IPUIPlugin
2025-06-20 02:22:42,374 [INFO] PluginManager:220 - loadIPPluginJar : add hash
2025-06-20 02:22:42,381 [INFO] IPUIPlugin:80 - create IPUIPlugin
2025-06-20 02:22:42,381 [INFO] PluginManager:220 - loadIPPluginJar : add gtzc
2025-06-20 02:22:42,404 [INFO] IPUIPlugin:80 - create IPUIPlugin
2025-06-20 02:22:42,405 [INFO] PluginManager:220 - loadIPPluginJar : add gpio
2025-06-20 02:22:42,411 [INFO] IPUIPlugin:80 - create IPUIPlugin
2025-06-20 02:22:42,411 [INFO] PluginManager:220 - loadIPPluginJar : add extmemmanager
2025-06-20 02:22:42,413 [INFO] IPUIPlugin:80 - create IPUIPlugin
2025-06-20 02:22:42,414 [INFO] PluginManager:220 - loadIPPluginJar : add ltdc
2025-06-20 02:22:42,427 [INFO] IPUIPlugin:80 - create IPUIPlugin
2025-06-20 02:22:42,427 [INFO] PluginManager:220 - loadIPPluginJar : add linkedlist
2025-06-20 02:22:42,433 [INFO] IPUIPlugin:80 - create IPUIPlugin
2025-06-20 02:22:42,434 [INFO] PluginManager:220 - loadIPPluginJar : add openamp
2025-06-20 02:22:42,437 [INFO] IPUIPlugin:80 - create IPUIPlugin
2025-06-20 02:22:42,438 [INFO] PluginManager:220 - loadIPPluginJar : add can
2025-06-20 02:22:42,440 [INFO] IPUIPlugin:80 - create IPUIPlugin
2025-06-20 02:22:42,441 [INFO] PluginManager:220 - loadIPPluginJar : add radio
2025-06-20 02:22:42,445 [INFO] IPUIPlugin:80 - create IPUIPlugin
2025-06-20 02:22:42,445 [INFO] PluginManager:220 - loadIPPluginJar : add i3c
2025-06-20 02:22:42,459 [INFO] IPUIPlugin:80 - create IPUIPlugin
2025-06-20 02:22:42,459 [INFO] PluginManager:220 - loadIPPluginJar : add dma
2025-06-20 02:22:42,465 [INFO] IPUIPlugin:80 - create IPUIPlugin
2025-06-20 02:22:42,466 [INFO] PluginManager:220 - loadIPPluginJar : add gfxmmu
2025-06-20 02:22:42,468 [INFO] IPUIPlugin:80 - create IPUIPlugin
2025-06-20 02:22:42,468 [INFO] PluginManager:220 - loadIPPluginJar : add fatfs
2025-06-20 02:22:42,471 [INFO] IPUIPlugin:80 - create IPUIPlugin
2025-06-20 02:22:42,471 [INFO] PluginManager:220 - loadIPPluginJar : add spi
2025-06-20 02:22:42,474 [INFO] IPUIPlugin:80 - create IPUIPlugin
2025-06-20 02:22:42,474 [INFO] PluginManager:220 - loadIPPluginJar : add ts
2025-06-20 02:22:42,479 [INFO] IPUIPlugin:80 - create IPUIPlugin
2025-06-20 02:22:42,479 [INFO] PluginManager:220 - loadIPPluginJar : add ddr_ctrl_phy
2025-06-20 02:22:42,490 [INFO] IPUIPlugin:80 - create IPUIPlugin
2025-06-20 02:22:42,491 [INFO] PluginManager:220 - loadIPPluginJar : add stm32_wpan
2025-06-20 02:22:42,495 [INFO] IPUIPlugin:80 - create IPUIPlugin
2025-06-20 02:22:42,496 [INFO] PluginManager:220 - loadIPPluginJar : add dfsdm
2025-06-20 02:22:42,502 [INFO] IPUIPlugin:80 - create IPUIPlugin
2025-06-20 02:22:42,502 [INFO] PluginManager:220 - loadIPPluginJar : add resmgrutility
2025-06-20 02:22:42,505 [INFO] IPUIPlugin:80 - create IPUIPlugin
2025-06-20 02:22:42,506 [INFO] PluginManager:220 - loadIPPluginJar : add usart
2025-06-20 02:22:42,509 [INFO] IPUIPlugin:80 - create IPUIPlugin
2025-06-20 02:22:42,509 [INFO] PluginManager:220 - loadIPPluginJar : add dma3
2025-06-20 02:22:42,517 [INFO] IPUIPlugin:80 - create IPUIPlugin
2025-06-20 02:22:42,517 [INFO] PluginManager:220 - loadIPPluginJar : add fmc
2025-06-20 02:22:42,528 [INFO] IPUIPlugin:80 - create IPUIPlugin
2025-06-20 02:22:42,528 [INFO] PluginManager:220 - loadIPPluginJar : add gic
2025-06-20 02:22:42,546 [INFO] IPUIPlugin:80 - create IPUIPlugin
2025-06-20 02:22:42,547 [INFO] PluginManager:220 - loadIPPluginJar : add mdma
2025-06-20 02:22:42,568 [INFO] IPUIPlugin:80 - create IPUIPlugin
2025-06-20 02:22:42,568 [INFO] PluginManager:220 - loadIPPluginJar : add nvic
2025-06-20 02:22:42,571 [INFO] IPUIPlugin:80 - create IPUIPlugin
2025-06-20 02:22:42,571 [INFO] PluginManager:220 - loadIPPluginJar : add opamp
2025-06-20 02:22:42,589 [INFO] IPUIPlugin:80 - create IPUIPlugin
2025-06-20 02:22:42,594 [INFO] PluginManager:220 - loadIPPluginJar : add plateformsettings
2025-06-20 02:22:42,598 [INFO] ThirdPartyUpdaterWithRetryManager:70 - Updater plugin not ready yet. [2/15]
2025-06-20 02:22:42,613 [INFO] IPUIPlugin:80 - create IPUIPlugin
2025-06-20 02:22:42,613 [INFO] PluginManager:220 - loadIPPluginJar : add freertos
2025-06-20 02:22:42,616 [INFO] IPUIPlugin:80 - create IPUIPlugin
2025-06-20 02:22:42,616 [INFO] PluginManager:220 - loadIPPluginJar : add tim
2025-06-20 02:22:42,621 [INFO] IPUIPlugin:80 - create IPUIPlugin
2025-06-20 02:22:42,621 [INFO] PluginManager:220 - loadIPPluginJar : add touchsensing
2025-06-20 02:22:42,623 [INFO] IPUIPlugin:80 - create IPUIPlugin
2025-06-20 02:22:42,623 [INFO] PluginManager:220 - loadIPPluginJar : add quadspi
2025-06-20 02:22:42,626 [INFO] IPUIPlugin:80 - create IPUIPlugin
2025-06-20 02:22:42,627 [INFO] PluginManager:220 - loadIPPluginJar : add ucpd
2025-06-20 02:22:42,632 [INFO] IPUIPlugin:80 - create IPUIPlugin
2025-06-20 02:22:42,632 [INFO] PluginManager:220 - loadIPPluginJar : add sai
2025-06-20 02:22:42,760 [FATAL] Updater:351 - Updater called before beeing initialized
2025-06-20 02:22:42,846 [INFO] RulesReader:64 - Compatibility file has been processed (301 Rules)
2025-06-20 02:22:42,875 [INFO] RulesReader:64 - Compatibility file has been processed (301 Rules)
2025-06-20 02:22:42,887 [INFO] CADModel:165 - CPN selected for project level
2025-06-20 02:22:42,887 [INFO] CADModel:114 - Register for checkConnection events
2025-06-20 02:22:42,888 [FATAL] Updater:351 - Updater called before beeing initialized
2025-06-20 02:22:42,888 [ERROR] CADModel:125 - Updater not yet initialized, retry later 
2025-06-20 02:22:43,270 [FATAL] Updater:351 - Updater called before beeing initialized
2025-06-20 02:22:43,273 [INFO] CADModel:165 - CPN selected for project level
2025-06-20 02:22:43,273 [INFO] CADModel:114 - Register for checkConnection events
2025-06-20 02:22:43,273 [FATAL] Updater:351 - Updater called before beeing initialized
2025-06-20 02:22:43,273 [ERROR] CADModel:125 - Updater not yet initialized, retry later 
2025-06-20 02:22:43,279 [FATAL] Updater:351 - Updater called before beeing initialized
2025-06-20 02:22:43,833 [FATAL] Updater:351 - Updater called before beeing initialized
2025-06-20 02:22:43,853 [INFO] DbMcusAds:53 - JSON generation date=Wed May 07 10:07:55 WEST 2025 (1746608875484)
2025-06-20 02:22:43,853 [FATAL] Updater:351 - Updater called before beeing initialized
2025-06-20 02:22:44,099 [WARN] DetailPanel:346 - Failed to get advertising image, set to default
2025-06-20 02:22:44,519 [FATAL] Updater:351 - Updater called before beeing initialized
2025-06-20 02:22:44,521 [FATAL] Updater:351 - Updater called before beeing initialized
2025-06-20 02:22:44,521 [FATAL] Updater:351 - Updater called before beeing initialized
2025-06-20 02:22:44,521 [WARN] DetailPanel:346 - Failed to get advertising image, set to default
2025-06-20 02:22:44,523 [FATAL] Updater:351 - Updater called before beeing initialized
2025-06-20 02:22:44,761 [ERROR] Updater:1198 - MainUpdater not yet initialized. External WinMGr cannot be set.
2025-06-20 02:22:44,767 [INFO] Updater:1134 - Updater Version found : 6.14.0
2025-06-20 02:22:44,852 [INFO] ApplicationProperties:184 - Using Application install path: /opt/st/stm32cubeide_1.18.0/plugins/com.st.stm32cube.common.mx_6.14.0.202502271554
2025-06-20 02:22:45,598 [INFO] ThirdPartyUpdaterWithRetryManager:70 - Updater plugin not ready yet. [3/15]
2025-06-20 02:22:45,993 [INFO] MainUpdater:2872 - connection check result : 10
2025-06-20 02:22:45,996 [INFO] MainUpdater:289 - Updater Check For Update Now.
2025-06-20 02:22:45,996 [INFO] MicroXplorer:498 - Change Database Version : DB.6.0.140
2025-06-20 02:22:46,019 [INFO] McuFinderGlobals:63 - Set McuFinder mode to 2 (CubeIDE integrated)
2025-06-20 02:22:46,101 [INFO] UserAuth:486 - Internet connection configuration mode: 1
2025-06-20 02:22:46,356 [INFO] JxBrowserEngine:152 - Initiate JxBrowser Engine with user profile folder
2025-06-20 02:22:46,475 [INFO] CheckServerUpdateThread:120 - End of CheckServer Thread
2025-06-20 02:22:58,522 [WARN] PackLoader:240 - Cannot read IP mode file for STMicroelectronics.FP-SNS-MOTENVWB1.1.4.0
2025-06-20 02:22:58,950 [WARN] PackLoader:240 - Cannot read IP mode file for STMicroelectronics.FP-ATR-ASTRA1.2.0.2
2025-06-20 02:22:59,195 [WARN] PackLoader:240 - Cannot read IP mode file for STMicroelectronics.X-CUBE-SMBUS.2.1.0
2025-06-20 02:22:59,437 [WARN] PackLoader:240 - Cannot read IP mode file for STMicroelectronics.X-CUBE-WB05N.1.1.0
2025-06-20 02:22:59,637 [WARN] PackLoader:240 - Cannot read IP mode file for STMicroelectronics.X-CUBE-ST60.1.0.0
2025-06-20 02:23:00,156 [WARN] PackLoader:240 - Cannot read IP mode file for STMicroelectronics.X-CUBE-AZRTOS-F7.1.1.0
2025-06-20 02:23:00,221 [WARN] PackLoader:240 - Cannot read IP mode file for STMicroelectronics.FP-SNS-FLIGHT1.5.0.2
2025-06-20 02:23:00,453 [WARN] PackLoader:240 - Cannot read IP mode file for Infineon.AIROC-Wi-Fi-Bluetooth-STM32.1.7.0
2025-06-20 02:23:00,602 [WARN] PackLoader:240 - Cannot read IP mode file for STMicroelectronics.X-CUBE-DISPLAY.3.0.0
2025-06-20 02:23:00,779 [WARN] PackLoader:240 - Cannot read IP mode file for STMicroelectronics.X-CUBE-NFC10.1.0.0
2025-06-20 02:23:00,897 [WARN] PackLoader:240 - Cannot read IP mode file for STMicroelectronics.X-CUBE-BLEMGR.4.0.0
2025-06-20 02:23:00,955 [WARN] PackLoader:240 - Cannot read IP mode file for emotas.I-CUBE-CANOPEN.1.3.0
2025-06-20 02:23:01,048 [WARN] ConditionMgr:438 - getConditionDescription Invalid condition id : Cortex-A Device cause : null
2025-06-20 02:23:01,215 [WARN] ConditionMgr:1044 - genDependencies : Invalid condition id : Cortex-A Device cause : null
2025-06-20 02:23:01,215 [WARN] ConditionMgr:1044 - genDependencies : Invalid condition id : Cortex-A Device cause : null
2025-06-20 02:23:01,215 [WARN] ConditionMgr:1044 - genDependencies : Invalid condition id : Cortex-A Device cause : null
2025-06-20 02:23:01,313 [WARN] PackLoader:240 - Cannot read IP mode file for STMicroelectronics.X-CUBE-AI.10.0.0
2025-06-20 02:23:01,403 [WARN] PackLoader:240 - Cannot read IP mode file for STMicroelectronics.FP-SNS-SMARTAG2.1.2.0
2025-06-20 02:23:01,688 [WARN] PackLoader:240 - Cannot read IP mode file for STMicroelectronics.FP-SNS-FLIGHT1.5.1.0
2025-06-20 02:23:01,919 [WARN] PackLoader:240 - Cannot read IP mode file for STMicroelectronics.X-CUBE-MEMS1.11.1.0
2025-06-20 02:23:02,085 [INFO] WebApp:169 - Instantiating new browser for Auth
2025-06-20 02:23:02,587 [INFO] LogOutputStream:77 - [STDOUT_REDIRECT] 1 : Invalid condition id : UX_CORESTACK_Condition cause : null
2025-06-20 02:23:02,588 [INFO] LogOutputStream:77 - [STDOUT_REDIRECT] 1 : Invalid condition id : UX_CORESTACK_Condition cause : null
2025-06-20 02:23:02,588 [INFO] LogOutputStream:77 - [STDOUT_REDIRECT] 1 : Invalid condition id : UX_CORESTACK_Condition cause : null
2025-06-20 02:23:02,589 [INFO] LogOutputStream:77 - [STDOUT_REDIRECT] 1 : Invalid condition id : UX_CORESTACK_Condition cause : null
2025-06-20 02:23:02,590 [INFO] LogOutputStream:77 - [STDOUT_REDIRECT] 1 : Invalid condition id : UX_CORESTACK_Condition cause : null
2025-06-20 02:23:02,598 [WARN] PackLoader:240 - Cannot read IP mode file for STMicroelectronics.X-CUBE-AZRTOS-WL.2.0.0
2025-06-20 02:23:02,698 [WARN] PackLoader:240 - Cannot read IP mode file for STMicroelectronics.FP-SNS-MOTENV1.5.0.0
2025-06-20 02:23:02,786 [WARN] PackLoader:240 - Cannot read IP mode file for WES.I-CUBE-Cesium.1.3.0
2025-06-20 02:23:02,928 [WARN] PackLoader:240 - Cannot read IP mode file for STMicroelectronics.X-CUBE-BLE2.3.3.0
2025-06-20 02:23:03,168 [WARN] PackLoader:240 - Cannot read IP mode file for STMicroelectronics.X-CUBE-NFC9.1.0.0
2025-06-20 02:23:03,328 [WARN] PackLoader:240 - Cannot read IP mode file for STMicroelectronics.X-CUBE-BLE1.7.1.0
2025-06-20 02:23:03,468 [WARN] PackLoader:240 - Cannot read IP mode file for wolfSSL.I-CUBE-wolfMQTT.1.19.2
2025-06-20 02:23:03,555 [WARN] PackLoader:240 - Cannot read IP mode file for STMicroelectronics.X-CUBE-AI.10.1.0
2025-06-20 02:23:03,825 [WARN] PackLoader:240 - Cannot read IP mode file for STMicroelectronics.X-CUBE-MEMS1.11.2.0
2025-06-20 02:23:04,290 [WARN] PackLoader:240 - Cannot read IP mode file for STMicroelectronics.X-CUBE-AZRTOS-G0.1.1.0
2025-06-20 02:23:04,448 [WARN] PackLoader:240 - Cannot read IP mode file for STMicroelectronics.X-CUBE-SAFEA1.1.2.2
2025-06-20 02:23:04,593 [WARN] PackLoader:240 - Cannot read IP mode file for STMicroelectronics.X-CUBE-NFC4.3.0.0
2025-06-20 02:23:04,830 [WARN] PackLoader:240 - Cannot read IP mode file for EmbeddedOffice.I-CUBE-FS-RTOS.1.0.1
2025-06-20 02:23:04,962 [WARN] PackLoader:240 - Cannot read IP mode file for STMicroelectronics.X-CUBE-WB05N.2.0.0
2025-06-20 02:23:05,014 [WARN] PackLoader:240 - Cannot read IP mode file for wolfSSL.I-CUBE-wolfTPM.3.8.0
2025-06-20 02:23:05,134 [WARN] PackLoader:240 - Cannot read IP mode file for STMicroelectronics.X-CUBE-TCPP.4.2.0
2025-06-20 02:23:05,238 [WARN] PackLoader:240 - Cannot read IP mode file for RealThread.X-CUBE-RT-Thread_Nano.4.1.1
2025-06-20 02:23:05,343 [WARN] PackLoader:240 - Cannot read IP mode file for STMicroelectronics.FP-ATR-SIGFOX1.3.2.0
2025-06-20 02:23:05,593 [WARN] PackLoader:240 - Cannot read IP mode file for STMicroelectronics.X-CUBE-EEPRMA1.5.1.0
2025-06-20 02:23:05,770 [WARN] PackLoader:240 - Cannot read IP mode file for wolfSSL.I-CUBE-wolfSSL.5.7.6
2025-06-20 02:23:05,833 [WARN] PackLoader:240 - Cannot read IP mode file for ITTIA_DB.I-CUBE-ITTIADB.8.9.0
2025-06-20 02:23:05,962 [WARN] PackLoader:240 - Cannot read IP mode file for STMicroelectronics.X-CUBE-ST67W61.1.0.0
2025-06-20 02:23:06,080 [WARN] PackLoader:240 - Cannot read IP mode file for SEGGER.I-CUBE-embOS.1.3.1
2025-06-20 02:23:06,223 [WARN] PackLoader:240 - Cannot read IP mode file for STMicroelectronics.X-CUBE-ALGOBUILD.1.4.0
2025-06-20 02:23:06,470 [WARN] PackLoader:240 - Cannot read IP mode file for STMicroelectronics.X-CUBE-MEMS1.11.3.0
2025-06-20 02:23:06,717 [WARN] PackLoader:240 - Cannot read IP mode file for STMicroelectronics.X-CUBE-AZRTOS-F4.1.1.0
2025-06-20 02:23:06,750 [WARN] PackLoader:240 - Cannot read IP mode file for Avnet-IotConnect.X-CUBE-IoTC-DA16k-PMOD.1.0.0
2025-06-20 02:23:06,788 [WARN] PackLoader:240 - Cannot read IP mode file for STMicroelectronics.X-CUBE-ISPU.2.1.0
2025-06-20 02:23:06,826 [WARN] PackLoader:240 - Cannot read IP mode file for STMicroelectronics.X-CUBE-AZRTOS-L5.2.0.0
2025-06-20 02:23:06,883 [WARN] PackLoader:240 - Cannot read IP mode file for STMicroelectronics.X-CUBE-NFC6.3.1.0
2025-06-20 02:23:06,919 [WARN] PackLoader:240 - Cannot read IP mode file for STMicroelectronics.X-CUBE-DPower.1.2.0
2025-06-20 02:23:06,961 [WARN] PackLoader:240 - Cannot read IP mode file for STMicroelectronics.X-CUBE-FREERTOS.1.3.1
2025-06-20 02:23:06,969 [WARN] PackLoader:240 - Cannot read IP mode file for STMicroelectronics.X-CUBE-FREERTOS.1.3.0
2025-06-20 02:23:06,977 [WARN] PackLoader:240 - Cannot read IP mode file for STMicroelectronics.X-CUBE-NFC7.1.0.1
2025-06-20 02:23:07,022 [WARN] PackLoader:240 - Cannot read IP mode file for STMicroelectronics.X-CUBE-DPower.1.3.0
2025-06-20 02:23:07,085 [WARN] ConditionMgr:438 - getConditionDescription Invalid condition id : LAN8742 Phy interface Condition cause : null
2025-06-20 02:23:07,087 [WARN] PackLoader:240 - Cannot read IP mode file for STMicroelectronics.X-CUBE-AZRTOS-L4.2.0.0
2025-06-20 02:23:07,089 [WARN] ConditionMgr:1044 - genDependencies : Invalid condition id : LAN8742 Phy interface Condition cause : null
2025-06-20 02:23:07,089 [WARN] ConditionMgr:1044 - genDependencies : Invalid condition id : LAN8742 Phy interface Condition cause : null
2025-06-20 02:23:07,090 [WARN] ConditionMgr:1044 - genDependencies : Invalid condition id : LAN8742 Phy interface Condition cause : null
2025-06-20 02:23:07,122 [WARN] PackLoader:240 - Cannot read IP mode file for STMicroelectronics.X-CUBE-SFXS2LP1.4.0.0
2025-06-20 02:23:07,180 [WARN] PackLoader:240 - Cannot read IP mode file for STMicroelectronics.X-CUBE-AZRTOS-H7.3.3.0
2025-06-20 02:23:07,250 [WARN] ConditionMgr:438 - getConditionDescription Invalid condition id : UX DEVICE CLASS RTOS Condition cause : null
2025-06-20 02:23:07,250 [WARN] ConditionMgr:438 - getConditionDescription Invalid condition id : UX DEVICE CLASS RTOS Condition cause : null
2025-06-20 02:23:07,254 [WARN] PackLoader:240 - Cannot read IP mode file for STMicroelectronics.X-CUBE-AZRTOS-WB.2.0.0
2025-06-20 02:23:07,255 [WARN] ConditionMgr:1044 - genDependencies : Invalid condition id : UX DEVICE CLASS RTOS Condition cause : null
2025-06-20 02:23:07,255 [WARN] ConditionMgr:1044 - genDependencies : Invalid condition id : UX DEVICE CLASS RTOS Condition cause : null
2025-06-20 02:23:07,255 [WARN] ConditionMgr:1044 - genDependencies : Invalid condition id : UX DEVICE CLASS RTOS Condition cause : null
2025-06-20 02:23:07,256 [WARN] ConditionMgr:1044 - genDependencies : Invalid condition id : UX DEVICE CLASS RTOS Condition cause : null
2025-06-20 02:23:07,256 [WARN] ConditionMgr:1044 - genDependencies : Invalid condition id : UX DEVICE CLASS RTOS Condition cause : null
2025-06-20 02:23:07,271 [WARN] PackLoader:240 - Cannot read IP mode file for STMicroelectronics.X-CUBE-GNSS1.7.0.1
2025-06-20 02:23:07,288 [WARN] PackLoader:240 - Cannot read IP mode file for STMicroelectronics.X-CUBE-TOUCHGFX.4.25.0
2025-06-20 02:23:07,319 [WARN] PackLoader:240 - Cannot read IP mode file for STMicroelectronics.FP-SNS-STBOX1.2.0.0
2025-06-20 02:23:07,420 [WARN] PackLoader:240 - Cannot read IP mode file for STMicroelectronics.X-CUBE-SUBG2.5.0.0
2025-06-20 02:23:07,481 [WARN] PackLoader:240 - Cannot read IP mode file for STMicroelectronics.X-CUBE-AZRTOS-H7RS.1.1.0
2025-06-20 02:23:07,501 [WARN] PackLoader:240 - Cannot read IP mode file for Cesanta.I-CUBE-Mongoose.7.13.0
2025-06-20 02:23:07,547 [WARN] PackLoader:240 - Cannot read IP mode file for STMicroelectronics.X-CUBE-AZRTOS-G4.2.0.0
2025-06-20 02:23:07,554 [WARN] PackLoader:240 - Cannot read IP mode file for wolfSSL.I-CUBE-wolfSSH.1.4.20
2025-06-20 02:23:07,580 [WARN] PackLoader:240 - Cannot read IP mode file for STMicroelectronics.X-CUBE-NFC7.2.0.0
2025-06-20 02:23:07,611 [WARN] PackLoader:240 - Cannot read IP mode file for STMicroelectronics.X-CUBE-IPS.3.1.0
2025-06-20 02:23:07,644 [WARN] PackLoader:240 - Cannot read IP mode file for STMicroelectronics.X-CUBE-ALS.1.0.2
2025-06-20 02:23:07,675 [WARN] PackLoader:240 - Cannot read IP mode file for portGmbH.I-Cube-SoM-uGOAL.1.1.0
2025-06-20 02:23:07,712 [WARN] PackLoader:240 - Cannot read IP mode file for STMicroelectronics.X-CUBE-AZRTOS-H7RS.1.0.0
2025-06-20 02:23:07,757 [WARN] PackLoader:240 - Cannot read IP mode file for STMicroelectronics.X-CUBE-TOF1.3.4.2
2025-06-20 02:23:07,812 [WARN] PackLoader:240 - Cannot read IP mode file for STMicroelectronics.X-CUBE-TOF1.3.4.3
2025-06-20 02:23:07,826 [INFO] ThirdParty:978 - Integrity check success = true
2025-06-20 02:23:07,826 [INFO] IntegrityCheckThread:100 - exiting critical section [integrity check]
2025-06-20 02:23:07,826 [INFO] IntegrityCheckThread:103 - End integrity checks thread
2025-06-20 02:23:09,193 [INFO] WebApp:463 - Apply proxy settings
2025-06-20 02:23:09,193 [INFO] WebApp:548 - Chromium requires no authentication
2025-06-20 02:23:09,487 [INFO] WebApp:491 - Direct internet connection detected
2025-06-20 02:23:09,669 [INFO] WebApp:894 - Register for checkConnection events
2025-06-20 02:23:09,670 [INFO] WebApp:463 - Apply proxy settings
2025-06-20 02:23:09,670 [INFO] WebApp:548 - Chromium requires no authentication
2025-06-20 02:23:09,671 [INFO] WebApp:491 - Direct internet connection detected
2025-06-20 02:23:12,240 [INFO] WebApp:191 - Connection restablished
2025-06-20 02:23:13,674 [INFO] WebApp:225 - Starting web application
2025-06-20 02:23:13,675 [INFO] WebApp:593 - Web application path used /opt/st/stm32cubeide_1.18.0/plugins/com.st.stm32cube.common.mx_6.14.0.202502271554/db/plugins/mcufinder/reactClient1/index.html
2025-06-20 02:23:14,408 [INFO] UserAuth:486 - Internet connection configuration mode: 1
